ARM GAS  C:\Users\jesse\AppData\Local\Temp\ccICYHWG.s 			page 1


   1              		.syntax unified
   2              		.cpu cortex-m3
   3              		.fpu softvfp
   4              		.eabi_attribute 20, 1
   5              		.eabi_attribute 21, 1
   6              		.eabi_attribute 23, 3
   7              		.eabi_attribute 24, 1
   8              		.eabi_attribute 25, 1
   9              		.eabi_attribute 26, 1
  10              		.eabi_attribute 30, 4
  11              		.eabi_attribute 34, 1
  12              		.eabi_attribute 18, 4
  13              		.thumb
  14              		.syntax unified
  15              		.file	"cymetadata.c"
  16              		.text
  17              	.Ltext0:
  18              		.cfi_sections	.debug_frame
  19              		.global	cy_metadata
  20              		.global	cy_meta_flashprotect
  21              		.global	cy_meta_wonvl
  22              		.global	cy_meta_custnvl
  23              		.global	cy_meta_configecc
  24              		.section	.cyconfigecc,"a",%progbits
  25              		.type	cy_meta_configecc, %object
  26              		.size	cy_meta_configecc, 1320
  27              	cy_meta_configecc:
  28 0000 01       		.byte	1
  29 0001 52       		.byte	82
  30 0002 00       		.byte	0
  31 0003 40       		.byte	64
  32 0004 02       		.byte	2
  33 0005 64       		.byte	100
  34 0006 00       		.byte	0
  35 0007 40       		.byte	64
  36 0008 01       		.byte	1
  37 0009 65       		.byte	101
  38 000a 00       		.byte	0
  39 000b 40       		.byte	64
  40 000c 47       		.byte	71
  41 000d 04       		.byte	4
  42 000e 01       		.byte	1
  43 000f 40       		.byte	64
  44 0010 31       		.byte	49
  45 0011 05       		.byte	5
  46 0012 01       		.byte	1
  47 0013 40       		.byte	64
  48 0014 5F       		.byte	95
  49 0015 06       		.byte	6
  50 0016 01       		.byte	1
  51 0017 40       		.byte	64
  52 0018 43       		.byte	67
  53 0019 07       		.byte	7
  54 001a 01       		.byte	1
  55 001b 40       		.byte	64
  56 001c 5A       		.byte	90
  57 001d 14       		.byte	20
ARM GAS  C:\Users\jesse\AppData\Local\Temp\ccICYHWG.s 			page 2


  58 001e 01       		.byte	1
  59 001f 40       		.byte	64
  60 0020 47       		.byte	71
  61 0021 15       		.byte	21
  62 0022 01       		.byte	1
  63 0023 40       		.byte	64
  64 0024 4D       		.byte	77
  65 0025 16       		.byte	22
  66 0026 01       		.byte	1
  67 0027 40       		.byte	64
  68 0028 41       		.byte	65
  69 0029 17       		.byte	23
  70 002a 01       		.byte	1
  71 002b 40       		.byte	64
  72 002c 02       		.byte	2
  73 002d 40       		.byte	64
  74 002e 01       		.byte	1
  75 002f 40       		.byte	64
  76 0030 01       		.byte	1
  77 0031 41       		.byte	65
  78 0032 01       		.byte	1
  79 0033 40       		.byte	64
  80 0034 03       		.byte	3
  81 0035 42       		.byte	66
  82 0036 01       		.byte	1
  83 0037 40       		.byte	64
  84 0038 12       		.byte	18
  85 0039 49       		.byte	73
  86 003a 01       		.byte	1
  87 003b 40       		.byte	64
  88 003c 04       		.byte	4
  89 003d 50       		.byte	80
  90 003e 01       		.byte	1
  91 003f 40       		.byte	64
  92 0040 01       		.byte	1
  93 0041 51       		.byte	81
  94 0042 01       		.byte	1
  95 0043 40       		.byte	64
  96 0044 60       		.byte	96
  97 0045 01       		.byte	1
  98 0046 27       		.byte	39
  99 0047 0F       		.byte	15
 100 0048 37       		.byte	55
 101 0049 08       		.byte	8
 102 004a 24       		.byte	36
 103 004b 04       		.byte	4
 104 004c 00       		.byte	0
 105 004d A9       		.byte	-87
 106 004e 01       		.byte	1
 107 004f 7F       		.byte	127
 108 0050 02       		.byte	2
 109 0051 54       		.byte	84
 110 0052 04       		.byte	4
 111 0053 FF       		.byte	-1
 112 0054 05       		.byte	5
 113 0055 01       		.byte	1
 114 0056 09       		.byte	9
ARM GAS  C:\Users\jesse\AppData\Local\Temp\ccICYHWG.s 			page 3


 115 0057 22       		.byte	34
 116 0058 0A       		.byte	10
 117 0059 B5       		.byte	-75
 118 005a 0B       		.byte	11
 119 005b 05       		.byte	5
 120 005c 0C       		.byte	12
 121 005d 4D       		.byte	77
 122 005e 0D       		.byte	13
 123 005f 03       		.byte	3
 124 0060 0E       		.byte	14
 125 0061 92       		.byte	-110
 126 0062 10       		.byte	16
 127 0063 1A       		.byte	26
 128 0064 11       		.byte	17
 129 0065 05       		.byte	5
 130 0066 12       		.byte	18
 131 0067 60       		.byte	96
 132 0068 13       		.byte	19
 133 0069 78       		.byte	120
 134 006a 14       		.byte	20
 135 006b A5       		.byte	-91
 136 006c 15       		.byte	21
 137 006d 40       		.byte	64
 138 006e 16       		.byte	22
 139 006f 4A       		.byte	74
 140 0070 17       		.byte	23
 141 0071 07       		.byte	7
 142 0072 18       		.byte	24
 143 0073 02       		.byte	2
 144 0074 19       		.byte	25
 145 0075 01       		.byte	1
 146 0076 1C       		.byte	28
 147 0077 CC       		.byte	-52
 148 0078 1D       		.byte	29
 149 0079 3A       		.byte	58
 150 007a 1E       		.byte	30
 151 007b 13       		.byte	19
 152 007c 1F       		.byte	31
 153 007d 04       		.byte	4
 154 007e 21       		.byte	33
 155 007f 10       		.byte	16
 156 0080 22       		.byte	34
 157 0081 04       		.byte	4
 158 0082 23       		.byte	35
 159 0083 07       		.byte	7
 160 0084 24       		.byte	36
 161 0085 04       		.byte	4
 162 0086 25       		.byte	37
 163 0087 03       		.byte	3
 164 0088 29       		.byte	41
 165 0089 01       		.byte	1
 166 008a 2A       		.byte	42
 167 008b 02       		.byte	2
 168 008c 2D       		.byte	45
 169 008d 08       		.byte	8
 170 008e 2E       		.byte	46
 171 008f 01       		.byte	1
ARM GAS  C:\Users\jesse\AppData\Local\Temp\ccICYHWG.s 			page 4


 172 0090 2F       		.byte	47
 173 0091 07       		.byte	7
 174 0092 31       		.byte	49
 175 0093 7F       		.byte	127
 176 0094 34       		.byte	52
 177 0095 FF       		.byte	-1
 178 0096 3E       		.byte	62
 179 0097 10       		.byte	16
 180 0098 3F       		.byte	63
 181 0099 01       		.byte	1
 182 009a 52       		.byte	82
 183 009b F6       		.byte	-10
 184 009c 58       		.byte	88
 185 009d 04       		.byte	4
 186 009e 59       		.byte	89
 187 009f 04       		.byte	4
 188 00a0 5B       		.byte	91
 189 00a1 04       		.byte	4
 190 00a2 5F       		.byte	95
 191 00a3 01       		.byte	1
 192 00a4 81       		.byte	-127
 193 00a5 48       		.byte	72
 194 00a6 83       		.byte	-125
 195 00a7 02       		.byte	2
 196 00a8 87       		.byte	-121
 197 00a9 01       		.byte	1
 198 00aa 89       		.byte	-119
 199 00ab 42       		.byte	66
 200 00ac 8B       		.byte	-117
 201 00ad 09       		.byte	9
 202 00ae 8D       		.byte	-115
 203 00af 03       		.byte	3
 204 00b0 8F       		.byte	-113
 205 00b1 20       		.byte	32
 206 00b2 91       		.byte	-111
 207 00b3 4F       		.byte	79
 208 00b4 95       		.byte	-107
 209 00b5 90       		.byte	-112
 210 00b6 97       		.byte	-105
 211 00b7 0B       		.byte	11
 212 00b8 99       		.byte	-103
 213 00b9 03       		.byte	3
 214 00ba 9D       		.byte	-99
 215 00bb 40       		.byte	64
 216 00bc 9F       		.byte	-97
 217 00bd 14       		.byte	20
 218 00be A1       		.byte	-95
 219 00bf 40       		.byte	64
 220 00c0 A3       		.byte	-93
 221 00c1 0B       		.byte	11
 222 00c2 A5       		.byte	-91
 223 00c3 01       		.byte	1
 224 00c4 A9       		.byte	-87
 225 00c5 01       		.byte	1
 226 00c6 AD       		.byte	-83
 227 00c7 1F       		.byte	31
 228 00c8 B1       		.byte	-79
ARM GAS  C:\Users\jesse\AppData\Local\Temp\ccICYHWG.s 			page 5


 229 00c9 1F       		.byte	31
 230 00ca B3       		.byte	-77
 231 00cb E0       		.byte	-32
 232 00cc B9       		.byte	-71
 233 00cd 08       		.byte	8
 234 00ce BF       		.byte	-65
 235 00cf 04       		.byte	4
 236 00d0 D4       		.byte	-44
 237 00d1 20       		.byte	32
 238 00d2 D6       		.byte	-42
 239 00d3 04       		.byte	4
 240 00d4 D9       		.byte	-39
 241 00d5 04       		.byte	4
 242 00d6 DB       		.byte	-37
 243 00d7 04       		.byte	4
 244 00d8 DF       		.byte	-33
 245 00d9 01       		.byte	1
 246 00da 00       		.byte	0
 247 00db 08       		.byte	8
 248 00dc 03       		.byte	3
 249 00dd 46       		.byte	70
 250 00de 08       		.byte	8
 251 00df 11       		.byte	17
 252 00e0 0A       		.byte	10
 253 00e1 01       		.byte	1
 254 00e2 0B       		.byte	11
 255 00e3 10       		.byte	16
 256 00e4 10       		.byte	16
 257 00e5 A8       		.byte	-88
 258 00e6 13       		.byte	19
 259 00e7 40       		.byte	64
 260 00e8 1A       		.byte	26
 261 00e9 08       		.byte	8
 262 00ea 22       		.byte	34
 263 00eb 01       		.byte	1
 264 00ec 25       		.byte	37
 265 00ed 08       		.byte	8
 266 00ee 26       		.byte	38
 267 00ef 04       		.byte	4
 268 00f0 27       		.byte	39
 269 00f1 40       		.byte	64
 270 00f2 28       		.byte	40
 271 00f3 10       		.byte	16
 272 00f4 2A       		.byte	42
 273 00f5 20       		.byte	32
 274 00f6 2B       		.byte	43
 275 00f7 93       		.byte	-109
 276 00f8 2C       		.byte	44
 277 00f9 20       		.byte	32
 278 00fa 2E       		.byte	46
 279 00fb 20       		.byte	32
 280 00fc 2F       		.byte	47
 281 00fd 81       		.byte	-127
 282 00fe 30       		.byte	48
 283 00ff 21       		.byte	33
 284 0100 32       		.byte	50
 285 0101 02       		.byte	2
ARM GAS  C:\Users\jesse\AppData\Local\Temp\ccICYHWG.s 			page 6


 286 0102 33       		.byte	51
 287 0103 44       		.byte	68
 288 0104 34       		.byte	52
 289 0105 10       		.byte	16
 290 0106 36       		.byte	54
 291 0107 02       		.byte	2
 292 0108 37       		.byte	55
 293 0109 44       		.byte	68
 294 010a 39       		.byte	57
 295 010b 46       		.byte	70
 296 010c 3B       		.byte	59
 297 010d 12       		.byte	18
 298 010e 3C       		.byte	60
 299 010f 80       		.byte	-128
 300 0110 3D       		.byte	61
 301 0111 44       		.byte	68
 302 0112 3F       		.byte	63
 303 0113 12       		.byte	18
 304 0114 5C       		.byte	92
 305 0115 02       		.byte	2
 306 0116 5E       		.byte	94
 307 0117 60       		.byte	96
 308 0118 5F       		.byte	95
 309 0119 08       		.byte	8
 310 011a 60       		.byte	96
 311 011b 02       		.byte	2
 312 011c 62       		.byte	98
 313 011d 80       		.byte	-128
 314 011e 65       		.byte	101
 315 011f 02       		.byte	2
 316 0120 67       		.byte	103
 317 0121 09       		.byte	9
 318 0122 69       		.byte	105
 319 0123 14       		.byte	20
 320 0124 70       		.byte	112
 321 0125 A8       		.byte	-88
 322 0126 72       		.byte	114
 323 0127 20       		.byte	32
 324 0128 73       		.byte	115
 325 0129 40       		.byte	64
 326 012a 85       		.byte	-123
 327 012b 02       		.byte	2
 328 012c C0       		.byte	-64
 329 012d 0F       		.byte	15
 330 012e C2       		.byte	-62
 331 012f 0F       		.byte	15
 332 0130 C4       		.byte	-60
 333 0131 0F       		.byte	15
 334 0132 CA       		.byte	-54
 335 0133 FF       		.byte	-1
 336 0134 CC       		.byte	-52
 337 0135 FF       		.byte	-1
 338 0136 CE       		.byte	-50
 339 0137 FF       		.byte	-1
 340 0138 D6       		.byte	-42
 341 0139 F0       		.byte	-16
 342 013a D8       		.byte	-40
ARM GAS  C:\Users\jesse\AppData\Local\Temp\ccICYHWG.s 			page 7


 343 013b B0       		.byte	-80
 344 013c 01       		.byte	1
 345 013d 05       		.byte	5
 346 013e 03       		.byte	3
 347 013f 20       		.byte	32
 348 0140 05       		.byte	5
 349 0141 B1       		.byte	-79
 350 0142 07       		.byte	7
 351 0143 08       		.byte	8
 352 0144 09       		.byte	9
 353 0145 04       		.byte	4
 354 0146 0B       		.byte	11
 355 0147 01       		.byte	1
 356 0148 0C       		.byte	12
 357 0149 40       		.byte	64
 358 014a 0D       		.byte	13
 359 014b 25       		.byte	37
 360 014c 0E       		.byte	14
 361 014d 13       		.byte	19
 362 014e 10       		.byte	16
 363 014f 0E       		.byte	14
 364 0150 11       		.byte	17
 365 0151 C0       		.byte	-64
 366 0152 12       		.byte	18
 367 0153 30       		.byte	48
 368 0154 14       		.byte	20
 369 0155 2A       		.byte	42
 370 0156 15       		.byte	21
 371 0157 31       		.byte	49
 372 0158 16       		.byte	22
 373 0159 54       		.byte	84
 374 015a 17       		.byte	23
 375 015b 02       		.byte	2
 376 015c 1B       		.byte	27
 377 015d 10       		.byte	16
 378 015e 1C       		.byte	28
 379 015f 46       		.byte	70
 380 0160 1D       		.byte	29
 381 0161 01       		.byte	1
 382 0162 1E       		.byte	30
 383 0163 A9       		.byte	-87
 384 0164 1F       		.byte	31
 385 0165 0E       		.byte	14
 386 0166 21       		.byte	33
 387 0167 04       		.byte	4
 388 0168 22       		.byte	34
 389 0169 01       		.byte	1
 390 016a 23       		.byte	35
 391 016b 21       		.byte	33
 392 016c 24       		.byte	36
 393 016d 80       		.byte	-128
 394 016e 25       		.byte	37
 395 016f C0       		.byte	-64
 396 0170 26       		.byte	38
 397 0171 56       		.byte	86
 398 0172 28       		.byte	40
 399 0173 FF       		.byte	-1
ARM GAS  C:\Users\jesse\AppData\Local\Temp\ccICYHWG.s 			page 8


 400 0174 2C       		.byte	44
 401 0175 33       		.byte	51
 402 0176 2D       		.byte	45
 403 0177 25       		.byte	37
 404 0178 2E       		.byte	46
 405 0179 0C       		.byte	12
 406 017a 31       		.byte	49
 407 017b 40       		.byte	64
 408 017c 33       		.byte	51
 409 017d 30       		.byte	48
 410 017e 35       		.byte	53
 411 017f 80       		.byte	-128
 412 0180 36       		.byte	54
 413 0181 FF       		.byte	-1
 414 0182 37       		.byte	55
 415 0183 0F       		.byte	15
 416 0184 39       		.byte	57
 417 0185 22       		.byte	34
 418 0186 3B       		.byte	59
 419 0187 80       		.byte	-128
 420 0188 3F       		.byte	63
 421 0189 01       		.byte	1
 422 018a 58       		.byte	88
 423 018b 04       		.byte	4
 424 018c 59       		.byte	89
 425 018d 04       		.byte	4
 426 018e 5F       		.byte	95
 427 018f 01       		.byte	1
 428 0190 80       		.byte	-128
 429 0191 5D       		.byte	93
 430 0192 82       		.byte	-126
 431 0193 A2       		.byte	-94
 432 0194 83       		.byte	-125
 433 0195 01       		.byte	1
 434 0196 84       		.byte	-124
 435 0197 E2       		.byte	-30
 436 0198 89       		.byte	-119
 437 0199 05       		.byte	5
 438 019a 8A       		.byte	-118
 439 019b 08       		.byte	8
 440 019c 8C       		.byte	-116
 441 019d 0D       		.byte	13
 442 019e 90       		.byte	-112
 443 019f 40       		.byte	64
 444 01a0 91       		.byte	-111
 445 01a1 05       		.byte	5
 446 01a2 92       		.byte	-110
 447 01a3 1D       		.byte	29
 448 01a4 94       		.byte	-108
 449 01a5 04       		.byte	4
 450 01a6 96       		.byte	-106
 451 01a7 E0       		.byte	-32
 452 01a8 99       		.byte	-103
 453 01a9 02       		.byte	2
 454 01aa 9A       		.byte	-102
 455 01ab FF       		.byte	-1
 456 01ac 9C       		.byte	-100
ARM GAS  C:\Users\jesse\AppData\Local\Temp\ccICYHWG.s 			page 9


 457 01ad 92       		.byte	-110
 458 01ae 9D       		.byte	-99
 459 01af 05       		.byte	5
 460 01b0 9E       		.byte	-98
 461 01b1 60       		.byte	96
 462 01b2 A1       		.byte	-95
 463 01b3 05       		.byte	5
 464 01b4 A2       		.byte	-94
 465 01b5 02       		.byte	2
 466 01b6 A4       		.byte	-92
 467 01b7 01       		.byte	1
 468 01b8 A8       		.byte	-88
 469 01b9 01       		.byte	1
 470 01ba AC       		.byte	-84
 471 01bb 3D       		.byte	61
 472 01bc AD       		.byte	-83
 473 01bd 05       		.byte	5
 474 01be AE       		.byte	-82
 475 01bf C2       		.byte	-62
 476 01c0 B2       		.byte	-78
 477 01c1 FF       		.byte	-1
 478 01c2 B3       		.byte	-77
 479 01c3 03       		.byte	3
 480 01c4 B7       		.byte	-73
 481 01c5 04       		.byte	4
 482 01c6 B9       		.byte	-71
 483 01c7 88       		.byte	-120
 484 01c8 BE       		.byte	-66
 485 01c9 04       		.byte	4
 486 01ca BF       		.byte	-65
 487 01cb 44       		.byte	68
 488 01cc C0       		.byte	-64
 489 01cd 53       		.byte	83
 490 01ce C5       		.byte	-59
 491 01cf 02       		.byte	2
 492 01d0 C6       		.byte	-58
 493 01d1 05       		.byte	5
 494 01d2 C8       		.byte	-56
 495 01d3 05       		.byte	5
 496 01d4 C9       		.byte	-55
 497 01d5 FF       		.byte	-1
 498 01d6 CA       		.byte	-54
 499 01d7 FF       		.byte	-1
 500 01d8 CB       		.byte	-53
 501 01d9 FF       		.byte	-1
 502 01da CC       		.byte	-52
 503 01db 42       		.byte	66
 504 01dc CD       		.byte	-51
 505 01dd A0       		.byte	-96
 506 01de CE       		.byte	-50
 507 01df 70       		.byte	112
 508 01e0 D0       		.byte	-48
 509 01e1 08       		.byte	8
 510 01e2 D1       		.byte	-47
 511 01e3 10       		.byte	16
 512 01e4 D8       		.byte	-40
 513 01e5 04       		.byte	4
ARM GAS  C:\Users\jesse\AppData\Local\Temp\ccICYHWG.s 			page 10


 514 01e6 D9       		.byte	-39
 515 01e7 04       		.byte	4
 516 01e8 DA       		.byte	-38
 517 01e9 04       		.byte	4
 518 01ea DF       		.byte	-33
 519 01eb 01       		.byte	1
 520 01ec E1       		.byte	-31
 521 01ed 48       		.byte	72
 522 01ee E2       		.byte	-30
 523 01ef 40       		.byte	64
 524 01f0 E3       		.byte	-29
 525 01f1 48       		.byte	72
 526 01f2 E4       		.byte	-28
 527 01f3 80       		.byte	-128
 528 01f4 E5       		.byte	-27
 529 01f5 48       		.byte	72
 530 01f6 E6       		.byte	-26
 531 01f7 80       		.byte	-128
 532 01f8 E7       		.byte	-25
 533 01f9 48       		.byte	72
 534 01fa 00       		.byte	0
 535 01fb 88       		.byte	-120
 536 01fc 01       		.byte	1
 537 01fd 20       		.byte	32
 538 01fe 03       		.byte	3
 539 01ff 40       		.byte	64
 540 0200 06       		.byte	6
 541 0201 02       		.byte	2
 542 0202 09       		.byte	9
 543 0203 21       		.byte	33
 544 0204 0A       		.byte	10
 545 0205 01       		.byte	1
 546 0206 0B       		.byte	11
 547 0207 10       		.byte	16
 548 0208 0E       		.byte	14
 549 0209 01       		.byte	1
 550 020a 0F       		.byte	15
 551 020b 50       		.byte	80
 552 020c 10       		.byte	16
 553 020d A8       		.byte	-88
 554 020e 12       		.byte	18
 555 020f 02       		.byte	2
 556 0210 13       		.byte	19
 557 0211 40       		.byte	64
 558 0212 15       		.byte	21
 559 0213 01       		.byte	1
 560 0214 16       		.byte	22
 561 0215 08       		.byte	8
 562 0216 17       		.byte	23
 563 0217 44       		.byte	68
 564 0218 1B       		.byte	27
 565 0219 08       		.byte	8
 566 021a 1E       		.byte	30
 567 021b 01       		.byte	1
 568 021c 1F       		.byte	31
 569 021d 80       		.byte	-128
 570 021e 20       		.byte	32
ARM GAS  C:\Users\jesse\AppData\Local\Temp\ccICYHWG.s 			page 11


 571 021f 10       		.byte	16
 572 0220 23       		.byte	35
 573 0221 01       		.byte	1
 574 0222 24       		.byte	36
 575 0223 04       		.byte	4
 576 0224 25       		.byte	37
 577 0225 20       		.byte	32
 578 0226 26       		.byte	38
 579 0227 89       		.byte	-119
 580 0228 27       		.byte	39
 581 0229 24       		.byte	36
 582 022a 2B       		.byte	43
 583 022b 81       		.byte	-127
 584 022c 2D       		.byte	45
 585 022d 08       		.byte	8
 586 022e 2E       		.byte	46
 587 022f 40       		.byte	64
 588 0230 2F       		.byte	47
 589 0231 80       		.byte	-128
 590 0232 32       		.byte	50
 591 0233 12       		.byte	18
 592 0234 33       		.byte	51
 593 0235 40       		.byte	64
 594 0236 36       		.byte	54
 595 0237 84       		.byte	-124
 596 0238 37       		.byte	55
 597 0239 21       		.byte	33
 598 023a 39       		.byte	57
 599 023b 01       		.byte	1
 600 023c 3B       		.byte	59
 601 023d 12       		.byte	18
 602 023e 3C       		.byte	60
 603 023f 08       		.byte	8
 604 0240 3D       		.byte	61
 605 0241 02       		.byte	2
 606 0242 3E       		.byte	62
 607 0243 02       		.byte	2
 608 0244 3F       		.byte	63
 609 0245 52       		.byte	82
 610 0246 40       		.byte	64
 611 0247 10       		.byte	16
 612 0248 49       		.byte	73
 613 0249 08       		.byte	8
 614 024a 4A       		.byte	74
 615 024b 01       		.byte	1
 616 024c 4B       		.byte	75
 617 024d 04       		.byte	4
 618 024e 52       		.byte	82
 619 024f 40       		.byte	64
 620 0250 5A       		.byte	90
 621 0251 40       		.byte	64
 622 0252 5B       		.byte	91
 623 0253 40       		.byte	64
 624 0254 91       		.byte	-111
 625 0255 10       		.byte	16
 626 0256 92       		.byte	-110
 627 0257 0A       		.byte	10
ARM GAS  C:\Users\jesse\AppData\Local\Temp\ccICYHWG.s 			page 12


 628 0258 95       		.byte	-107
 629 0259 02       		.byte	2
 630 025a 96       		.byte	-106
 631 025b 01       		.byte	1
 632 025c 97       		.byte	-105
 633 025d 19       		.byte	25
 634 025e 9B       		.byte	-101
 635 025f 40       		.byte	64
 636 0260 9F       		.byte	-97
 637 0261 0C       		.byte	12
 638 0262 A0       		.byte	-96
 639 0263 A8       		.byte	-88
 640 0264 A1       		.byte	-95
 641 0265 08       		.byte	8
 642 0266 A2       		.byte	-94
 643 0267 04       		.byte	4
 644 0268 A4       		.byte	-92
 645 0269 44       		.byte	68
 646 026a A6       		.byte	-90
 647 026b 9A       		.byte	-102
 648 026c A7       		.byte	-89
 649 026d 91       		.byte	-111
 650 026e B6       		.byte	-74
 651 026f 48       		.byte	72
 652 0270 C0       		.byte	-64
 653 0271 8F       		.byte	-113
 654 0272 C2       		.byte	-62
 655 0273 BF       		.byte	-65
 656 0274 C4       		.byte	-60
 657 0275 FF       		.byte	-1
 658 0276 CA       		.byte	-54
 659 0277 D9       		.byte	-39
 660 0278 CC       		.byte	-52
 661 0279 FD       		.byte	-3
 662 027a CE       		.byte	-50
 663 027b F5       		.byte	-11
 664 027c D0       		.byte	-48
 665 027d 02       		.byte	2
 666 027e D2       		.byte	-46
 667 027f 08       		.byte	8
 668 0280 00       		.byte	0
 669 0281 10       		.byte	16
 670 0282 01       		.byte	1
 671 0283 3F       		.byte	63
 672 0284 02       		.byte	2
 673 0285 21       		.byte	33
 674 0286 05       		.byte	5
 675 0287 04       		.byte	4
 676 0288 06       		.byte	6
 677 0289 01       		.byte	1
 678 028a 09       		.byte	9
 679 028b 22       		.byte	34
 680 028c 0A       		.byte	10
 681 028d 04       		.byte	4
 682 028e 0B       		.byte	11
 683 028f 18       		.byte	24
 684 0290 0D       		.byte	13
ARM GAS  C:\Users\jesse\AppData\Local\Temp\ccICYHWG.s 			page 13


 685 0291 18       		.byte	24
 686 0292 0E       		.byte	14
 687 0293 03       		.byte	3
 688 0294 0F       		.byte	15
 689 0295 06       		.byte	6
 690 0296 10       		.byte	16
 691 0297 40       		.byte	64
 692 0298 12       		.byte	18
 693 0299 80       		.byte	-128
 694 029a 13       		.byte	19
 695 029b 40       		.byte	64
 696 029c 15       		.byte	21
 697 029d 01       		.byte	1
 698 029e 16       		.byte	22
 699 029f 02       		.byte	2
 700 02a0 19       		.byte	25
 701 02a1 1C       		.byte	28
 702 02a2 1B       		.byte	27
 703 02a3 22       		.byte	34
 704 02a4 1D       		.byte	29
 705 02a5 22       		.byte	34
 706 02a6 20       		.byte	32
 707 02a7 08       		.byte	8
 708 02a8 21       		.byte	33
 709 02a9 32       		.byte	50
 710 02aa 23       		.byte	35
 711 02ab 08       		.byte	8
 712 02ac 24       		.byte	36
 713 02ad 08       		.byte	8
 714 02ae 25       		.byte	37
 715 02af 01       		.byte	1
 716 02b0 27       		.byte	39
 717 02b1 1E       		.byte	30
 718 02b2 28       		.byte	40
 719 02b3 40       		.byte	64
 720 02b4 29       		.byte	41
 721 02b5 06       		.byte	6
 722 02b6 2A       		.byte	42
 723 02b7 80       		.byte	-128
 724 02b8 2C       		.byte	44
 725 02b9 10       		.byte	16
 726 02ba 2D       		.byte	45
 727 02bb 2A       		.byte	42
 728 02bc 2E       		.byte	46
 729 02bd 21       		.byte	33
 730 02be 2F       		.byte	47
 731 02bf 10       		.byte	16
 732 02c0 30       		.byte	48
 733 02c1 07       		.byte	7
 734 02c2 31       		.byte	49
 735 02c3 60       		.byte	96
 736 02c4 32       		.byte	50
 737 02c5 C0       		.byte	-64
 738 02c6 33       		.byte	51
 739 02c7 1F       		.byte	31
 740 02c8 34       		.byte	52
 741 02c9 38       		.byte	56
ARM GAS  C:\Users\jesse\AppData\Local\Temp\ccICYHWG.s 			page 14


 742 02ca 38       		.byte	56
 743 02cb 20       		.byte	32
 744 02cc 39       		.byte	57
 745 02cd 08       		.byte	8
 746 02ce 3A       		.byte	58
 747 02cf 02       		.byte	2
 748 02d0 3E       		.byte	62
 749 02d1 10       		.byte	16
 750 02d2 40       		.byte	64
 751 02d3 62       		.byte	98
 752 02d4 44       		.byte	68
 753 02d5 03       		.byte	3
 754 02d6 45       		.byte	69
 755 02d7 D0       		.byte	-48
 756 02d8 47       		.byte	71
 757 02d9 0B       		.byte	11
 758 02da 48       		.byte	72
 759 02db 12       		.byte	18
 760 02dc 49       		.byte	73
 761 02dd FF       		.byte	-1
 762 02de 4A       		.byte	74
 763 02df 7F       		.byte	127
 764 02e0 4B       		.byte	75
 765 02e1 FF       		.byte	-1
 766 02e2 4C       		.byte	76
 767 02e3 42       		.byte	66
 768 02e4 4D       		.byte	77
 769 02e5 A0       		.byte	-96
 770 02e6 4E       		.byte	78
 771 02e7 70       		.byte	112
 772 02e8 50       		.byte	80
 773 02e9 0C       		.byte	12
 774 02ea 58       		.byte	88
 775 02eb 04       		.byte	4
 776 02ec 59       		.byte	89
 777 02ed 04       		.byte	4
 778 02ee 5A       		.byte	90
 779 02ef 04       		.byte	4
 780 02f0 5F       		.byte	95
 781 02f1 01       		.byte	1
 782 02f2 61       		.byte	97
 783 02f3 09       		.byte	9
 784 02f4 62       		.byte	98
 785 02f5 40       		.byte	64
 786 02f6 63       		.byte	99
 787 02f7 09       		.byte	9
 788 02f8 64       		.byte	100
 789 02f9 30       		.byte	48
 790 02fa 65       		.byte	101
 791 02fb 09       		.byte	9
 792 02fc 81       		.byte	-127
 793 02fd 03       		.byte	3
 794 02fe 83       		.byte	-125
 795 02ff 20       		.byte	32
 796 0300 85       		.byte	-123
 797 0301 78       		.byte	120
 798 0302 87       		.byte	-121
ARM GAS  C:\Users\jesse\AppData\Local\Temp\ccICYHWG.s 			page 15


 799 0303 03       		.byte	3
 800 0304 8B       		.byte	-117
 801 0305 43       		.byte	67
 802 0306 8D       		.byte	-115
 803 0307 78       		.byte	120
 804 0308 93       		.byte	-109
 805 0309 0B       		.byte	11
 806 030a 97       		.byte	-105
 807 030b 78       		.byte	120
 808 030c 99       		.byte	-103
 809 030d 01       		.byte	1
 810 030e 9B       		.byte	-101
 811 030f 06       		.byte	6
 812 0310 9F       		.byte	-97
 813 0311 13       		.byte	19
 814 0312 A1       		.byte	-95
 815 0313 03       		.byte	3
 816 0314 A3       		.byte	-93
 817 0315 40       		.byte	64
 818 0316 A5       		.byte	-91
 819 0317 01       		.byte	1
 820 0318 A6       		.byte	-90
 821 0319 01       		.byte	1
 822 031a A7       		.byte	-89
 823 031b 04       		.byte	4
 824 031c A9       		.byte	-87
 825 031d 02       		.byte	2
 826 031e AB       		.byte	-85
 827 031f 81       		.byte	-127
 828 0320 AF       		.byte	-81
 829 0321 78       		.byte	120
 830 0322 B2       		.byte	-78
 831 0323 01       		.byte	1
 832 0324 B3       		.byte	-77
 833 0325 07       		.byte	7
 834 0326 B5       		.byte	-75
 835 0327 80       		.byte	-128
 836 0328 B7       		.byte	-73
 837 0329 78       		.byte	120
 838 032a BB       		.byte	-69
 839 032b 08       		.byte	8
 840 032c BF       		.byte	-65
 841 032d 40       		.byte	64
 842 032e D8       		.byte	-40
 843 032f 04       		.byte	4
 844 0330 D9       		.byte	-39
 845 0331 04       		.byte	4
 846 0332 DF       		.byte	-33
 847 0333 01       		.byte	1
 848 0334 00       		.byte	0
 849 0335 04       		.byte	4
 850 0336 02       		.byte	2
 851 0337 40       		.byte	64
 852 0338 03       		.byte	3
 853 0339 4A       		.byte	74
 854 033a 09       		.byte	9
 855 033b 04       		.byte	4
ARM GAS  C:\Users\jesse\AppData\Local\Temp\ccICYHWG.s 			page 16


 856 033c 0A       		.byte	10
 857 033d 40       		.byte	64
 858 033e 10       		.byte	16
 859 033f 08       		.byte	8
 860 0340 12       		.byte	18
 861 0341 82       		.byte	-126
 862 0342 13       		.byte	19
 863 0343 04       		.byte	4
 864 0344 17       		.byte	23
 865 0345 04       		.byte	4
 866 0346 1A       		.byte	26
 867 0347 24       		.byte	36
 868 0348 1B       		.byte	27
 869 0349 03       		.byte	3
 870 034a 1D       		.byte	29
 871 034b 04       		.byte	4
 872 034c 21       		.byte	33
 873 034d 08       		.byte	8
 874 034e 22       		.byte	34
 875 034f 02       		.byte	2
 876 0350 23       		.byte	35
 877 0351 20       		.byte	32
 878 0352 26       		.byte	38
 879 0353 80       		.byte	-128
 880 0354 27       		.byte	39
 881 0355 15       		.byte	21
 882 0356 29       		.byte	41
 883 0357 28       		.byte	40
 884 0358 2B       		.byte	43
 885 0359 81       		.byte	-127
 886 035a 2E       		.byte	46
 887 035b 48       		.byte	72
 888 035c 2F       		.byte	47
 889 035d 84       		.byte	-124
 890 035e 30       		.byte	48
 891 035f A0       		.byte	-96
 892 0360 31       		.byte	49
 893 0361 08       		.byte	8
 894 0362 32       		.byte	50
 895 0363 01       		.byte	1
 896 0364 36       		.byte	54
 897 0365 1A       		.byte	26
 898 0366 37       		.byte	55
 899 0367 50       		.byte	80
 900 0368 38       		.byte	56
 901 0369 08       		.byte	8
 902 036a 39       		.byte	57
 903 036b 02       		.byte	2
 904 036c 3A       		.byte	58
 905 036d 40       		.byte	64
 906 036e 3B       		.byte	59
 907 036f 10       		.byte	16
 908 0370 3C       		.byte	60
 909 0371 04       		.byte	4
 910 0372 3D       		.byte	61
 911 0373 80       		.byte	-128
 912 0374 3F       		.byte	63
ARM GAS  C:\Users\jesse\AppData\Local\Temp\ccICYHWG.s 			page 17


 913 0375 12       		.byte	18
 914 0376 42       		.byte	66
 915 0377 04       		.byte	4
 916 0378 43       		.byte	67
 917 0379 04       		.byte	4
 918 037a 48       		.byte	72
 919 037b 40       		.byte	64
 920 037c 4A       		.byte	74
 921 037d 04       		.byte	4
 922 037e 4B       		.byte	75
 923 037f 02       		.byte	2
 924 0380 50       		.byte	80
 925 0381 04       		.byte	4
 926 0382 83       		.byte	-125
 927 0383 20       		.byte	32
 928 0384 84       		.byte	-124
 929 0385 08       		.byte	8
 930 0386 87       		.byte	-121
 931 0387 14       		.byte	20
 932 0388 88       		.byte	-120
 933 0389 20       		.byte	32
 934 038a 8A       		.byte	-118
 935 038b 02       		.byte	2
 936 038c 90       		.byte	-112
 937 038d 04       		.byte	4
 938 038e 91       		.byte	-111
 939 038f 02       		.byte	2
 940 0390 92       		.byte	-110
 941 0391 42       		.byte	66
 942 0392 93       		.byte	-109
 943 0393 14       		.byte	20
 944 0394 96       		.byte	-106
 945 0395 20       		.byte	32
 946 0396 97       		.byte	-105
 947 0397 22       		.byte	34
 948 0398 99       		.byte	-103
 949 0399 28       		.byte	40
 950 039a 9A       		.byte	-102
 951 039b 08       		.byte	8
 952 039c 9B       		.byte	-101
 953 039d 40       		.byte	64
 954 039e 9D       		.byte	-99
 955 039f 04       		.byte	4
 956 03a0 9F       		.byte	-97
 957 03a1 01       		.byte	1
 958 03a2 A0       		.byte	-96
 959 03a3 80       		.byte	-128
 960 03a4 A1       		.byte	-95
 961 03a5 44       		.byte	68
 962 03a6 A2       		.byte	-94
 963 03a7 0C       		.byte	12
 964 03a8 A3       		.byte	-93
 965 03a9 88       		.byte	-120
 966 03aa A4       		.byte	-92
 967 03ab 40       		.byte	64
 968 03ac A6       		.byte	-90
 969 03ad 12       		.byte	18
ARM GAS  C:\Users\jesse\AppData\Local\Temp\ccICYHWG.s 			page 18


 970 03ae A7       		.byte	-89
 971 03af 03       		.byte	3
 972 03b0 AA       		.byte	-86
 973 03b1 40       		.byte	64
 974 03b2 C0       		.byte	-64
 975 03b3 0F       		.byte	15
 976 03b4 C2       		.byte	-62
 977 03b5 0C       		.byte	12
 978 03b6 C4       		.byte	-60
 979 03b7 2F       		.byte	47
 980 03b8 CA       		.byte	-54
 981 03b9 FF       		.byte	-1
 982 03ba CC       		.byte	-52
 983 03bb FF       		.byte	-1
 984 03bc CE       		.byte	-50
 985 03bd FF       		.byte	-1
 986 03be D0       		.byte	-48
 987 03bf 06       		.byte	6
 988 03c0 D2       		.byte	-46
 989 03c1 04       		.byte	4
 990 03c2 00       		.byte	0
 991 03c3 01       		.byte	1
 992 03c4 01       		.byte	1
 993 03c5 18       		.byte	24
 994 03c6 02       		.byte	2
 995 03c7 06       		.byte	6
 996 03c8 03       		.byte	3
 997 03c9 04       		.byte	4
 998 03ca 04       		.byte	4
 999 03cb 01       		.byte	1
 1000 03cc 05       		.byte	5
 1001 03cd 04       		.byte	4
 1002 03ce 06       		.byte	6
 1003 03cf 32       		.byte	50
 1004 03d0 07       		.byte	7
 1005 03d1 20       		.byte	32
 1006 03d2 09       		.byte	9
 1007 03d3 08       		.byte	8
 1008 03d4 0B       		.byte	11
 1009 03d5 14       		.byte	20
 1010 03d6 0E       		.byte	14
 1011 03d7 13       		.byte	19
 1012 03d8 0F       		.byte	15
 1013 03d9 02       		.byte	2
 1014 03da 11       		.byte	17
 1015 03db 1C       		.byte	28
 1016 03dc 15       		.byte	21
 1017 03dd 04       		.byte	4
 1018 03de 17       		.byte	23
 1019 03df 38       		.byte	56
 1020 03e0 18       		.byte	24
 1021 03e1 12       		.byte	18
 1022 03e2 1A       		.byte	26
 1023 03e3 01       		.byte	1
 1024 03e4 1D       		.byte	29
 1025 03e5 1C       		.byte	28
 1026 03e6 1E       		.byte	30
ARM GAS  C:\Users\jesse\AppData\Local\Temp\ccICYHWG.s 			page 19


 1027 03e7 13       		.byte	19
 1028 03e8 20       		.byte	32
 1029 03e9 01       		.byte	1
 1030 03ea 22       		.byte	34
 1031 03eb 04       		.byte	4
 1032 03ec 27       		.byte	39
 1033 03ed 01       		.byte	1
 1034 03ee 2A       		.byte	42
 1035 03ef 1B       		.byte	27
 1036 03f0 2D       		.byte	45
 1037 03f1 0C       		.byte	12
 1038 03f2 2F       		.byte	47
 1039 03f3 10       		.byte	16
 1040 03f4 30       		.byte	48
 1041 03f5 07       		.byte	7
 1042 03f6 32       		.byte	50
 1043 03f7 10       		.byte	16
 1044 03f8 33       		.byte	51
 1045 03f9 02       		.byte	2
 1046 03fa 34       		.byte	52
 1047 03fb 20       		.byte	32
 1048 03fc 35       		.byte	53
 1049 03fd 3C       		.byte	60
 1050 03fe 36       		.byte	54
 1051 03ff 08       		.byte	8
 1052 0400 37       		.byte	55
 1053 0401 01       		.byte	1
 1054 0402 3A       		.byte	58
 1055 0403 02       		.byte	2
 1056 0404 3B       		.byte	59
 1057 0405 20       		.byte	32
 1058 0406 3E       		.byte	62
 1059 0407 04       		.byte	4
 1060 0408 58       		.byte	88
 1061 0409 04       		.byte	4
 1062 040a 59       		.byte	89
 1063 040b 04       		.byte	4
 1064 040c 5F       		.byte	95
 1065 040d 01       		.byte	1
 1066 040e 80       		.byte	-128
 1067 040f 10       		.byte	16
 1068 0410 81       		.byte	-127
 1069 0411 01       		.byte	1
 1070 0412 82       		.byte	-126
 1071 0413 02       		.byte	2
 1072 0414 83       		.byte	-125
 1073 0415 02       		.byte	2
 1074 0416 84       		.byte	-124
 1075 0417 FF       		.byte	-1
 1076 0418 85       		.byte	-123
 1077 0419 05       		.byte	5
 1078 041a 87       		.byte	-121
 1079 041b 0A       		.byte	10
 1080 041c 89       		.byte	-119
 1081 041d 20       		.byte	32
 1082 041e 8A       		.byte	-118
 1083 041f 40       		.byte	64
ARM GAS  C:\Users\jesse\AppData\Local\Temp\ccICYHWG.s 			page 20


 1084 0420 8E       		.byte	-114
 1085 0421 20       		.byte	32
 1086 0422 91       		.byte	-111
 1087 0423 06       		.byte	6
 1088 0424 92       		.byte	-110
 1089 0425 14       		.byte	20
 1090 0426 94       		.byte	-108
 1091 0427 40       		.byte	64
 1092 0428 97       		.byte	-105
 1093 0429 10       		.byte	16
 1094 042a 98       		.byte	-104
 1095 042b 84       		.byte	-124
 1096 042c 99       		.byte	-103
 1097 042d 08       		.byte	8
 1098 042e 9A       		.byte	-102
 1099 042f 08       		.byte	8
 1100 0430 9B       		.byte	-101
 1101 0431 05       		.byte	5
 1102 0432 9D       		.byte	-99
 1103 0433 01       		.byte	1
 1104 0434 9E       		.byte	-98
 1105 0435 18       		.byte	24
 1106 0436 9F       		.byte	-97
 1107 0437 04       		.byte	4
 1108 0438 A0       		.byte	-96
 1109 0439 0F       		.byte	15
 1110 043a A1       		.byte	-95
 1111 043b 01       		.byte	1
 1112 043c A3       		.byte	-93
 1113 043d 02       		.byte	2
 1114 043e A5       		.byte	-91
 1115 043f 0F       		.byte	15
 1116 0440 AA       		.byte	-86
 1117 0441 08       		.byte	8
 1118 0442 AC       		.byte	-84
 1119 0443 10       		.byte	16
 1120 0444 AE       		.byte	-82
 1121 0445 01       		.byte	1
 1122 0446 AF       		.byte	-81
 1123 0447 02       		.byte	2
 1124 0448 B0       		.byte	-80
 1125 0449 3F       		.byte	63
 1126 044a B1       		.byte	-79
 1127 044b 20       		.byte	32
 1128 044c B2       		.byte	-78
 1129 044d 80       		.byte	-128
 1130 044e B3       		.byte	-77
 1131 044f 1F       		.byte	31
 1132 0450 B4       		.byte	-76
 1133 0451 40       		.byte	64
 1134 0452 B5       		.byte	-75
 1135 0453 20       		.byte	32
 1136 0454 B8       		.byte	-72
 1137 0455 0A       		.byte	10
 1138 0456 D8       		.byte	-40
 1139 0457 04       		.byte	4
 1140 0458 D9       		.byte	-39
ARM GAS  C:\Users\jesse\AppData\Local\Temp\ccICYHWG.s 			page 21


 1141 0459 04       		.byte	4
 1142 045a DF       		.byte	-33
 1143 045b 01       		.byte	1
 1144 045c 00       		.byte	0
 1145 045d 08       		.byte	8
 1146 045e 01       		.byte	1
 1147 045f 20       		.byte	32
 1148 0460 03       		.byte	3
 1149 0461 41       		.byte	65
 1150 0462 05       		.byte	5
 1151 0463 45       		.byte	69
 1152 0464 08       		.byte	8
 1153 0465 01       		.byte	1
 1154 0466 09       		.byte	9
 1155 0467 28       		.byte	40
 1156 0468 0A       		.byte	10
 1157 0469 01       		.byte	1
 1158 046a 0D       		.byte	13
 1159 046b 80       		.byte	-128
 1160 046c 0E       		.byte	14
 1161 046d 04       		.byte	4
 1162 046e 12       		.byte	18
 1163 046f 42       		.byte	66
 1164 0470 13       		.byte	19
 1165 0471 10       		.byte	16
 1166 0472 15       		.byte	21
 1167 0473 02       		.byte	2
 1168 0474 17       		.byte	23
 1169 0475 20       		.byte	32
 1170 0476 19       		.byte	25
 1171 0477 28       		.byte	40
 1172 0478 1A       		.byte	26
 1173 0479 C0       		.byte	-64
 1174 047a 1B       		.byte	27
 1175 047b 10       		.byte	16
 1176 047c 1D       		.byte	29
 1177 047d 41       		.byte	65
 1178 047e 1E       		.byte	30
 1179 047f 04       		.byte	4
 1180 0480 1F       		.byte	31
 1181 0481 04       		.byte	4
 1182 0482 20       		.byte	32
 1183 0483 08       		.byte	8
 1184 0484 21       		.byte	33
 1185 0485 05       		.byte	5
 1186 0486 23       		.byte	35
 1187 0487 10       		.byte	16
 1188 0488 25       		.byte	37
 1189 0489 C0       		.byte	-64
 1190 048a 26       		.byte	38
 1191 048b 08       		.byte	8
 1192 048c 27       		.byte	39
 1193 048d 28       		.byte	40
 1194 048e 2A       		.byte	42
 1195 048f 08       		.byte	8
 1196 0490 2B       		.byte	43
 1197 0491 81       		.byte	-127
ARM GAS  C:\Users\jesse\AppData\Local\Temp\ccICYHWG.s 			page 22


 1198 0492 2C       		.byte	44
 1199 0493 01       		.byte	1
 1200 0494 2F       		.byte	47
 1201 0495 12       		.byte	18
 1202 0496 31       		.byte	49
 1203 0497 20       		.byte	32
 1204 0498 32       		.byte	50
 1205 0499 06       		.byte	6
 1206 049a 33       		.byte	51
 1207 049b 40       		.byte	64
 1208 049c 36       		.byte	54
 1209 049d 02       		.byte	2
 1210 049e 37       		.byte	55
 1211 049f 48       		.byte	72
 1212 04a0 39       		.byte	57
 1213 04a1 18       		.byte	24
 1214 04a2 3B       		.byte	59
 1215 04a3 02       		.byte	2
 1216 04a4 3C       		.byte	60
 1217 04a5 08       		.byte	8
 1218 04a6 3D       		.byte	61
 1219 04a7 88       		.byte	-120
 1220 04a8 3E       		.byte	62
 1221 04a9 09       		.byte	9
 1222 04aa 3F       		.byte	63
 1223 04ab 10       		.byte	16
 1224 04ac 90       		.byte	-112
 1225 04ad 04       		.byte	4
 1226 04ae 91       		.byte	-111
 1227 04af 10       		.byte	16
 1228 04b0 92       		.byte	-110
 1229 04b1 0B       		.byte	11
 1230 04b2 93       		.byte	-109
 1231 04b3 04       		.byte	4
 1232 04b4 95       		.byte	-107
 1233 04b5 02       		.byte	2
 1234 04b6 96       		.byte	-106
 1235 04b7 20       		.byte	32
 1236 04b8 97       		.byte	-105
 1237 04b9 1A       		.byte	26
 1238 04ba 9A       		.byte	-102
 1239 04bb 40       		.byte	64
 1240 04bc 9B       		.byte	-101
 1241 04bd 40       		.byte	64
 1242 04be 9D       		.byte	-99
 1243 04bf 20       		.byte	32
 1244 04c0 9E       		.byte	-98
 1245 04c1 08       		.byte	8
 1246 04c2 9F       		.byte	-97
 1247 04c3 09       		.byte	9
 1248 04c4 A0       		.byte	-96
 1249 04c5 80       		.byte	-128
 1250 04c6 A1       		.byte	-95
 1251 04c7 28       		.byte	40
 1252 04c8 A2       		.byte	-94
 1253 04c9 04       		.byte	4
 1254 04ca A3       		.byte	-93
ARM GAS  C:\Users\jesse\AppData\Local\Temp\ccICYHWG.s 			page 23


 1255 04cb 88       		.byte	-120
 1256 04cc A4       		.byte	-92
 1257 04cd 44       		.byte	68
 1258 04ce A6       		.byte	-90
 1259 04cf 12       		.byte	18
 1260 04d0 A7       		.byte	-89
 1261 04d1 11       		.byte	17
 1262 04d2 C0       		.byte	-64
 1263 04d3 BF       		.byte	-65
 1264 04d4 C2       		.byte	-62
 1265 04d5 CF       		.byte	-49
 1266 04d6 C4       		.byte	-60
 1267 04d7 5B       		.byte	91
 1268 04d8 CA       		.byte	-54
 1269 04d9 5B       		.byte	91
 1270 04da CC       		.byte	-52
 1271 04db DF       		.byte	-33
 1272 04dc CE       		.byte	-50
 1273 04dd F7       		.byte	-9
 1274 04de 33       		.byte	51
 1275 04df 80       		.byte	-128
 1276 04e0 CC       		.byte	-52
 1277 04e1 10       		.byte	16
 1278 04e2 A7       		.byte	-89
 1279 04e3 80       		.byte	-128
 1280 04e4 87       		.byte	-121
 1281 04e5 80       		.byte	-128
 1282 04e6 A7       		.byte	-89
 1283 04e7 80       		.byte	-128
 1284 04e8 E6       		.byte	-26
 1285 04e9 10       		.byte	16
 1286 04ea 12       		.byte	18
 1287 04eb 20       		.byte	32
 1288 04ec 13       		.byte	19
 1289 04ed 04       		.byte	4
 1290 04ee 14       		.byte	20
 1291 04ef 40       		.byte	64
 1292 04f0 73       		.byte	115
 1293 04f1 80       		.byte	-128
 1294 04f2 77       		.byte	119
 1295 04f3 40       		.byte	64
 1296 04f4 83       		.byte	-125
 1297 04f5 80       		.byte	-128
 1298 04f6 84       		.byte	-124
 1299 04f7 40       		.byte	64
 1300 04f8 86       		.byte	-122
 1301 04f9 20       		.byte	32
 1302 04fa 87       		.byte	-121
 1303 04fb 04       		.byte	4
 1304 04fc 9B       		.byte	-101
 1305 04fd 40       		.byte	64
 1306 04fe AB       		.byte	-85
 1307 04ff 40       		.byte	64
 1308 0500 C4       		.byte	-60
 1309 0501 30       		.byte	48
 1310 0502 DC       		.byte	-36
 1311 0503 80       		.byte	-128
ARM GAS  C:\Users\jesse\AppData\Local\Temp\ccICYHWG.s 			page 24


 1312 0504 DE       		.byte	-34
 1313 0505 20       		.byte	32
 1314 0506 E0       		.byte	-32
 1315 0507 40       		.byte	64
 1316 0508 E2       		.byte	-30
 1317 0509 80       		.byte	-128
 1318 050a E4       		.byte	-28
 1319 050b 50       		.byte	80
 1320 050c EE       		.byte	-18
 1321 050d 80       		.byte	-128
 1322 050e 00       		.byte	0
 1323 050f 01       		.byte	1
 1324 0510 0A       		.byte	10
 1325 0511 01       		.byte	1
 1326 0512 10       		.byte	16
 1327 0513 01       		.byte	1
 1328 0514 1A       		.byte	26
 1329 0515 01       		.byte	1
 1330 0516 00       		.byte	0
 1331 0517 03       		.byte	3
 1332 0518 00       		.byte	0
 1333 0519 00       		.byte	0
 1334 051a 03       		.byte	3
 1335 051b 00       		.byte	0
 1336 051c 03       		.byte	3
 1337 051d 00       		.byte	0
 1338 051e 00       		.byte	0
 1339 051f 00       		.byte	0
 1340 0520 00       		.byte	0
 1341 0521 0B       		.byte	11
 1342 0522 0B       		.byte	11
 1343 0523 00       		.byte	0
 1344 0524 00       		.byte	0
 1345 0525 00       		.byte	0
 1346 0526 00       		.byte	0
 1347 0527 00       		.byte	0
 1348              		.section	.cywolatch,"a",%progbits
 1349              		.type	cy_meta_wonvl, %object
 1350              		.size	cy_meta_wonvl, 4
 1351              	cy_meta_wonvl:
 1352 0000 BC       		.byte	-68
 1353 0001 90       		.byte	-112
 1354 0002 AC       		.byte	-84
 1355 0003 AF       		.byte	-81
 1356              		.section	.cycustnvl,"a",%progbits
 1357              		.type	cy_meta_custnvl, %object
 1358              		.size	cy_meta_custnvl, 4
 1359              	cy_meta_custnvl:
 1360 0000 00       		.byte	0
 1361 0001 00       		.byte	0
 1362 0002 40       		.byte	64
 1363 0003 05       		.byte	5
 1364              		.section	.cymeta,"a",%progbits
 1365              		.type	cy_metadata, %object
 1366              		.size	cy_metadata, 12
 1367              	cy_metadata:
 1368 0000 00       		.byte	0
ARM GAS  C:\Users\jesse\AppData\Local\Temp\ccICYHWG.s 			page 25


 1369 0001 01       		.byte	1
 1370 0002 2E       		.byte	46
 1371 0003 16       		.byte	22
 1372 0004 10       		.byte	16
 1373 0005 69       		.byte	105
 1374 0006 00       		.byte	0
 1375 0007 01       		.byte	1
 1376 0008 00       		.byte	0
 1377 0009 00       		.byte	0
 1378 000a 00       		.byte	0
 1379 000b 00       		.byte	0
 1380              		.section	.cyflashprotect,"a",%progbits
 1381              		.type	cy_meta_flashprotect, %object
 1382              		.size	cy_meta_flashprotect, 256
 1383              	cy_meta_flashprotect:
 1384 0000 00000000 		.space	256
 1384      00000000 
 1384      00000000 
 1384      00000000 
 1384      00000000 
 1385              		.text
 1386              	.Letext0:
 1387              		.file 1 "c:\\program files (x86)\\cypress\\psoc creator\\4.4\\psoc creator\\import\\gnu\\arm\\5.4.
 1388              		.file 2 "c:\\program files (x86)\\cypress\\psoc creator\\4.4\\psoc creator\\import\\gnu\\arm\\5.4.
 1389              		.file 3 "Generated_Source\\PSoC5\\cymetadata.c"
 1390              		.section	.debug_info,"",%progbits
 1391              	.Ldebug_info0:
 1392 0000 32010000 		.4byte	0x132
 1393 0004 0400     		.2byte	0x4
 1394 0006 00000000 		.4byte	.Ldebug_abbrev0
 1395 000a 04       		.byte	0x4
 1396 000b 01       		.uleb128 0x1
 1397 000c 8F000000 		.4byte	.LASF17
 1398 0010 0C       		.byte	0xc
 1399 0011 E4010000 		.4byte	.LASF18
 1400 0015 25010000 		.4byte	.LASF19
 1401 0019 00000000 		.4byte	.Ldebug_line0
 1402 001d 02       		.uleb128 0x2
 1403 001e 01       		.byte	0x1
 1404 001f 06       		.byte	0x6
 1405 0020 D8010000 		.4byte	.LASF0
 1406 0024 03       		.uleb128 0x3
 1407 0025 00000000 		.4byte	.LASF9
 1408 0029 01       		.byte	0x1
 1409 002a 1D       		.byte	0x1d
 1410 002b 2F000000 		.4byte	0x2f
 1411 002f 02       		.uleb128 0x2
 1412 0030 01       		.byte	0x1
 1413 0031 08       		.byte	0x8
 1414 0032 2D000000 		.4byte	.LASF1
 1415 0036 02       		.uleb128 0x2
 1416 0037 02       		.byte	0x2
 1417 0038 05       		.byte	0x5
 1418 0039 C5010000 		.4byte	.LASF2
 1419 003d 02       		.uleb128 0x2
 1420 003e 02       		.byte	0x2
 1421 003f 07       		.byte	0x7
ARM GAS  C:\Users\jesse\AppData\Local\Temp\ccICYHWG.s 			page 26


 1422 0040 4D000000 		.4byte	.LASF3
 1423 0044 02       		.uleb128 0x2
 1424 0045 04       		.byte	0x4
 1425 0046 05       		.byte	0x5
 1426 0047 CF010000 		.4byte	.LASF4
 1427 004b 02       		.uleb128 0x2
 1428 004c 04       		.byte	0x4
 1429 004d 07       		.byte	0x7
 1430 004e 3B000000 		.4byte	.LASF5
 1431 0052 02       		.uleb128 0x2
 1432 0053 08       		.byte	0x8
 1433 0054 05       		.byte	0x5
 1434 0055 B7010000 		.4byte	.LASF6
 1435 0059 02       		.uleb128 0x2
 1436 005a 08       		.byte	0x8
 1437 005b 07       		.byte	0x7
 1438 005c 16000000 		.4byte	.LASF7
 1439 0060 04       		.uleb128 0x4
 1440 0061 04       		.byte	0x4
 1441 0062 05       		.byte	0x5
 1442 0063 696E7400 		.ascii	"int\000"
 1443 0067 02       		.uleb128 0x2
 1444 0068 04       		.byte	0x4
 1445 0069 07       		.byte	0x7
 1446 006a 82000000 		.4byte	.LASF8
 1447 006e 03       		.uleb128 0x3
 1448 006f 1D010000 		.4byte	.LASF10
 1449 0073 02       		.byte	0x2
 1450 0074 18       		.byte	0x18
 1451 0075 24000000 		.4byte	0x24
 1452 0079 05       		.uleb128 0x5
 1453 007a 91000000 		.4byte	0x91
 1454 007e 8A000000 		.4byte	0x8a
 1455 0082 06       		.uleb128 0x6
 1456 0083 8A000000 		.4byte	0x8a
 1457 0087 2705     		.2byte	0x527
 1458 0089 00       		.byte	0
 1459 008a 02       		.uleb128 0x2
 1460 008b 04       		.byte	0x4
 1461 008c 07       		.byte	0x7
 1462 008d AE010000 		.4byte	.LASF11
 1463 0091 07       		.uleb128 0x7
 1464 0092 6E000000 		.4byte	0x6e
 1465 0096 08       		.uleb128 0x8
 1466 0097 70000000 		.4byte	.LASF12
 1467 009b 03       		.byte	0x3
 1468 009c 1F       		.byte	0x1f
 1469 009d A7000000 		.4byte	0xa7
 1470 00a1 05       		.uleb128 0x5
 1471 00a2 03       		.byte	0x3
 1472 00a3 00000000 		.4byte	cy_meta_configecc
 1473 00a7 07       		.uleb128 0x7
 1474 00a8 79000000 		.4byte	0x79
 1475 00ac 05       		.uleb128 0x5
 1476 00ad 91000000 		.4byte	0x91
 1477 00b1 BC000000 		.4byte	0xbc
 1478 00b5 09       		.uleb128 0x9
ARM GAS  C:\Users\jesse\AppData\Local\Temp\ccICYHWG.s 			page 27


 1479 00b6 8A000000 		.4byte	0x8a
 1480 00ba 03       		.byte	0x3
 1481 00bb 00       		.byte	0
 1482 00bc 08       		.uleb128 0x8
 1483 00bd 60000000 		.4byte	.LASF13
 1484 00c1 03       		.byte	0x3
 1485 00c2 D1       		.byte	0xd1
 1486 00c3 CD000000 		.4byte	0xcd
 1487 00c7 05       		.uleb128 0x5
 1488 00c8 03       		.byte	0x3
 1489 00c9 00000000 		.4byte	cy_meta_custnvl
 1490 00cd 07       		.uleb128 0x7
 1491 00ce AC000000 		.4byte	0xac
 1492 00d2 08       		.uleb128 0x8
 1493 00d3 A0010000 		.4byte	.LASF14
 1494 00d7 03       		.byte	0x3
 1495 00d8 DF       		.byte	0xdf
 1496 00d9 E3000000 		.4byte	0xe3
 1497 00dd 05       		.uleb128 0x5
 1498 00de 03       		.byte	0x3
 1499 00df 00000000 		.4byte	cy_meta_wonvl
 1500 00e3 07       		.uleb128 0x7
 1501 00e4 AC000000 		.4byte	0xac
 1502 00e8 05       		.uleb128 0x5
 1503 00e9 91000000 		.4byte	0x91
 1504 00ed F8000000 		.4byte	0xf8
 1505 00f1 09       		.uleb128 0x9
 1506 00f2 8A000000 		.4byte	0x8a
 1507 00f6 FF       		.byte	0xff
 1508 00f7 00       		.byte	0
 1509 00f8 08       		.uleb128 0x8
 1510 00f9 8B010000 		.4byte	.LASF15
 1511 00fd 03       		.byte	0x3
 1512 00fe ED       		.byte	0xed
 1513 00ff 09010000 		.4byte	0x109
 1514 0103 05       		.uleb128 0x5
 1515 0104 03       		.byte	0x3
 1516 0105 00000000 		.4byte	cy_meta_flashprotect
 1517 0109 07       		.uleb128 0x7
 1518 010a E8000000 		.4byte	0xe8
 1519 010e 05       		.uleb128 0x5
 1520 010f 91000000 		.4byte	0x91
 1521 0113 1E010000 		.4byte	0x11e
 1522 0117 09       		.uleb128 0x9
 1523 0118 8A000000 		.4byte	0x8a
 1524 011c 0B       		.byte	0xb
 1525 011d 00       		.byte	0
 1526 011e 0A       		.uleb128 0xa
 1527 011f 0A000000 		.4byte	.LASF16
 1528 0123 03       		.byte	0x3
 1529 0124 1A01     		.2byte	0x11a
 1530 0126 30010000 		.4byte	0x130
 1531 012a 05       		.uleb128 0x5
 1532 012b 03       		.byte	0x3
 1533 012c 00000000 		.4byte	cy_metadata
 1534 0130 07       		.uleb128 0x7
 1535 0131 0E010000 		.4byte	0x10e
ARM GAS  C:\Users\jesse\AppData\Local\Temp\ccICYHWG.s 			page 28


 1536 0135 00       		.byte	0
 1537              		.section	.debug_abbrev,"",%progbits
 1538              	.Ldebug_abbrev0:
 1539 0000 01       		.uleb128 0x1
 1540 0001 11       		.uleb128 0x11
 1541 0002 01       		.byte	0x1
 1542 0003 25       		.uleb128 0x25
 1543 0004 0E       		.uleb128 0xe
 1544 0005 13       		.uleb128 0x13
 1545 0006 0B       		.uleb128 0xb
 1546 0007 03       		.uleb128 0x3
 1547 0008 0E       		.uleb128 0xe
 1548 0009 1B       		.uleb128 0x1b
 1549 000a 0E       		.uleb128 0xe
 1550 000b 10       		.uleb128 0x10
 1551 000c 17       		.uleb128 0x17
 1552 000d 00       		.byte	0
 1553 000e 00       		.byte	0
 1554 000f 02       		.uleb128 0x2
 1555 0010 24       		.uleb128 0x24
 1556 0011 00       		.byte	0
 1557 0012 0B       		.uleb128 0xb
 1558 0013 0B       		.uleb128 0xb
 1559 0014 3E       		.uleb128 0x3e
 1560 0015 0B       		.uleb128 0xb
 1561 0016 03       		.uleb128 0x3
 1562 0017 0E       		.uleb128 0xe
 1563 0018 00       		.byte	0
 1564 0019 00       		.byte	0
 1565 001a 03       		.uleb128 0x3
 1566 001b 16       		.uleb128 0x16
 1567 001c 00       		.byte	0
 1568 001d 03       		.uleb128 0x3
 1569 001e 0E       		.uleb128 0xe
 1570 001f 3A       		.uleb128 0x3a
 1571 0020 0B       		.uleb128 0xb
 1572 0021 3B       		.uleb128 0x3b
 1573 0022 0B       		.uleb128 0xb
 1574 0023 49       		.uleb128 0x49
 1575 0024 13       		.uleb128 0x13
 1576 0025 00       		.byte	0
 1577 0026 00       		.byte	0
 1578 0027 04       		.uleb128 0x4
 1579 0028 24       		.uleb128 0x24
 1580 0029 00       		.byte	0
 1581 002a 0B       		.uleb128 0xb
 1582 002b 0B       		.uleb128 0xb
 1583 002c 3E       		.uleb128 0x3e
 1584 002d 0B       		.uleb128 0xb
 1585 002e 03       		.uleb128 0x3
 1586 002f 08       		.uleb128 0x8
 1587 0030 00       		.byte	0
 1588 0031 00       		.byte	0
 1589 0032 05       		.uleb128 0x5
 1590 0033 01       		.uleb128 0x1
 1591 0034 01       		.byte	0x1
 1592 0035 49       		.uleb128 0x49
ARM GAS  C:\Users\jesse\AppData\Local\Temp\ccICYHWG.s 			page 29


 1593 0036 13       		.uleb128 0x13
 1594 0037 01       		.uleb128 0x1
 1595 0038 13       		.uleb128 0x13
 1596 0039 00       		.byte	0
 1597 003a 00       		.byte	0
 1598 003b 06       		.uleb128 0x6
 1599 003c 21       		.uleb128 0x21
 1600 003d 00       		.byte	0
 1601 003e 49       		.uleb128 0x49
 1602 003f 13       		.uleb128 0x13
 1603 0040 2F       		.uleb128 0x2f
 1604 0041 05       		.uleb128 0x5
 1605 0042 00       		.byte	0
 1606 0043 00       		.byte	0
 1607 0044 07       		.uleb128 0x7
 1608 0045 26       		.uleb128 0x26
 1609 0046 00       		.byte	0
 1610 0047 49       		.uleb128 0x49
 1611 0048 13       		.uleb128 0x13
 1612 0049 00       		.byte	0
 1613 004a 00       		.byte	0
 1614 004b 08       		.uleb128 0x8
 1615 004c 34       		.uleb128 0x34
 1616 004d 00       		.byte	0
 1617 004e 03       		.uleb128 0x3
 1618 004f 0E       		.uleb128 0xe
 1619 0050 3A       		.uleb128 0x3a
 1620 0051 0B       		.uleb128 0xb
 1621 0052 3B       		.uleb128 0x3b
 1622 0053 0B       		.uleb128 0xb
 1623 0054 49       		.uleb128 0x49
 1624 0055 13       		.uleb128 0x13
 1625 0056 3F       		.uleb128 0x3f
 1626 0057 19       		.uleb128 0x19
 1627 0058 02       		.uleb128 0x2
 1628 0059 18       		.uleb128 0x18
 1629 005a 00       		.byte	0
 1630 005b 00       		.byte	0
 1631 005c 09       		.uleb128 0x9
 1632 005d 21       		.uleb128 0x21
 1633 005e 00       		.byte	0
 1634 005f 49       		.uleb128 0x49
 1635 0060 13       		.uleb128 0x13
 1636 0061 2F       		.uleb128 0x2f
 1637 0062 0B       		.uleb128 0xb
 1638 0063 00       		.byte	0
 1639 0064 00       		.byte	0
 1640 0065 0A       		.uleb128 0xa
 1641 0066 34       		.uleb128 0x34
 1642 0067 00       		.byte	0
 1643 0068 03       		.uleb128 0x3
 1644 0069 0E       		.uleb128 0xe
 1645 006a 3A       		.uleb128 0x3a
 1646 006b 0B       		.uleb128 0xb
 1647 006c 3B       		.uleb128 0x3b
 1648 006d 05       		.uleb128 0x5
 1649 006e 49       		.uleb128 0x49
ARM GAS  C:\Users\jesse\AppData\Local\Temp\ccICYHWG.s 			page 30


 1650 006f 13       		.uleb128 0x13
 1651 0070 3F       		.uleb128 0x3f
 1652 0071 19       		.uleb128 0x19
 1653 0072 02       		.uleb128 0x2
 1654 0073 18       		.uleb128 0x18
 1655 0074 00       		.byte	0
 1656 0075 00       		.byte	0
 1657 0076 00       		.byte	0
 1658              		.section	.debug_aranges,"",%progbits
 1659 0000 14000000 		.4byte	0x14
 1660 0004 0200     		.2byte	0x2
 1661 0006 00000000 		.4byte	.Ldebug_info0
 1662 000a 04       		.byte	0x4
 1663 000b 00       		.byte	0
 1664 000c 0000     		.2byte	0
 1665 000e 0000     		.2byte	0
 1666 0010 00000000 		.4byte	0
 1667 0014 00000000 		.4byte	0
 1668              		.section	.debug_line,"",%progbits
 1669              	.Ldebug_line0:
 1670 0000 3D010000 		.section	.debug_str,"MS",%progbits,1
 1670      02003701 
 1670      00000201 
 1670      FB0E0D00 
 1670      01010101 
 1671              	.LASF9:
 1672 0000 5F5F7569 		.ascii	"__uint8_t\000"
 1672      6E74385F 
 1672      7400
 1673              	.LASF16:
 1674 000a 63795F6D 		.ascii	"cy_metadata\000"
 1674      65746164 
 1674      61746100 
 1675              	.LASF7:
 1676 0016 6C6F6E67 		.ascii	"long long unsigned int\000"
 1676      206C6F6E 
 1676      6720756E 
 1676      7369676E 
 1676      65642069 
 1677              	.LASF1:
 1678 002d 756E7369 		.ascii	"unsigned char\000"
 1678      676E6564 
 1678      20636861 
 1678      7200
 1679              	.LASF5:
 1680 003b 6C6F6E67 		.ascii	"long unsigned int\000"
 1680      20756E73 
 1680      69676E65 
 1680      6420696E 
 1680      7400
 1681              	.LASF3:
 1682 004d 73686F72 		.ascii	"short unsigned int\000"
 1682      7420756E 
 1682      7369676E 
 1682      65642069 
 1682      6E7400
 1683              	.LASF13:
ARM GAS  C:\Users\jesse\AppData\Local\Temp\ccICYHWG.s 			page 31


 1684 0060 63795F6D 		.ascii	"cy_meta_custnvl\000"
 1684      6574615F 
 1684      63757374 
 1684      6E766C00 
 1685              	.LASF12:
 1686 0070 63795F6D 		.ascii	"cy_meta_configecc\000"
 1686      6574615F 
 1686      636F6E66 
 1686      69676563 
 1686      6300
 1687              	.LASF8:
 1688 0082 756E7369 		.ascii	"unsigned int\000"
 1688      676E6564 
 1688      20696E74 
 1688      00
 1689              	.LASF17:
 1690 008f 474E5520 		.ascii	"GNU C11 5.4.1 20160609 (release) [ARM/embedded-5-br"
 1690      43313120 
 1690      352E342E 
 1690      31203230 
 1690      31363036 
 1691 00c2 616E6368 		.ascii	"anch revision 237715] -mcpu=cortex-m3 -mthumb -g -O"
 1691      20726576 
 1691      6973696F 
 1691      6E203233 
 1691      37373135 
 1692 00f5 73202D66 		.ascii	"s -ffunction-sections -ffat-lto-objects\000"
 1692      66756E63 
 1692      74696F6E 
 1692      2D736563 
 1692      74696F6E 
 1693              	.LASF10:
 1694 011d 75696E74 		.ascii	"uint8_t\000"
 1694      385F7400 
 1695              	.LASF19:
 1696 0125 433A5C55 		.ascii	"C:\\Users\\jesse\\OneDrive\\Bureaublad\\practice_em"
 1696      73657273 
 1696      5C6A6573 
 1696      73655C4F 
 1696      6E654472 
 1697 0153 62656464 		.ascii	"bedded\\Practice_EmbeddedProgramming\\Display_count"
 1697      65645C50 
 1697      72616374 
 1697      6963655F 
 1697      456D6265 
 1698 0184 2E637964 		.ascii	".cydsn\000"
 1698      736E00
 1699              	.LASF15:
 1700 018b 63795F6D 		.ascii	"cy_meta_flashprotect\000"
 1700      6574615F 
 1700      666C6173 
 1700      6870726F 
 1700      74656374 
 1701              	.LASF14:
 1702 01a0 63795F6D 		.ascii	"cy_meta_wonvl\000"
 1702      6574615F 
 1702      776F6E76 
ARM GAS  C:\Users\jesse\AppData\Local\Temp\ccICYHWG.s 			page 32


 1702      6C00
 1703              	.LASF11:
 1704 01ae 73697A65 		.ascii	"sizetype\000"
 1704      74797065 
 1704      00
 1705              	.LASF6:
 1706 01b7 6C6F6E67 		.ascii	"long long int\000"
 1706      206C6F6E 
 1706      6720696E 
 1706      7400
 1707              	.LASF2:
 1708 01c5 73686F72 		.ascii	"short int\000"
 1708      7420696E 
 1708      7400
 1709              	.LASF4:
 1710 01cf 6C6F6E67 		.ascii	"long int\000"
 1710      20696E74 
 1710      00
 1711              	.LASF0:
 1712 01d8 7369676E 		.ascii	"signed char\000"
 1712      65642063 
 1712      68617200 
 1713              	.LASF18:
 1714 01e4 47656E65 		.ascii	"Generated_Source\\PSoC5\\cymetadata.c\000"
 1714      72617465 
 1714      645F536F 
 1714      75726365 
 1714      5C50536F 
 1715              		.ident	"GCC: (GNU Tools for ARM Embedded Processors) 5.4.1 20160609 (release) [ARM/embedded-5-bran
