ARM GAS  C:\Users\jesse\AppData\Local\Temp\cc9TfL9g.s 			page 1


   1              		.syntax unified
   2              		.cpu cortex-m3
   3              		.fpu softvfp
   4              		.eabi_attribute 20, 1
   5              		.eabi_attribute 21, 1
   6              		.eabi_attribute 23, 3
   7              		.eabi_attribute 24, 1
   8              		.eabi_attribute 25, 1
   9              		.eabi_attribute 26, 1
  10              		.eabi_attribute 30, 4
  11              		.eabi_attribute 34, 1
  12              		.eabi_attribute 18, 4
  13              		.thumb
  14              		.syntax unified
  15              		.file	"u8g2_cleardisplay.c"
  16              		.text
  17              	.Ltext0:
  18              		.cfi_sections	.debug_frame
  19              		.section	.text.u8g2_ClearDisplay,"ax",%progbits
  20              		.align	1
  21              		.global	u8g2_ClearDisplay
  22              		.thumb
  23              		.thumb_func
  24              		.type	u8g2_ClearDisplay, %function
  25              	u8g2_ClearDisplay:
  26              	.LFB0:
  27              		.file 1 "..\\..\\..\\u8g2\\u8g2\\csrc\\u8g2_cleardisplay.c"
   1:..\..\..\u8g2\u8g2\csrc/u8g2_cleardisplay.c **** /*
   2:..\..\..\u8g2\u8g2\csrc/u8g2_cleardisplay.c **** 
   3:..\..\..\u8g2\u8g2\csrc/u8g2_cleardisplay.c ****   u8g2_cleardisplay.c
   4:..\..\..\u8g2\u8g2\csrc/u8g2_cleardisplay.c **** 
   5:..\..\..\u8g2\u8g2\csrc/u8g2_cleardisplay.c ****   Universal 8bit Graphics Library (https://github.com/olikraus/u8g2/)
   6:..\..\..\u8g2\u8g2\csrc/u8g2_cleardisplay.c **** 
   7:..\..\..\u8g2\u8g2\csrc/u8g2_cleardisplay.c ****   Copyright (c) 2016, olikraus@gmail.com
   8:..\..\..\u8g2\u8g2\csrc/u8g2_cleardisplay.c ****   All rights reserved.
   9:..\..\..\u8g2\u8g2\csrc/u8g2_cleardisplay.c **** 
  10:..\..\..\u8g2\u8g2\csrc/u8g2_cleardisplay.c ****   Redistribution and use in source and binary forms, with or without modification, 
  11:..\..\..\u8g2\u8g2\csrc/u8g2_cleardisplay.c ****   are permitted provided that the following conditions are met:
  12:..\..\..\u8g2\u8g2\csrc/u8g2_cleardisplay.c **** 
  13:..\..\..\u8g2\u8g2\csrc/u8g2_cleardisplay.c ****   * Redistributions of source code must retain the above copyright notice, this list 
  14:..\..\..\u8g2\u8g2\csrc/u8g2_cleardisplay.c ****     of conditions and the following disclaimer.
  15:..\..\..\u8g2\u8g2\csrc/u8g2_cleardisplay.c ****     
  16:..\..\..\u8g2\u8g2\csrc/u8g2_cleardisplay.c ****   * Redistributions in binary form must reproduce the above copyright notice, this 
  17:..\..\..\u8g2\u8g2\csrc/u8g2_cleardisplay.c ****     list of conditions and the following disclaimer in the documentation and/or other 
  18:..\..\..\u8g2\u8g2\csrc/u8g2_cleardisplay.c ****     materials provided with the distribution.
  19:..\..\..\u8g2\u8g2\csrc/u8g2_cleardisplay.c **** 
  20:..\..\..\u8g2\u8g2\csrc/u8g2_cleardisplay.c ****   THIS SOFTWARE IS PROVIDED BY THE COPYRIGHT HOLDERS AND 
  21:..\..\..\u8g2\u8g2\csrc/u8g2_cleardisplay.c ****   CONTRIBUTORS "AS IS" AND ANY EXPRESS OR IMPLIED WARRANTIES, 
  22:..\..\..\u8g2\u8g2\csrc/u8g2_cleardisplay.c ****   INCLUDING, BUT NOT LIMITED TO, THE IMPLIED WARRANTIES OF 
  23:..\..\..\u8g2\u8g2\csrc/u8g2_cleardisplay.c ****   MERCHANTABILITY AND FITNESS FOR A PARTICULAR PURPOSE ARE 
  24:..\..\..\u8g2\u8g2\csrc/u8g2_cleardisplay.c ****   DISCLAIMED. IN NO EVENT SHALL THE COPYRIGHT HOLDER OR 
  25:..\..\..\u8g2\u8g2\csrc/u8g2_cleardisplay.c ****   CONTRIBUTORS BE LIABLE FOR ANY DIRECT, INDIRECT, INCIDENTAL, 
  26:..\..\..\u8g2\u8g2\csrc/u8g2_cleardisplay.c ****   SPECIAL, EXEMPLARY, OR CONSEQUENTIAL DAMAGES (INCLUDING, BUT 
  27:..\..\..\u8g2\u8g2\csrc/u8g2_cleardisplay.c ****   NOT LIMITED TO, PROCUREMENT OF SUBSTITUTE GOODS OR SERVICES; 
  28:..\..\..\u8g2\u8g2\csrc/u8g2_cleardisplay.c ****   LOSS OF USE, DATA, OR PROFITS; OR BUSINESS INTERRUPTION) HOWEVER 
  29:..\..\..\u8g2\u8g2\csrc/u8g2_cleardisplay.c ****   CAUSED AND ON ANY THEORY OF LIABILITY, WHETHER IN CONTRACT, 
  30:..\..\..\u8g2\u8g2\csrc/u8g2_cleardisplay.c ****   STRICT LIABILITY, OR TORT (INCLUDING NEGLIGENCE OR OTHERWISE) 
ARM GAS  C:\Users\jesse\AppData\Local\Temp\cc9TfL9g.s 			page 2


  31:..\..\..\u8g2\u8g2\csrc/u8g2_cleardisplay.c ****   ARISING IN ANY WAY OUT OF THE USE OF THIS SOFTWARE, EVEN IF 
  32:..\..\..\u8g2\u8g2\csrc/u8g2_cleardisplay.c ****   ADVISED OF THE POSSIBILITY OF SUCH DAMAGE.  
  33:..\..\..\u8g2\u8g2\csrc/u8g2_cleardisplay.c **** 
  34:..\..\..\u8g2\u8g2\csrc/u8g2_cleardisplay.c **** */
  35:..\..\..\u8g2\u8g2\csrc/u8g2_cleardisplay.c **** #include "u8g2.h"
  36:..\..\..\u8g2\u8g2\csrc/u8g2_cleardisplay.c **** 
  37:..\..\..\u8g2\u8g2\csrc/u8g2_cleardisplay.c **** /* Clear screen buffer & display reliable for all u8g2 displays. */
  38:..\..\..\u8g2\u8g2\csrc/u8g2_cleardisplay.c **** /* This is done with u8g2 picture loop, because we can not use the u8x8 function in all cases */
  39:..\..\..\u8g2\u8g2\csrc/u8g2_cleardisplay.c **** void u8g2_ClearDisplay(u8g2_t *u8g2)
  40:..\..\..\u8g2\u8g2\csrc/u8g2_cleardisplay.c **** {
  28              		.loc 1 40 0
  29              		.cfi_startproc
  30              		@ args = 0, pretend = 0, frame = 0
  31              		@ frame_needed = 0, uses_anonymous_args = 0
  32              	.LVL0:
  33 0000 10B5     		push	{r4, lr}
  34              		.cfi_def_cfa_offset 8
  35              		.cfi_offset 4, -8
  36              		.cfi_offset 14, -4
  37              		.loc 1 40 0
  38 0002 0446     		mov	r4, r0
  41:..\..\..\u8g2\u8g2\csrc/u8g2_cleardisplay.c ****   u8g2_FirstPage(u8g2);
  39              		.loc 1 41 0
  40 0004 FFF7FEFF 		bl	u8g2_FirstPage
  41              	.LVL1:
  42              	.L2:
  42:..\..\..\u8g2\u8g2\csrc/u8g2_cleardisplay.c ****   do {
  43:..\..\..\u8g2\u8g2\csrc/u8g2_cleardisplay.c ****   } while ( u8g2_NextPage(u8g2) );
  43              		.loc 1 43 0 discriminator 1
  44 0008 2046     		mov	r0, r4
  45 000a FFF7FEFF 		bl	u8g2_NextPage
  46              	.LVL2:
  47 000e 0146     		mov	r1, r0
  48 0010 0028     		cmp	r0, #0
  49 0012 F9D1     		bne	.L2
  44:..\..\..\u8g2\u8g2\csrc/u8g2_cleardisplay.c ****   /* 
  45:..\..\..\u8g2\u8g2\csrc/u8g2_cleardisplay.c ****     This function is usually called during startup (u8g2.begin()).
  46:..\..\..\u8g2\u8g2\csrc/u8g2_cleardisplay.c ****     However the user might want to use full buffer mode with clear and 
  47:..\..\..\u8g2\u8g2\csrc/u8g2_cleardisplay.c ****     send commands.
  48:..\..\..\u8g2\u8g2\csrc/u8g2_cleardisplay.c ****     This will not work because the current tile row is modified by the picture 
  49:..\..\..\u8g2\u8g2\csrc/u8g2_cleardisplay.c ****     loop above. To fix this, reset the tile row to 0, issue #370
  50:..\..\..\u8g2\u8g2\csrc/u8g2_cleardisplay.c ****     A workaround would be, that the user sets the current tile row to 0 manually.
  51:..\..\..\u8g2\u8g2\csrc/u8g2_cleardisplay.c ****   */
  52:..\..\..\u8g2\u8g2\csrc/u8g2_cleardisplay.c ****   u8g2_SetBufferCurrTileRow(u8g2, 0);  
  50              		.loc 1 52 0
  51 0014 2046     		mov	r0, r4
  53:..\..\..\u8g2\u8g2\csrc/u8g2_cleardisplay.c **** }
  52              		.loc 1 53 0
  53 0016 BDE81040 		pop	{r4, lr}
  54              		.cfi_restore 14
  55              		.cfi_restore 4
  56              		.cfi_def_cfa_offset 0
  57              	.LVL3:
  52:..\..\..\u8g2\u8g2\csrc/u8g2_cleardisplay.c **** }
  58              		.loc 1 52 0
  59 001a FFF7FEBF 		b	u8g2_SetBufferCurrTileRow
  60              	.LVL4:
ARM GAS  C:\Users\jesse\AppData\Local\Temp\cc9TfL9g.s 			page 3


  61              		.cfi_endproc
  62              	.LFE0:
  63              		.size	u8g2_ClearDisplay, .-u8g2_ClearDisplay
  64              		.text
  65              	.Letext0:
  66              		.file 2 "c:\\program files (x86)\\cypress\\psoc creator\\4.4\\psoc creator\\import\\gnu\\arm\\5.4.
  67              		.file 3 "c:\\program files (x86)\\cypress\\psoc creator\\4.4\\psoc creator\\import\\gnu\\arm\\5.4.
  68              		.file 4 "..\\..\\..\\u8g2\\u8g2\\csrc\\u8x8.h"
  69              		.file 5 "..\\..\\..\\u8g2\\u8g2\\csrc\\u8g2.h"
  70              		.section	.debug_info,"",%progbits
  71              	.Ldebug_info0:
  72 0000 3C080000 		.4byte	0x83c
  73 0004 0400     		.2byte	0x4
  74 0006 00000000 		.4byte	.Ldebug_abbrev0
  75 000a 04       		.byte	0x4
  76 000b 01       		.uleb128 0x1
  77 000c 22010000 		.4byte	.LASF141
  78 0010 0C       		.byte	0xc
  79 0011 5F050000 		.4byte	.LASF142
  80 0015 93020000 		.4byte	.LASF143
  81 0019 00000000 		.4byte	.Ldebug_ranges0+0
  82 001d 00000000 		.4byte	0
  83 0021 00000000 		.4byte	.Ldebug_line0
  84 0025 02       		.uleb128 0x2
  85 0026 A3000000 		.4byte	.LASF0
  86 002a 02       		.byte	0x2
  87 002b 1B       		.byte	0x1b
  88 002c 30000000 		.4byte	0x30
  89 0030 03       		.uleb128 0x3
  90 0031 01       		.byte	0x1
  91 0032 06       		.byte	0x6
  92 0033 16010000 		.4byte	.LASF2
  93 0037 02       		.uleb128 0x2
  94 0038 4C000000 		.4byte	.LASF1
  95 003c 02       		.byte	0x2
  96 003d 1D       		.byte	0x1d
  97 003e 42000000 		.4byte	0x42
  98 0042 03       		.uleb128 0x3
  99 0043 01       		.byte	0x1
 100 0044 08       		.byte	0x8
 101 0045 33060000 		.4byte	.LASF3
 102 0049 03       		.uleb128 0x3
 103 004a 02       		.byte	0x2
 104 004b 05       		.byte	0x5
 105 004c 6D060000 		.4byte	.LASF4
 106 0050 02       		.uleb128 0x2
 107 0051 66070000 		.4byte	.LASF5
 108 0055 02       		.byte	0x2
 109 0056 2B       		.byte	0x2b
 110 0057 5B000000 		.4byte	0x5b
 111 005b 03       		.uleb128 0x3
 112 005c 02       		.byte	0x2
 113 005d 07       		.byte	0x7
 114 005e FC030000 		.4byte	.LASF6
 115 0062 03       		.uleb128 0x3
 116 0063 04       		.byte	0x4
 117 0064 05       		.byte	0x5
ARM GAS  C:\Users\jesse\AppData\Local\Temp\cc9TfL9g.s 			page 4


 118 0065 04020000 		.4byte	.LASF7
 119 0069 02       		.uleb128 0x2
 120 006a F9020000 		.4byte	.LASF8
 121 006e 02       		.byte	0x2
 122 006f 41       		.byte	0x41
 123 0070 74000000 		.4byte	0x74
 124 0074 03       		.uleb128 0x3
 125 0075 04       		.byte	0x4
 126 0076 07       		.byte	0x7
 127 0077 C2030000 		.4byte	.LASF9
 128 007b 03       		.uleb128 0x3
 129 007c 08       		.byte	0x8
 130 007d 05       		.byte	0x5
 131 007e 08010000 		.4byte	.LASF10
 132 0082 03       		.uleb128 0x3
 133 0083 08       		.byte	0x8
 134 0084 07       		.byte	0x7
 135 0085 8C000000 		.4byte	.LASF11
 136 0089 04       		.uleb128 0x4
 137 008a 04       		.byte	0x4
 138 008b 05       		.byte	0x5
 139 008c 696E7400 		.ascii	"int\000"
 140 0090 03       		.uleb128 0x3
 141 0091 04       		.byte	0x4
 142 0092 07       		.byte	0x7
 143 0093 89030000 		.4byte	.LASF12
 144 0097 02       		.uleb128 0x2
 145 0098 FF070000 		.4byte	.LASF13
 146 009c 03       		.byte	0x3
 147 009d 14       		.byte	0x14
 148 009e 25000000 		.4byte	0x25
 149 00a2 02       		.uleb128 0x2
 150 00a3 3F080000 		.4byte	.LASF14
 151 00a7 03       		.byte	0x3
 152 00a8 18       		.byte	0x18
 153 00a9 37000000 		.4byte	0x37
 154 00ad 02       		.uleb128 0x2
 155 00ae 2D020000 		.4byte	.LASF15
 156 00b2 03       		.byte	0x3
 157 00b3 24       		.byte	0x24
 158 00b4 50000000 		.4byte	0x50
 159 00b8 02       		.uleb128 0x2
 160 00b9 EB060000 		.4byte	.LASF16
 161 00bd 03       		.byte	0x3
 162 00be 30       		.byte	0x30
 163 00bf 69000000 		.4byte	0x69
 164 00c3 05       		.uleb128 0x5
 165 00c4 04       		.byte	0x4
 166 00c5 03       		.uleb128 0x3
 167 00c6 08       		.byte	0x8
 168 00c7 04       		.byte	0x4
 169 00c8 44050000 		.4byte	.LASF17
 170 00cc 02       		.uleb128 0x2
 171 00cd C0070000 		.4byte	.LASF18
 172 00d1 04       		.byte	0x4
 173 00d2 D3       		.byte	0xd3
 174 00d3 D7000000 		.4byte	0xd7
ARM GAS  C:\Users\jesse\AppData\Local\Temp\cc9TfL9g.s 			page 5


 175 00d7 06       		.uleb128 0x6
 176 00d8 B1040000 		.4byte	.LASF39
 177 00dc 2C       		.byte	0x2c
 178 00dd 04       		.byte	0x4
 179 00de 5601     		.2byte	0x156
 180 00e0 DC010000 		.4byte	0x1dc
 181 00e4 07       		.uleb128 0x7
 182 00e5 87040000 		.4byte	.LASF19
 183 00e9 04       		.byte	0x4
 184 00ea 5801     		.2byte	0x158
 185 00ec 44030000 		.4byte	0x344
 186 00f0 00       		.byte	0
 187 00f1 07       		.uleb128 0x7
 188 00f2 36020000 		.4byte	.LASF20
 189 00f6 04       		.byte	0x4
 190 00f7 5901     		.2byte	0x159
 191 00f9 19030000 		.4byte	0x319
 192 00fd 04       		.byte	0x4
 193 00fe 07       		.uleb128 0x7
 194 00ff C5010000 		.4byte	.LASF21
 195 0103 04       		.byte	0x4
 196 0104 5A01     		.2byte	0x15a
 197 0106 E4020000 		.4byte	0x2e4
 198 010a 08       		.byte	0x8
 199 010b 07       		.uleb128 0x7
 200 010c 61080000 		.4byte	.LASF22
 201 0110 04       		.byte	0x4
 202 0111 5B01     		.2byte	0x15b
 203 0113 E4020000 		.4byte	0x2e4
 204 0117 0C       		.byte	0xc
 205 0118 07       		.uleb128 0x7
 206 0119 56000000 		.4byte	.LASF23
 207 011d 04       		.byte	0x4
 208 011e 5C01     		.2byte	0x15c
 209 0120 E4020000 		.4byte	0x2e4
 210 0124 10       		.byte	0x10
 211 0125 07       		.uleb128 0x7
 212 0126 4B020000 		.4byte	.LASF24
 213 012a 04       		.byte	0x4
 214 012b 5D01     		.2byte	0x15d
 215 012d E4020000 		.4byte	0x2e4
 216 0131 14       		.byte	0x14
 217 0132 07       		.uleb128 0x7
 218 0133 C7070000 		.4byte	.LASF25
 219 0137 04       		.byte	0x4
 220 0138 5E01     		.2byte	0x15e
 221 013a B8000000 		.4byte	0xb8
 222 013e 18       		.byte	0x18
 223 013f 07       		.uleb128 0x7
 224 0140 28080000 		.4byte	.LASF26
 225 0144 04       		.byte	0x4
 226 0145 5F01     		.2byte	0x15f
 227 0147 4F030000 		.4byte	0x34f
 228 014b 1C       		.byte	0x1c
 229 014c 07       		.uleb128 0x7
 230 014d CE040000 		.4byte	.LASF27
 231 0151 04       		.byte	0x4
ARM GAS  C:\Users\jesse\AppData\Local\Temp\cc9TfL9g.s 			page 6


 232 0152 6001     		.2byte	0x160
 233 0154 AD000000 		.4byte	0xad
 234 0158 20       		.byte	0x20
 235 0159 07       		.uleb128 0x7
 236 015a D5050000 		.4byte	.LASF28
 237 015e 04       		.byte	0x4
 238 015f 6101     		.2byte	0x161
 239 0161 A2000000 		.4byte	0xa2
 240 0165 22       		.byte	0x22
 241 0166 07       		.uleb128 0x7
 242 0167 B0010000 		.4byte	.LASF29
 243 016b 04       		.byte	0x4
 244 016c 6201     		.2byte	0x162
 245 016e A2000000 		.4byte	0xa2
 246 0172 23       		.byte	0x23
 247 0173 07       		.uleb128 0x7
 248 0174 B6030000 		.4byte	.LASF30
 249 0178 04       		.byte	0x4
 250 0179 6301     		.2byte	0x163
 251 017b A2000000 		.4byte	0xa2
 252 017f 24       		.byte	0x24
 253 0180 07       		.uleb128 0x7
 254 0181 45070000 		.4byte	.LASF31
 255 0185 04       		.byte	0x4
 256 0186 6601     		.2byte	0x166
 257 0188 A2000000 		.4byte	0xa2
 258 018c 25       		.byte	0x25
 259 018d 07       		.uleb128 0x7
 260 018e C8000000 		.4byte	.LASF32
 261 0192 04       		.byte	0x4
 262 0193 6801     		.2byte	0x168
 263 0195 A2000000 		.4byte	0xa2
 264 0199 26       		.byte	0x26
 265 019a 07       		.uleb128 0x7
 266 019b DC000000 		.4byte	.LASF33
 267 019f 04       		.byte	0x4
 268 01a0 6901     		.2byte	0x169
 269 01a2 A2000000 		.4byte	0xa2
 270 01a6 27       		.byte	0x27
 271 01a7 07       		.uleb128 0x7
 272 01a8 88080000 		.4byte	.LASF34
 273 01ac 04       		.byte	0x4
 274 01ad 6A01     		.2byte	0x16a
 275 01af A2000000 		.4byte	0xa2
 276 01b3 28       		.byte	0x28
 277 01b4 07       		.uleb128 0x7
 278 01b5 5D040000 		.4byte	.LASF35
 279 01b9 04       		.byte	0x4
 280 01ba 6B01     		.2byte	0x16b
 281 01bc A2000000 		.4byte	0xa2
 282 01c0 29       		.byte	0x29
 283 01c1 07       		.uleb128 0x7
 284 01c2 06080000 		.4byte	.LASF36
 285 01c6 04       		.byte	0x4
 286 01c7 6C01     		.2byte	0x16c
 287 01c9 A2000000 		.4byte	0xa2
 288 01cd 2A       		.byte	0x2a
ARM GAS  C:\Users\jesse\AppData\Local\Temp\cc9TfL9g.s 			page 7


 289 01ce 07       		.uleb128 0x7
 290 01cf 75030000 		.4byte	.LASF37
 291 01d3 04       		.byte	0x4
 292 01d4 6D01     		.2byte	0x16d
 293 01d6 A2000000 		.4byte	0xa2
 294 01da 2B       		.byte	0x2b
 295 01db 00       		.byte	0
 296 01dc 02       		.uleb128 0x2
 297 01dd 7F020000 		.4byte	.LASF38
 298 01e1 04       		.byte	0x4
 299 01e2 D4       		.byte	0xd4
 300 01e3 E7010000 		.4byte	0x1e7
 301 01e7 08       		.uleb128 0x8
 302 01e8 BD080000 		.4byte	.LASF40
 303 01ec 18       		.byte	0x18
 304 01ed 04       		.byte	0x4
 305 01ee ED       		.byte	0xed
 306 01ef E4020000 		.4byte	0x2e4
 307 01f3 09       		.uleb128 0x9
 308 01f4 27070000 		.4byte	.LASF41
 309 01f8 04       		.byte	0x4
 310 01f9 F1       		.byte	0xf1
 311 01fa A2000000 		.4byte	0xa2
 312 01fe 00       		.byte	0
 313 01ff 09       		.uleb128 0x9
 314 0200 15080000 		.4byte	.LASF42
 315 0204 04       		.byte	0x4
 316 0205 F2       		.byte	0xf2
 317 0206 A2000000 		.4byte	0xa2
 318 020a 01       		.byte	0x1
 319 020b 09       		.uleb128 0x9
 320 020c 7C070000 		.4byte	.LASF43
 321 0210 04       		.byte	0x4
 322 0211 F4       		.byte	0xf4
 323 0212 A2000000 		.4byte	0xa2
 324 0216 02       		.byte	0x2
 325 0217 09       		.uleb128 0x9
 326 0218 EB010000 		.4byte	.LASF44
 327 021c 04       		.byte	0x4
 328 021d F5       		.byte	0xf5
 329 021e A2000000 		.4byte	0xa2
 330 0222 03       		.byte	0x3
 331 0223 09       		.uleb128 0x9
 332 0224 12000000 		.4byte	.LASF45
 333 0228 04       		.byte	0x4
 334 0229 F6       		.byte	0xf6
 335 022a A2000000 		.4byte	0xa2
 336 022e 04       		.byte	0x4
 337 022f 09       		.uleb128 0x9
 338 0230 AC000000 		.4byte	.LASF46
 339 0234 04       		.byte	0x4
 340 0235 F7       		.byte	0xf7
 341 0236 A2000000 		.4byte	0xa2
 342 023a 05       		.byte	0x5
 343 023b 09       		.uleb128 0x9
 344 023c 2E030000 		.4byte	.LASF47
 345 0240 04       		.byte	0x4
ARM GAS  C:\Users\jesse\AppData\Local\Temp\cc9TfL9g.s 			page 8


 346 0241 FE       		.byte	0xfe
 347 0242 A2000000 		.4byte	0xa2
 348 0246 06       		.byte	0x6
 349 0247 07       		.uleb128 0x7
 350 0248 9E040000 		.4byte	.LASF48
 351 024c 04       		.byte	0x4
 352 024d 0201     		.2byte	0x102
 353 024f A2000000 		.4byte	0xa2
 354 0253 07       		.byte	0x7
 355 0254 07       		.uleb128 0x7
 356 0255 EA080000 		.4byte	.LASF49
 357 0259 04       		.byte	0x4
 358 025a 0501     		.2byte	0x105
 359 025c B8000000 		.4byte	0xb8
 360 0260 08       		.byte	0x8
 361 0261 07       		.uleb128 0x7
 362 0262 1E070000 		.4byte	.LASF50
 363 0266 04       		.byte	0x4
 364 0267 0F01     		.2byte	0x10f
 365 0269 A2000000 		.4byte	0xa2
 366 026d 0C       		.byte	0xc
 367 026e 07       		.uleb128 0x7
 368 026f D6060000 		.4byte	.LASF51
 369 0273 04       		.byte	0x4
 370 0274 1201     		.2byte	0x112
 371 0276 A2000000 		.4byte	0xa2
 372 027a 0D       		.byte	0xd
 373 027b 07       		.uleb128 0x7
 374 027c A6060000 		.4byte	.LASF52
 375 0280 04       		.byte	0x4
 376 0281 1801     		.2byte	0x118
 377 0283 A2000000 		.4byte	0xa2
 378 0287 0E       		.byte	0xe
 379 0288 07       		.uleb128 0x7
 380 0289 B2050000 		.4byte	.LASF53
 381 028d 04       		.byte	0x4
 382 028e 1A01     		.2byte	0x11a
 383 0290 A2000000 		.4byte	0xa2
 384 0294 0F       		.byte	0xf
 385 0295 07       		.uleb128 0x7
 386 0296 7D080000 		.4byte	.LASF54
 387 029a 04       		.byte	0x4
 388 029b 1D01     		.2byte	0x11d
 389 029d A2000000 		.4byte	0xa2
 390 02a1 10       		.byte	0x10
 391 02a2 07       		.uleb128 0x7
 392 02a3 DE050000 		.4byte	.LASF55
 393 02a7 04       		.byte	0x4
 394 02a8 1E01     		.2byte	0x11e
 395 02aa A2000000 		.4byte	0xa2
 396 02ae 11       		.byte	0x11
 397 02af 07       		.uleb128 0x7
 398 02b0 BD040000 		.4byte	.LASF56
 399 02b4 04       		.byte	0x4
 400 02b5 2001     		.2byte	0x120
 401 02b7 A2000000 		.4byte	0xa2
 402 02bb 12       		.byte	0x12
ARM GAS  C:\Users\jesse\AppData\Local\Temp\cc9TfL9g.s 			page 9


 403 02bc 07       		.uleb128 0x7
 404 02bd FA040000 		.4byte	.LASF57
 405 02c1 04       		.byte	0x4
 406 02c2 2101     		.2byte	0x121
 407 02c4 A2000000 		.4byte	0xa2
 408 02c8 13       		.byte	0x13
 409 02c9 07       		.uleb128 0x7
 410 02ca 68080000 		.4byte	.LASF58
 411 02ce 04       		.byte	0x4
 412 02cf 2901     		.2byte	0x129
 413 02d1 AD000000 		.4byte	0xad
 414 02d5 14       		.byte	0x14
 415 02d6 07       		.uleb128 0x7
 416 02d7 DD080000 		.4byte	.LASF59
 417 02db 04       		.byte	0x4
 418 02dc 2A01     		.2byte	0x12a
 419 02de AD000000 		.4byte	0xad
 420 02e2 16       		.byte	0x16
 421 02e3 00       		.byte	0
 422 02e4 02       		.uleb128 0x2
 423 02e5 0C060000 		.4byte	.LASF60
 424 02e9 04       		.byte	0x4
 425 02ea D7       		.byte	0xd7
 426 02eb EF020000 		.4byte	0x2ef
 427 02ef 0A       		.uleb128 0xa
 428 02f0 04       		.byte	0x4
 429 02f1 F5020000 		.4byte	0x2f5
 430 02f5 0B       		.uleb128 0xb
 431 02f6 A2000000 		.4byte	0xa2
 432 02fa 13030000 		.4byte	0x313
 433 02fe 0C       		.uleb128 0xc
 434 02ff 13030000 		.4byte	0x313
 435 0303 0C       		.uleb128 0xc
 436 0304 A2000000 		.4byte	0xa2
 437 0308 0C       		.uleb128 0xc
 438 0309 A2000000 		.4byte	0xa2
 439 030d 0C       		.uleb128 0xc
 440 030e C3000000 		.4byte	0xc3
 441 0312 00       		.byte	0
 442 0313 0A       		.uleb128 0xa
 443 0314 04       		.byte	0x4
 444 0315 CC000000 		.4byte	0xcc
 445 0319 02       		.uleb128 0x2
 446 031a 3E020000 		.4byte	.LASF61
 447 031e 04       		.byte	0x4
 448 031f D8       		.byte	0xd8
 449 0320 24030000 		.4byte	0x324
 450 0324 0A       		.uleb128 0xa
 451 0325 04       		.byte	0x4
 452 0326 2A030000 		.4byte	0x32a
 453 032a 0B       		.uleb128 0xb
 454 032b AD000000 		.4byte	0xad
 455 032f 3E030000 		.4byte	0x33e
 456 0333 0C       		.uleb128 0xc
 457 0334 13030000 		.4byte	0x313
 458 0338 0C       		.uleb128 0xc
 459 0339 A2000000 		.4byte	0xa2
ARM GAS  C:\Users\jesse\AppData\Local\Temp\cc9TfL9g.s 			page 10


 460 033d 00       		.byte	0
 461 033e 0A       		.uleb128 0xa
 462 033f 04       		.byte	0x4
 463 0340 A2000000 		.4byte	0xa2
 464 0344 0A       		.uleb128 0xa
 465 0345 04       		.byte	0x4
 466 0346 4A030000 		.4byte	0x34a
 467 034a 0D       		.uleb128 0xd
 468 034b DC010000 		.4byte	0x1dc
 469 034f 0A       		.uleb128 0xa
 470 0350 04       		.byte	0x4
 471 0351 55030000 		.4byte	0x355
 472 0355 0D       		.uleb128 0xd
 473 0356 A2000000 		.4byte	0xa2
 474 035a 02       		.uleb128 0x2
 475 035b 8C060000 		.4byte	.LASF62
 476 035f 05       		.byte	0x5
 477 0360 D1       		.byte	0xd1
 478 0361 AD000000 		.4byte	0xad
 479 0365 02       		.uleb128 0x2
 480 0366 D4030000 		.4byte	.LASF63
 481 036a 05       		.byte	0x5
 482 036b DB       		.byte	0xdb
 483 036c 70030000 		.4byte	0x370
 484 0370 06       		.uleb128 0x6
 485 0371 B9060000 		.4byte	.LASF64
 486 0375 94       		.byte	0x94
 487 0376 05       		.byte	0x5
 488 0377 3A01     		.2byte	0x13a
 489 0379 2A050000 		.4byte	0x52a
 490 037d 07       		.uleb128 0x7
 491 037e 77060000 		.4byte	.LASF65
 492 0382 05       		.byte	0x5
 493 0383 3C01     		.2byte	0x13c
 494 0385 CC000000 		.4byte	0xcc
 495 0389 00       		.byte	0
 496 038a 07       		.uleb128 0x7
 497 038b EA050000 		.4byte	.LASF66
 498 038f 05       		.byte	0x5
 499 0390 3D01     		.2byte	0x13d
 500 0392 C7050000 		.4byte	0x5c7
 501 0396 2C       		.byte	0x2c
 502 0397 0E       		.uleb128 0xe
 503 0398 636200   		.ascii	"cb\000"
 504 039b 05       		.byte	0x5
 505 039c 3E01     		.2byte	0x13e
 506 039e B2070000 		.4byte	0x7b2
 507 03a2 30       		.byte	0x30
 508 03a3 07       		.uleb128 0x7
 509 03a4 3F000000 		.4byte	.LASF67
 510 03a8 05       		.byte	0x5
 511 03a9 4101     		.2byte	0x141
 512 03ab 3E030000 		.4byte	0x33e
 513 03af 34       		.byte	0x34
 514 03b0 07       		.uleb128 0x7
 515 03b1 EC030000 		.4byte	.LASF68
 516 03b5 05       		.byte	0x5
ARM GAS  C:\Users\jesse\AppData\Local\Temp\cc9TfL9g.s 			page 11


 517 03b6 4201     		.2byte	0x142
 518 03b8 A2000000 		.4byte	0xa2
 519 03bc 38       		.byte	0x38
 520 03bd 07       		.uleb128 0x7
 521 03be 06070000 		.4byte	.LASF69
 522 03c2 05       		.byte	0x5
 523 03c3 4301     		.2byte	0x143
 524 03c5 A2000000 		.4byte	0xa2
 525 03c9 39       		.byte	0x39
 526 03ca 07       		.uleb128 0x7
 527 03cb 5D060000 		.4byte	.LASF70
 528 03cf 05       		.byte	0x5
 529 03d0 4601     		.2byte	0x146
 530 03d2 5A030000 		.4byte	0x35a
 531 03d6 3A       		.byte	0x3a
 532 03d7 07       		.uleb128 0x7
 533 03d8 96030000 		.4byte	.LASF71
 534 03dc 05       		.byte	0x5
 535 03dd 4701     		.2byte	0x147
 536 03df 5A030000 		.4byte	0x35a
 537 03e3 3C       		.byte	0x3c
 538 03e4 07       		.uleb128 0x7
 539 03e5 50050000 		.4byte	.LASF72
 540 03e9 05       		.byte	0x5
 541 03ea 4801     		.2byte	0x148
 542 03ec 5A030000 		.4byte	0x35a
 543 03f0 3E       		.byte	0x3e
 544 03f1 07       		.uleb128 0x7
 545 03f2 C7050000 		.4byte	.LASF73
 546 03f6 05       		.byte	0x5
 547 03f7 4E01     		.2byte	0x14e
 548 03f9 5A030000 		.4byte	0x35a
 549 03fd 40       		.byte	0x40
 550 03fe 07       		.uleb128 0x7
 551 03ff CE050000 		.4byte	.LASF74
 552 0403 05       		.byte	0x5
 553 0404 4F01     		.2byte	0x14f
 554 0406 5A030000 		.4byte	0x35a
 555 040a 42       		.byte	0x42
 556 040b 07       		.uleb128 0x7
 557 040c E6030000 		.4byte	.LASF75
 558 0410 05       		.byte	0x5
 559 0411 5201     		.2byte	0x152
 560 0413 5A030000 		.4byte	0x35a
 561 0417 44       		.byte	0x44
 562 0418 07       		.uleb128 0x7
 563 0419 D6080000 		.4byte	.LASF76
 564 041d 05       		.byte	0x5
 565 041e 5301     		.2byte	0x153
 566 0420 5A030000 		.4byte	0x35a
 567 0424 46       		.byte	0x46
 568 0425 07       		.uleb128 0x7
 569 0426 7C060000 		.4byte	.LASF77
 570 042a 05       		.byte	0x5
 571 042b 5801     		.2byte	0x158
 572 042d 5A030000 		.4byte	0x35a
 573 0431 48       		.byte	0x48
ARM GAS  C:\Users\jesse\AppData\Local\Temp\cc9TfL9g.s 			page 12


 574 0432 07       		.uleb128 0x7
 575 0433 84060000 		.4byte	.LASF78
 576 0437 05       		.byte	0x5
 577 0438 5901     		.2byte	0x159
 578 043a 5A030000 		.4byte	0x35a
 579 043e 4A       		.byte	0x4a
 580 043f 07       		.uleb128 0x7
 581 0440 AA050000 		.4byte	.LASF79
 582 0444 05       		.byte	0x5
 583 0445 5A01     		.2byte	0x15a
 584 0447 5A030000 		.4byte	0x35a
 585 044b 4C       		.byte	0x4c
 586 044c 07       		.uleb128 0x7
 587 044d D1070000 		.4byte	.LASF80
 588 0451 05       		.byte	0x5
 589 0452 5B01     		.2byte	0x15b
 590 0454 5A030000 		.4byte	0x35a
 591 0458 4E       		.byte	0x4e
 592 0459 07       		.uleb128 0x7
 593 045a 44040000 		.4byte	.LASF81
 594 045e 05       		.byte	0x5
 595 045f 5F01     		.2byte	0x15f
 596 0461 5A030000 		.4byte	0x35a
 597 0465 50       		.byte	0x50
 598 0466 07       		.uleb128 0x7
 599 0467 4C040000 		.4byte	.LASF82
 600 046b 05       		.byte	0x5
 601 046c 6001     		.2byte	0x160
 602 046e 5A030000 		.4byte	0x35a
 603 0472 52       		.byte	0x52
 604 0473 07       		.uleb128 0x7
 605 0474 8B050000 		.4byte	.LASF83
 606 0478 05       		.byte	0x5
 607 0479 6101     		.2byte	0x161
 608 047b 5A030000 		.4byte	0x35a
 609 047f 54       		.byte	0x54
 610 0480 07       		.uleb128 0x7
 611 0481 93050000 		.4byte	.LASF84
 612 0485 05       		.byte	0x5
 613 0486 6201     		.2byte	0x162
 614 0488 5A030000 		.4byte	0x35a
 615 048c 56       		.byte	0x56
 616 048d 07       		.uleb128 0x7
 617 048e 28080000 		.4byte	.LASF26
 618 0492 05       		.byte	0x5
 619 0493 6701     		.2byte	0x167
 620 0495 4F030000 		.4byte	0x34f
 621 0499 58       		.byte	0x58
 622 049a 07       		.uleb128 0x7
 623 049b 0F030000 		.4byte	.LASF85
 624 049f 05       		.byte	0x5
 625 04a0 6B01     		.2byte	0x16b
 626 04a2 91070000 		.4byte	0x791
 627 04a6 5C       		.byte	0x5c
 628 04a7 07       		.uleb128 0x7
 629 04a8 39070000 		.4byte	.LASF86
 630 04ac 05       		.byte	0x5
ARM GAS  C:\Users\jesse\AppData\Local\Temp\cc9TfL9g.s 			page 13


 631 04ad 6C01     		.2byte	0x16c
 632 04af 85070000 		.4byte	0x785
 633 04b3 60       		.byte	0x60
 634 04b4 07       		.uleb128 0x7
 635 04b5 94040000 		.4byte	.LASF87
 636 04b9 05       		.byte	0x5
 637 04ba 6D01     		.2byte	0x16d
 638 04bc D3060000 		.4byte	0x6d3
 639 04c0 74       		.byte	0x74
 640 04c1 07       		.uleb128 0x7
 641 04c2 0F040000 		.4byte	.LASF88
 642 04c6 05       		.byte	0x5
 643 04c7 7101     		.2byte	0x171
 644 04c9 A2000000 		.4byte	0xa2
 645 04cd 8C       		.byte	0x8c
 646 04ce 07       		.uleb128 0x7
 647 04cf D7040000 		.4byte	.LASF89
 648 04d3 05       		.byte	0x5
 649 04d4 7401     		.2byte	0x174
 650 04d6 A2000000 		.4byte	0xa2
 651 04da 8D       		.byte	0x8d
 652 04db 07       		.uleb128 0x7
 653 04dc 1E030000 		.4byte	.LASF90
 654 04e0 05       		.byte	0x5
 655 04e1 7501     		.2byte	0x175
 656 04e3 97000000 		.4byte	0x97
 657 04e7 8E       		.byte	0x8e
 658 04e8 07       		.uleb128 0x7
 659 04e9 6E020000 		.4byte	.LASF91
 660 04ed 05       		.byte	0x5
 661 04ee 7601     		.2byte	0x176
 662 04f0 97000000 		.4byte	0x97
 663 04f4 8F       		.byte	0x8f
 664 04f5 07       		.uleb128 0x7
 665 04f6 DC010000 		.4byte	.LASF92
 666 04fa 05       		.byte	0x5
 667 04fb 7801     		.2byte	0x178
 668 04fd 97000000 		.4byte	0x97
 669 0501 90       		.byte	0x90
 670 0502 07       		.uleb128 0x7
 671 0503 30040000 		.4byte	.LASF93
 672 0507 05       		.byte	0x5
 673 0508 7A01     		.2byte	0x17a
 674 050a A2000000 		.4byte	0xa2
 675 050e 91       		.byte	0x91
 676 050f 07       		.uleb128 0x7
 677 0510 71070000 		.4byte	.LASF94
 678 0514 05       		.byte	0x5
 679 0515 7C01     		.2byte	0x17c
 680 0517 A2000000 		.4byte	0xa2
 681 051b 92       		.byte	0x92
 682 051c 07       		.uleb128 0x7
 683 051d 4A060000 		.4byte	.LASF95
 684 0521 05       		.byte	0x5
 685 0522 8001     		.2byte	0x180
 686 0524 A2000000 		.4byte	0xa2
 687 0528 93       		.byte	0x93
ARM GAS  C:\Users\jesse\AppData\Local\Temp\cc9TfL9g.s 			page 14


 688 0529 00       		.byte	0
 689 052a 02       		.uleb128 0x2
 690 052b 14070000 		.4byte	.LASF96
 691 052f 05       		.byte	0x5
 692 0530 DC       		.byte	0xdc
 693 0531 35050000 		.4byte	0x535
 694 0535 06       		.uleb128 0x6
 695 0536 18060000 		.4byte	.LASF97
 696 053a 0C       		.byte	0xc
 697 053b 05       		.byte	0x5
 698 053c 3001     		.2byte	0x130
 699 053e 6A050000 		.4byte	0x56a
 700 0542 07       		.uleb128 0x7
 701 0543 7B000000 		.4byte	.LASF98
 702 0547 05       		.byte	0x5
 703 0548 3201     		.2byte	0x132
 704 054a 6A050000 		.4byte	0x56a
 705 054e 00       		.byte	0
 706 054f 07       		.uleb128 0x7
 707 0550 0D020000 		.4byte	.LASF99
 708 0554 05       		.byte	0x5
 709 0555 3301     		.2byte	0x133
 710 0557 8C050000 		.4byte	0x58c
 711 055b 04       		.byte	0x4
 712 055c 07       		.uleb128 0x7
 713 055d 54040000 		.4byte	.LASF100
 714 0561 05       		.byte	0x5
 715 0562 3401     		.2byte	0x134
 716 0564 97050000 		.4byte	0x597
 717 0568 08       		.byte	0x8
 718 0569 00       		.byte	0
 719 056a 02       		.uleb128 0x2
 720 056b 95070000 		.4byte	.LASF101
 721 056f 05       		.byte	0x5
 722 0570 DE       		.byte	0xde
 723 0571 75050000 		.4byte	0x575
 724 0575 0A       		.uleb128 0xa
 725 0576 04       		.byte	0x4
 726 0577 7B050000 		.4byte	0x57b
 727 057b 0F       		.uleb128 0xf
 728 057c 86050000 		.4byte	0x586
 729 0580 0C       		.uleb128 0xc
 730 0581 86050000 		.4byte	0x586
 731 0585 00       		.byte	0
 732 0586 0A       		.uleb128 0xa
 733 0587 04       		.byte	0x4
 734 0588 65030000 		.4byte	0x365
 735 058c 02       		.uleb128 0x2
 736 058d 27000000 		.4byte	.LASF102
 737 0591 05       		.byte	0x5
 738 0592 DF       		.byte	0xdf
 739 0593 75050000 		.4byte	0x575
 740 0597 02       		.uleb128 0x2
 741 0598 C5060000 		.4byte	.LASF103
 742 059c 05       		.byte	0x5
 743 059d E0       		.byte	0xe0
 744 059e A2050000 		.4byte	0x5a2
ARM GAS  C:\Users\jesse\AppData\Local\Temp\cc9TfL9g.s 			page 15


 745 05a2 0A       		.uleb128 0xa
 746 05a3 04       		.byte	0x4
 747 05a4 A8050000 		.4byte	0x5a8
 748 05a8 0F       		.uleb128 0xf
 749 05a9 C7050000 		.4byte	0x5c7
 750 05ad 0C       		.uleb128 0xc
 751 05ae 86050000 		.4byte	0x586
 752 05b2 0C       		.uleb128 0xc
 753 05b3 5A030000 		.4byte	0x35a
 754 05b7 0C       		.uleb128 0xc
 755 05b8 5A030000 		.4byte	0x35a
 756 05bc 0C       		.uleb128 0xc
 757 05bd 5A030000 		.4byte	0x35a
 758 05c1 0C       		.uleb128 0xc
 759 05c2 A2000000 		.4byte	0xa2
 760 05c6 00       		.byte	0
 761 05c7 02       		.uleb128 0x2
 762 05c8 40030000 		.4byte	.LASF104
 763 05cc 05       		.byte	0x5
 764 05cd E1       		.byte	0xe1
 765 05ce A2050000 		.4byte	0x5a2
 766 05d2 08       		.uleb128 0x8
 767 05d3 F4060000 		.4byte	.LASF105
 768 05d7 18       		.byte	0x18
 769 05d8 05       		.byte	0x5
 770 05d9 E7       		.byte	0xe7
 771 05da D3060000 		.4byte	0x6d3
 772 05de 09       		.uleb128 0x9
 773 05df 71000000 		.4byte	.LASF106
 774 05e3 05       		.byte	0x5
 775 05e4 EA       		.byte	0xea
 776 05e5 A2000000 		.4byte	0xa2
 777 05e9 00       		.byte	0
 778 05ea 09       		.uleb128 0x9
 779 05eb BF000000 		.4byte	.LASF107
 780 05ef 05       		.byte	0x5
 781 05f0 EB       		.byte	0xeb
 782 05f1 A2000000 		.4byte	0xa2
 783 05f5 01       		.byte	0x1
 784 05f6 09       		.uleb128 0x9
 785 05f7 04030000 		.4byte	.LASF108
 786 05fb 05       		.byte	0x5
 787 05fc EC       		.byte	0xec
 788 05fd A2000000 		.4byte	0xa2
 789 0601 02       		.byte	0x2
 790 0602 09       		.uleb128 0x9
 791 0603 0C050000 		.4byte	.LASF109
 792 0607 05       		.byte	0x5
 793 0608 ED       		.byte	0xed
 794 0609 A2000000 		.4byte	0xa2
 795 060d 03       		.byte	0x3
 796 060e 09       		.uleb128 0x9
 797 060f 61030000 		.4byte	.LASF110
 798 0613 05       		.byte	0x5
 799 0614 F0       		.byte	0xf0
 800 0615 A2000000 		.4byte	0xa2
 801 0619 04       		.byte	0x4
ARM GAS  C:\Users\jesse\AppData\Local\Temp\cc9TfL9g.s 			page 16


 802 061a 09       		.uleb128 0x9
 803 061b 51070000 		.4byte	.LASF111
 804 061f 05       		.byte	0x5
 805 0620 F1       		.byte	0xf1
 806 0621 A2000000 		.4byte	0xa2
 807 0625 05       		.byte	0x5
 808 0626 09       		.uleb128 0x9
 809 0627 E8000000 		.4byte	.LASF112
 810 062b 05       		.byte	0x5
 811 062c F2       		.byte	0xf2
 812 062d A2000000 		.4byte	0xa2
 813 0631 06       		.byte	0x6
 814 0632 09       		.uleb128 0x9
 815 0633 F8000000 		.4byte	.LASF113
 816 0637 05       		.byte	0x5
 817 0638 F3       		.byte	0xf3
 818 0639 A2000000 		.4byte	0xa2
 819 063d 07       		.byte	0x7
 820 063e 09       		.uleb128 0x9
 821 063f 17050000 		.4byte	.LASF114
 822 0643 05       		.byte	0x5
 823 0644 F4       		.byte	0xf4
 824 0645 A2000000 		.4byte	0xa2
 825 0649 08       		.byte	0x8
 826 064a 09       		.uleb128 0x9
 827 064b 9B050000 		.4byte	.LASF115
 828 064f 05       		.byte	0x5
 829 0650 F7       		.byte	0xf7
 830 0651 97000000 		.4byte	0x97
 831 0655 09       		.byte	0x9
 832 0656 09       		.uleb128 0x9
 833 0657 1D020000 		.4byte	.LASF116
 834 065b 05       		.byte	0x5
 835 065c F8       		.byte	0xf8
 836 065d 97000000 		.4byte	0x97
 837 0661 0A       		.byte	0xa
 838 0662 09       		.uleb128 0x9
 839 0663 D5050000 		.4byte	.LASF28
 840 0667 05       		.byte	0x5
 841 0668 F9       		.byte	0xf9
 842 0669 97000000 		.4byte	0x97
 843 066d 0B       		.byte	0xb
 844 066e 09       		.uleb128 0x9
 845 066f D3000000 		.4byte	.LASF117
 846 0673 05       		.byte	0x5
 847 0674 FA       		.byte	0xfa
 848 0675 97000000 		.4byte	0x97
 849 0679 0C       		.byte	0xc
 850 067a 09       		.uleb128 0x9
 851 067b 41060000 		.4byte	.LASF118
 852 067f 05       		.byte	0x5
 853 0680 FD       		.byte	0xfd
 854 0681 97000000 		.4byte	0x97
 855 0685 0D       		.byte	0xd
 856 0686 09       		.uleb128 0x9
 857 0687 57030000 		.4byte	.LASF119
 858 068b 05       		.byte	0x5
ARM GAS  C:\Users\jesse\AppData\Local\Temp\cc9TfL9g.s 			page 17


 859 068c FE       		.byte	0xfe
 860 068d 97000000 		.4byte	0x97
 861 0691 0E       		.byte	0xe
 862 0692 09       		.uleb128 0x9
 863 0693 D0010000 		.4byte	.LASF120
 864 0697 05       		.byte	0x5
 865 0698 FF       		.byte	0xff
 866 0699 97000000 		.4byte	0x97
 867 069d 0F       		.byte	0xf
 868 069e 07       		.uleb128 0x7
 869 069f 7A040000 		.4byte	.LASF121
 870 06a3 05       		.byte	0x5
 871 06a4 0001     		.2byte	0x100
 872 06a6 97000000 		.4byte	0x97
 873 06aa 10       		.byte	0x10
 874 06ab 07       		.uleb128 0x7
 875 06ac E8040000 		.4byte	.LASF122
 876 06b0 05       		.byte	0x5
 877 06b1 0301     		.2byte	0x103
 878 06b3 AD000000 		.4byte	0xad
 879 06b7 12       		.byte	0x12
 880 06b8 07       		.uleb128 0x7
 881 06b9 2D080000 		.4byte	.LASF123
 882 06bd 05       		.byte	0x5
 883 06be 0401     		.2byte	0x104
 884 06c0 AD000000 		.4byte	0xad
 885 06c4 14       		.byte	0x14
 886 06c5 07       		.uleb128 0x7
 887 06c6 00000000 		.4byte	.LASF124
 888 06ca 05       		.byte	0x5
 889 06cb 0801     		.2byte	0x108
 890 06cd AD000000 		.4byte	0xad
 891 06d1 16       		.byte	0x16
 892 06d2 00       		.byte	0
 893 06d3 10       		.uleb128 0x10
 894 06d4 5D020000 		.4byte	.LASF125
 895 06d8 05       		.byte	0x5
 896 06d9 0B01     		.2byte	0x10b
 897 06db D2050000 		.4byte	0x5d2
 898 06df 06       		.uleb128 0x6
 899 06e0 EB070000 		.4byte	.LASF126
 900 06e4 14       		.byte	0x14
 901 06e5 05       		.byte	0x5
 902 06e6 0E01     		.2byte	0x10e
 903 06e8 85070000 		.4byte	0x785
 904 06ec 07       		.uleb128 0x7
 905 06ed DB030000 		.4byte	.LASF127
 906 06f1 05       		.byte	0x5
 907 06f2 1001     		.2byte	0x110
 908 06f4 4F030000 		.4byte	0x34f
 909 06f8 00       		.byte	0
 910 06f9 07       		.uleb128 0x7
 911 06fa AE070000 		.4byte	.LASF128
 912 06fe 05       		.byte	0x5
 913 06ff 1201     		.2byte	0x112
 914 0701 5A030000 		.4byte	0x35a
 915 0705 04       		.byte	0x4
ARM GAS  C:\Users\jesse\AppData\Local\Temp\cc9TfL9g.s 			page 18


 916 0706 07       		.uleb128 0x7
 917 0707 B7070000 		.4byte	.LASF129
 918 070b 05       		.byte	0x5
 919 070c 1301     		.2byte	0x113
 920 070e 5A030000 		.4byte	0x35a
 921 0712 06       		.byte	0x6
 922 0713 0E       		.uleb128 0xe
 923 0714 7800     		.ascii	"x\000"
 924 0716 05       		.byte	0x5
 925 0717 1501     		.2byte	0x115
 926 0719 97000000 		.4byte	0x97
 927 071d 08       		.byte	0x8
 928 071e 0E       		.uleb128 0xe
 929 071f 7900     		.ascii	"y\000"
 930 0721 05       		.byte	0x5
 931 0722 1601     		.2byte	0x116
 932 0724 97000000 		.4byte	0x97
 933 0728 09       		.byte	0x9
 934 0729 07       		.uleb128 0x7
 935 072a 27060000 		.4byte	.LASF130
 936 072e 05       		.byte	0x5
 937 072f 1701     		.2byte	0x117
 938 0731 97000000 		.4byte	0x97
 939 0735 0A       		.byte	0xa
 940 0736 07       		.uleb128 0x7
 941 0737 37050000 		.4byte	.LASF131
 942 073b 05       		.byte	0x5
 943 073c 1801     		.2byte	0x118
 944 073e 97000000 		.4byte	0x97
 945 0742 0B       		.byte	0xb
 946 0743 07       		.uleb128 0x7
 947 0744 28050000 		.4byte	.LASF132
 948 0748 05       		.byte	0x5
 949 0749 1A01     		.2byte	0x11a
 950 074b A2000000 		.4byte	0xa2
 951 074f 0C       		.byte	0xc
 952 0750 07       		.uleb128 0x7
 953 0751 A7030000 		.4byte	.LASF133
 954 0755 05       		.byte	0x5
 955 0756 1B01     		.2byte	0x11b
 956 0758 A2000000 		.4byte	0xa2
 957 075c 0D       		.byte	0xd
 958 075d 07       		.uleb128 0x7
 959 075e F4050000 		.4byte	.LASF134
 960 0762 05       		.byte	0x5
 961 0763 1C01     		.2byte	0x11c
 962 0765 A2000000 		.4byte	0xa2
 963 0769 0E       		.byte	0xe
 964 076a 07       		.uleb128 0x7
 965 076b 74080000 		.4byte	.LASF135
 966 076f 05       		.byte	0x5
 967 0770 1D01     		.2byte	0x11d
 968 0772 A2000000 		.4byte	0xa2
 969 0776 0F       		.byte	0xf
 970 0777 0E       		.uleb128 0xe
 971 0778 64697200 		.ascii	"dir\000"
 972 077c 05       		.byte	0x5
ARM GAS  C:\Users\jesse\AppData\Local\Temp\cc9TfL9g.s 			page 19


 973 077d 1F01     		.2byte	0x11f
 974 077f A2000000 		.4byte	0xa2
 975 0783 10       		.byte	0x10
 976 0784 00       		.byte	0
 977 0785 10       		.uleb128 0x10
 978 0786 5E000000 		.4byte	.LASF136
 979 078a 05       		.byte	0x5
 980 078b 2201     		.2byte	0x122
 981 078d DF060000 		.4byte	0x6df
 982 0791 10       		.uleb128 0x10
 983 0792 47080000 		.4byte	.LASF137
 984 0796 05       		.byte	0x5
 985 0797 3701     		.2byte	0x137
 986 0799 9D070000 		.4byte	0x79d
 987 079d 0A       		.uleb128 0xa
 988 079e 04       		.byte	0x4
 989 079f A3070000 		.4byte	0x7a3
 990 07a3 0B       		.uleb128 0xb
 991 07a4 5A030000 		.4byte	0x35a
 992 07a8 B2070000 		.4byte	0x7b2
 993 07ac 0C       		.uleb128 0xc
 994 07ad 86050000 		.4byte	0x586
 995 07b1 00       		.byte	0
 996 07b2 0A       		.uleb128 0xa
 997 07b3 04       		.byte	0x4
 998 07b4 B8070000 		.4byte	0x7b8
 999 07b8 0D       		.uleb128 0xd
 1000 07b9 2A050000 		.4byte	0x52a
 1001 07bd 11       		.uleb128 0x11
 1002 07be D9070000 		.4byte	.LASF144
 1003 07c2 01       		.byte	0x1
 1004 07c3 27       		.byte	0x27
 1005 07c4 00000000 		.4byte	.LFB0
 1006 07c8 1E000000 		.4byte	.LFE0-.LFB0
 1007 07cc 01       		.uleb128 0x1
 1008 07cd 9C       		.byte	0x9c
 1009 07ce 1B080000 		.4byte	0x81b
 1010 07d2 12       		.uleb128 0x12
 1011 07d3 75040000 		.4byte	.LASF145
 1012 07d7 01       		.byte	0x1
 1013 07d8 27       		.byte	0x27
 1014 07d9 86050000 		.4byte	0x586
 1015 07dd 00000000 		.4byte	.LLST0
 1016 07e1 13       		.uleb128 0x13
 1017 07e2 08000000 		.4byte	.LVL1
 1018 07e6 1B080000 		.4byte	0x81b
 1019 07ea F5070000 		.4byte	0x7f5
 1020 07ee 14       		.uleb128 0x14
 1021 07ef 01       		.uleb128 0x1
 1022 07f0 50       		.byte	0x50
 1023 07f1 02       		.uleb128 0x2
 1024 07f2 74       		.byte	0x74
 1025 07f3 00       		.sleb128 0
 1026 07f4 00       		.byte	0
 1027 07f5 13       		.uleb128 0x13
 1028 07f6 0E000000 		.4byte	.LVL2
 1029 07fa 27080000 		.4byte	0x827
ARM GAS  C:\Users\jesse\AppData\Local\Temp\cc9TfL9g.s 			page 20


 1030 07fe 09080000 		.4byte	0x809
 1031 0802 14       		.uleb128 0x14
 1032 0803 01       		.uleb128 0x1
 1033 0804 50       		.byte	0x50
 1034 0805 02       		.uleb128 0x2
 1035 0806 74       		.byte	0x74
 1036 0807 00       		.sleb128 0
 1037 0808 00       		.byte	0
 1038 0809 15       		.uleb128 0x15
 1039 080a 1E000000 		.4byte	.LVL4
 1040 080e 33080000 		.4byte	0x833
 1041 0812 14       		.uleb128 0x14
 1042 0813 01       		.uleb128 0x1
 1043 0814 50       		.byte	0x50
 1044 0815 03       		.uleb128 0x3
 1045 0816 F3       		.byte	0xf3
 1046 0817 01       		.uleb128 0x1
 1047 0818 50       		.byte	0x50
 1048 0819 00       		.byte	0
 1049 081a 00       		.byte	0
 1050 081b 16       		.uleb128 0x16
 1051 081c FD050000 		.4byte	.LASF138
 1052 0820 FD050000 		.4byte	.LASF138
 1053 0824 05       		.byte	0x5
 1054 0825 D105     		.2byte	0x5d1
 1055 0827 16       		.uleb128 0x16
 1056 0828 98060000 		.4byte	.LASF139
 1057 082c 98060000 		.4byte	.LASF139
 1058 0830 05       		.byte	0x5
 1059 0831 D205     		.2byte	0x5d2
 1060 0833 16       		.uleb128 0x16
 1061 0834 A3080000 		.4byte	.LASF140
 1062 0838 A3080000 		.4byte	.LASF140
 1063 083c 05       		.byte	0x5
 1064 083d CF05     		.2byte	0x5cf
 1065 083f 00       		.byte	0
 1066              		.section	.debug_abbrev,"",%progbits
 1067              	.Ldebug_abbrev0:
 1068 0000 01       		.uleb128 0x1
 1069 0001 11       		.uleb128 0x11
 1070 0002 01       		.byte	0x1
 1071 0003 25       		.uleb128 0x25
 1072 0004 0E       		.uleb128 0xe
 1073 0005 13       		.uleb128 0x13
 1074 0006 0B       		.uleb128 0xb
 1075 0007 03       		.uleb128 0x3
 1076 0008 0E       		.uleb128 0xe
 1077 0009 1B       		.uleb128 0x1b
 1078 000a 0E       		.uleb128 0xe
 1079 000b 55       		.uleb128 0x55
 1080 000c 17       		.uleb128 0x17
 1081 000d 11       		.uleb128 0x11
 1082 000e 01       		.uleb128 0x1
 1083 000f 10       		.uleb128 0x10
 1084 0010 17       		.uleb128 0x17
 1085 0011 00       		.byte	0
 1086 0012 00       		.byte	0
ARM GAS  C:\Users\jesse\AppData\Local\Temp\cc9TfL9g.s 			page 21


 1087 0013 02       		.uleb128 0x2
 1088 0014 16       		.uleb128 0x16
 1089 0015 00       		.byte	0
 1090 0016 03       		.uleb128 0x3
 1091 0017 0E       		.uleb128 0xe
 1092 0018 3A       		.uleb128 0x3a
 1093 0019 0B       		.uleb128 0xb
 1094 001a 3B       		.uleb128 0x3b
 1095 001b 0B       		.uleb128 0xb
 1096 001c 49       		.uleb128 0x49
 1097 001d 13       		.uleb128 0x13
 1098 001e 00       		.byte	0
 1099 001f 00       		.byte	0
 1100 0020 03       		.uleb128 0x3
 1101 0021 24       		.uleb128 0x24
 1102 0022 00       		.byte	0
 1103 0023 0B       		.uleb128 0xb
 1104 0024 0B       		.uleb128 0xb
 1105 0025 3E       		.uleb128 0x3e
 1106 0026 0B       		.uleb128 0xb
 1107 0027 03       		.uleb128 0x3
 1108 0028 0E       		.uleb128 0xe
 1109 0029 00       		.byte	0
 1110 002a 00       		.byte	0
 1111 002b 04       		.uleb128 0x4
 1112 002c 24       		.uleb128 0x24
 1113 002d 00       		.byte	0
 1114 002e 0B       		.uleb128 0xb
 1115 002f 0B       		.uleb128 0xb
 1116 0030 3E       		.uleb128 0x3e
 1117 0031 0B       		.uleb128 0xb
 1118 0032 03       		.uleb128 0x3
 1119 0033 08       		.uleb128 0x8
 1120 0034 00       		.byte	0
 1121 0035 00       		.byte	0
 1122 0036 05       		.uleb128 0x5
 1123 0037 0F       		.uleb128 0xf
 1124 0038 00       		.byte	0
 1125 0039 0B       		.uleb128 0xb
 1126 003a 0B       		.uleb128 0xb
 1127 003b 00       		.byte	0
 1128 003c 00       		.byte	0
 1129 003d 06       		.uleb128 0x6
 1130 003e 13       		.uleb128 0x13
 1131 003f 01       		.byte	0x1
 1132 0040 03       		.uleb128 0x3
 1133 0041 0E       		.uleb128 0xe
 1134 0042 0B       		.uleb128 0xb
 1135 0043 0B       		.uleb128 0xb
 1136 0044 3A       		.uleb128 0x3a
 1137 0045 0B       		.uleb128 0xb
 1138 0046 3B       		.uleb128 0x3b
 1139 0047 05       		.uleb128 0x5
 1140 0048 01       		.uleb128 0x1
 1141 0049 13       		.uleb128 0x13
 1142 004a 00       		.byte	0
 1143 004b 00       		.byte	0
ARM GAS  C:\Users\jesse\AppData\Local\Temp\cc9TfL9g.s 			page 22


 1144 004c 07       		.uleb128 0x7
 1145 004d 0D       		.uleb128 0xd
 1146 004e 00       		.byte	0
 1147 004f 03       		.uleb128 0x3
 1148 0050 0E       		.uleb128 0xe
 1149 0051 3A       		.uleb128 0x3a
 1150 0052 0B       		.uleb128 0xb
 1151 0053 3B       		.uleb128 0x3b
 1152 0054 05       		.uleb128 0x5
 1153 0055 49       		.uleb128 0x49
 1154 0056 13       		.uleb128 0x13
 1155 0057 38       		.uleb128 0x38
 1156 0058 0B       		.uleb128 0xb
 1157 0059 00       		.byte	0
 1158 005a 00       		.byte	0
 1159 005b 08       		.uleb128 0x8
 1160 005c 13       		.uleb128 0x13
 1161 005d 01       		.byte	0x1
 1162 005e 03       		.uleb128 0x3
 1163 005f 0E       		.uleb128 0xe
 1164 0060 0B       		.uleb128 0xb
 1165 0061 0B       		.uleb128 0xb
 1166 0062 3A       		.uleb128 0x3a
 1167 0063 0B       		.uleb128 0xb
 1168 0064 3B       		.uleb128 0x3b
 1169 0065 0B       		.uleb128 0xb
 1170 0066 01       		.uleb128 0x1
 1171 0067 13       		.uleb128 0x13
 1172 0068 00       		.byte	0
 1173 0069 00       		.byte	0
 1174 006a 09       		.uleb128 0x9
 1175 006b 0D       		.uleb128 0xd
 1176 006c 00       		.byte	0
 1177 006d 03       		.uleb128 0x3
 1178 006e 0E       		.uleb128 0xe
 1179 006f 3A       		.uleb128 0x3a
 1180 0070 0B       		.uleb128 0xb
 1181 0071 3B       		.uleb128 0x3b
 1182 0072 0B       		.uleb128 0xb
 1183 0073 49       		.uleb128 0x49
 1184 0074 13       		.uleb128 0x13
 1185 0075 38       		.uleb128 0x38
 1186 0076 0B       		.uleb128 0xb
 1187 0077 00       		.byte	0
 1188 0078 00       		.byte	0
 1189 0079 0A       		.uleb128 0xa
 1190 007a 0F       		.uleb128 0xf
 1191 007b 00       		.byte	0
 1192 007c 0B       		.uleb128 0xb
 1193 007d 0B       		.uleb128 0xb
 1194 007e 49       		.uleb128 0x49
 1195 007f 13       		.uleb128 0x13
 1196 0080 00       		.byte	0
 1197 0081 00       		.byte	0
 1198 0082 0B       		.uleb128 0xb
 1199 0083 15       		.uleb128 0x15
 1200 0084 01       		.byte	0x1
ARM GAS  C:\Users\jesse\AppData\Local\Temp\cc9TfL9g.s 			page 23


 1201 0085 27       		.uleb128 0x27
 1202 0086 19       		.uleb128 0x19
 1203 0087 49       		.uleb128 0x49
 1204 0088 13       		.uleb128 0x13
 1205 0089 01       		.uleb128 0x1
 1206 008a 13       		.uleb128 0x13
 1207 008b 00       		.byte	0
 1208 008c 00       		.byte	0
 1209 008d 0C       		.uleb128 0xc
 1210 008e 05       		.uleb128 0x5
 1211 008f 00       		.byte	0
 1212 0090 49       		.uleb128 0x49
 1213 0091 13       		.uleb128 0x13
 1214 0092 00       		.byte	0
 1215 0093 00       		.byte	0
 1216 0094 0D       		.uleb128 0xd
 1217 0095 26       		.uleb128 0x26
 1218 0096 00       		.byte	0
 1219 0097 49       		.uleb128 0x49
 1220 0098 13       		.uleb128 0x13
 1221 0099 00       		.byte	0
 1222 009a 00       		.byte	0
 1223 009b 0E       		.uleb128 0xe
 1224 009c 0D       		.uleb128 0xd
 1225 009d 00       		.byte	0
 1226 009e 03       		.uleb128 0x3
 1227 009f 08       		.uleb128 0x8
 1228 00a0 3A       		.uleb128 0x3a
 1229 00a1 0B       		.uleb128 0xb
 1230 00a2 3B       		.uleb128 0x3b
 1231 00a3 05       		.uleb128 0x5
 1232 00a4 49       		.uleb128 0x49
 1233 00a5 13       		.uleb128 0x13
 1234 00a6 38       		.uleb128 0x38
 1235 00a7 0B       		.uleb128 0xb
 1236 00a8 00       		.byte	0
 1237 00a9 00       		.byte	0
 1238 00aa 0F       		.uleb128 0xf
 1239 00ab 15       		.uleb128 0x15
 1240 00ac 01       		.byte	0x1
 1241 00ad 27       		.uleb128 0x27
 1242 00ae 19       		.uleb128 0x19
 1243 00af 01       		.uleb128 0x1
 1244 00b0 13       		.uleb128 0x13
 1245 00b1 00       		.byte	0
 1246 00b2 00       		.byte	0
 1247 00b3 10       		.uleb128 0x10
 1248 00b4 16       		.uleb128 0x16
 1249 00b5 00       		.byte	0
 1250 00b6 03       		.uleb128 0x3
 1251 00b7 0E       		.uleb128 0xe
 1252 00b8 3A       		.uleb128 0x3a
 1253 00b9 0B       		.uleb128 0xb
 1254 00ba 3B       		.uleb128 0x3b
 1255 00bb 05       		.uleb128 0x5
 1256 00bc 49       		.uleb128 0x49
 1257 00bd 13       		.uleb128 0x13
ARM GAS  C:\Users\jesse\AppData\Local\Temp\cc9TfL9g.s 			page 24


 1258 00be 00       		.byte	0
 1259 00bf 00       		.byte	0
 1260 00c0 11       		.uleb128 0x11
 1261 00c1 2E       		.uleb128 0x2e
 1262 00c2 01       		.byte	0x1
 1263 00c3 3F       		.uleb128 0x3f
 1264 00c4 19       		.uleb128 0x19
 1265 00c5 03       		.uleb128 0x3
 1266 00c6 0E       		.uleb128 0xe
 1267 00c7 3A       		.uleb128 0x3a
 1268 00c8 0B       		.uleb128 0xb
 1269 00c9 3B       		.uleb128 0x3b
 1270 00ca 0B       		.uleb128 0xb
 1271 00cb 27       		.uleb128 0x27
 1272 00cc 19       		.uleb128 0x19
 1273 00cd 11       		.uleb128 0x11
 1274 00ce 01       		.uleb128 0x1
 1275 00cf 12       		.uleb128 0x12
 1276 00d0 06       		.uleb128 0x6
 1277 00d1 40       		.uleb128 0x40
 1278 00d2 18       		.uleb128 0x18
 1279 00d3 9742     		.uleb128 0x2117
 1280 00d5 19       		.uleb128 0x19
 1281 00d6 01       		.uleb128 0x1
 1282 00d7 13       		.uleb128 0x13
 1283 00d8 00       		.byte	0
 1284 00d9 00       		.byte	0
 1285 00da 12       		.uleb128 0x12
 1286 00db 05       		.uleb128 0x5
 1287 00dc 00       		.byte	0
 1288 00dd 03       		.uleb128 0x3
 1289 00de 0E       		.uleb128 0xe
 1290 00df 3A       		.uleb128 0x3a
 1291 00e0 0B       		.uleb128 0xb
 1292 00e1 3B       		.uleb128 0x3b
 1293 00e2 0B       		.uleb128 0xb
 1294 00e3 49       		.uleb128 0x49
 1295 00e4 13       		.uleb128 0x13
 1296 00e5 02       		.uleb128 0x2
 1297 00e6 17       		.uleb128 0x17
 1298 00e7 00       		.byte	0
 1299 00e8 00       		.byte	0
 1300 00e9 13       		.uleb128 0x13
 1301 00ea 898201   		.uleb128 0x4109
 1302 00ed 01       		.byte	0x1
 1303 00ee 11       		.uleb128 0x11
 1304 00ef 01       		.uleb128 0x1
 1305 00f0 31       		.uleb128 0x31
 1306 00f1 13       		.uleb128 0x13
 1307 00f2 01       		.uleb128 0x1
 1308 00f3 13       		.uleb128 0x13
 1309 00f4 00       		.byte	0
 1310 00f5 00       		.byte	0
 1311 00f6 14       		.uleb128 0x14
 1312 00f7 8A8201   		.uleb128 0x410a
 1313 00fa 00       		.byte	0
 1314 00fb 02       		.uleb128 0x2
ARM GAS  C:\Users\jesse\AppData\Local\Temp\cc9TfL9g.s 			page 25


 1315 00fc 18       		.uleb128 0x18
 1316 00fd 9142     		.uleb128 0x2111
 1317 00ff 18       		.uleb128 0x18
 1318 0100 00       		.byte	0
 1319 0101 00       		.byte	0
 1320 0102 15       		.uleb128 0x15
 1321 0103 898201   		.uleb128 0x4109
 1322 0106 01       		.byte	0x1
 1323 0107 11       		.uleb128 0x11
 1324 0108 01       		.uleb128 0x1
 1325 0109 9542     		.uleb128 0x2115
 1326 010b 19       		.uleb128 0x19
 1327 010c 31       		.uleb128 0x31
 1328 010d 13       		.uleb128 0x13
 1329 010e 00       		.byte	0
 1330 010f 00       		.byte	0
 1331 0110 16       		.uleb128 0x16
 1332 0111 2E       		.uleb128 0x2e
 1333 0112 00       		.byte	0
 1334 0113 3F       		.uleb128 0x3f
 1335 0114 19       		.uleb128 0x19
 1336 0115 3C       		.uleb128 0x3c
 1337 0116 19       		.uleb128 0x19
 1338 0117 6E       		.uleb128 0x6e
 1339 0118 0E       		.uleb128 0xe
 1340 0119 03       		.uleb128 0x3
 1341 011a 0E       		.uleb128 0xe
 1342 011b 3A       		.uleb128 0x3a
 1343 011c 0B       		.uleb128 0xb
 1344 011d 3B       		.uleb128 0x3b
 1345 011e 05       		.uleb128 0x5
 1346 011f 00       		.byte	0
 1347 0120 00       		.byte	0
 1348 0121 00       		.byte	0
 1349              		.section	.debug_loc,"",%progbits
 1350              	.Ldebug_loc0:
 1351              	.LLST0:
 1352 0000 00000000 		.4byte	.LVL0
 1353 0004 07000000 		.4byte	.LVL1-1
 1354 0008 0100     		.2byte	0x1
 1355 000a 50       		.byte	0x50
 1356 000b 07000000 		.4byte	.LVL1-1
 1357 000f 1A000000 		.4byte	.LVL3
 1358 0013 0100     		.2byte	0x1
 1359 0015 54       		.byte	0x54
 1360 0016 1A000000 		.4byte	.LVL3
 1361 001a 1D000000 		.4byte	.LVL4-1
 1362 001e 0100     		.2byte	0x1
 1363 0020 50       		.byte	0x50
 1364 0021 1D000000 		.4byte	.LVL4-1
 1365 0025 1E000000 		.4byte	.LFE0
 1366 0029 0400     		.2byte	0x4
 1367 002b F3       		.byte	0xf3
 1368 002c 01       		.uleb128 0x1
 1369 002d 50       		.byte	0x50
 1370 002e 9F       		.byte	0x9f
 1371 002f 00000000 		.4byte	0
ARM GAS  C:\Users\jesse\AppData\Local\Temp\cc9TfL9g.s 			page 26


 1372 0033 00000000 		.4byte	0
 1373              		.section	.debug_aranges,"",%progbits
 1374 0000 1C000000 		.4byte	0x1c
 1375 0004 0200     		.2byte	0x2
 1376 0006 00000000 		.4byte	.Ldebug_info0
 1377 000a 04       		.byte	0x4
 1378 000b 00       		.byte	0
 1379 000c 0000     		.2byte	0
 1380 000e 0000     		.2byte	0
 1381 0010 00000000 		.4byte	.LFB0
 1382 0014 1E000000 		.4byte	.LFE0-.LFB0
 1383 0018 00000000 		.4byte	0
 1384 001c 00000000 		.4byte	0
 1385              		.section	.debug_ranges,"",%progbits
 1386              	.Ldebug_ranges0:
 1387 0000 00000000 		.4byte	.LFB0
 1388 0004 1E000000 		.4byte	.LFE0
 1389 0008 00000000 		.4byte	0
 1390 000c 00000000 		.4byte	0
 1391              		.section	.debug_line,"",%progbits
 1392              	.Ldebug_line0:
 1393 0000 74010000 		.section	.debug_str,"MS",%progbits,1
 1393      02005301 
 1393      00000201 
 1393      FB0E0D00 
 1393      01010101 
 1394              	.LASF124:
 1395 0000 73746172 		.ascii	"start_pos_unicode\000"
 1395      745F706F 
 1395      735F756E 
 1395      69636F64 
 1395      6500
 1396              	.LASF45:
 1397 0012 72657365 		.ascii	"reset_pulse_width_ms\000"
 1397      745F7075 
 1397      6C73655F 
 1397      77696474 
 1397      685F6D73 
 1398              	.LASF102:
 1399 0027 75386732 		.ascii	"u8g2_update_page_win_cb\000"
 1399      5F757064 
 1399      6174655F 
 1399      70616765 
 1399      5F77696E 
 1400              	.LASF67:
 1401 003f 74696C65 		.ascii	"tile_buf_ptr\000"
 1401      5F627566 
 1401      5F707472 
 1401      00
 1402              	.LASF1:
 1403 004c 5F5F7569 		.ascii	"__uint8_t\000"
 1403      6E74385F 
 1403      7400
 1404              	.LASF23:
 1405 0056 62797465 		.ascii	"byte_cb\000"
 1405      5F636200 
 1406              	.LASF136:
ARM GAS  C:\Users\jesse\AppData\Local\Temp\cc9TfL9g.s 			page 27


 1407 005e 75386732 		.ascii	"u8g2_font_decode_t\000"
 1407      5F666F6E 
 1407      745F6465 
 1407      636F6465 
 1407      5F7400
 1408              	.LASF106:
 1409 0071 676C7970 		.ascii	"glyph_cnt\000"
 1409      685F636E 
 1409      7400
 1410              	.LASF98:
 1411 007b 75706461 		.ascii	"update_dimension\000"
 1411      74655F64 
 1411      696D656E 
 1411      73696F6E 
 1411      00
 1412              	.LASF11:
 1413 008c 6C6F6E67 		.ascii	"long long unsigned int\000"
 1413      206C6F6E 
 1413      6720756E 
 1413      7369676E 
 1413      65642069 
 1414              	.LASF0:
 1415 00a3 5F5F696E 		.ascii	"__int8_t\000"
 1415      74385F74 
 1415      00
 1416              	.LASF46:
 1417 00ac 706F7374 		.ascii	"post_reset_wait_ms\000"
 1417      5F726573 
 1417      65745F77 
 1417      6169745F 
 1417      6D7300
 1418              	.LASF107:
 1419 00bf 6262785F 		.ascii	"bbx_mode\000"
 1419      6D6F6465 
 1419      00
 1420              	.LASF32:
 1421 00c8 75746638 		.ascii	"utf8_state\000"
 1421      5F737461 
 1421      746500
 1422              	.LASF117:
 1423 00d3 795F6F66 		.ascii	"y_offset\000"
 1423      66736574 
 1423      00
 1424              	.LASF33:
 1425 00dc 6770696F 		.ascii	"gpio_result\000"
 1425      5F726573 
 1425      756C7400 
 1426              	.LASF112:
 1427 00e8 62697473 		.ascii	"bits_per_char_x\000"
 1427      5F706572 
 1427      5F636861 
 1427      725F7800 
 1428              	.LASF113:
 1429 00f8 62697473 		.ascii	"bits_per_char_y\000"
 1429      5F706572 
 1429      5F636861 
 1429      725F7900 
ARM GAS  C:\Users\jesse\AppData\Local\Temp\cc9TfL9g.s 			page 28


 1430              	.LASF10:
 1431 0108 6C6F6E67 		.ascii	"long long int\000"
 1431      206C6F6E 
 1431      6720696E 
 1431      7400
 1432              	.LASF2:
 1433 0116 7369676E 		.ascii	"signed char\000"
 1433      65642063 
 1433      68617200 
 1434              	.LASF141:
 1435 0122 474E5520 		.ascii	"GNU C11 5.4.1 20160609 (release) [ARM/embedded-5-br"
 1435      43313120 
 1435      352E342E 
 1435      31203230 
 1435      31363036 
 1436 0155 616E6368 		.ascii	"anch revision 237715] -mcpu=cortex-m3 -mthumb -g -O"
 1436      20726576 
 1436      6973696F 
 1436      6E203233 
 1436      37373135 
 1437 0188 73202D66 		.ascii	"s -ffunction-sections -ffat-lto-objects\000"
 1437      66756E63 
 1437      74696F6E 
 1437      2D736563 
 1437      74696F6E 
 1438              	.LASF29:
 1439 01b0 69735F66 		.ascii	"is_font_inverse_mode\000"
 1439      6F6E745F 
 1439      696E7665 
 1439      7273655F 
 1439      6D6F6465 
 1440              	.LASF21:
 1441 01c5 64697370 		.ascii	"display_cb\000"
 1441      6C61795F 
 1441      636200
 1442              	.LASF120:
 1443 01d0 61736365 		.ascii	"ascent_para\000"
 1443      6E745F70 
 1443      61726100 
 1444              	.LASF92:
 1445 01dc 676C7970 		.ascii	"glyph_x_offset\000"
 1445      685F785F 
 1445      6F666673 
 1445      657400
 1446              	.LASF44:
 1447 01eb 7072655F 		.ascii	"pre_chip_disable_wait_ns\000"
 1447      63686970 
 1447      5F646973 
 1447      61626C65 
 1447      5F776169 
 1448              	.LASF7:
 1449 0204 6C6F6E67 		.ascii	"long int\000"
 1449      20696E74 
 1449      00
 1450              	.LASF99:
 1451 020d 75706461 		.ascii	"update_page_win\000"
 1451      74655F70 
ARM GAS  C:\Users\jesse\AppData\Local\Temp\cc9TfL9g.s 			page 29


 1451      6167655F 
 1451      77696E00 
 1452              	.LASF116:
 1453 021d 6D61785F 		.ascii	"max_char_height\000"
 1453      63686172 
 1453      5F686569 
 1453      67687400 
 1454              	.LASF15:
 1455 022d 75696E74 		.ascii	"uint16_t\000"
 1455      31365F74 
 1455      00
 1456              	.LASF20:
 1457 0236 6E657874 		.ascii	"next_cb\000"
 1457      5F636200 
 1458              	.LASF61:
 1459 023e 75387838 		.ascii	"u8x8_char_cb\000"
 1459      5F636861 
 1459      725F6362 
 1459      00
 1460              	.LASF24:
 1461 024b 6770696F 		.ascii	"gpio_and_delay_cb\000"
 1461      5F616E64 
 1461      5F64656C 
 1461      61795F63 
 1461      6200
 1462              	.LASF125:
 1463 025d 75386732 		.ascii	"u8g2_font_info_t\000"
 1463      5F666F6E 
 1463      745F696E 
 1463      666F5F74 
 1463      00
 1464              	.LASF91:
 1465 026e 666F6E74 		.ascii	"font_ref_descent\000"
 1465      5F726566 
 1465      5F646573 
 1465      63656E74 
 1465      00
 1466              	.LASF38:
 1467 027f 75387838 		.ascii	"u8x8_display_info_t\000"
 1467      5F646973 
 1467      706C6179 
 1467      5F696E66 
 1467      6F5F7400 
 1468              	.LASF143:
 1469 0293 433A5C55 		.ascii	"C:\\Users\\jesse\\OneDrive\\Bureaublad\\practice_em"
 1469      73657273 
 1469      5C6A6573 
 1469      73655C4F 
 1469      6E654472 
 1470 02c1 62656464 		.ascii	"bedded\\Practice_EmbeddedProgramming\\Display_count"
 1470      65645C50 
 1470      72616374 
 1470      6963655F 
 1470      456D6265 
 1471 02f2 2E637964 		.ascii	".cydsn\000"
 1471      736E00
 1472              	.LASF8:
ARM GAS  C:\Users\jesse\AppData\Local\Temp\cc9TfL9g.s 			page 30


 1473 02f9 5F5F7569 		.ascii	"__uint32_t\000"
 1473      6E743332 
 1473      5F7400
 1474              	.LASF108:
 1475 0304 62697473 		.ascii	"bits_per_0\000"
 1475      5F706572 
 1475      5F3000
 1476              	.LASF85:
 1477 030f 666F6E74 		.ascii	"font_calc_vref\000"
 1477      5F63616C 
 1477      635F7672 
 1477      656600
 1478              	.LASF90:
 1479 031e 666F6E74 		.ascii	"font_ref_ascent\000"
 1479      5F726566 
 1479      5F617363 
 1479      656E7400 
 1480              	.LASF47:
 1481 032e 7364615F 		.ascii	"sda_setup_time_ns\000"
 1481      73657475 
 1481      705F7469 
 1481      6D655F6E 
 1481      7300
 1482              	.LASF104:
 1483 0340 75386732 		.ascii	"u8g2_draw_ll_hvline_cb\000"
 1483      5F647261 
 1483      775F6C6C 
 1483      5F68766C 
 1483      696E655F 
 1484              	.LASF119:
 1485 0357 64657363 		.ascii	"descent_g\000"
 1485      656E745F 
 1485      6700
 1486              	.LASF110:
 1487 0361 62697473 		.ascii	"bits_per_char_width\000"
 1487      5F706572 
 1487      5F636861 
 1487      725F7769 
 1487      64746800 
 1488              	.LASF37:
 1489 0375 6465626F 		.ascii	"debounce_result_msg\000"
 1489      756E6365 
 1489      5F726573 
 1489      756C745F 
 1489      6D736700 
 1490              	.LASF12:
 1491 0389 756E7369 		.ascii	"unsigned int\000"
 1491      676E6564 
 1491      20696E74 
 1491      00
 1492              	.LASF71:
 1493 0396 70697865 		.ascii	"pixel_buf_height\000"
 1493      6C5F6275 
 1493      665F6865 
 1493      69676874 
 1493      00
 1494              	.LASF133:
ARM GAS  C:\Users\jesse\AppData\Local\Temp\cc9TfL9g.s 			page 31


 1495 03a7 69735F74 		.ascii	"is_transparent\000"
 1495      72616E73 
 1495      70617265 
 1495      6E7400
 1496              	.LASF30:
 1497 03b6 6932635F 		.ascii	"i2c_address\000"
 1497      61646472 
 1497      65737300 
 1498              	.LASF9:
 1499 03c2 6C6F6E67 		.ascii	"long unsigned int\000"
 1499      20756E73 
 1499      69676E65 
 1499      6420696E 
 1499      7400
 1500              	.LASF63:
 1501 03d4 75386732 		.ascii	"u8g2_t\000"
 1501      5F7400
 1502              	.LASF127:
 1503 03db 6465636F 		.ascii	"decode_ptr\000"
 1503      64655F70 
 1503      747200
 1504              	.LASF75:
 1505 03e6 77696474 		.ascii	"width\000"
 1505      6800
 1506              	.LASF68:
 1507 03ec 74696C65 		.ascii	"tile_buf_height\000"
 1507      5F627566 
 1507      5F686569 
 1507      67687400 
 1508              	.LASF6:
 1509 03fc 73686F72 		.ascii	"short unsigned int\000"
 1509      7420756E 
 1509      7369676E 
 1509      65642069 
 1509      6E7400
 1510              	.LASF88:
 1511 040f 69735F70 		.ascii	"is_page_clip_window_intersection\000"
 1511      6167655F 
 1511      636C6970 
 1511      5F77696E 
 1511      646F775F 
 1512              	.LASF93:
 1513 0430 6269746D 		.ascii	"bitmap_transparency\000"
 1513      61705F74 
 1513      72616E73 
 1513      70617265 
 1513      6E637900 
 1514              	.LASF81:
 1515 0444 636C6970 		.ascii	"clip_x0\000"
 1515      5F783000 
 1516              	.LASF82:
 1517 044c 636C6970 		.ascii	"clip_x1\000"
 1517      5F783100 
 1518              	.LASF100:
 1519 0454 64726177 		.ascii	"draw_l90\000"
 1519      5F6C3930 
 1519      00
ARM GAS  C:\Users\jesse\AppData\Local\Temp\cc9TfL9g.s 			page 32


 1520              	.LASF35:
 1521 045d 6465626F 		.ascii	"debounce_last_pin_state\000"
 1521      756E6365 
 1521      5F6C6173 
 1521      745F7069 
 1521      6E5F7374 
 1522              	.LASF145:
 1523 0475 75386732 		.ascii	"u8g2\000"
 1523      00
 1524              	.LASF121:
 1525 047a 64657363 		.ascii	"descent_para\000"
 1525      656E745F 
 1525      70617261 
 1525      00
 1526              	.LASF19:
 1527 0487 64697370 		.ascii	"display_info\000"
 1527      6C61795F 
 1527      696E666F 
 1527      00
 1528              	.LASF87:
 1529 0494 666F6E74 		.ascii	"font_info\000"
 1529      5F696E66 
 1529      6F00
 1530              	.LASF48:
 1531 049e 73636B5F 		.ascii	"sck_pulse_width_ns\000"
 1531      70756C73 
 1531      655F7769 
 1531      6474685F 
 1531      6E7300
 1532              	.LASF39:
 1533 04b1 75387838 		.ascii	"u8x8_struct\000"
 1533      5F737472 
 1533      75637400 
 1534              	.LASF56:
 1535 04bd 64656661 		.ascii	"default_x_offset\000"
 1535      756C745F 
 1535      785F6F66 
 1535      66736574 
 1535      00
 1536              	.LASF27:
 1537 04ce 656E636F 		.ascii	"encoding\000"
 1537      64696E67 
 1537      00
 1538              	.LASF89:
 1539 04d7 666F6E74 		.ascii	"font_height_mode\000"
 1539      5F686569 
 1539      6768745F 
 1539      6D6F6465 
 1539      00
 1540              	.LASF122:
 1541 04e8 73746172 		.ascii	"start_pos_upper_A\000"
 1541      745F706F 
 1541      735F7570 
 1541      7065725F 
 1541      4100
 1542              	.LASF57:
 1543 04fa 666C6970 		.ascii	"flipmode_x_offset\000"
ARM GAS  C:\Users\jesse\AppData\Local\Temp\cc9TfL9g.s 			page 33


 1543      6D6F6465 
 1543      5F785F6F 
 1543      66667365 
 1543      7400
 1544              	.LASF109:
 1545 050c 62697473 		.ascii	"bits_per_1\000"
 1545      5F706572 
 1545      5F3100
 1546              	.LASF114:
 1547 0517 62697473 		.ascii	"bits_per_delta_x\000"
 1547      5F706572 
 1547      5F64656C 
 1547      74615F78 
 1547      00
 1548              	.LASF132:
 1549 0528 6465636F 		.ascii	"decode_bit_pos\000"
 1549      64655F62 
 1549      69745F70 
 1549      6F7300
 1550              	.LASF131:
 1551 0537 676C7970 		.ascii	"glyph_height\000"
 1551      685F6865 
 1551      69676874 
 1551      00
 1552              	.LASF17:
 1553 0544 6C6F6E67 		.ascii	"long double\000"
 1553      20646F75 
 1553      626C6500 
 1554              	.LASF72:
 1555 0550 70697865 		.ascii	"pixel_curr_row\000"
 1555      6C5F6375 
 1555      72725F72 
 1555      6F7700
 1556              	.LASF142:
 1557 055f 2E2E5C2E 		.ascii	"..\\..\\..\\u8g2\\u8g2\\csrc\\u8g2_cleardisplay.c\000"
 1557      2E5C2E2E 
 1557      5C753867 
 1557      325C7538 
 1557      67325C63 
 1558              	.LASF83:
 1559 058b 636C6970 		.ascii	"clip_y0\000"
 1559      5F793000 
 1560              	.LASF84:
 1561 0593 636C6970 		.ascii	"clip_y1\000"
 1561      5F793100 
 1562              	.LASF115:
 1563 059b 6D61785F 		.ascii	"max_char_width\000"
 1563      63686172 
 1563      5F776964 
 1563      746800
 1564              	.LASF79:
 1565 05aa 75736572 		.ascii	"user_y0\000"
 1565      5F793000 
 1566              	.LASF53:
 1567 05b2 77726974 		.ascii	"write_pulse_width_ns\000"
 1567      655F7075 
 1567      6C73655F 
ARM GAS  C:\Users\jesse\AppData\Local\Temp\cc9TfL9g.s 			page 34


 1567      77696474 
 1567      685F6E73 
 1568              	.LASF73:
 1569 05c7 6275665F 		.ascii	"buf_y0\000"
 1569      793000
 1570              	.LASF74:
 1571 05ce 6275665F 		.ascii	"buf_y1\000"
 1571      793100
 1572              	.LASF28:
 1573 05d5 785F6F66 		.ascii	"x_offset\000"
 1573      66736574 
 1573      00
 1574              	.LASF55:
 1575 05de 74696C65 		.ascii	"tile_height\000"
 1575      5F686569 
 1575      67687400 
 1576              	.LASF66:
 1577 05ea 6C6C5F68 		.ascii	"ll_hvline\000"
 1577      766C696E 
 1577      6500
 1578              	.LASF134:
 1579 05f4 66675F63 		.ascii	"fg_color\000"
 1579      6F6C6F72 
 1579      00
 1580              	.LASF138:
 1581 05fd 75386732 		.ascii	"u8g2_FirstPage\000"
 1581      5F466972 
 1581      73745061 
 1581      676500
 1582              	.LASF60:
 1583 060c 75387838 		.ascii	"u8x8_msg_cb\000"
 1583      5F6D7367 
 1583      5F636200 
 1584              	.LASF97:
 1585 0618 75386732 		.ascii	"u8g2_cb_struct\000"
 1585      5F63625F 
 1585      73747275 
 1585      637400
 1586              	.LASF130:
 1587 0627 676C7970 		.ascii	"glyph_width\000"
 1587      685F7769 
 1587      64746800 
 1588              	.LASF3:
 1589 0633 756E7369 		.ascii	"unsigned char\000"
 1589      676E6564 
 1589      20636861 
 1589      7200
 1590              	.LASF118:
 1591 0641 61736365 		.ascii	"ascent_A\000"
 1591      6E745F41 
 1591      00
 1592              	.LASF95:
 1593 064a 69735F61 		.ascii	"is_auto_page_clear\000"
 1593      75746F5F 
 1593      70616765 
 1593      5F636C65 
 1593      617200
ARM GAS  C:\Users\jesse\AppData\Local\Temp\cc9TfL9g.s 			page 35


 1594              	.LASF70:
 1595 065d 70697865 		.ascii	"pixel_buf_width\000"
 1595      6C5F6275 
 1595      665F7769 
 1595      64746800 
 1596              	.LASF4:
 1597 066d 73686F72 		.ascii	"short int\000"
 1597      7420696E 
 1597      7400
 1598              	.LASF65:
 1599 0677 75387838 		.ascii	"u8x8\000"
 1599      00
 1600              	.LASF77:
 1601 067c 75736572 		.ascii	"user_x0\000"
 1601      5F783000 
 1602              	.LASF78:
 1603 0684 75736572 		.ascii	"user_x1\000"
 1603      5F783100 
 1604              	.LASF62:
 1605 068c 75386732 		.ascii	"u8g2_uint_t\000"
 1605      5F75696E 
 1605      745F7400 
 1606              	.LASF139:
 1607 0698 75386732 		.ascii	"u8g2_NextPage\000"
 1607      5F4E6578 
 1607      74506167 
 1607      6500
 1608              	.LASF52:
 1609 06a6 64617461 		.ascii	"data_setup_time_ns\000"
 1609      5F736574 
 1609      75705F74 
 1609      696D655F 
 1609      6E7300
 1610              	.LASF64:
 1611 06b9 75386732 		.ascii	"u8g2_struct\000"
 1611      5F737472 
 1611      75637400 
 1612              	.LASF103:
 1613 06c5 75386732 		.ascii	"u8g2_draw_l90_cb\000"
 1613      5F647261 
 1613      775F6C39 
 1613      305F6362 
 1613      00
 1614              	.LASF51:
 1615 06d6 6932635F 		.ascii	"i2c_bus_clock_100kHz\000"
 1615      6275735F 
 1615      636C6F63 
 1615      6B5F3130 
 1615      306B487A 
 1616              	.LASF16:
 1617 06eb 75696E74 		.ascii	"uint32_t\000"
 1617      33325F74 
 1617      00
 1618              	.LASF105:
 1619 06f4 5F753867 		.ascii	"_u8g2_font_info_t\000"
 1619      325F666F 
 1619      6E745F69 
ARM GAS  C:\Users\jesse\AppData\Local\Temp\cc9TfL9g.s 			page 36


 1619      6E666F5F 
 1619      7400
 1620              	.LASF69:
 1621 0706 74696C65 		.ascii	"tile_curr_row\000"
 1621      5F637572 
 1621      725F726F 
 1621      7700
 1622              	.LASF96:
 1623 0714 75386732 		.ascii	"u8g2_cb_t\000"
 1623      5F63625F 
 1623      7400
 1624              	.LASF50:
 1625 071e 7370695F 		.ascii	"spi_mode\000"
 1625      6D6F6465 
 1625      00
 1626              	.LASF41:
 1627 0727 63686970 		.ascii	"chip_enable_level\000"
 1627      5F656E61 
 1627      626C655F 
 1627      6C657665 
 1627      6C00
 1628              	.LASF86:
 1629 0739 666F6E74 		.ascii	"font_decode\000"
 1629      5F646563 
 1629      6F646500 
 1630              	.LASF31:
 1631 0745 6932635F 		.ascii	"i2c_started\000"
 1631      73746172 
 1631      74656400 
 1632              	.LASF111:
 1633 0751 62697473 		.ascii	"bits_per_char_height\000"
 1633      5F706572 
 1633      5F636861 
 1633      725F6865 
 1633      69676874 
 1634              	.LASF5:
 1635 0766 5F5F7569 		.ascii	"__uint16_t\000"
 1635      6E743136 
 1635      5F7400
 1636              	.LASF94:
 1637 0771 64726177 		.ascii	"draw_color\000"
 1637      5F636F6C 
 1637      6F7200
 1638              	.LASF43:
 1639 077c 706F7374 		.ascii	"post_chip_enable_wait_ns\000"
 1639      5F636869 
 1639      705F656E 
 1639      61626C65 
 1639      5F776169 
 1640              	.LASF101:
 1641 0795 75386732 		.ascii	"u8g2_update_dimension_cb\000"
 1641      5F757064 
 1641      6174655F 
 1641      64696D65 
 1641      6E73696F 
 1642              	.LASF128:
 1643 07ae 74617267 		.ascii	"target_x\000"
ARM GAS  C:\Users\jesse\AppData\Local\Temp\cc9TfL9g.s 			page 37


 1643      65745F78 
 1643      00
 1644              	.LASF129:
 1645 07b7 74617267 		.ascii	"target_y\000"
 1645      65745F79 
 1645      00
 1646              	.LASF18:
 1647 07c0 75387838 		.ascii	"u8x8_t\000"
 1647      5F7400
 1648              	.LASF25:
 1649 07c7 6275735F 		.ascii	"bus_clock\000"
 1649      636C6F63 
 1649      6B00
 1650              	.LASF80:
 1651 07d1 75736572 		.ascii	"user_y1\000"
 1651      5F793100 
 1652              	.LASF144:
 1653 07d9 75386732 		.ascii	"u8g2_ClearDisplay\000"
 1653      5F436C65 
 1653      61724469 
 1653      73706C61 
 1653      7900
 1654              	.LASF126:
 1655 07eb 5F753867 		.ascii	"_u8g2_font_decode_t\000"
 1655      325F666F 
 1655      6E745F64 
 1655      65636F64 
 1655      655F7400 
 1656              	.LASF13:
 1657 07ff 696E7438 		.ascii	"int8_t\000"
 1657      5F7400
 1658              	.LASF36:
 1659 0806 6465626F 		.ascii	"debounce_state\000"
 1659      756E6365 
 1659      5F737461 
 1659      746500
 1660              	.LASF42:
 1661 0815 63686970 		.ascii	"chip_disable_level\000"
 1661      5F646973 
 1661      61626C65 
 1661      5F6C6576 
 1661      656C00
 1662              	.LASF26:
 1663 0828 666F6E74 		.ascii	"font\000"
 1663      00
 1664              	.LASF123:
 1665 082d 73746172 		.ascii	"start_pos_lower_a\000"
 1665      745F706F 
 1665      735F6C6F 
 1665      7765725F 
 1665      6100
 1666              	.LASF14:
 1667 083f 75696E74 		.ascii	"uint8_t\000"
 1667      385F7400 
 1668              	.LASF137:
 1669 0847 75386732 		.ascii	"u8g2_font_calc_vref_fnptr\000"
 1669      5F666F6E 
ARM GAS  C:\Users\jesse\AppData\Local\Temp\cc9TfL9g.s 			page 38


 1669      745F6361 
 1669      6C635F76 
 1669      7265665F 
 1670              	.LASF22:
 1671 0861 6361645F 		.ascii	"cad_cb\000"
 1671      636200
 1672              	.LASF58:
 1673 0868 70697865 		.ascii	"pixel_width\000"
 1673      6C5F7769 
 1673      64746800 
 1674              	.LASF135:
 1675 0874 62675F63 		.ascii	"bg_color\000"
 1675      6F6C6F72 
 1675      00
 1676              	.LASF54:
 1677 087d 74696C65 		.ascii	"tile_width\000"
 1677      5F776964 
 1677      746800
 1678              	.LASF34:
 1679 0888 6465626F 		.ascii	"debounce_default_pin_state\000"
 1679      756E6365 
 1679      5F646566 
 1679      61756C74 
 1679      5F70696E 
 1680              	.LASF140:
 1681 08a3 75386732 		.ascii	"u8g2_SetBufferCurrTileRow\000"
 1681      5F536574 
 1681      42756666 
 1681      65724375 
 1681      72725469 
 1682              	.LASF40:
 1683 08bd 75387838 		.ascii	"u8x8_display_info_struct\000"
 1683      5F646973 
 1683      706C6179 
 1683      5F696E66 
 1683      6F5F7374 
 1684              	.LASF76:
 1685 08d6 68656967 		.ascii	"height\000"
 1685      687400
 1686              	.LASF59:
 1687 08dd 70697865 		.ascii	"pixel_height\000"
 1687      6C5F6865 
 1687      69676874 
 1687      00
 1688              	.LASF49:
 1689 08ea 73636B5F 		.ascii	"sck_clock_hz\000"
 1689      636C6F63 
 1689      6B5F687A 
 1689      00
 1690              		.ident	"GCC: (GNU Tools for ARM Embedded Processors) 5.4.1 20160609 (release) [ARM/embedded-5-bran
