ARM GAS  C:\Users\jesse\AppData\Local\Temp\ccbjsUgI.s 			page 1


   1              		.syntax unified
   2              		.cpu cortex-m3
   3              		.fpu softvfp
   4              		.eabi_attribute 20, 1
   5              		.eabi_attribute 21, 1
   6              		.eabi_attribute 23, 3
   7              		.eabi_attribute 24, 1
   8              		.eabi_attribute 25, 1
   9              		.eabi_attribute 26, 1
  10              		.eabi_attribute 30, 4
  11              		.eabi_attribute 34, 1
  12              		.eabi_attribute 18, 4
  13              		.thumb
  14              		.syntax unified
  15              		.file	"u8log_u8x8.c"
  16              		.text
  17              	.Ltext0:
  18              		.cfi_sections	.debug_frame
  19              		.section	.text.u8x8_DrawLogLine,"ax",%progbits
  20              		.align	1
  21              		.thumb
  22              		.thumb_func
  23              		.type	u8x8_DrawLogLine, %function
  24              	u8x8_DrawLogLine:
  25              	.LFB0:
  26              		.file 1 "..\\..\\..\\u8g2\\u8g2\\csrc\\u8log_u8x8.c"
   1:..\..\..\u8g2\u8g2\csrc/u8log_u8x8.c **** /*
   2:..\..\..\u8g2\u8g2\csrc/u8log_u8x8.c **** 
   3:..\..\..\u8g2\u8g2\csrc/u8log_u8x8.c ****   u8log_u8x8.c
   4:..\..\..\u8g2\u8g2\csrc/u8log_u8x8.c ****   
   5:..\..\..\u8g2\u8g2\csrc/u8log_u8x8.c **** 
   6:..\..\..\u8g2\u8g2\csrc/u8log_u8x8.c ****   Universal 8bit Graphics Library (https://github.com/olikraus/u8g2/)
   7:..\..\..\u8g2\u8g2\csrc/u8log_u8x8.c **** 
   8:..\..\..\u8g2\u8g2\csrc/u8log_u8x8.c ****   Copyright (c) 2018, olikraus@gmail.com
   9:..\..\..\u8g2\u8g2\csrc/u8log_u8x8.c ****   All rights reserved.
  10:..\..\..\u8g2\u8g2\csrc/u8log_u8x8.c **** 
  11:..\..\..\u8g2\u8g2\csrc/u8log_u8x8.c ****   Redistribution and use in source and binary forms, with or without modification, 
  12:..\..\..\u8g2\u8g2\csrc/u8log_u8x8.c ****   are permitted provided that the following conditions are met:
  13:..\..\..\u8g2\u8g2\csrc/u8log_u8x8.c **** 
  14:..\..\..\u8g2\u8g2\csrc/u8log_u8x8.c ****   * Redistributions of source code must retain the above copyright notice, this list 
  15:..\..\..\u8g2\u8g2\csrc/u8log_u8x8.c ****     of conditions and the following disclaimer.
  16:..\..\..\u8g2\u8g2\csrc/u8log_u8x8.c ****     
  17:..\..\..\u8g2\u8g2\csrc/u8log_u8x8.c ****   * Redistributions in binary form must reproduce the above copyright notice, this 
  18:..\..\..\u8g2\u8g2\csrc/u8log_u8x8.c ****     list of conditions and the following disclaimer in the documentation and/or other 
  19:..\..\..\u8g2\u8g2\csrc/u8log_u8x8.c ****     materials provided with the distribution.
  20:..\..\..\u8g2\u8g2\csrc/u8log_u8x8.c **** 
  21:..\..\..\u8g2\u8g2\csrc/u8log_u8x8.c ****   THIS SOFTWARE IS PROVIDED BY THE COPYRIGHT HOLDERS AND 
  22:..\..\..\u8g2\u8g2\csrc/u8log_u8x8.c ****   CONTRIBUTORS "AS IS" AND ANY EXPRESS OR IMPLIED WARRANTIES, 
  23:..\..\..\u8g2\u8g2\csrc/u8log_u8x8.c ****   INCLUDING, BUT NOT LIMITED TO, THE IMPLIED WARRANTIES OF 
  24:..\..\..\u8g2\u8g2\csrc/u8log_u8x8.c ****   MERCHANTABILITY AND FITNESS FOR A PARTICULAR PURPOSE ARE 
  25:..\..\..\u8g2\u8g2\csrc/u8log_u8x8.c ****   DISCLAIMED. IN NO EVENT SHALL THE COPYRIGHT HOLDER OR 
  26:..\..\..\u8g2\u8g2\csrc/u8log_u8x8.c ****   CONTRIBUTORS BE LIABLE FOR ANY DIRECT, INDIRECT, INCIDENTAL, 
  27:..\..\..\u8g2\u8g2\csrc/u8log_u8x8.c ****   SPECIAL, EXEMPLARY, OR CONSEQUENTIAL DAMAGES (INCLUDING, BUT 
  28:..\..\..\u8g2\u8g2\csrc/u8log_u8x8.c ****   NOT LIMITED TO, PROCUREMENT OF SUBSTITUTE GOODS OR SERVICES; 
  29:..\..\..\u8g2\u8g2\csrc/u8log_u8x8.c ****   LOSS OF USE, DATA, OR PROFITS; OR BUSINESS INTERRUPTION) HOWEVER 
  30:..\..\..\u8g2\u8g2\csrc/u8log_u8x8.c ****   CAUSED AND ON ANY THEORY OF LIABILITY, WHETHER IN CONTRACT, 
  31:..\..\..\u8g2\u8g2\csrc/u8log_u8x8.c ****   STRICT LIABILITY, OR TORT (INCLUDING NEGLIGENCE OR OTHERWISE) 
ARM GAS  C:\Users\jesse\AppData\Local\Temp\ccbjsUgI.s 			page 2


  32:..\..\..\u8g2\u8g2\csrc/u8log_u8x8.c ****   ARISING IN ANY WAY OUT OF THE USE OF THIS SOFTWARE, EVEN IF 
  33:..\..\..\u8g2\u8g2\csrc/u8log_u8x8.c ****   ADVISED OF THE POSSIBILITY OF SUCH DAMAGE.  
  34:..\..\..\u8g2\u8g2\csrc/u8log_u8x8.c **** 
  35:..\..\..\u8g2\u8g2\csrc/u8log_u8x8.c **** */
  36:..\..\..\u8g2\u8g2\csrc/u8log_u8x8.c **** 
  37:..\..\..\u8g2\u8g2\csrc/u8log_u8x8.c **** #include "u8x8.h"
  38:..\..\..\u8g2\u8g2\csrc/u8log_u8x8.c **** 
  39:..\..\..\u8g2\u8g2\csrc/u8log_u8x8.c **** static void u8x8_DrawLogLine(u8x8_t *u8x8, uint8_t disp_x, uint8_t disp_y, uint8_t buf_y, u8log_t *
  40:..\..\..\u8g2\u8g2\csrc/u8log_u8x8.c **** static void u8x8_DrawLogLine(u8x8_t *u8x8, uint8_t disp_x, uint8_t disp_y, uint8_t buf_y, u8log_t *
  41:..\..\..\u8g2\u8g2\csrc/u8log_u8x8.c **** {
  27              		.loc 1 41 0
  28              		.cfi_startproc
  29              		@ args = 4, pretend = 0, frame = 0
  30              		@ frame_needed = 0, uses_anonymous_args = 0
  31              	.LVL0:
  32 0000 2DE9F843 		push	{r3, r4, r5, r6, r7, r8, r9, lr}
  33              		.cfi_def_cfa_offset 32
  34              		.cfi_offset 3, -32
  35              		.cfi_offset 4, -28
  36              		.cfi_offset 5, -24
  37              		.cfi_offset 6, -20
  38              		.cfi_offset 7, -16
  39              		.cfi_offset 8, -12
  40              		.cfi_offset 9, -8
  41              		.cfi_offset 14, -4
  42              		.loc 1 41 0
  43 0004 0746     		mov	r7, r0
  44 0006 0E46     		mov	r6, r1
  45 0008 9046     		mov	r8, r2
  46 000a 9946     		mov	r9, r3
  47 000c 089D     		ldr	r5, [sp, #32]
  42:..\..\..\u8g2\u8g2\csrc/u8log_u8x8.c ****   uint8_t buf_x;
  43:..\..\..\u8g2\u8g2\csrc/u8log_u8x8.c ****   uint8_t c;
  44:..\..\..\u8g2\u8g2\csrc/u8log_u8x8.c ****   for( buf_x = 0; buf_x < u8log->width; buf_x++ )
  48              		.loc 1 44 0
  49 000e 0024     		movs	r4, #0
  50              	.LVL1:
  51              	.L2:
  52              		.loc 1 44 0 is_stmt 0 discriminator 1
  53 0010 2B79     		ldrb	r3, [r5, #4]	@ zero_extendqisi2
  54 0012 E2B2     		uxtb	r2, r4
  55 0014 B118     		adds	r1, r6, r2
  56 0016 9342     		cmp	r3, r2
  57 0018 C9B2     		uxtb	r1, r1
  58              	.LVL2:
  59 001a 04F10104 		add	r4, r4, #1
  60 001e 08D9     		bls	.L5
  45:..\..\..\u8g2\u8g2\csrc/u8log_u8x8.c ****   {
  46:..\..\..\u8g2\u8g2\csrc/u8log_u8x8.c ****     c = u8log->screen_buffer[buf_y * u8log->width + buf_x];
  61              		.loc 1 46 0 is_stmt 1 discriminator 3
  62 0020 E868     		ldr	r0, [r5, #12]
  63 0022 03FB0903 		mla	r3, r3, r9, r0
  47:..\..\..\u8g2\u8g2\csrc/u8log_u8x8.c ****     u8x8_DrawGlyph(u8x8, disp_x, disp_y, c);
  64              		.loc 1 47 0 discriminator 3
  65 0026 3846     		mov	r0, r7
  66 0028 9B5C     		ldrb	r3, [r3, r2]	@ zero_extendqisi2
  67 002a 4246     		mov	r2, r8
ARM GAS  C:\Users\jesse\AppData\Local\Temp\ccbjsUgI.s 			page 3


  68              	.LVL3:
  69 002c FFF7FEFF 		bl	u8x8_DrawGlyph
  70              	.LVL4:
  71 0030 EEE7     		b	.L2
  72              	.LVL5:
  73              	.L5:
  48:..\..\..\u8g2\u8g2\csrc/u8log_u8x8.c ****     disp_x++;
  49:..\..\..\u8g2\u8g2\csrc/u8log_u8x8.c ****   }
  50:..\..\..\u8g2\u8g2\csrc/u8log_u8x8.c **** }
  74              		.loc 1 50 0
  75 0032 BDE8F883 		pop	{r3, r4, r5, r6, r7, r8, r9, pc}
  76              		.cfi_endproc
  77              	.LFE0:
  78              		.size	u8x8_DrawLogLine, .-u8x8_DrawLogLine
  79              		.section	.text.u8x8_DrawLog,"ax",%progbits
  80              		.align	1
  81              		.global	u8x8_DrawLog
  82              		.thumb
  83              		.thumb_func
  84              		.type	u8x8_DrawLog, %function
  85              	u8x8_DrawLog:
  86              	.LFB1:
  51:..\..\..\u8g2\u8g2\csrc/u8log_u8x8.c **** 
  52:..\..\..\u8g2\u8g2\csrc/u8log_u8x8.c **** void u8x8_DrawLog(u8x8_t *u8x8, uint8_t x, uint8_t y, u8log_t *u8log)
  53:..\..\..\u8g2\u8g2\csrc/u8log_u8x8.c **** {
  87              		.loc 1 53 0
  88              		.cfi_startproc
  89              		@ args = 0, pretend = 0, frame = 0
  90              		@ frame_needed = 0, uses_anonymous_args = 0
  91              	.LVL6:
  92 0000 2DE9F341 		push	{r0, r1, r4, r5, r6, r7, r8, lr}
  93              		.cfi_def_cfa_offset 32
  94              		.cfi_offset 4, -24
  95              		.cfi_offset 5, -20
  96              		.cfi_offset 6, -16
  97              		.cfi_offset 7, -12
  98              		.cfi_offset 8, -8
  99              		.cfi_offset 14, -4
 100              		.loc 1 53 0
 101 0004 0746     		mov	r7, r0
 102 0006 8846     		mov	r8, r1
 103 0008 1646     		mov	r6, r2
 104 000a 1D46     		mov	r5, r3
  54:..\..\..\u8g2\u8g2\csrc/u8log_u8x8.c ****   uint8_t buf_y;
  55:..\..\..\u8g2\u8g2\csrc/u8log_u8x8.c ****   for( buf_y = 0; buf_y < u8log->height; buf_y++ )
 105              		.loc 1 55 0
 106 000c 0024     		movs	r4, #0
 107              	.LVL7:
 108              	.L7:
 109              		.loc 1 55 0 is_stmt 0 discriminator 1
 110 000e 6979     		ldrb	r1, [r5, #5]	@ zero_extendqisi2
 111 0010 E3B2     		uxtb	r3, r4
 112 0012 F218     		adds	r2, r6, r3
 113 0014 9942     		cmp	r1, r3
 114 0016 D2B2     		uxtb	r2, r2
 115              	.LVL8:
 116 0018 04F10104 		add	r4, r4, #1
ARM GAS  C:\Users\jesse\AppData\Local\Temp\ccbjsUgI.s 			page 4


 117 001c 05D9     		bls	.L9
  56:..\..\..\u8g2\u8g2\csrc/u8log_u8x8.c ****   {
  57:..\..\..\u8g2\u8g2\csrc/u8log_u8x8.c ****     u8x8_DrawLogLine(u8x8, x, y, buf_y, u8log);
 118              		.loc 1 57 0 is_stmt 1 discriminator 3
 119 001e 0095     		str	r5, [sp]
 120 0020 4146     		mov	r1, r8
 121 0022 3846     		mov	r0, r7
 122 0024 FFF7FEFF 		bl	u8x8_DrawLogLine
 123              	.LVL9:
 124 0028 F1E7     		b	.L7
 125              	.LVL10:
 126              	.L9:
  58:..\..\..\u8g2\u8g2\csrc/u8log_u8x8.c ****     y++;
  59:..\..\..\u8g2\u8g2\csrc/u8log_u8x8.c ****   }
  60:..\..\..\u8g2\u8g2\csrc/u8log_u8x8.c **** }
 127              		.loc 1 60 0
 128 002a 02B0     		add	sp, sp, #8
 129              		.cfi_def_cfa_offset 24
 130              		@ sp needed
 131 002c BDE8F081 		pop	{r4, r5, r6, r7, r8, pc}
 132              		.cfi_endproc
 133              	.LFE1:
 134              		.size	u8x8_DrawLog, .-u8x8_DrawLog
 135              		.section	.text.u8log_u8x8_cb,"ax",%progbits
 136              		.align	1
 137              		.global	u8log_u8x8_cb
 138              		.thumb
 139              		.thumb_func
 140              		.type	u8log_u8x8_cb, %function
 141              	u8log_u8x8_cb:
 142              	.LFB2:
  61:..\..\..\u8g2\u8g2\csrc/u8log_u8x8.c **** 
  62:..\..\..\u8g2\u8g2\csrc/u8log_u8x8.c **** 
  63:..\..\..\u8g2\u8g2\csrc/u8log_u8x8.c **** void u8log_u8x8_cb(u8log_t * u8log)
  64:..\..\..\u8g2\u8g2\csrc/u8log_u8x8.c **** {
 143              		.loc 1 64 0
 144              		.cfi_startproc
 145              		@ args = 0, pretend = 0, frame = 0
 146              		@ frame_needed = 0, uses_anonymous_args = 0
 147              	.LVL11:
 148 0000 0346     		mov	r3, r0
 149 0002 07B5     		push	{r0, r1, r2, lr}
 150              		.cfi_def_cfa_offset 16
 151              		.cfi_offset 14, -4
  65:..\..\..\u8g2\u8g2\csrc/u8log_u8x8.c ****   u8x8_t *u8x8 = (u8x8_t *)(u8log->aux_data);
  66:..\..\..\u8g2\u8g2\csrc/u8log_u8x8.c ****   if ( u8log->is_redraw_all )
 152              		.loc 1 66 0
 153 0004 997D     		ldrb	r1, [r3, #22]	@ zero_extendqisi2
  65:..\..\..\u8g2\u8g2\csrc/u8log_u8x8.c ****   u8x8_t *u8x8 = (u8x8_t *)(u8log->aux_data);
 154              		.loc 1 65 0
 155 0006 0068     		ldr	r0, [r0]
 156              	.LVL12:
 157              		.loc 1 66 0
 158 0008 31B1     		cbz	r1, .L11
  67:..\..\..\u8g2\u8g2\csrc/u8log_u8x8.c ****   {
  68:..\..\..\u8g2\u8g2\csrc/u8log_u8x8.c ****     u8x8_DrawLog(u8x8, 0, 0, u8log);
 159              		.loc 1 68 0
ARM GAS  C:\Users\jesse\AppData\Local\Temp\ccbjsUgI.s 			page 5


 160 000a 0022     		movs	r2, #0
 161 000c 1146     		mov	r1, r2
  69:..\..\..\u8g2\u8g2\csrc/u8log_u8x8.c ****   }
  70:..\..\..\u8g2\u8g2\csrc/u8log_u8x8.c ****   else if ( u8log->is_redraw_line )
  71:..\..\..\u8g2\u8g2\csrc/u8log_u8x8.c ****   {
  72:..\..\..\u8g2\u8g2\csrc/u8log_u8x8.c ****     u8x8_DrawLogLine(u8x8, 0, u8log->redraw_line, u8log->redraw_line, u8log);
  73:..\..\..\u8g2\u8g2\csrc/u8log_u8x8.c ****   }
  74:..\..\..\u8g2\u8g2\csrc/u8log_u8x8.c **** }
 162              		.loc 1 74 0
 163 000e 03B0     		add	sp, sp, #12
 164              		.cfi_remember_state
 165              		.cfi_def_cfa_offset 4
 166              		@ sp needed
 167 0010 5DF804EB 		ldr	lr, [sp], #4
 168              		.cfi_restore 14
 169              		.cfi_def_cfa_offset 0
  68:..\..\..\u8g2\u8g2\csrc/u8log_u8x8.c ****   }
 170              		.loc 1 68 0
 171 0014 FFF7FEBF 		b	u8x8_DrawLog
 172              	.LVL13:
 173              	.L11:
 174              		.cfi_restore_state
  70:..\..\..\u8g2\u8g2\csrc/u8log_u8x8.c ****   {
 175              		.loc 1 70 0
 176 0018 5A7D     		ldrb	r2, [r3, #21]	@ zero_extendqisi2
 177 001a 22B1     		cbz	r2, .L10
  72:..\..\..\u8g2\u8g2\csrc/u8log_u8x8.c ****   }
 178              		.loc 1 72 0
 179 001c 1A7D     		ldrb	r2, [r3, #20]	@ zero_extendqisi2
 180 001e 0093     		str	r3, [sp]
 181 0020 1346     		mov	r3, r2
 182              	.LVL14:
 183 0022 FFF7FEFF 		bl	u8x8_DrawLogLine
 184              	.LVL15:
 185              	.L10:
 186              		.loc 1 74 0
 187 0026 03B0     		add	sp, sp, #12
 188              		.cfi_def_cfa_offset 4
 189              		@ sp needed
 190 0028 5DF804FB 		ldr	pc, [sp], #4
 191              		.cfi_endproc
 192              	.LFE2:
 193              		.size	u8log_u8x8_cb, .-u8log_u8x8_cb
 194              		.text
 195              	.Letext0:
 196              		.file 2 "c:\\program files (x86)\\cypress\\psoc creator\\4.4\\psoc creator\\import\\gnu\\arm\\5.4.
 197              		.file 3 "c:\\program files (x86)\\cypress\\psoc creator\\4.4\\psoc creator\\import\\gnu\\arm\\5.4.
 198              		.file 4 "..\\..\\..\\u8g2\\u8g2\\csrc\\u8x8.h"
 199              		.section	.debug_info,"",%progbits
 200              	.Ldebug_info0:
 201 0000 B5050000 		.4byte	0x5b5
 202 0004 0400     		.2byte	0x4
 203 0006 00000000 		.4byte	.Ldebug_abbrev0
 204 000a 04       		.byte	0x4
 205 000b 01       		.uleb128 0x1
 206 000c 16030000 		.4byte	.LASF85
 207 0010 0C       		.byte	0xc
ARM GAS  C:\Users\jesse\AppData\Local\Temp\ccbjsUgI.s 			page 6


 208 0011 03020000 		.4byte	.LASF86
 209 0015 C6030000 		.4byte	.LASF87
 210 0019 00000000 		.4byte	.Ldebug_ranges0+0
 211 001d 00000000 		.4byte	0
 212 0021 00000000 		.4byte	.Ldebug_line0
 213 0025 02       		.uleb128 0x2
 214 0026 4C040000 		.4byte	.LASF0
 215 002a 02       		.byte	0x2
 216 002b 1B       		.byte	0x1b
 217 002c 30000000 		.4byte	0x30
 218 0030 03       		.uleb128 0x3
 219 0031 01       		.byte	0x1
 220 0032 06       		.byte	0x6
 221 0033 98020000 		.4byte	.LASF2
 222 0037 02       		.uleb128 0x2
 223 0038 F9010000 		.4byte	.LASF1
 224 003c 02       		.byte	0x2
 225 003d 1D       		.byte	0x1d
 226 003e 42000000 		.4byte	0x42
 227 0042 03       		.uleb128 0x3
 228 0043 01       		.byte	0x1
 229 0044 08       		.byte	0x8
 230 0045 7B020000 		.4byte	.LASF3
 231 0049 03       		.uleb128 0x3
 232 004a 02       		.byte	0x2
 233 004b 05       		.byte	0x5
 234 004c 62000000 		.4byte	.LASF4
 235 0050 02       		.uleb128 0x2
 236 0051 00010000 		.4byte	.LASF5
 237 0055 02       		.byte	0x2
 238 0056 2B       		.byte	0x2b
 239 0057 5B000000 		.4byte	0x5b
 240 005b 03       		.uleb128 0x3
 241 005c 02       		.byte	0x2
 242 005d 07       		.byte	0x7
 243 005e 2C040000 		.4byte	.LASF6
 244 0062 03       		.uleb128 0x3
 245 0063 04       		.byte	0x4
 246 0064 05       		.byte	0x5
 247 0065 F0010000 		.4byte	.LASF7
 248 0069 02       		.uleb128 0x2
 249 006a E4000000 		.4byte	.LASF8
 250 006e 02       		.byte	0x2
 251 006f 41       		.byte	0x41
 252 0070 74000000 		.4byte	0x74
 253 0074 03       		.uleb128 0x3
 254 0075 04       		.byte	0x4
 255 0076 07       		.byte	0x7
 256 0077 CA040000 		.4byte	.LASF9
 257 007b 03       		.uleb128 0x3
 258 007c 08       		.byte	0x8
 259 007d 05       		.byte	0x5
 260 007e C3010000 		.4byte	.LASF10
 261 0082 03       		.uleb128 0x3
 262 0083 08       		.byte	0x8
 263 0084 07       		.byte	0x7
 264 0085 A4020000 		.4byte	.LASF11
ARM GAS  C:\Users\jesse\AppData\Local\Temp\ccbjsUgI.s 			page 7


 265 0089 04       		.uleb128 0x4
 266 008a 04       		.byte	0x4
 267 008b 05       		.byte	0x5
 268 008c 696E7400 		.ascii	"int\000"
 269 0090 03       		.uleb128 0x3
 270 0091 04       		.byte	0x4
 271 0092 07       		.byte	0x7
 272 0093 CB020000 		.4byte	.LASF12
 273 0097 02       		.uleb128 0x2
 274 0098 30000000 		.4byte	.LASF13
 275 009c 03       		.byte	0x3
 276 009d 14       		.byte	0x14
 277 009e 25000000 		.4byte	0x25
 278 00a2 02       		.uleb128 0x2
 279 00a3 49010000 		.4byte	.LASF14
 280 00a7 03       		.byte	0x3
 281 00a8 18       		.byte	0x18
 282 00a9 37000000 		.4byte	0x37
 283 00ad 02       		.uleb128 0x2
 284 00ae D8020000 		.4byte	.LASF15
 285 00b2 03       		.byte	0x3
 286 00b3 24       		.byte	0x24
 287 00b4 50000000 		.4byte	0x50
 288 00b8 02       		.uleb128 0x2
 289 00b9 BB020000 		.4byte	.LASF16
 290 00bd 03       		.byte	0x3
 291 00be 30       		.byte	0x30
 292 00bf 69000000 		.4byte	0x69
 293 00c3 05       		.uleb128 0x5
 294 00c4 04       		.byte	0x4
 295 00c5 03       		.uleb128 0x3
 296 00c6 08       		.byte	0x8
 297 00c7 04       		.byte	0x4
 298 00c8 53020000 		.4byte	.LASF17
 299 00cc 02       		.uleb128 0x2
 300 00cd 0F030000 		.4byte	.LASF18
 301 00d1 04       		.byte	0x4
 302 00d2 D3       		.byte	0xd3
 303 00d3 D7000000 		.4byte	0xd7
 304 00d7 06       		.uleb128 0x6
 305 00d8 9B040000 		.4byte	.LASF39
 306 00dc 2C       		.byte	0x2c
 307 00dd 04       		.byte	0x4
 308 00de 5601     		.2byte	0x156
 309 00e0 DC010000 		.4byte	0x1dc
 310 00e4 07       		.uleb128 0x7
 311 00e5 6A040000 		.4byte	.LASF19
 312 00e9 04       		.byte	0x4
 313 00ea 5801     		.2byte	0x158
 314 00ec 44030000 		.4byte	0x344
 315 00f0 00       		.byte	0
 316 00f1 07       		.uleb128 0x7
 317 00f2 A1050000 		.4byte	.LASF20
 318 00f6 04       		.byte	0x4
 319 00f7 5901     		.2byte	0x159
 320 00f9 19030000 		.4byte	0x319
 321 00fd 04       		.byte	0x4
ARM GAS  C:\Users\jesse\AppData\Local\Temp\ccbjsUgI.s 			page 8


 322 00fe 07       		.uleb128 0x7
 323 00ff 28020000 		.4byte	.LASF21
 324 0103 04       		.byte	0x4
 325 0104 5A01     		.2byte	0x15a
 326 0106 E4020000 		.4byte	0x2e4
 327 010a 08       		.byte	0x8
 328 010b 07       		.uleb128 0x7
 329 010c 53050000 		.4byte	.LASF22
 330 0110 04       		.byte	0x4
 331 0111 5B01     		.2byte	0x15b
 332 0113 E4020000 		.4byte	0x2e4
 333 0117 0C       		.byte	0xc
 334 0118 07       		.uleb128 0x7
 335 0119 F6040000 		.4byte	.LASF23
 336 011d 04       		.byte	0x4
 337 011e 5C01     		.2byte	0x15c
 338 0120 E4020000 		.4byte	0x2e4
 339 0124 10       		.byte	0x10
 340 0125 07       		.uleb128 0x7
 341 0126 6C000000 		.4byte	.LASF24
 342 012a 04       		.byte	0x4
 343 012b 5D01     		.2byte	0x15d
 344 012d E4020000 		.4byte	0x2e4
 345 0131 14       		.byte	0x14
 346 0132 07       		.uleb128 0x7
 347 0133 7C010000 		.4byte	.LASF25
 348 0137 04       		.byte	0x4
 349 0138 5E01     		.2byte	0x15e
 350 013a B8000000 		.4byte	0xb8
 351 013e 18       		.byte	0x18
 352 013f 07       		.uleb128 0x7
 353 0140 49000000 		.4byte	.LASF26
 354 0144 04       		.byte	0x4
 355 0145 5F01     		.2byte	0x15f
 356 0147 4F030000 		.4byte	0x34f
 357 014b 1C       		.byte	0x1c
 358 014c 07       		.uleb128 0x7
 359 014d 3E050000 		.4byte	.LASF27
 360 0151 04       		.byte	0x4
 361 0152 6001     		.2byte	0x160
 362 0154 AD000000 		.4byte	0xad
 363 0158 20       		.byte	0x20
 364 0159 07       		.uleb128 0x7
 365 015a 09000000 		.4byte	.LASF28
 366 015e 04       		.byte	0x4
 367 015f 6101     		.2byte	0x161
 368 0161 A2000000 		.4byte	0xa2
 369 0165 22       		.byte	0x22
 370 0166 07       		.uleb128 0x7
 371 0167 12000000 		.4byte	.LASF29
 372 016b 04       		.byte	0x4
 373 016c 6201     		.2byte	0x162
 374 016e A2000000 		.4byte	0xa2
 375 0172 23       		.byte	0x23
 376 0173 07       		.uleb128 0x7
 377 0174 20050000 		.4byte	.LASF30
 378 0178 04       		.byte	0x4
ARM GAS  C:\Users\jesse\AppData\Local\Temp\ccbjsUgI.s 			page 9


 379 0179 6301     		.2byte	0x163
 380 017b A2000000 		.4byte	0xa2
 381 017f 24       		.byte	0x24
 382 0180 07       		.uleb128 0x7
 383 0181 47050000 		.4byte	.LASF31
 384 0185 04       		.byte	0x4
 385 0186 6601     		.2byte	0x166
 386 0188 A2000000 		.4byte	0xa2
 387 018c 25       		.byte	0x25
 388 018d 07       		.uleb128 0x7
 389 018e 90040000 		.4byte	.LASF32
 390 0192 04       		.byte	0x4
 391 0193 6801     		.2byte	0x168
 392 0195 A2000000 		.4byte	0xa2
 393 0199 26       		.byte	0x26
 394 019a 07       		.uleb128 0x7
 395 019b D1010000 		.4byte	.LASF33
 396 019f 04       		.byte	0x4
 397 01a0 6901     		.2byte	0x169
 398 01a2 A2000000 		.4byte	0xa2
 399 01a6 27       		.byte	0x27
 400 01a7 07       		.uleb128 0x7
 401 01a8 67050000 		.4byte	.LASF34
 402 01ac 04       		.byte	0x4
 403 01ad 6A01     		.2byte	0x16a
 404 01af A2000000 		.4byte	0xa2
 405 01b3 28       		.byte	0x28
 406 01b4 07       		.uleb128 0x7
 407 01b5 AB010000 		.4byte	.LASF35
 408 01b9 04       		.byte	0x4
 409 01ba 6B01     		.2byte	0x16b
 410 01bc A2000000 		.4byte	0xa2
 411 01c0 29       		.byte	0x29
 412 01c1 07       		.uleb128 0x7
 413 01c2 5B040000 		.4byte	.LASF36
 414 01c6 04       		.byte	0x4
 415 01c7 6C01     		.2byte	0x16c
 416 01c9 A2000000 		.4byte	0xa2
 417 01cd 2A       		.byte	0x2a
 418 01ce 07       		.uleb128 0x7
 419 01cf 4E000000 		.4byte	.LASF37
 420 01d3 04       		.byte	0x4
 421 01d4 6D01     		.2byte	0x16d
 422 01d6 A2000000 		.4byte	0xa2
 423 01da 2B       		.byte	0x2b
 424 01db 00       		.byte	0
 425 01dc 02       		.uleb128 0x2
 426 01dd 97010000 		.4byte	.LASF38
 427 01e1 04       		.byte	0x4
 428 01e2 D4       		.byte	0xd4
 429 01e3 E7010000 		.4byte	0x1e7
 430 01e7 08       		.uleb128 0x8
 431 01e8 E1020000 		.4byte	.LASF40
 432 01ec 18       		.byte	0x18
 433 01ed 04       		.byte	0x4
 434 01ee ED       		.byte	0xed
 435 01ef E4020000 		.4byte	0x2e4
ARM GAS  C:\Users\jesse\AppData\Local\Temp\ccbjsUgI.s 			page 10


 436 01f3 09       		.uleb128 0x9
 437 01f4 37000000 		.4byte	.LASF41
 438 01f8 04       		.byte	0x4
 439 01f9 F1       		.byte	0xf1
 440 01fa A2000000 		.4byte	0xa2
 441 01fe 00       		.byte	0
 442 01ff 09       		.uleb128 0x9
 443 0200 FE040000 		.4byte	.LASF42
 444 0204 04       		.byte	0x4
 445 0205 F2       		.byte	0xf2
 446 0206 A2000000 		.4byte	0xa2
 447 020a 01       		.byte	0x1
 448 020b 09       		.uleb128 0x9
 449 020c 51010000 		.4byte	.LASF43
 450 0210 04       		.byte	0x4
 451 0211 F4       		.byte	0xf4
 452 0212 A2000000 		.4byte	0xa2
 453 0216 02       		.byte	0x2
 454 0217 09       		.uleb128 0x9
 455 0218 A9050000 		.4byte	.LASF44
 456 021c 04       		.byte	0x4
 457 021d F5       		.byte	0xf5
 458 021e A2000000 		.4byte	0xa2
 459 0222 03       		.byte	0x3
 460 0223 09       		.uleb128 0x9
 461 0224 FA020000 		.4byte	.LASF45
 462 0228 04       		.byte	0x4
 463 0229 F6       		.byte	0xf6
 464 022a A2000000 		.4byte	0xa2
 465 022e 04       		.byte	0x4
 466 022f 09       		.uleb128 0x9
 467 0230 BB000000 		.4byte	.LASF46
 468 0234 04       		.byte	0x4
 469 0235 F7       		.byte	0xf7
 470 0236 A2000000 		.4byte	0xa2
 471 023a 05       		.byte	0x5
 472 023b 09       		.uleb128 0x9
 473 023c 89000000 		.4byte	.LASF47
 474 0240 04       		.byte	0x4
 475 0241 FE       		.byte	0xfe
 476 0242 A2000000 		.4byte	0xa2
 477 0246 06       		.byte	0x6
 478 0247 07       		.uleb128 0x7
 479 0248 DD010000 		.4byte	.LASF48
 480 024c 04       		.byte	0x4
 481 024d 0201     		.2byte	0x102
 482 024f A2000000 		.4byte	0xa2
 483 0253 07       		.byte	0x7
 484 0254 07       		.uleb128 0x7
 485 0255 B9030000 		.4byte	.LASF49
 486 0259 04       		.byte	0x4
 487 025a 0501     		.2byte	0x105
 488 025c B8000000 		.4byte	0xb8
 489 0260 08       		.byte	0x8
 490 0261 07       		.uleb128 0x7
 491 0262 27000000 		.4byte	.LASF50
 492 0266 04       		.byte	0x4
ARM GAS  C:\Users\jesse\AppData\Local\Temp\ccbjsUgI.s 			page 11


 493 0267 0F01     		.2byte	0x10f
 494 0269 A2000000 		.4byte	0xa2
 495 026d 0C       		.byte	0xc
 496 026e 07       		.uleb128 0x7
 497 026f A4030000 		.4byte	.LASF51
 498 0273 04       		.byte	0x4
 499 0274 1201     		.2byte	0x112
 500 0276 A2000000 		.4byte	0xa2
 501 027a 0D       		.byte	0xd
 502 027b 07       		.uleb128 0x7
 503 027c 33020000 		.4byte	.LASF52
 504 0280 04       		.byte	0x4
 505 0281 1801     		.2byte	0x118
 506 0283 A2000000 		.4byte	0xa2
 507 0287 0E       		.byte	0xe
 508 0288 07       		.uleb128 0x7
 509 0289 17010000 		.4byte	.LASF53
 510 028d 04       		.byte	0x4
 511 028e 1A01     		.2byte	0x11a
 512 0290 A2000000 		.4byte	0xa2
 513 0294 0F       		.byte	0xf
 514 0295 07       		.uleb128 0x7
 515 0296 7E000000 		.4byte	.LASF54
 516 029a 04       		.byte	0x4
 517 029b 1D01     		.2byte	0x11d
 518 029d A2000000 		.4byte	0xa2
 519 02a1 10       		.byte	0x10
 520 02a2 07       		.uleb128 0x7
 521 02a3 66020000 		.4byte	.LASF55
 522 02a7 04       		.byte	0x4
 523 02a8 1E01     		.2byte	0x11e
 524 02aa A2000000 		.4byte	0xa2
 525 02ae 11       		.byte	0x11
 526 02af 07       		.uleb128 0x7
 527 02b0 86010000 		.4byte	.LASF56
 528 02b4 04       		.byte	0x4
 529 02b5 2001     		.2byte	0x120
 530 02b7 A2000000 		.4byte	0xa2
 531 02bb 12       		.byte	0x12
 532 02bc 07       		.uleb128 0x7
 533 02bd 2C050000 		.4byte	.LASF57
 534 02c1 04       		.byte	0x4
 535 02c2 2101     		.2byte	0x121
 536 02c4 A2000000 		.4byte	0xa2
 537 02c8 13       		.byte	0x13
 538 02c9 07       		.uleb128 0x7
 539 02ca 84040000 		.4byte	.LASF58
 540 02ce 04       		.byte	0x4
 541 02cf 2901     		.2byte	0x129
 542 02d1 AD000000 		.4byte	0xad
 543 02d5 14       		.byte	0x14
 544 02d6 07       		.uleb128 0x7
 545 02d7 77040000 		.4byte	.LASF59
 546 02db 04       		.byte	0x4
 547 02dc 2A01     		.2byte	0x12a
 548 02de AD000000 		.4byte	0xad
 549 02e2 16       		.byte	0x16
ARM GAS  C:\Users\jesse\AppData\Local\Temp\ccbjsUgI.s 			page 12


 550 02e3 00       		.byte	0
 551 02e4 02       		.uleb128 0x2
 552 02e5 82050000 		.4byte	.LASF60
 553 02e9 04       		.byte	0x4
 554 02ea D7       		.byte	0xd7
 555 02eb EF020000 		.4byte	0x2ef
 556 02ef 0A       		.uleb128 0xa
 557 02f0 04       		.byte	0x4
 558 02f1 F5020000 		.4byte	0x2f5
 559 02f5 0B       		.uleb128 0xb
 560 02f6 A2000000 		.4byte	0xa2
 561 02fa 13030000 		.4byte	0x313
 562 02fe 0C       		.uleb128 0xc
 563 02ff 13030000 		.4byte	0x313
 564 0303 0C       		.uleb128 0xc
 565 0304 A2000000 		.4byte	0xa2
 566 0308 0C       		.uleb128 0xc
 567 0309 A2000000 		.4byte	0xa2
 568 030d 0C       		.uleb128 0xc
 569 030e C3000000 		.4byte	0xc3
 570 0312 00       		.byte	0
 571 0313 0A       		.uleb128 0xa
 572 0314 04       		.byte	0x4
 573 0315 CC000000 		.4byte	0xcc
 574 0319 02       		.uleb128 0x2
 575 031a 3F040000 		.4byte	.LASF61
 576 031e 04       		.byte	0x4
 577 031f D8       		.byte	0xd8
 578 0320 24030000 		.4byte	0x324
 579 0324 0A       		.uleb128 0xa
 580 0325 04       		.byte	0x4
 581 0326 2A030000 		.4byte	0x32a
 582 032a 0B       		.uleb128 0xb
 583 032b AD000000 		.4byte	0xad
 584 032f 3E030000 		.4byte	0x33e
 585 0333 0C       		.uleb128 0xc
 586 0334 13030000 		.4byte	0x313
 587 0338 0C       		.uleb128 0xc
 588 0339 A2000000 		.4byte	0xa2
 589 033d 00       		.byte	0
 590 033e 0A       		.uleb128 0xa
 591 033f 04       		.byte	0x4
 592 0340 A2000000 		.4byte	0xa2
 593 0344 0A       		.uleb128 0xa
 594 0345 04       		.byte	0x4
 595 0346 4A030000 		.4byte	0x34a
 596 034a 0D       		.uleb128 0xd
 597 034b DC010000 		.4byte	0x1dc
 598 034f 0A       		.uleb128 0xa
 599 0350 04       		.byte	0x4
 600 0351 55030000 		.4byte	0x355
 601 0355 0D       		.uleb128 0xd
 602 0356 A2000000 		.4byte	0xa2
 603 035a 0E       		.uleb128 0xe
 604 035b CE000000 		.4byte	.LASF62
 605 035f 04       		.byte	0x4
 606 0360 9701     		.2byte	0x197
ARM GAS  C:\Users\jesse\AppData\Local\Temp\ccbjsUgI.s 			page 13


 607 0362 66030000 		.4byte	0x366
 608 0366 06       		.uleb128 0x6
 609 0367 46020000 		.4byte	.LASF63
 610 036b 18       		.byte	0x18
 611 036c 04       		.byte	0x4
 612 036d 9D01     		.2byte	0x19d
 613 036f 1C040000 		.4byte	0x41c
 614 0373 07       		.uleb128 0x7
 615 0374 00000000 		.4byte	.LASF64
 616 0378 04       		.byte	0x4
 617 0379 A001     		.2byte	0x1a0
 618 037b C3000000 		.4byte	0xc3
 619 037f 00       		.byte	0
 620 0380 07       		.uleb128 0x7
 621 0381 76010000 		.4byte	.LASF65
 622 0385 04       		.byte	0x4
 623 0386 A101     		.2byte	0x1a1
 624 0388 A2000000 		.4byte	0xa2
 625 038c 04       		.byte	0x4
 626 038d 07       		.uleb128 0x7
 627 038e C4020000 		.4byte	.LASF66
 628 0392 04       		.byte	0x4
 629 0393 A101     		.2byte	0x1a1
 630 0395 A2000000 		.4byte	0xa2
 631 0399 05       		.byte	0x5
 632 039a 0F       		.uleb128 0xf
 633 039b 636200   		.ascii	"cb\000"
 634 039e 04       		.byte	0x4
 635 039f A201     		.2byte	0x1a2
 636 03a1 1C040000 		.4byte	0x41c
 637 03a5 08       		.byte	0x8
 638 03a6 07       		.uleb128 0x7
 639 03a7 AD000000 		.4byte	.LASF67
 640 03ab 04       		.byte	0x4
 641 03ac A301     		.2byte	0x1a3
 642 03ae 3E030000 		.4byte	0x33e
 643 03b2 0C       		.byte	0xc
 644 03b3 07       		.uleb128 0x7
 645 03b4 2C010000 		.4byte	.LASF68
 646 03b8 04       		.byte	0x4
 647 03b9 A401     		.2byte	0x1a4
 648 03bb A2000000 		.4byte	0xa2
 649 03bf 10       		.byte	0x10
 650 03c0 07       		.uleb128 0x7
 651 03c1 8E050000 		.4byte	.LASF69
 652 03c5 04       		.byte	0x4
 653 03c6 A501     		.2byte	0x1a5
 654 03c8 97000000 		.4byte	0x97
 655 03cc 11       		.byte	0x11
 656 03cd 07       		.uleb128 0x7
 657 03ce 9B000000 		.4byte	.LASF70
 658 03d2 04       		.byte	0x4
 659 03d3 A901     		.2byte	0x1a9
 660 03d5 A2000000 		.4byte	0xa2
 661 03d9 12       		.byte	0x12
 662 03da 07       		.uleb128 0x7
 663 03db A4000000 		.4byte	.LASF71
ARM GAS  C:\Users\jesse\AppData\Local\Temp\ccbjsUgI.s 			page 14


 664 03df 04       		.byte	0x4
 665 03e0 A901     		.2byte	0x1a9
 666 03e2 A2000000 		.4byte	0xa2
 667 03e6 13       		.byte	0x13
 668 03e7 07       		.uleb128 0x7
 669 03e8 0B010000 		.4byte	.LASF72
 670 03ec 04       		.byte	0x4
 671 03ed AA01     		.2byte	0x1aa
 672 03ef A2000000 		.4byte	0xa2
 673 03f3 14       		.byte	0x14
 674 03f4 07       		.uleb128 0x7
 675 03f5 11050000 		.4byte	.LASF73
 676 03f9 04       		.byte	0x4
 677 03fa AB01     		.2byte	0x1ab
 678 03fc A2000000 		.4byte	0xa2
 679 0400 15       		.byte	0x15
 680 0401 07       		.uleb128 0x7
 681 0402 DC040000 		.4byte	.LASF74
 682 0406 04       		.byte	0x4
 683 0407 AC01     		.2byte	0x1ac
 684 0409 A2000000 		.4byte	0xa2
 685 040d 16       		.byte	0x16
 686 040e 07       		.uleb128 0x7
 687 040f A7040000 		.4byte	.LASF75
 688 0413 04       		.byte	0x4
 689 0414 AD01     		.2byte	0x1ad
 690 0416 A2000000 		.4byte	0xa2
 691 041a 17       		.byte	0x17
 692 041b 00       		.byte	0
 693 041c 0E       		.uleb128 0xe
 694 041d 72020000 		.4byte	.LASF76
 695 0421 04       		.byte	0x4
 696 0422 9B01     		.2byte	0x19b
 697 0424 28040000 		.4byte	0x428
 698 0428 0A       		.uleb128 0xa
 699 0429 04       		.byte	0x4
 700 042a 2E040000 		.4byte	0x42e
 701 042e 10       		.uleb128 0x10
 702 042f 39040000 		.4byte	0x439
 703 0433 0C       		.uleb128 0xc
 704 0434 39040000 		.4byte	0x439
 705 0438 00       		.byte	0
 706 0439 0A       		.uleb128 0xa
 707 043a 04       		.byte	0x4
 708 043b 5A030000 		.4byte	0x35a
 709 043f 11       		.uleb128 0x11
 710 0440 EF000000 		.4byte	.LASF88
 711 0444 01       		.byte	0x1
 712 0445 28       		.byte	0x28
 713 0446 00000000 		.4byte	.LFB0
 714 044a 36000000 		.4byte	.LFE0-.LFB0
 715 044e 01       		.uleb128 0x1
 716 044f 9C       		.byte	0x9c
 717 0450 CD040000 		.4byte	0x4cd
 718 0454 12       		.uleb128 0x12
 719 0455 6A010000 		.4byte	.LASF77
 720 0459 01       		.byte	0x1
ARM GAS  C:\Users\jesse\AppData\Local\Temp\ccbjsUgI.s 			page 15


 721 045a 28       		.byte	0x28
 722 045b 13030000 		.4byte	0x313
 723 045f 00000000 		.4byte	.LLST0
 724 0463 12       		.uleb128 0x12
 725 0464 6F010000 		.4byte	.LASF78
 726 0468 01       		.byte	0x1
 727 0469 28       		.byte	0x28
 728 046a A2000000 		.4byte	0xa2
 729 046e 1E000000 		.4byte	.LLST1
 730 0472 12       		.uleb128 0x12
 731 0473 5F020000 		.4byte	.LASF79
 732 0477 01       		.byte	0x1
 733 0478 28       		.byte	0x28
 734 0479 A2000000 		.4byte	0xa2
 735 047d 47000000 		.4byte	.LLST2
 736 0481 12       		.uleb128 0x12
 737 0482 F0040000 		.4byte	.LASF80
 738 0486 01       		.byte	0x1
 739 0487 28       		.byte	0x28
 740 0488 A2000000 		.4byte	0xa2
 741 048c 68000000 		.4byte	.LLST3
 742 0490 13       		.uleb128 0x13
 743 0491 55040000 		.4byte	.LASF81
 744 0495 01       		.byte	0x1
 745 0496 28       		.byte	0x28
 746 0497 39040000 		.4byte	0x439
 747 049b 02       		.uleb128 0x2
 748 049c 91       		.byte	0x91
 749 049d 00       		.sleb128 0
 750 049e 14       		.uleb128 0x14
 751 049f EA040000 		.4byte	.LASF82
 752 04a3 01       		.byte	0x1
 753 04a4 2A       		.byte	0x2a
 754 04a5 A2000000 		.4byte	0xa2
 755 04a9 89000000 		.4byte	.LLST4
 756 04ad 15       		.uleb128 0x15
 757 04ae 6300     		.ascii	"c\000"
 758 04b0 01       		.byte	0x1
 759 04b1 2B       		.byte	0x2b
 760 04b2 A2000000 		.4byte	0xa2
 761 04b6 16       		.uleb128 0x16
 762 04b7 30000000 		.4byte	.LVL4
 763 04bb AC050000 		.4byte	0x5ac
 764 04bf 17       		.uleb128 0x17
 765 04c0 01       		.uleb128 0x1
 766 04c1 50       		.byte	0x50
 767 04c2 02       		.uleb128 0x2
 768 04c3 77       		.byte	0x77
 769 04c4 00       		.sleb128 0
 770 04c5 17       		.uleb128 0x17
 771 04c6 01       		.uleb128 0x1
 772 04c7 52       		.byte	0x52
 773 04c8 02       		.uleb128 0x2
 774 04c9 78       		.byte	0x78
 775 04ca 00       		.sleb128 0
 776 04cb 00       		.byte	0
 777 04cc 00       		.byte	0
ARM GAS  C:\Users\jesse\AppData\Local\Temp\ccbjsUgI.s 			page 16


 778 04cd 18       		.uleb128 0x18
 779 04ce 5A050000 		.4byte	.LASF83
 780 04d2 01       		.byte	0x1
 781 04d3 34       		.byte	0x34
 782 04d4 00000000 		.4byte	.LFB1
 783 04d8 30000000 		.4byte	.LFE1-.LFB1
 784 04dc 01       		.uleb128 0x1
 785 04dd 9C       		.byte	0x9c
 786 04de 47050000 		.4byte	0x547
 787 04e2 12       		.uleb128 0x12
 788 04e3 6A010000 		.4byte	.LASF77
 789 04e7 01       		.byte	0x1
 790 04e8 34       		.byte	0x34
 791 04e9 13030000 		.4byte	0x313
 792 04ed BE000000 		.4byte	.LLST5
 793 04f1 19       		.uleb128 0x19
 794 04f2 7800     		.ascii	"x\000"
 795 04f4 01       		.byte	0x1
 796 04f5 34       		.byte	0x34
 797 04f6 A2000000 		.4byte	0xa2
 798 04fa DC000000 		.4byte	.LLST6
 799 04fe 19       		.uleb128 0x19
 800 04ff 7900     		.ascii	"y\000"
 801 0501 01       		.byte	0x1
 802 0502 34       		.byte	0x34
 803 0503 A2000000 		.4byte	0xa2
 804 0507 FD000000 		.4byte	.LLST7
 805 050b 12       		.uleb128 0x12
 806 050c 55040000 		.4byte	.LASF81
 807 0510 01       		.byte	0x1
 808 0511 34       		.byte	0x34
 809 0512 39040000 		.4byte	0x439
 810 0516 26010000 		.4byte	.LLST8
 811 051a 14       		.uleb128 0x14
 812 051b F0040000 		.4byte	.LASF80
 813 051f 01       		.byte	0x1
 814 0520 36       		.byte	0x36
 815 0521 A2000000 		.4byte	0xa2
 816 0525 44010000 		.4byte	.LLST9
 817 0529 16       		.uleb128 0x16
 818 052a 28000000 		.4byte	.LVL9
 819 052e 3F040000 		.4byte	0x43f
 820 0532 17       		.uleb128 0x17
 821 0533 01       		.uleb128 0x1
 822 0534 50       		.byte	0x50
 823 0535 02       		.uleb128 0x2
 824 0536 77       		.byte	0x77
 825 0537 00       		.sleb128 0
 826 0538 17       		.uleb128 0x17
 827 0539 01       		.uleb128 0x1
 828 053a 51       		.byte	0x51
 829 053b 02       		.uleb128 0x2
 830 053c 78       		.byte	0x78
 831 053d 00       		.sleb128 0
 832 053e 17       		.uleb128 0x17
 833 053f 02       		.uleb128 0x2
 834 0540 7D       		.byte	0x7d
ARM GAS  C:\Users\jesse\AppData\Local\Temp\ccbjsUgI.s 			page 17


 835 0541 00       		.sleb128 0
 836 0542 02       		.uleb128 0x2
 837 0543 75       		.byte	0x75
 838 0544 00       		.sleb128 0
 839 0545 00       		.byte	0
 840 0546 00       		.byte	0
 841 0547 18       		.uleb128 0x18
 842 0548 D6000000 		.4byte	.LASF84
 843 054c 01       		.byte	0x1
 844 054d 3F       		.byte	0x3f
 845 054e 00000000 		.4byte	.LFB2
 846 0552 2C000000 		.4byte	.LFE2-.LFB2
 847 0556 01       		.uleb128 0x1
 848 0557 9C       		.byte	0x9c
 849 0558 AC050000 		.4byte	0x5ac
 850 055c 12       		.uleb128 0x12
 851 055d 55040000 		.4byte	.LASF81
 852 0561 01       		.byte	0x1
 853 0562 3F       		.byte	0x3f
 854 0563 39040000 		.4byte	0x439
 855 0567 79010000 		.4byte	.LLST10
 856 056b 14       		.uleb128 0x14
 857 056c 6A010000 		.4byte	.LASF77
 858 0570 01       		.byte	0x1
 859 0571 41       		.byte	0x41
 860 0572 13030000 		.4byte	0x313
 861 0576 CA010000 		.4byte	.LLST11
 862 057a 1A       		.uleb128 0x1a
 863 057b 18000000 		.4byte	.LVL13
 864 057f CD040000 		.4byte	0x4cd
 865 0583 99050000 		.4byte	0x599
 866 0587 17       		.uleb128 0x17
 867 0588 01       		.uleb128 0x1
 868 0589 51       		.byte	0x51
 869 058a 01       		.uleb128 0x1
 870 058b 30       		.byte	0x30
 871 058c 17       		.uleb128 0x17
 872 058d 01       		.uleb128 0x1
 873 058e 52       		.byte	0x52
 874 058f 01       		.uleb128 0x1
 875 0590 30       		.byte	0x30
 876 0591 17       		.uleb128 0x17
 877 0592 01       		.uleb128 0x1
 878 0593 53       		.byte	0x53
 879 0594 03       		.uleb128 0x3
 880 0595 F3       		.byte	0xf3
 881 0596 01       		.uleb128 0x1
 882 0597 50       		.byte	0x50
 883 0598 00       		.byte	0
 884 0599 16       		.uleb128 0x16
 885 059a 26000000 		.4byte	.LVL15
 886 059e 3F040000 		.4byte	0x43f
 887 05a2 17       		.uleb128 0x17
 888 05a3 02       		.uleb128 0x2
 889 05a4 7D       		.byte	0x7d
 890 05a5 00       		.sleb128 0
 891 05a6 03       		.uleb128 0x3
ARM GAS  C:\Users\jesse\AppData\Local\Temp\ccbjsUgI.s 			page 18


 892 05a7 F3       		.byte	0xf3
 893 05a8 01       		.uleb128 0x1
 894 05a9 50       		.byte	0x50
 895 05aa 00       		.byte	0
 896 05ab 00       		.byte	0
 897 05ac 1B       		.uleb128 0x1b
 898 05ad 89020000 		.4byte	.LASF89
 899 05b1 89020000 		.4byte	.LASF89
 900 05b5 04       		.byte	0x4
 901 05b6 0004     		.2byte	0x400
 902 05b8 00       		.byte	0
 903              		.section	.debug_abbrev,"",%progbits
 904              	.Ldebug_abbrev0:
 905 0000 01       		.uleb128 0x1
 906 0001 11       		.uleb128 0x11
 907 0002 01       		.byte	0x1
 908 0003 25       		.uleb128 0x25
 909 0004 0E       		.uleb128 0xe
 910 0005 13       		.uleb128 0x13
 911 0006 0B       		.uleb128 0xb
 912 0007 03       		.uleb128 0x3
 913 0008 0E       		.uleb128 0xe
 914 0009 1B       		.uleb128 0x1b
 915 000a 0E       		.uleb128 0xe
 916 000b 55       		.uleb128 0x55
 917 000c 17       		.uleb128 0x17
 918 000d 11       		.uleb128 0x11
 919 000e 01       		.uleb128 0x1
 920 000f 10       		.uleb128 0x10
 921 0010 17       		.uleb128 0x17
 922 0011 00       		.byte	0
 923 0012 00       		.byte	0
 924 0013 02       		.uleb128 0x2
 925 0014 16       		.uleb128 0x16
 926 0015 00       		.byte	0
 927 0016 03       		.uleb128 0x3
 928 0017 0E       		.uleb128 0xe
 929 0018 3A       		.uleb128 0x3a
 930 0019 0B       		.uleb128 0xb
 931 001a 3B       		.uleb128 0x3b
 932 001b 0B       		.uleb128 0xb
 933 001c 49       		.uleb128 0x49
 934 001d 13       		.uleb128 0x13
 935 001e 00       		.byte	0
 936 001f 00       		.byte	0
 937 0020 03       		.uleb128 0x3
 938 0021 24       		.uleb128 0x24
 939 0022 00       		.byte	0
 940 0023 0B       		.uleb128 0xb
 941 0024 0B       		.uleb128 0xb
 942 0025 3E       		.uleb128 0x3e
 943 0026 0B       		.uleb128 0xb
 944 0027 03       		.uleb128 0x3
 945 0028 0E       		.uleb128 0xe
 946 0029 00       		.byte	0
 947 002a 00       		.byte	0
 948 002b 04       		.uleb128 0x4
ARM GAS  C:\Users\jesse\AppData\Local\Temp\ccbjsUgI.s 			page 19


 949 002c 24       		.uleb128 0x24
 950 002d 00       		.byte	0
 951 002e 0B       		.uleb128 0xb
 952 002f 0B       		.uleb128 0xb
 953 0030 3E       		.uleb128 0x3e
 954 0031 0B       		.uleb128 0xb
 955 0032 03       		.uleb128 0x3
 956 0033 08       		.uleb128 0x8
 957 0034 00       		.byte	0
 958 0035 00       		.byte	0
 959 0036 05       		.uleb128 0x5
 960 0037 0F       		.uleb128 0xf
 961 0038 00       		.byte	0
 962 0039 0B       		.uleb128 0xb
 963 003a 0B       		.uleb128 0xb
 964 003b 00       		.byte	0
 965 003c 00       		.byte	0
 966 003d 06       		.uleb128 0x6
 967 003e 13       		.uleb128 0x13
 968 003f 01       		.byte	0x1
 969 0040 03       		.uleb128 0x3
 970 0041 0E       		.uleb128 0xe
 971 0042 0B       		.uleb128 0xb
 972 0043 0B       		.uleb128 0xb
 973 0044 3A       		.uleb128 0x3a
 974 0045 0B       		.uleb128 0xb
 975 0046 3B       		.uleb128 0x3b
 976 0047 05       		.uleb128 0x5
 977 0048 01       		.uleb128 0x1
 978 0049 13       		.uleb128 0x13
 979 004a 00       		.byte	0
 980 004b 00       		.byte	0
 981 004c 07       		.uleb128 0x7
 982 004d 0D       		.uleb128 0xd
 983 004e 00       		.byte	0
 984 004f 03       		.uleb128 0x3
 985 0050 0E       		.uleb128 0xe
 986 0051 3A       		.uleb128 0x3a
 987 0052 0B       		.uleb128 0xb
 988 0053 3B       		.uleb128 0x3b
 989 0054 05       		.uleb128 0x5
 990 0055 49       		.uleb128 0x49
 991 0056 13       		.uleb128 0x13
 992 0057 38       		.uleb128 0x38
 993 0058 0B       		.uleb128 0xb
 994 0059 00       		.byte	0
 995 005a 00       		.byte	0
 996 005b 08       		.uleb128 0x8
 997 005c 13       		.uleb128 0x13
 998 005d 01       		.byte	0x1
 999 005e 03       		.uleb128 0x3
 1000 005f 0E       		.uleb128 0xe
 1001 0060 0B       		.uleb128 0xb
 1002 0061 0B       		.uleb128 0xb
 1003 0062 3A       		.uleb128 0x3a
 1004 0063 0B       		.uleb128 0xb
 1005 0064 3B       		.uleb128 0x3b
ARM GAS  C:\Users\jesse\AppData\Local\Temp\ccbjsUgI.s 			page 20


 1006 0065 0B       		.uleb128 0xb
 1007 0066 01       		.uleb128 0x1
 1008 0067 13       		.uleb128 0x13
 1009 0068 00       		.byte	0
 1010 0069 00       		.byte	0
 1011 006a 09       		.uleb128 0x9
 1012 006b 0D       		.uleb128 0xd
 1013 006c 00       		.byte	0
 1014 006d 03       		.uleb128 0x3
 1015 006e 0E       		.uleb128 0xe
 1016 006f 3A       		.uleb128 0x3a
 1017 0070 0B       		.uleb128 0xb
 1018 0071 3B       		.uleb128 0x3b
 1019 0072 0B       		.uleb128 0xb
 1020 0073 49       		.uleb128 0x49
 1021 0074 13       		.uleb128 0x13
 1022 0075 38       		.uleb128 0x38
 1023 0076 0B       		.uleb128 0xb
 1024 0077 00       		.byte	0
 1025 0078 00       		.byte	0
 1026 0079 0A       		.uleb128 0xa
 1027 007a 0F       		.uleb128 0xf
 1028 007b 00       		.byte	0
 1029 007c 0B       		.uleb128 0xb
 1030 007d 0B       		.uleb128 0xb
 1031 007e 49       		.uleb128 0x49
 1032 007f 13       		.uleb128 0x13
 1033 0080 00       		.byte	0
 1034 0081 00       		.byte	0
 1035 0082 0B       		.uleb128 0xb
 1036 0083 15       		.uleb128 0x15
 1037 0084 01       		.byte	0x1
 1038 0085 27       		.uleb128 0x27
 1039 0086 19       		.uleb128 0x19
 1040 0087 49       		.uleb128 0x49
 1041 0088 13       		.uleb128 0x13
 1042 0089 01       		.uleb128 0x1
 1043 008a 13       		.uleb128 0x13
 1044 008b 00       		.byte	0
 1045 008c 00       		.byte	0
 1046 008d 0C       		.uleb128 0xc
 1047 008e 05       		.uleb128 0x5
 1048 008f 00       		.byte	0
 1049 0090 49       		.uleb128 0x49
 1050 0091 13       		.uleb128 0x13
 1051 0092 00       		.byte	0
 1052 0093 00       		.byte	0
 1053 0094 0D       		.uleb128 0xd
 1054 0095 26       		.uleb128 0x26
 1055 0096 00       		.byte	0
 1056 0097 49       		.uleb128 0x49
 1057 0098 13       		.uleb128 0x13
 1058 0099 00       		.byte	0
 1059 009a 00       		.byte	0
 1060 009b 0E       		.uleb128 0xe
 1061 009c 16       		.uleb128 0x16
 1062 009d 00       		.byte	0
ARM GAS  C:\Users\jesse\AppData\Local\Temp\ccbjsUgI.s 			page 21


 1063 009e 03       		.uleb128 0x3
 1064 009f 0E       		.uleb128 0xe
 1065 00a0 3A       		.uleb128 0x3a
 1066 00a1 0B       		.uleb128 0xb
 1067 00a2 3B       		.uleb128 0x3b
 1068 00a3 05       		.uleb128 0x5
 1069 00a4 49       		.uleb128 0x49
 1070 00a5 13       		.uleb128 0x13
 1071 00a6 00       		.byte	0
 1072 00a7 00       		.byte	0
 1073 00a8 0F       		.uleb128 0xf
 1074 00a9 0D       		.uleb128 0xd
 1075 00aa 00       		.byte	0
 1076 00ab 03       		.uleb128 0x3
 1077 00ac 08       		.uleb128 0x8
 1078 00ad 3A       		.uleb128 0x3a
 1079 00ae 0B       		.uleb128 0xb
 1080 00af 3B       		.uleb128 0x3b
 1081 00b0 05       		.uleb128 0x5
 1082 00b1 49       		.uleb128 0x49
 1083 00b2 13       		.uleb128 0x13
 1084 00b3 38       		.uleb128 0x38
 1085 00b4 0B       		.uleb128 0xb
 1086 00b5 00       		.byte	0
 1087 00b6 00       		.byte	0
 1088 00b7 10       		.uleb128 0x10
 1089 00b8 15       		.uleb128 0x15
 1090 00b9 01       		.byte	0x1
 1091 00ba 27       		.uleb128 0x27
 1092 00bb 19       		.uleb128 0x19
 1093 00bc 01       		.uleb128 0x1
 1094 00bd 13       		.uleb128 0x13
 1095 00be 00       		.byte	0
 1096 00bf 00       		.byte	0
 1097 00c0 11       		.uleb128 0x11
 1098 00c1 2E       		.uleb128 0x2e
 1099 00c2 01       		.byte	0x1
 1100 00c3 03       		.uleb128 0x3
 1101 00c4 0E       		.uleb128 0xe
 1102 00c5 3A       		.uleb128 0x3a
 1103 00c6 0B       		.uleb128 0xb
 1104 00c7 3B       		.uleb128 0x3b
 1105 00c8 0B       		.uleb128 0xb
 1106 00c9 27       		.uleb128 0x27
 1107 00ca 19       		.uleb128 0x19
 1108 00cb 11       		.uleb128 0x11
 1109 00cc 01       		.uleb128 0x1
 1110 00cd 12       		.uleb128 0x12
 1111 00ce 06       		.uleb128 0x6
 1112 00cf 40       		.uleb128 0x40
 1113 00d0 18       		.uleb128 0x18
 1114 00d1 9742     		.uleb128 0x2117
 1115 00d3 19       		.uleb128 0x19
 1116 00d4 01       		.uleb128 0x1
 1117 00d5 13       		.uleb128 0x13
 1118 00d6 00       		.byte	0
 1119 00d7 00       		.byte	0
ARM GAS  C:\Users\jesse\AppData\Local\Temp\ccbjsUgI.s 			page 22


 1120 00d8 12       		.uleb128 0x12
 1121 00d9 05       		.uleb128 0x5
 1122 00da 00       		.byte	0
 1123 00db 03       		.uleb128 0x3
 1124 00dc 0E       		.uleb128 0xe
 1125 00dd 3A       		.uleb128 0x3a
 1126 00de 0B       		.uleb128 0xb
 1127 00df 3B       		.uleb128 0x3b
 1128 00e0 0B       		.uleb128 0xb
 1129 00e1 49       		.uleb128 0x49
 1130 00e2 13       		.uleb128 0x13
 1131 00e3 02       		.uleb128 0x2
 1132 00e4 17       		.uleb128 0x17
 1133 00e5 00       		.byte	0
 1134 00e6 00       		.byte	0
 1135 00e7 13       		.uleb128 0x13
 1136 00e8 05       		.uleb128 0x5
 1137 00e9 00       		.byte	0
 1138 00ea 03       		.uleb128 0x3
 1139 00eb 0E       		.uleb128 0xe
 1140 00ec 3A       		.uleb128 0x3a
 1141 00ed 0B       		.uleb128 0xb
 1142 00ee 3B       		.uleb128 0x3b
 1143 00ef 0B       		.uleb128 0xb
 1144 00f0 49       		.uleb128 0x49
 1145 00f1 13       		.uleb128 0x13
 1146 00f2 02       		.uleb128 0x2
 1147 00f3 18       		.uleb128 0x18
 1148 00f4 00       		.byte	0
 1149 00f5 00       		.byte	0
 1150 00f6 14       		.uleb128 0x14
 1151 00f7 34       		.uleb128 0x34
 1152 00f8 00       		.byte	0
 1153 00f9 03       		.uleb128 0x3
 1154 00fa 0E       		.uleb128 0xe
 1155 00fb 3A       		.uleb128 0x3a
 1156 00fc 0B       		.uleb128 0xb
 1157 00fd 3B       		.uleb128 0x3b
 1158 00fe 0B       		.uleb128 0xb
 1159 00ff 49       		.uleb128 0x49
 1160 0100 13       		.uleb128 0x13
 1161 0101 02       		.uleb128 0x2
 1162 0102 17       		.uleb128 0x17
 1163 0103 00       		.byte	0
 1164 0104 00       		.byte	0
 1165 0105 15       		.uleb128 0x15
 1166 0106 34       		.uleb128 0x34
 1167 0107 00       		.byte	0
 1168 0108 03       		.uleb128 0x3
 1169 0109 08       		.uleb128 0x8
 1170 010a 3A       		.uleb128 0x3a
 1171 010b 0B       		.uleb128 0xb
 1172 010c 3B       		.uleb128 0x3b
 1173 010d 0B       		.uleb128 0xb
 1174 010e 49       		.uleb128 0x49
 1175 010f 13       		.uleb128 0x13
 1176 0110 00       		.byte	0
ARM GAS  C:\Users\jesse\AppData\Local\Temp\ccbjsUgI.s 			page 23


 1177 0111 00       		.byte	0
 1178 0112 16       		.uleb128 0x16
 1179 0113 898201   		.uleb128 0x4109
 1180 0116 01       		.byte	0x1
 1181 0117 11       		.uleb128 0x11
 1182 0118 01       		.uleb128 0x1
 1183 0119 31       		.uleb128 0x31
 1184 011a 13       		.uleb128 0x13
 1185 011b 00       		.byte	0
 1186 011c 00       		.byte	0
 1187 011d 17       		.uleb128 0x17
 1188 011e 8A8201   		.uleb128 0x410a
 1189 0121 00       		.byte	0
 1190 0122 02       		.uleb128 0x2
 1191 0123 18       		.uleb128 0x18
 1192 0124 9142     		.uleb128 0x2111
 1193 0126 18       		.uleb128 0x18
 1194 0127 00       		.byte	0
 1195 0128 00       		.byte	0
 1196 0129 18       		.uleb128 0x18
 1197 012a 2E       		.uleb128 0x2e
 1198 012b 01       		.byte	0x1
 1199 012c 3F       		.uleb128 0x3f
 1200 012d 19       		.uleb128 0x19
 1201 012e 03       		.uleb128 0x3
 1202 012f 0E       		.uleb128 0xe
 1203 0130 3A       		.uleb128 0x3a
 1204 0131 0B       		.uleb128 0xb
 1205 0132 3B       		.uleb128 0x3b
 1206 0133 0B       		.uleb128 0xb
 1207 0134 27       		.uleb128 0x27
 1208 0135 19       		.uleb128 0x19
 1209 0136 11       		.uleb128 0x11
 1210 0137 01       		.uleb128 0x1
 1211 0138 12       		.uleb128 0x12
 1212 0139 06       		.uleb128 0x6
 1213 013a 40       		.uleb128 0x40
 1214 013b 18       		.uleb128 0x18
 1215 013c 9742     		.uleb128 0x2117
 1216 013e 19       		.uleb128 0x19
 1217 013f 01       		.uleb128 0x1
 1218 0140 13       		.uleb128 0x13
 1219 0141 00       		.byte	0
 1220 0142 00       		.byte	0
 1221 0143 19       		.uleb128 0x19
 1222 0144 05       		.uleb128 0x5
 1223 0145 00       		.byte	0
 1224 0146 03       		.uleb128 0x3
 1225 0147 08       		.uleb128 0x8
 1226 0148 3A       		.uleb128 0x3a
 1227 0149 0B       		.uleb128 0xb
 1228 014a 3B       		.uleb128 0x3b
 1229 014b 0B       		.uleb128 0xb
 1230 014c 49       		.uleb128 0x49
 1231 014d 13       		.uleb128 0x13
 1232 014e 02       		.uleb128 0x2
 1233 014f 17       		.uleb128 0x17
ARM GAS  C:\Users\jesse\AppData\Local\Temp\ccbjsUgI.s 			page 24


 1234 0150 00       		.byte	0
 1235 0151 00       		.byte	0
 1236 0152 1A       		.uleb128 0x1a
 1237 0153 898201   		.uleb128 0x4109
 1238 0156 01       		.byte	0x1
 1239 0157 11       		.uleb128 0x11
 1240 0158 01       		.uleb128 0x1
 1241 0159 9542     		.uleb128 0x2115
 1242 015b 19       		.uleb128 0x19
 1243 015c 31       		.uleb128 0x31
 1244 015d 13       		.uleb128 0x13
 1245 015e 01       		.uleb128 0x1
 1246 015f 13       		.uleb128 0x13
 1247 0160 00       		.byte	0
 1248 0161 00       		.byte	0
 1249 0162 1B       		.uleb128 0x1b
 1250 0163 2E       		.uleb128 0x2e
 1251 0164 00       		.byte	0
 1252 0165 3F       		.uleb128 0x3f
 1253 0166 19       		.uleb128 0x19
 1254 0167 3C       		.uleb128 0x3c
 1255 0168 19       		.uleb128 0x19
 1256 0169 6E       		.uleb128 0x6e
 1257 016a 0E       		.uleb128 0xe
 1258 016b 03       		.uleb128 0x3
 1259 016c 0E       		.uleb128 0xe
 1260 016d 3A       		.uleb128 0x3a
 1261 016e 0B       		.uleb128 0xb
 1262 016f 3B       		.uleb128 0x3b
 1263 0170 05       		.uleb128 0x5
 1264 0171 00       		.byte	0
 1265 0172 00       		.byte	0
 1266 0173 00       		.byte	0
 1267              		.section	.debug_loc,"",%progbits
 1268              	.Ldebug_loc0:
 1269              	.LLST0:
 1270 0000 00000000 		.4byte	.LVL0
 1271 0004 10000000 		.4byte	.LVL1
 1272 0008 0100     		.2byte	0x1
 1273 000a 50       		.byte	0x50
 1274 000b 10000000 		.4byte	.LVL1
 1275 000f 36000000 		.4byte	.LFE0
 1276 0013 0100     		.2byte	0x1
 1277 0015 57       		.byte	0x57
 1278 0016 00000000 		.4byte	0
 1279 001a 00000000 		.4byte	0
 1280              	.LLST1:
 1281 001e 00000000 		.4byte	.LVL0
 1282 0022 10000000 		.4byte	.LVL1
 1283 0026 0100     		.2byte	0x1
 1284 0028 51       		.byte	0x51
 1285 0029 1A000000 		.4byte	.LVL2
 1286 002d 2F000000 		.4byte	.LVL4-1
 1287 0031 0100     		.2byte	0x1
 1288 0033 51       		.byte	0x51
 1289 0034 32000000 		.4byte	.LVL5
 1290 0038 36000000 		.4byte	.LFE0
ARM GAS  C:\Users\jesse\AppData\Local\Temp\ccbjsUgI.s 			page 25


 1291 003c 0100     		.2byte	0x1
 1292 003e 51       		.byte	0x51
 1293 003f 00000000 		.4byte	0
 1294 0043 00000000 		.4byte	0
 1295              	.LLST2:
 1296 0047 00000000 		.4byte	.LVL0
 1297 004b 10000000 		.4byte	.LVL1
 1298 004f 0100     		.2byte	0x1
 1299 0051 52       		.byte	0x52
 1300 0052 10000000 		.4byte	.LVL1
 1301 0056 36000000 		.4byte	.LFE0
 1302 005a 0400     		.2byte	0x4
 1303 005c F3       		.byte	0xf3
 1304 005d 01       		.uleb128 0x1
 1305 005e 52       		.byte	0x52
 1306 005f 9F       		.byte	0x9f
 1307 0060 00000000 		.4byte	0
 1308 0064 00000000 		.4byte	0
 1309              	.LLST3:
 1310 0068 00000000 		.4byte	.LVL0
 1311 006c 10000000 		.4byte	.LVL1
 1312 0070 0100     		.2byte	0x1
 1313 0072 53       		.byte	0x53
 1314 0073 10000000 		.4byte	.LVL1
 1315 0077 36000000 		.4byte	.LFE0
 1316 007b 0400     		.2byte	0x4
 1317 007d F3       		.byte	0xf3
 1318 007e 01       		.uleb128 0x1
 1319 007f 53       		.byte	0x53
 1320 0080 9F       		.byte	0x9f
 1321 0081 00000000 		.4byte	0
 1322 0085 00000000 		.4byte	0
 1323              	.LLST4:
 1324 0089 00000000 		.4byte	.LVL0
 1325 008d 10000000 		.4byte	.LVL1
 1326 0091 0200     		.2byte	0x2
 1327 0093 30       		.byte	0x30
 1328 0094 9F       		.byte	0x9f
 1329 0095 1A000000 		.4byte	.LVL2
 1330 0099 2C000000 		.4byte	.LVL3
 1331 009d 0100     		.2byte	0x1
 1332 009f 52       		.byte	0x52
 1333 00a0 30000000 		.4byte	.LVL4
 1334 00a4 32000000 		.4byte	.LVL5
 1335 00a8 0100     		.2byte	0x1
 1336 00aa 54       		.byte	0x54
 1337 00ab 32000000 		.4byte	.LVL5
 1338 00af 36000000 		.4byte	.LFE0
 1339 00b3 0100     		.2byte	0x1
 1340 00b5 52       		.byte	0x52
 1341 00b6 00000000 		.4byte	0
 1342 00ba 00000000 		.4byte	0
 1343              	.LLST5:
 1344 00be 00000000 		.4byte	.LVL6
 1345 00c2 0E000000 		.4byte	.LVL7
 1346 00c6 0100     		.2byte	0x1
 1347 00c8 50       		.byte	0x50
ARM GAS  C:\Users\jesse\AppData\Local\Temp\ccbjsUgI.s 			page 26


 1348 00c9 0E000000 		.4byte	.LVL7
 1349 00cd 30000000 		.4byte	.LFE1
 1350 00d1 0100     		.2byte	0x1
 1351 00d3 57       		.byte	0x57
 1352 00d4 00000000 		.4byte	0
 1353 00d8 00000000 		.4byte	0
 1354              	.LLST6:
 1355 00dc 00000000 		.4byte	.LVL6
 1356 00e0 0E000000 		.4byte	.LVL7
 1357 00e4 0100     		.2byte	0x1
 1358 00e6 51       		.byte	0x51
 1359 00e7 0E000000 		.4byte	.LVL7
 1360 00eb 30000000 		.4byte	.LFE1
 1361 00ef 0400     		.2byte	0x4
 1362 00f1 F3       		.byte	0xf3
 1363 00f2 01       		.uleb128 0x1
 1364 00f3 51       		.byte	0x51
 1365 00f4 9F       		.byte	0x9f
 1366 00f5 00000000 		.4byte	0
 1367 00f9 00000000 		.4byte	0
 1368              	.LLST7:
 1369 00fd 00000000 		.4byte	.LVL6
 1370 0101 0E000000 		.4byte	.LVL7
 1371 0105 0100     		.2byte	0x1
 1372 0107 52       		.byte	0x52
 1373 0108 18000000 		.4byte	.LVL8
 1374 010c 27000000 		.4byte	.LVL9-1
 1375 0110 0100     		.2byte	0x1
 1376 0112 52       		.byte	0x52
 1377 0113 2A000000 		.4byte	.LVL10
 1378 0117 30000000 		.4byte	.LFE1
 1379 011b 0100     		.2byte	0x1
 1380 011d 52       		.byte	0x52
 1381 011e 00000000 		.4byte	0
 1382 0122 00000000 		.4byte	0
 1383              	.LLST8:
 1384 0126 00000000 		.4byte	.LVL6
 1385 012a 0E000000 		.4byte	.LVL7
 1386 012e 0100     		.2byte	0x1
 1387 0130 53       		.byte	0x53
 1388 0131 0E000000 		.4byte	.LVL7
 1389 0135 30000000 		.4byte	.LFE1
 1390 0139 0100     		.2byte	0x1
 1391 013b 55       		.byte	0x55
 1392 013c 00000000 		.4byte	0
 1393 0140 00000000 		.4byte	0
 1394              	.LLST9:
 1395 0144 00000000 		.4byte	.LVL6
 1396 0148 0E000000 		.4byte	.LVL7
 1397 014c 0200     		.2byte	0x2
 1398 014e 30       		.byte	0x30
 1399 014f 9F       		.byte	0x9f
 1400 0150 18000000 		.4byte	.LVL8
 1401 0154 27000000 		.4byte	.LVL9-1
 1402 0158 0100     		.2byte	0x1
 1403 015a 53       		.byte	0x53
 1404 015b 28000000 		.4byte	.LVL9
ARM GAS  C:\Users\jesse\AppData\Local\Temp\ccbjsUgI.s 			page 27


 1405 015f 2A000000 		.4byte	.LVL10
 1406 0163 0100     		.2byte	0x1
 1407 0165 54       		.byte	0x54
 1408 0166 2A000000 		.4byte	.LVL10
 1409 016a 30000000 		.4byte	.LFE1
 1410 016e 0100     		.2byte	0x1
 1411 0170 53       		.byte	0x53
 1412 0171 00000000 		.4byte	0
 1413 0175 00000000 		.4byte	0
 1414              	.LLST10:
 1415 0179 00000000 		.4byte	.LVL11
 1416 017d 08000000 		.4byte	.LVL12
 1417 0181 0100     		.2byte	0x1
 1418 0183 50       		.byte	0x50
 1419 0184 08000000 		.4byte	.LVL12
 1420 0188 17000000 		.4byte	.LVL13-1
 1421 018c 0100     		.2byte	0x1
 1422 018e 53       		.byte	0x53
 1423 018f 17000000 		.4byte	.LVL13-1
 1424 0193 18000000 		.4byte	.LVL13
 1425 0197 0400     		.2byte	0x4
 1426 0199 F3       		.byte	0xf3
 1427 019a 01       		.uleb128 0x1
 1428 019b 50       		.byte	0x50
 1429 019c 9F       		.byte	0x9f
 1430 019d 18000000 		.4byte	.LVL13
 1431 01a1 22000000 		.4byte	.LVL14
 1432 01a5 0100     		.2byte	0x1
 1433 01a7 53       		.byte	0x53
 1434 01a8 22000000 		.4byte	.LVL14
 1435 01ac 25000000 		.4byte	.LVL15-1
 1436 01b0 0200     		.2byte	0x2
 1437 01b2 7D       		.byte	0x7d
 1438 01b3 00       		.sleb128 0
 1439 01b4 25000000 		.4byte	.LVL15-1
 1440 01b8 2C000000 		.4byte	.LFE2
 1441 01bc 0400     		.2byte	0x4
 1442 01be F3       		.byte	0xf3
 1443 01bf 01       		.uleb128 0x1
 1444 01c0 50       		.byte	0x50
 1445 01c1 9F       		.byte	0x9f
 1446 01c2 00000000 		.4byte	0
 1447 01c6 00000000 		.4byte	0
 1448              	.LLST11:
 1449 01ca 08000000 		.4byte	.LVL12
 1450 01ce 17000000 		.4byte	.LVL13-1
 1451 01d2 0100     		.2byte	0x1
 1452 01d4 50       		.byte	0x50
 1453 01d5 18000000 		.4byte	.LVL13
 1454 01d9 25000000 		.4byte	.LVL15-1
 1455 01dd 0100     		.2byte	0x1
 1456 01df 50       		.byte	0x50
 1457 01e0 00000000 		.4byte	0
 1458 01e4 00000000 		.4byte	0
 1459              		.section	.debug_aranges,"",%progbits
 1460 0000 2C000000 		.4byte	0x2c
 1461 0004 0200     		.2byte	0x2
ARM GAS  C:\Users\jesse\AppData\Local\Temp\ccbjsUgI.s 			page 28


 1462 0006 00000000 		.4byte	.Ldebug_info0
 1463 000a 04       		.byte	0x4
 1464 000b 00       		.byte	0
 1465 000c 0000     		.2byte	0
 1466 000e 0000     		.2byte	0
 1467 0010 00000000 		.4byte	.LFB0
 1468 0014 36000000 		.4byte	.LFE0-.LFB0
 1469 0018 00000000 		.4byte	.LFB1
 1470 001c 30000000 		.4byte	.LFE1-.LFB1
 1471 0020 00000000 		.4byte	.LFB2
 1472 0024 2C000000 		.4byte	.LFE2-.LFB2
 1473 0028 00000000 		.4byte	0
 1474 002c 00000000 		.4byte	0
 1475              		.section	.debug_ranges,"",%progbits
 1476              	.Ldebug_ranges0:
 1477 0000 00000000 		.4byte	.LFB0
 1478 0004 36000000 		.4byte	.LFE0
 1479 0008 00000000 		.4byte	.LFB1
 1480 000c 30000000 		.4byte	.LFE1
 1481 0010 00000000 		.4byte	.LFB2
 1482 0014 2C000000 		.4byte	.LFE2
 1483 0018 00000000 		.4byte	0
 1484 001c 00000000 		.4byte	0
 1485              		.section	.debug_line,"",%progbits
 1486              	.Ldebug_line0:
 1487 0000 A3010000 		.section	.debug_str,"MS",%progbits,1
 1487      02004201 
 1487      00000201 
 1487      FB0E0D00 
 1487      01010101 
 1488              	.LASF64:
 1489 0000 6175785F 		.ascii	"aux_data\000"
 1489      64617461 
 1489      00
 1490              	.LASF28:
 1491 0009 785F6F66 		.ascii	"x_offset\000"
 1491      66736574 
 1491      00
 1492              	.LASF29:
 1493 0012 69735F66 		.ascii	"is_font_inverse_mode\000"
 1493      6F6E745F 
 1493      696E7665 
 1493      7273655F 
 1493      6D6F6465 
 1494              	.LASF50:
 1495 0027 7370695F 		.ascii	"spi_mode\000"
 1495      6D6F6465 
 1495      00
 1496              	.LASF13:
 1497 0030 696E7438 		.ascii	"int8_t\000"
 1497      5F7400
 1498              	.LASF41:
 1499 0037 63686970 		.ascii	"chip_enable_level\000"
 1499      5F656E61 
 1499      626C655F 
 1499      6C657665 
 1499      6C00
ARM GAS  C:\Users\jesse\AppData\Local\Temp\ccbjsUgI.s 			page 29


 1500              	.LASF26:
 1501 0049 666F6E74 		.ascii	"font\000"
 1501      00
 1502              	.LASF37:
 1503 004e 6465626F 		.ascii	"debounce_result_msg\000"
 1503      756E6365 
 1503      5F726573 
 1503      756C745F 
 1503      6D736700 
 1504              	.LASF4:
 1505 0062 73686F72 		.ascii	"short int\000"
 1505      7420696E 
 1505      7400
 1506              	.LASF24:
 1507 006c 6770696F 		.ascii	"gpio_and_delay_cb\000"
 1507      5F616E64 
 1507      5F64656C 
 1507      61795F63 
 1507      6200
 1508              	.LASF54:
 1509 007e 74696C65 		.ascii	"tile_width\000"
 1509      5F776964 
 1509      746800
 1510              	.LASF47:
 1511 0089 7364615F 		.ascii	"sda_setup_time_ns\000"
 1511      73657475 
 1511      705F7469 
 1511      6D655F6E 
 1511      7300
 1512              	.LASF70:
 1513 009b 63757273 		.ascii	"cursor_x\000"
 1513      6F725F78 
 1513      00
 1514              	.LASF71:
 1515 00a4 63757273 		.ascii	"cursor_y\000"
 1515      6F725F79 
 1515      00
 1516              	.LASF67:
 1517 00ad 73637265 		.ascii	"screen_buffer\000"
 1517      656E5F62 
 1517      75666665 
 1517      7200
 1518              	.LASF46:
 1519 00bb 706F7374 		.ascii	"post_reset_wait_ms\000"
 1519      5F726573 
 1519      65745F77 
 1519      6169745F 
 1519      6D7300
 1520              	.LASF62:
 1521 00ce 75386C6F 		.ascii	"u8log_t\000"
 1521      675F7400 
 1522              	.LASF84:
 1523 00d6 75386C6F 		.ascii	"u8log_u8x8_cb\000"
 1523      675F7538 
 1523      78385F63 
 1523      6200
 1524              	.LASF8:
ARM GAS  C:\Users\jesse\AppData\Local\Temp\ccbjsUgI.s 			page 30


 1525 00e4 5F5F7569 		.ascii	"__uint32_t\000"
 1525      6E743332 
 1525      5F7400
 1526              	.LASF88:
 1527 00ef 75387838 		.ascii	"u8x8_DrawLogLine\000"
 1527      5F447261 
 1527      774C6F67 
 1527      4C696E65 
 1527      00
 1528              	.LASF5:
 1529 0100 5F5F7569 		.ascii	"__uint16_t\000"
 1529      6E743136 
 1529      5F7400
 1530              	.LASF72:
 1531 010b 72656472 		.ascii	"redraw_line\000"
 1531      61775F6C 
 1531      696E6500 
 1532              	.LASF53:
 1533 0117 77726974 		.ascii	"write_pulse_width_ns\000"
 1533      655F7075 
 1533      6C73655F 
 1533      77696474 
 1533      685F6E73 
 1534              	.LASF68:
 1535 012c 69735F72 		.ascii	"is_redraw_line_for_each_char\000"
 1535      65647261 
 1535      775F6C69 
 1535      6E655F66 
 1535      6F725F65 
 1536              	.LASF14:
 1537 0149 75696E74 		.ascii	"uint8_t\000"
 1537      385F7400 
 1538              	.LASF43:
 1539 0151 706F7374 		.ascii	"post_chip_enable_wait_ns\000"
 1539      5F636869 
 1539      705F656E 
 1539      61626C65 
 1539      5F776169 
 1540              	.LASF77:
 1541 016a 75387838 		.ascii	"u8x8\000"
 1541      00
 1542              	.LASF78:
 1543 016f 64697370 		.ascii	"disp_x\000"
 1543      5F7800
 1544              	.LASF65:
 1545 0176 77696474 		.ascii	"width\000"
 1545      6800
 1546              	.LASF25:
 1547 017c 6275735F 		.ascii	"bus_clock\000"
 1547      636C6F63 
 1547      6B00
 1548              	.LASF56:
 1549 0186 64656661 		.ascii	"default_x_offset\000"
 1549      756C745F 
 1549      785F6F66 
 1549      66736574 
 1549      00
ARM GAS  C:\Users\jesse\AppData\Local\Temp\ccbjsUgI.s 			page 31


 1550              	.LASF38:
 1551 0197 75387838 		.ascii	"u8x8_display_info_t\000"
 1551      5F646973 
 1551      706C6179 
 1551      5F696E66 
 1551      6F5F7400 
 1552              	.LASF35:
 1553 01ab 6465626F 		.ascii	"debounce_last_pin_state\000"
 1553      756E6365 
 1553      5F6C6173 
 1553      745F7069 
 1553      6E5F7374 
 1554              	.LASF10:
 1555 01c3 6C6F6E67 		.ascii	"long long int\000"
 1555      206C6F6E 
 1555      6720696E 
 1555      7400
 1556              	.LASF33:
 1557 01d1 6770696F 		.ascii	"gpio_result\000"
 1557      5F726573 
 1557      756C7400 
 1558              	.LASF48:
 1559 01dd 73636B5F 		.ascii	"sck_pulse_width_ns\000"
 1559      70756C73 
 1559      655F7769 
 1559      6474685F 
 1559      6E7300
 1560              	.LASF7:
 1561 01f0 6C6F6E67 		.ascii	"long int\000"
 1561      20696E74 
 1561      00
 1562              	.LASF1:
 1563 01f9 5F5F7569 		.ascii	"__uint8_t\000"
 1563      6E74385F 
 1563      7400
 1564              	.LASF86:
 1565 0203 2E2E5C2E 		.ascii	"..\\..\\..\\u8g2\\u8g2\\csrc\\u8log_u8x8.c\000"
 1565      2E5C2E2E 
 1565      5C753867 
 1565      325C7538 
 1565      67325C63 
 1566              	.LASF21:
 1567 0228 64697370 		.ascii	"display_cb\000"
 1567      6C61795F 
 1567      636200
 1568              	.LASF52:
 1569 0233 64617461 		.ascii	"data_setup_time_ns\000"
 1569      5F736574 
 1569      75705F74 
 1569      696D655F 
 1569      6E7300
 1570              	.LASF63:
 1571 0246 75386C6F 		.ascii	"u8log_struct\000"
 1571      675F7374 
 1571      72756374 
 1571      00
 1572              	.LASF17:
ARM GAS  C:\Users\jesse\AppData\Local\Temp\ccbjsUgI.s 			page 32


 1573 0253 6C6F6E67 		.ascii	"long double\000"
 1573      20646F75 
 1573      626C6500 
 1574              	.LASF79:
 1575 025f 64697370 		.ascii	"disp_y\000"
 1575      5F7900
 1576              	.LASF55:
 1577 0266 74696C65 		.ascii	"tile_height\000"
 1577      5F686569 
 1577      67687400 
 1578              	.LASF76:
 1579 0272 75386C6F 		.ascii	"u8log_cb\000"
 1579      675F6362 
 1579      00
 1580              	.LASF3:
 1581 027b 756E7369 		.ascii	"unsigned char\000"
 1581      676E6564 
 1581      20636861 
 1581      7200
 1582              	.LASF89:
 1583 0289 75387838 		.ascii	"u8x8_DrawGlyph\000"
 1583      5F447261 
 1583      77476C79 
 1583      706800
 1584              	.LASF2:
 1585 0298 7369676E 		.ascii	"signed char\000"
 1585      65642063 
 1585      68617200 
 1586              	.LASF11:
 1587 02a4 6C6F6E67 		.ascii	"long long unsigned int\000"
 1587      206C6F6E 
 1587      6720756E 
 1587      7369676E 
 1587      65642069 
 1588              	.LASF16:
 1589 02bb 75696E74 		.ascii	"uint32_t\000"
 1589      33325F74 
 1589      00
 1590              	.LASF66:
 1591 02c4 68656967 		.ascii	"height\000"
 1591      687400
 1592              	.LASF12:
 1593 02cb 756E7369 		.ascii	"unsigned int\000"
 1593      676E6564 
 1593      20696E74 
 1593      00
 1594              	.LASF15:
 1595 02d8 75696E74 		.ascii	"uint16_t\000"
 1595      31365F74 
 1595      00
 1596              	.LASF40:
 1597 02e1 75387838 		.ascii	"u8x8_display_info_struct\000"
 1597      5F646973 
 1597      706C6179 
 1597      5F696E66 
 1597      6F5F7374 
 1598              	.LASF45:
ARM GAS  C:\Users\jesse\AppData\Local\Temp\ccbjsUgI.s 			page 33


 1599 02fa 72657365 		.ascii	"reset_pulse_width_ms\000"
 1599      745F7075 
 1599      6C73655F 
 1599      77696474 
 1599      685F6D73 
 1600              	.LASF18:
 1601 030f 75387838 		.ascii	"u8x8_t\000"
 1601      5F7400
 1602              	.LASF85:
 1603 0316 474E5520 		.ascii	"GNU C11 5.4.1 20160609 (release) [ARM/embedded-5-br"
 1603      43313120 
 1603      352E342E 
 1603      31203230 
 1603      31363036 
 1604 0349 616E6368 		.ascii	"anch revision 237715] -mcpu=cortex-m3 -mthumb -g -O"
 1604      20726576 
 1604      6973696F 
 1604      6E203233 
 1604      37373135 
 1605 037c 73202D66 		.ascii	"s -ffunction-sections -ffat-lto-objects\000"
 1605      66756E63 
 1605      74696F6E 
 1605      2D736563 
 1605      74696F6E 
 1606              	.LASF51:
 1607 03a4 6932635F 		.ascii	"i2c_bus_clock_100kHz\000"
 1607      6275735F 
 1607      636C6F63 
 1607      6B5F3130 
 1607      306B487A 
 1608              	.LASF49:
 1609 03b9 73636B5F 		.ascii	"sck_clock_hz\000"
 1609      636C6F63 
 1609      6B5F687A 
 1609      00
 1610              	.LASF87:
 1611 03c6 433A5C55 		.ascii	"C:\\Users\\jesse\\OneDrive\\Bureaublad\\practice_em"
 1611      73657273 
 1611      5C6A6573 
 1611      73655C4F 
 1611      6E654472 
 1612 03f4 62656464 		.ascii	"bedded\\Practice_EmbeddedProgramming\\Display_count"
 1612      65645C50 
 1612      72616374 
 1612      6963655F 
 1612      456D6265 
 1613 0425 2E637964 		.ascii	".cydsn\000"
 1613      736E00
 1614              	.LASF6:
 1615 042c 73686F72 		.ascii	"short unsigned int\000"
 1615      7420756E 
 1615      7369676E 
 1615      65642069 
 1615      6E7400
 1616              	.LASF61:
 1617 043f 75387838 		.ascii	"u8x8_char_cb\000"
 1617      5F636861 
ARM GAS  C:\Users\jesse\AppData\Local\Temp\ccbjsUgI.s 			page 34


 1617      725F6362 
 1617      00
 1618              	.LASF0:
 1619 044c 5F5F696E 		.ascii	"__int8_t\000"
 1619      74385F74 
 1619      00
 1620              	.LASF81:
 1621 0455 75386C6F 		.ascii	"u8log\000"
 1621      6700
 1622              	.LASF36:
 1623 045b 6465626F 		.ascii	"debounce_state\000"
 1623      756E6365 
 1623      5F737461 
 1623      746500
 1624              	.LASF19:
 1625 046a 64697370 		.ascii	"display_info\000"
 1625      6C61795F 
 1625      696E666F 
 1625      00
 1626              	.LASF59:
 1627 0477 70697865 		.ascii	"pixel_height\000"
 1627      6C5F6865 
 1627      69676874 
 1627      00
 1628              	.LASF58:
 1629 0484 70697865 		.ascii	"pixel_width\000"
 1629      6C5F7769 
 1629      64746800 
 1630              	.LASF32:
 1631 0490 75746638 		.ascii	"utf8_state\000"
 1631      5F737461 
 1631      746500
 1632              	.LASF39:
 1633 049b 75387838 		.ascii	"u8x8_struct\000"
 1633      5F737472 
 1633      75637400 
 1634              	.LASF75:
 1635 04a7 69735F72 		.ascii	"is_redraw_all_required_for_next_nl\000"
 1635      65647261 
 1635      775F616C 
 1635      6C5F7265 
 1635      71756972 
 1636              	.LASF9:
 1637 04ca 6C6F6E67 		.ascii	"long unsigned int\000"
 1637      20756E73 
 1637      69676E65 
 1637      6420696E 
 1637      7400
 1638              	.LASF74:
 1639 04dc 69735F72 		.ascii	"is_redraw_all\000"
 1639      65647261 
 1639      775F616C 
 1639      6C00
 1640              	.LASF82:
 1641 04ea 6275665F 		.ascii	"buf_x\000"
 1641      7800
 1642              	.LASF80:
ARM GAS  C:\Users\jesse\AppData\Local\Temp\ccbjsUgI.s 			page 35


 1643 04f0 6275665F 		.ascii	"buf_y\000"
 1643      7900
 1644              	.LASF23:
 1645 04f6 62797465 		.ascii	"byte_cb\000"
 1645      5F636200 
 1646              	.LASF42:
 1647 04fe 63686970 		.ascii	"chip_disable_level\000"
 1647      5F646973 
 1647      61626C65 
 1647      5F6C6576 
 1647      656C00
 1648              	.LASF73:
 1649 0511 69735F72 		.ascii	"is_redraw_line\000"
 1649      65647261 
 1649      775F6C69 
 1649      6E6500
 1650              	.LASF30:
 1651 0520 6932635F 		.ascii	"i2c_address\000"
 1651      61646472 
 1651      65737300 
 1652              	.LASF57:
 1653 052c 666C6970 		.ascii	"flipmode_x_offset\000"
 1653      6D6F6465 
 1653      5F785F6F 
 1653      66667365 
 1653      7400
 1654              	.LASF27:
 1655 053e 656E636F 		.ascii	"encoding\000"
 1655      64696E67 
 1655      00
 1656              	.LASF31:
 1657 0547 6932635F 		.ascii	"i2c_started\000"
 1657      73746172 
 1657      74656400 
 1658              	.LASF22:
 1659 0553 6361645F 		.ascii	"cad_cb\000"
 1659      636200
 1660              	.LASF83:
 1661 055a 75387838 		.ascii	"u8x8_DrawLog\000"
 1661      5F447261 
 1661      774C6F67 
 1661      00
 1662              	.LASF34:
 1663 0567 6465626F 		.ascii	"debounce_default_pin_state\000"
 1663      756E6365 
 1663      5F646566 
 1663      61756C74 
 1663      5F70696E 
 1664              	.LASF60:
 1665 0582 75387838 		.ascii	"u8x8_msg_cb\000"
 1665      5F6D7367 
 1665      5F636200 
 1666              	.LASF69:
 1667 058e 6C696E65 		.ascii	"line_height_offset\000"
 1667      5F686569 
 1667      6768745F 
 1667      6F666673 
ARM GAS  C:\Users\jesse\AppData\Local\Temp\ccbjsUgI.s 			page 36


 1667      657400
 1668              	.LASF20:
 1669 05a1 6E657874 		.ascii	"next_cb\000"
 1669      5F636200 
 1670              	.LASF44:
 1671 05a9 7072655F 		.ascii	"pre_chip_disable_wait_ns\000"
 1671      63686970 
 1671      5F646973 
 1671      61626C65 
 1671      5F776169 
 1672              		.ident	"GCC: (GNU Tools for ARM Embedded Processors) 5.4.1 20160609 (release) [ARM/embedded-5-bran
