ARM GAS  C:\Users\jesse\AppData\Local\Temp\ccwE8Clq.s 			page 1


   1              		.syntax unified
   2              		.cpu cortex-m3
   3              		.fpu softvfp
   4              		.eabi_attribute 20, 1
   5              		.eabi_attribute 21, 1
   6              		.eabi_attribute 23, 3
   7              		.eabi_attribute 24, 1
   8              		.eabi_attribute 25, 1
   9              		.eabi_attribute 26, 1
  10              		.eabi_attribute 30, 4
  11              		.eabi_attribute 34, 1
  12              		.eabi_attribute 18, 4
  13              		.thumb
  14              		.syntax unified
  15              		.file	"u8x8_u16toa.c"
  16              		.text
  17              	.Ltext0:
  18              		.cfi_sections	.debug_frame
  19              		.section	.text.u8x8_u16toap,"ax",%progbits
  20              		.align	1
  21              		.global	u8x8_u16toap
  22              		.thumb
  23              		.thumb_func
  24              		.type	u8x8_u16toap, %function
  25              	u8x8_u16toap:
  26              	.LFB0:
  27              		.file 1 "..\\..\\..\\u8g2\\u8g2\\csrc\\u8x8_u16toa.c"
   1:..\..\..\u8g2\u8g2\csrc/u8x8_u16toa.c **** /*
   2:..\..\..\u8g2\u8g2\csrc/u8x8_u16toa.c **** 
   3:..\..\..\u8g2\u8g2\csrc/u8x8_u16toa.c ****   u8x8_u16toa.c
   4:..\..\..\u8g2\u8g2\csrc/u8x8_u16toa.c **** 
   5:..\..\..\u8g2\u8g2\csrc/u8x8_u16toa.c ****   Universal 8bit Graphics Library (https://github.com/olikraus/u8g2/)
   6:..\..\..\u8g2\u8g2\csrc/u8x8_u16toa.c **** 
   7:..\..\..\u8g2\u8g2\csrc/u8x8_u16toa.c ****   Copyright (c) 2016, olikraus@gmail.com
   8:..\..\..\u8g2\u8g2\csrc/u8x8_u16toa.c ****   All rights reserved.
   9:..\..\..\u8g2\u8g2\csrc/u8x8_u16toa.c **** 
  10:..\..\..\u8g2\u8g2\csrc/u8x8_u16toa.c ****   Redistribution and use in source and binary forms, with or without modification, 
  11:..\..\..\u8g2\u8g2\csrc/u8x8_u16toa.c ****   are permitted provided that the following conditions are met:
  12:..\..\..\u8g2\u8g2\csrc/u8x8_u16toa.c **** 
  13:..\..\..\u8g2\u8g2\csrc/u8x8_u16toa.c ****   * Redistributions of source code must retain the above copyright notice, this list 
  14:..\..\..\u8g2\u8g2\csrc/u8x8_u16toa.c ****     of conditions and the following disclaimer.
  15:..\..\..\u8g2\u8g2\csrc/u8x8_u16toa.c ****     
  16:..\..\..\u8g2\u8g2\csrc/u8x8_u16toa.c ****   * Redistributions in binary form must reproduce the above copyright notice, this 
  17:..\..\..\u8g2\u8g2\csrc/u8x8_u16toa.c ****     list of conditions and the following disclaimer in the documentation and/or other 
  18:..\..\..\u8g2\u8g2\csrc/u8x8_u16toa.c ****     materials provided with the distribution.
  19:..\..\..\u8g2\u8g2\csrc/u8x8_u16toa.c **** 
  20:..\..\..\u8g2\u8g2\csrc/u8x8_u16toa.c ****   THIS SOFTWARE IS PROVIDED BY THE COPYRIGHT HOLDERS AND 
  21:..\..\..\u8g2\u8g2\csrc/u8x8_u16toa.c ****   CONTRIBUTORS "AS IS" AND ANY EXPRESS OR IMPLIED WARRANTIES, 
  22:..\..\..\u8g2\u8g2\csrc/u8x8_u16toa.c ****   INCLUDING, BUT NOT LIMITED TO, THE IMPLIED WARRANTIES OF 
  23:..\..\..\u8g2\u8g2\csrc/u8x8_u16toa.c ****   MERCHANTABILITY AND FITNESS FOR A PARTICULAR PURPOSE ARE 
  24:..\..\..\u8g2\u8g2\csrc/u8x8_u16toa.c ****   DISCLAIMED. IN NO EVENT SHALL THE COPYRIGHT HOLDER OR 
  25:..\..\..\u8g2\u8g2\csrc/u8x8_u16toa.c ****   CONTRIBUTORS BE LIABLE FOR ANY DIRECT, INDIRECT, INCIDENTAL, 
  26:..\..\..\u8g2\u8g2\csrc/u8x8_u16toa.c ****   SPECIAL, EXEMPLARY, OR CONSEQUENTIAL DAMAGES (INCLUDING, BUT 
  27:..\..\..\u8g2\u8g2\csrc/u8x8_u16toa.c ****   NOT LIMITED TO, PROCUREMENT OF SUBSTITUTE GOODS OR SERVICES; 
  28:..\..\..\u8g2\u8g2\csrc/u8x8_u16toa.c ****   LOSS OF USE, DATA, OR PROFITS; OR BUSINESS INTERRUPTION) HOWEVER 
  29:..\..\..\u8g2\u8g2\csrc/u8x8_u16toa.c ****   CAUSED AND ON ANY THEORY OF LIABILITY, WHETHER IN CONTRACT, 
  30:..\..\..\u8g2\u8g2\csrc/u8x8_u16toa.c ****   STRICT LIABILITY, OR TORT (INCLUDING NEGLIGENCE OR OTHERWISE) 
ARM GAS  C:\Users\jesse\AppData\Local\Temp\ccwE8Clq.s 			page 2


  31:..\..\..\u8g2\u8g2\csrc/u8x8_u16toa.c ****   ARISING IN ANY WAY OUT OF THE USE OF THIS SOFTWARE, EVEN IF 
  32:..\..\..\u8g2\u8g2\csrc/u8x8_u16toa.c ****   ADVISED OF THE POSSIBILITY OF SUCH DAMAGE.  
  33:..\..\..\u8g2\u8g2\csrc/u8x8_u16toa.c **** 
  34:..\..\..\u8g2\u8g2\csrc/u8x8_u16toa.c ****   
  35:..\..\..\u8g2\u8g2\csrc/u8x8_u16toa.c **** */
  36:..\..\..\u8g2\u8g2\csrc/u8x8_u16toa.c **** 
  37:..\..\..\u8g2\u8g2\csrc/u8x8_u16toa.c **** 
  38:..\..\..\u8g2\u8g2\csrc/u8x8_u16toa.c **** #include "u8x8.h"
  39:..\..\..\u8g2\u8g2\csrc/u8x8_u16toa.c **** 
  40:..\..\..\u8g2\u8g2\csrc/u8x8_u16toa.c **** const char *u8x8_u16toap(char * dest, uint16_t v)
  41:..\..\..\u8g2\u8g2\csrc/u8x8_u16toa.c **** {
  28              		.loc 1 41 0
  29              		.cfi_startproc
  30              		@ args = 0, pretend = 0, frame = 0
  31              		@ frame_needed = 0, uses_anonymous_args = 0
  32              	.LVL0:
  42:..\..\..\u8g2\u8g2\csrc/u8x8_u16toa.c ****   uint8_t pos;
  43:..\..\..\u8g2\u8g2\csrc/u8x8_u16toa.c ****   uint8_t d;
  44:..\..\..\u8g2\u8g2\csrc/u8x8_u16toa.c ****   uint16_t c;
  45:..\..\..\u8g2\u8g2\csrc/u8x8_u16toa.c ****   c = 10000;
  33              		.loc 1 45 0
  34 0000 42F21072 		movw	r2, #10000
  41:..\..\..\u8g2\u8g2\csrc/u8x8_u16toa.c ****   uint8_t pos;
  35              		.loc 1 41 0
  36 0004 70B5     		push	{r4, r5, r6, lr}
  37              		.cfi_def_cfa_offset 16
  38              		.cfi_offset 4, -16
  39              		.cfi_offset 5, -12
  40              		.cfi_offset 6, -8
  41              		.cfi_offset 14, -4
  42 0006 441E     		subs	r4, r0, #1
  43 0008 051D     		adds	r5, r0, #4
  46:..\..\..\u8g2\u8g2\csrc/u8x8_u16toa.c ****   for( pos = 0; pos < 5; pos++ )
  47:..\..\..\u8g2\u8g2\csrc/u8x8_u16toa.c ****   {
  48:..\..\..\u8g2\u8g2\csrc/u8x8_u16toa.c ****       d = '0';
  49:..\..\..\u8g2\u8g2\csrc/u8x8_u16toa.c ****       while( v >= c )
  50:..\..\..\u8g2\u8g2\csrc/u8x8_u16toa.c ****       {
  51:..\..\..\u8g2\u8g2\csrc/u8x8_u16toa.c **** 	v -= c;
  52:..\..\..\u8g2\u8g2\csrc/u8x8_u16toa.c **** 	d++;
  53:..\..\..\u8g2\u8g2\csrc/u8x8_u16toa.c ****       }
  54:..\..\..\u8g2\u8g2\csrc/u8x8_u16toa.c ****       dest[pos] = d;
  55:..\..\..\u8g2\u8g2\csrc/u8x8_u16toa.c ****       c /= 10;
  44              		.loc 1 55 0
  45 000a 0A26     		movs	r6, #10
  46              	.LVL1:
  47              	.L2:
  41:..\..\..\u8g2\u8g2\csrc/u8x8_u16toa.c ****   uint8_t pos;
  48              		.loc 1 41 0
  49 000c 3023     		movs	r3, #48
  50              	.L5:
  51              	.LVL2:
  49:..\..\..\u8g2\u8g2\csrc/u8x8_u16toa.c ****       {
  52              		.loc 1 49 0
  53 000e 9142     		cmp	r1, r2
  54 0010 04D3     		bcc	.L7
  51:..\..\..\u8g2\u8g2\csrc/u8x8_u16toa.c **** 	d++;
  55              		.loc 1 51 0
ARM GAS  C:\Users\jesse\AppData\Local\Temp\ccwE8Clq.s 			page 3


  56 0012 891A     		subs	r1, r1, r2
  57              	.LVL3:
  52:..\..\..\u8g2\u8g2\csrc/u8x8_u16toa.c ****       }
  58              		.loc 1 52 0
  59 0014 0133     		adds	r3, r3, #1
  60              	.LVL4:
  51:..\..\..\u8g2\u8g2\csrc/u8x8_u16toa.c **** 	d++;
  61              		.loc 1 51 0
  62 0016 89B2     		uxth	r1, r1
  63              	.LVL5:
  52:..\..\..\u8g2\u8g2\csrc/u8x8_u16toa.c ****       }
  64              		.loc 1 52 0
  65 0018 DBB2     		uxtb	r3, r3
  66              	.LVL6:
  67 001a F8E7     		b	.L5
  68              	.L7:
  54:..\..\..\u8g2\u8g2\csrc/u8x8_u16toa.c ****       c /= 10;
  69              		.loc 1 54 0 discriminator 2
  70 001c 04F8013F 		strb	r3, [r4, #1]!
  46:..\..\..\u8g2\u8g2\csrc/u8x8_u16toa.c ****   {
  71              		.loc 1 46 0 discriminator 2
  72 0020 AC42     		cmp	r4, r5
  73              		.loc 1 55 0 discriminator 2
  74 0022 B2FBF6F2 		udiv	r2, r2, r6
  75              	.LVL7:
  46:..\..\..\u8g2\u8g2\csrc/u8x8_u16toa.c ****   {
  76              		.loc 1 46 0 discriminator 2
  77 0026 F1D1     		bne	.L2
  56:..\..\..\u8g2\u8g2\csrc/u8x8_u16toa.c ****   }  
  57:..\..\..\u8g2\u8g2\csrc/u8x8_u16toa.c ****   dest[5] = '\0';
  78              		.loc 1 57 0
  79 0028 0023     		movs	r3, #0
  80              	.LVL8:
  81 002a 4371     		strb	r3, [r0, #5]
  82              	.LVL9:
  58:..\..\..\u8g2\u8g2\csrc/u8x8_u16toa.c ****   return dest;
  59:..\..\..\u8g2\u8g2\csrc/u8x8_u16toa.c **** }
  83              		.loc 1 59 0
  84 002c 70BD     		pop	{r4, r5, r6, pc}
  85              		.cfi_endproc
  86              	.LFE0:
  87              		.size	u8x8_u16toap, .-u8x8_u16toap
  88              		.section	.text.u8x8_u16toa,"ax",%progbits
  89              		.align	1
  90              		.global	u8x8_u16toa
  91              		.thumb
  92              		.thumb_func
  93              		.type	u8x8_u16toa, %function
  94              	u8x8_u16toa:
  95              	.LFB1:
  60:..\..\..\u8g2\u8g2\csrc/u8x8_u16toa.c **** 
  61:..\..\..\u8g2\u8g2\csrc/u8x8_u16toa.c **** /* v = value, d = number of digits */
  62:..\..\..\u8g2\u8g2\csrc/u8x8_u16toa.c **** const char *u8x8_u16toa(uint16_t v, uint8_t d)
  63:..\..\..\u8g2\u8g2\csrc/u8x8_u16toa.c **** {
  96              		.loc 1 63 0
  97              		.cfi_startproc
  98              		@ args = 0, pretend = 0, frame = 0
ARM GAS  C:\Users\jesse\AppData\Local\Temp\ccwE8Clq.s 			page 4


  99              		@ frame_needed = 0, uses_anonymous_args = 0
 100              	.LVL10:
 101 0000 10B5     		push	{r4, lr}
 102              		.cfi_def_cfa_offset 8
 103              		.cfi_offset 4, -8
 104              		.cfi_offset 14, -4
 105              		.loc 1 63 0
 106 0002 0C46     		mov	r4, r1
 107              	.LVL11:
  64:..\..\..\u8g2\u8g2\csrc/u8x8_u16toa.c ****   static char buf[6];
  65:..\..\..\u8g2\u8g2\csrc/u8x8_u16toa.c ****   d = 5-d;
  66:..\..\..\u8g2\u8g2\csrc/u8x8_u16toa.c ****   return u8x8_u16toap(buf, v) + d;
 108              		.loc 1 66 0
 109 0004 0146     		mov	r1, r0
 110 0006 0448     		ldr	r0, .L9
 111              	.LVL12:
 112 0008 FFF7FEFF 		bl	u8x8_u16toap
 113              	.LVL13:
 114 000c C4F10504 		rsb	r4, r4, #5
 115              	.LVL14:
 116 0010 E4B2     		uxtb	r4, r4
  67:..\..\..\u8g2\u8g2\csrc/u8x8_u16toa.c **** }
 117              		.loc 1 67 0
 118 0012 2044     		add	r0, r0, r4
 119 0014 10BD     		pop	{r4, pc}
 120              	.L10:
 121 0016 00BF     		.align	2
 122              	.L9:
 123 0018 00000000 		.word	.LANCHOR0
 124              		.cfi_endproc
 125              	.LFE1:
 126              		.size	u8x8_u16toa, .-u8x8_u16toa
 127              		.section	.text.u8x8_utoa,"ax",%progbits
 128              		.align	1
 129              		.global	u8x8_utoa
 130              		.thumb
 131              		.thumb_func
 132              		.type	u8x8_utoa, %function
 133              	u8x8_utoa:
 134              	.LFB2:
  68:..\..\..\u8g2\u8g2\csrc/u8x8_u16toa.c **** 
  69:..\..\..\u8g2\u8g2\csrc/u8x8_u16toa.c **** const char *u8x8_utoa(uint16_t v)
  70:..\..\..\u8g2\u8g2\csrc/u8x8_u16toa.c **** {
 135              		.loc 1 70 0
 136              		.cfi_startproc
 137              		@ args = 0, pretend = 0, frame = 0
 138              		@ frame_needed = 0, uses_anonymous_args = 0
 139              	.LVL15:
 140 0000 08B5     		push	{r3, lr}
 141              		.cfi_def_cfa_offset 8
 142              		.cfi_offset 3, -8
 143              		.cfi_offset 14, -4
  71:..\..\..\u8g2\u8g2\csrc/u8x8_u16toa.c ****   const char *s = u8x8_u16toa(v, 5);
 144              		.loc 1 71 0
 145 0002 0521     		movs	r1, #5
 146 0004 FFF7FEFF 		bl	u8x8_u16toa
 147              	.LVL16:
ARM GAS  C:\Users\jesse\AppData\Local\Temp\ccwE8Clq.s 			page 5


 148              	.L12:
  72:..\..\..\u8g2\u8g2\csrc/u8x8_u16toa.c ****   while( *s == '0' )
 149              		.loc 1 72 0
 150 0008 0278     		ldrb	r2, [r0]	@ zero_extendqisi2
 151 000a 0346     		mov	r3, r0
 152              	.LVL17:
 153 000c 302A     		cmp	r2, #48
 154 000e 00F10100 		add	r0, r0, #1
 155              	.LVL18:
 156 0012 F9D0     		beq	.L12
  73:..\..\..\u8g2\u8g2\csrc/u8x8_u16toa.c ****     s++;
  74:..\..\..\u8g2\u8g2\csrc/u8x8_u16toa.c ****   if ( *s == '\0' )
 157              		.loc 1 74 0
 158 0014 02B9     		cbnz	r2, .L13
  75:..\..\..\u8g2\u8g2\csrc/u8x8_u16toa.c ****     s--;
 159              		.loc 1 75 0
 160 0016 013B     		subs	r3, r3, #1
 161              	.LVL19:
 162              	.L13:
  76:..\..\..\u8g2\u8g2\csrc/u8x8_u16toa.c ****   return s;
  77:..\..\..\u8g2\u8g2\csrc/u8x8_u16toa.c **** }...
 163              		.loc 1 77 0
 164 0018 1846     		mov	r0, r3
 165 001a 08BD     		pop	{r3, pc}
 166              		.cfi_endproc
 167              	.LFE2:
 168              		.size	u8x8_utoa, .-u8x8_utoa
 169              		.bss
 170              		.set	.LANCHOR0,. + 0
 171              		.type	buf.5786, %object
 172              		.size	buf.5786, 6
 173              	buf.5786:
 174 0000 00000000 		.space	6
 174      0000
 175              		.text
 176              	.Letext0:
 177              		.file 2 "c:\\program files (x86)\\cypress\\psoc creator\\4.4\\psoc creator\\import\\gnu\\arm\\5.4.
 178              		.file 3 "c:\\program files (x86)\\cypress\\psoc creator\\4.4\\psoc creator\\import\\gnu\\arm\\5.4.
 179              		.section	.debug_info,"",%progbits
 180              	.Ldebug_info0:
 181 0000 BE010000 		.4byte	0x1be
 182 0004 0400     		.2byte	0x4
 183 0006 00000000 		.4byte	.Ldebug_abbrev0
 184 000a 04       		.byte	0x4
 185 000b 01       		.uleb128 0x1
 186 000c 20010000 		.4byte	.LASF19
 187 0010 0C       		.byte	0xc
 188 0011 E0010000 		.4byte	.LASF20
 189 0015 95000000 		.4byte	.LASF21
 190 0019 00000000 		.4byte	.Ldebug_ranges0+0
 191 001d 00000000 		.4byte	0
 192 0021 00000000 		.4byte	.Ldebug_line0
 193 0025 02       		.uleb128 0x2
 194 0026 01       		.byte	0x1
 195 0027 06       		.byte	0x6
 196 0028 6A000000 		.4byte	.LASF0
 197 002c 03       		.uleb128 0x3
ARM GAS  C:\Users\jesse\AppData\Local\Temp\ccwE8Clq.s 			page 6


 198 002d 60000000 		.4byte	.LASF3
 199 0031 02       		.byte	0x2
 200 0032 1D       		.byte	0x1d
 201 0033 37000000 		.4byte	0x37
 202 0037 02       		.uleb128 0x2
 203 0038 01       		.byte	0x1
 204 0039 08       		.byte	0x8
 205 003a 33000000 		.4byte	.LASF1
 206 003e 02       		.uleb128 0x2
 207 003f 02       		.byte	0x2
 208 0040 05       		.byte	0x5
 209 0041 C3010000 		.4byte	.LASF2
 210 0045 03       		.uleb128 0x3
 211 0046 76000000 		.4byte	.LASF4
 212 004a 02       		.byte	0x2
 213 004b 2B       		.byte	0x2b
 214 004c 50000000 		.4byte	0x50
 215 0050 02       		.uleb128 0x2
 216 0051 02       		.byte	0x2
 217 0052 07       		.byte	0x7
 218 0053 0E000000 		.4byte	.LASF5
 219 0057 02       		.uleb128 0x2
 220 0058 04       		.byte	0x4
 221 0059 05       		.byte	0x5
 222 005a 00010000 		.4byte	.LASF6
 223 005e 02       		.uleb128 0x2
 224 005f 04       		.byte	0x4
 225 0060 07       		.byte	0x7
 226 0061 4E000000 		.4byte	.LASF7
 227 0065 02       		.uleb128 0x2
 228 0066 08       		.byte	0x8
 229 0067 05       		.byte	0x5
 230 0068 00000000 		.4byte	.LASF8
 231 006c 02       		.uleb128 0x2
 232 006d 08       		.byte	0x8
 233 006e 07       		.byte	0x7
 234 006f 09010000 		.4byte	.LASF9
 235 0073 04       		.uleb128 0x4
 236 0074 04       		.byte	0x4
 237 0075 05       		.byte	0x5
 238 0076 696E7400 		.ascii	"int\000"
 239 007a 02       		.uleb128 0x2
 240 007b 04       		.byte	0x4
 241 007c 07       		.byte	0x7
 242 007d 21000000 		.4byte	.LASF10
 243 0081 03       		.uleb128 0x3
 244 0082 81000000 		.4byte	.LASF11
 245 0086 03       		.byte	0x3
 246 0087 18       		.byte	0x18
 247 0088 2C000000 		.4byte	0x2c
 248 008c 03       		.uleb128 0x3
 249 008d AE010000 		.4byte	.LASF12
 250 0091 03       		.byte	0x3
 251 0092 24       		.byte	0x24
 252 0093 45000000 		.4byte	0x45
 253 0097 02       		.uleb128 0x2
 254 0098 08       		.byte	0x8
ARM GAS  C:\Users\jesse\AppData\Local\Temp\ccwE8Clq.s 			page 7


 255 0099 04       		.byte	0x4
 256 009a B7010000 		.4byte	.LASF13
 257 009e 05       		.uleb128 0x5
 258 009f 41000000 		.4byte	.LASF16
 259 00a3 01       		.byte	0x1
 260 00a4 28       		.byte	0x28
 261 00a5 FB000000 		.4byte	0xfb
 262 00a9 00000000 		.4byte	.LFB0
 263 00ad 2E000000 		.4byte	.LFE0-.LFB0
 264 00b1 01       		.uleb128 0x1
 265 00b2 9C       		.byte	0x9c
 266 00b3 FB000000 		.4byte	0xfb
 267 00b7 06       		.uleb128 0x6
 268 00b8 2E000000 		.4byte	.LASF14
 269 00bc 01       		.byte	0x1
 270 00bd 28       		.byte	0x28
 271 00be 0D010000 		.4byte	0x10d
 272 00c2 01       		.uleb128 0x1
 273 00c3 50       		.byte	0x50
 274 00c4 07       		.uleb128 0x7
 275 00c5 7600     		.ascii	"v\000"
 276 00c7 01       		.byte	0x1
 277 00c8 28       		.byte	0x28
 278 00c9 8C000000 		.4byte	0x8c
 279 00cd 00000000 		.4byte	.LLST0
 280 00d1 08       		.uleb128 0x8
 281 00d2 706F7300 		.ascii	"pos\000"
 282 00d6 01       		.byte	0x1
 283 00d7 2A       		.byte	0x2a
 284 00d8 81000000 		.4byte	0x81
 285 00dc 1E000000 		.4byte	.LLST1
 286 00e0 08       		.uleb128 0x8
 287 00e1 6400     		.ascii	"d\000"
 288 00e3 01       		.byte	0x1
 289 00e4 2B       		.byte	0x2b
 290 00e5 81000000 		.4byte	0x81
 291 00e9 32000000 		.4byte	.LLST2
 292 00ed 08       		.uleb128 0x8
 293 00ee 6300     		.ascii	"c\000"
 294 00f0 01       		.byte	0x1
 295 00f1 2C       		.byte	0x2c
 296 00f2 8C000000 		.4byte	0x8c
 297 00f6 5C000000 		.4byte	.LLST3
 298 00fa 00       		.byte	0
 299 00fb 09       		.uleb128 0x9
 300 00fc 04       		.byte	0x4
 301 00fd 08010000 		.4byte	0x108
 302 0101 02       		.uleb128 0x2
 303 0102 01       		.byte	0x1
 304 0103 08       		.byte	0x8
 305 0104 FB000000 		.4byte	.LASF15
 306 0108 0A       		.uleb128 0xa
 307 0109 01010000 		.4byte	0x101
 308 010d 09       		.uleb128 0x9
 309 010e 04       		.byte	0x4
 310 010f 01010000 		.4byte	0x101
 311 0113 05       		.uleb128 0x5
ARM GAS  C:\Users\jesse\AppData\Local\Temp\ccwE8Clq.s 			page 8


 312 0114 89000000 		.4byte	.LASF17
 313 0118 01       		.byte	0x1
 314 0119 3E       		.byte	0x3e
 315 011a FB000000 		.4byte	0xfb
 316 011e 00000000 		.4byte	.LFB1
 317 0122 1C000000 		.4byte	.LFE1-.LFB1
 318 0126 01       		.uleb128 0x1
 319 0127 9C       		.byte	0x9c
 320 0128 6B010000 		.4byte	0x16b
 321 012c 07       		.uleb128 0x7
 322 012d 7600     		.ascii	"v\000"
 323 012f 01       		.byte	0x1
 324 0130 3E       		.byte	0x3e
 325 0131 8C000000 		.4byte	0x8c
 326 0135 7D000000 		.4byte	.LLST4
 327 0139 07       		.uleb128 0x7
 328 013a 6400     		.ascii	"d\000"
 329 013c 01       		.byte	0x1
 330 013d 3E       		.byte	0x3e
 331 013e 81000000 		.4byte	0x81
 332 0142 9E000000 		.4byte	.LLST5
 333 0146 0B       		.uleb128 0xb
 334 0147 62756600 		.ascii	"buf\000"
 335 014b 01       		.byte	0x1
 336 014c 40       		.byte	0x40
 337 014d 6B010000 		.4byte	0x16b
 338 0151 05       		.uleb128 0x5
 339 0152 03       		.byte	0x3
 340 0153 00000000 		.4byte	buf.5786
 341 0157 0C       		.uleb128 0xc
 342 0158 0C000000 		.4byte	.LVL13
 343 015c 9E000000 		.4byte	0x9e
 344 0160 0D       		.uleb128 0xd
 345 0161 01       		.uleb128 0x1
 346 0162 50       		.byte	0x50
 347 0163 05       		.uleb128 0x5
 348 0164 03       		.byte	0x3
 349 0165 00000000 		.4byte	.LANCHOR0
 350 0169 00       		.byte	0
 351 016a 00       		.byte	0
 352 016b 0E       		.uleb128 0xe
 353 016c 01010000 		.4byte	0x101
 354 0170 7B010000 		.4byte	0x17b
 355 0174 0F       		.uleb128 0xf
 356 0175 7B010000 		.4byte	0x17b
 357 0179 05       		.byte	0x5
 358 017a 00       		.byte	0
 359 017b 02       		.uleb128 0x2
 360 017c 04       		.byte	0x4
 361 017d 07       		.byte	0x7
 362 017e D7010000 		.4byte	.LASF18
 363 0182 10       		.uleb128 0x10
 364 0183 CD010000 		.4byte	.LASF22
 365 0187 01       		.byte	0x1
 366 0188 45       		.byte	0x45
 367 0189 FB000000 		.4byte	0xfb
 368 018d 00000000 		.4byte	.LFB2
ARM GAS  C:\Users\jesse\AppData\Local\Temp\ccwE8Clq.s 			page 9


 369 0191 1C000000 		.4byte	.LFE2-.LFB2
 370 0195 01       		.uleb128 0x1
 371 0196 9C       		.byte	0x9c
 372 0197 07       		.uleb128 0x7
 373 0198 7600     		.ascii	"v\000"
 374 019a 01       		.byte	0x1
 375 019b 45       		.byte	0x45
 376 019c 8C000000 		.4byte	0x8c
 377 01a0 C0000000 		.4byte	.LLST6
 378 01a4 08       		.uleb128 0x8
 379 01a5 7300     		.ascii	"s\000"
 380 01a7 01       		.byte	0x1
 381 01a8 47       		.byte	0x47
 382 01a9 FB000000 		.4byte	0xfb
 383 01ad E1000000 		.4byte	.LLST7
 384 01b1 0C       		.uleb128 0xc
 385 01b2 08000000 		.4byte	.LVL16
 386 01b6 13010000 		.4byte	0x113
 387 01ba 0D       		.uleb128 0xd
 388 01bb 01       		.uleb128 0x1
 389 01bc 51       		.byte	0x51
 390 01bd 01       		.uleb128 0x1
 391 01be 35       		.byte	0x35
 392 01bf 00       		.byte	0
 393 01c0 00       		.byte	0
 394 01c1 00       		.byte	0
 395              		.section	.debug_abbrev,"",%progbits
 396              	.Ldebug_abbrev0:
 397 0000 01       		.uleb128 0x1
 398 0001 11       		.uleb128 0x11
 399 0002 01       		.byte	0x1
 400 0003 25       		.uleb128 0x25
 401 0004 0E       		.uleb128 0xe
 402 0005 13       		.uleb128 0x13
 403 0006 0B       		.uleb128 0xb
 404 0007 03       		.uleb128 0x3
 405 0008 0E       		.uleb128 0xe
 406 0009 1B       		.uleb128 0x1b
 407 000a 0E       		.uleb128 0xe
 408 000b 55       		.uleb128 0x55
 409 000c 17       		.uleb128 0x17
 410 000d 11       		.uleb128 0x11
 411 000e 01       		.uleb128 0x1
 412 000f 10       		.uleb128 0x10
 413 0010 17       		.uleb128 0x17
 414 0011 00       		.byte	0
 415 0012 00       		.byte	0
 416 0013 02       		.uleb128 0x2
 417 0014 24       		.uleb128 0x24
 418 0015 00       		.byte	0
 419 0016 0B       		.uleb128 0xb
 420 0017 0B       		.uleb128 0xb
 421 0018 3E       		.uleb128 0x3e
 422 0019 0B       		.uleb128 0xb
 423 001a 03       		.uleb128 0x3
 424 001b 0E       		.uleb128 0xe
 425 001c 00       		.byte	0
ARM GAS  C:\Users\jesse\AppData\Local\Temp\ccwE8Clq.s 			page 10


 426 001d 00       		.byte	0
 427 001e 03       		.uleb128 0x3
 428 001f 16       		.uleb128 0x16
 429 0020 00       		.byte	0
 430 0021 03       		.uleb128 0x3
 431 0022 0E       		.uleb128 0xe
 432 0023 3A       		.uleb128 0x3a
 433 0024 0B       		.uleb128 0xb
 434 0025 3B       		.uleb128 0x3b
 435 0026 0B       		.uleb128 0xb
 436 0027 49       		.uleb128 0x49
 437 0028 13       		.uleb128 0x13
 438 0029 00       		.byte	0
 439 002a 00       		.byte	0
 440 002b 04       		.uleb128 0x4
 441 002c 24       		.uleb128 0x24
 442 002d 00       		.byte	0
 443 002e 0B       		.uleb128 0xb
 444 002f 0B       		.uleb128 0xb
 445 0030 3E       		.uleb128 0x3e
 446 0031 0B       		.uleb128 0xb
 447 0032 03       		.uleb128 0x3
 448 0033 08       		.uleb128 0x8
 449 0034 00       		.byte	0
 450 0035 00       		.byte	0
 451 0036 05       		.uleb128 0x5
 452 0037 2E       		.uleb128 0x2e
 453 0038 01       		.byte	0x1
 454 0039 3F       		.uleb128 0x3f
 455 003a 19       		.uleb128 0x19
 456 003b 03       		.uleb128 0x3
 457 003c 0E       		.uleb128 0xe
 458 003d 3A       		.uleb128 0x3a
 459 003e 0B       		.uleb128 0xb
 460 003f 3B       		.uleb128 0x3b
 461 0040 0B       		.uleb128 0xb
 462 0041 27       		.uleb128 0x27
 463 0042 19       		.uleb128 0x19
 464 0043 49       		.uleb128 0x49
 465 0044 13       		.uleb128 0x13
 466 0045 11       		.uleb128 0x11
 467 0046 01       		.uleb128 0x1
 468 0047 12       		.uleb128 0x12
 469 0048 06       		.uleb128 0x6
 470 0049 40       		.uleb128 0x40
 471 004a 18       		.uleb128 0x18
 472 004b 9742     		.uleb128 0x2117
 473 004d 19       		.uleb128 0x19
 474 004e 01       		.uleb128 0x1
 475 004f 13       		.uleb128 0x13
 476 0050 00       		.byte	0
 477 0051 00       		.byte	0
 478 0052 06       		.uleb128 0x6
 479 0053 05       		.uleb128 0x5
 480 0054 00       		.byte	0
 481 0055 03       		.uleb128 0x3
 482 0056 0E       		.uleb128 0xe
ARM GAS  C:\Users\jesse\AppData\Local\Temp\ccwE8Clq.s 			page 11


 483 0057 3A       		.uleb128 0x3a
 484 0058 0B       		.uleb128 0xb
 485 0059 3B       		.uleb128 0x3b
 486 005a 0B       		.uleb128 0xb
 487 005b 49       		.uleb128 0x49
 488 005c 13       		.uleb128 0x13
 489 005d 02       		.uleb128 0x2
 490 005e 18       		.uleb128 0x18
 491 005f 00       		.byte	0
 492 0060 00       		.byte	0
 493 0061 07       		.uleb128 0x7
 494 0062 05       		.uleb128 0x5
 495 0063 00       		.byte	0
 496 0064 03       		.uleb128 0x3
 497 0065 08       		.uleb128 0x8
 498 0066 3A       		.uleb128 0x3a
 499 0067 0B       		.uleb128 0xb
 500 0068 3B       		.uleb128 0x3b
 501 0069 0B       		.uleb128 0xb
 502 006a 49       		.uleb128 0x49
 503 006b 13       		.uleb128 0x13
 504 006c 02       		.uleb128 0x2
 505 006d 17       		.uleb128 0x17
 506 006e 00       		.byte	0
 507 006f 00       		.byte	0
 508 0070 08       		.uleb128 0x8
 509 0071 34       		.uleb128 0x34
 510 0072 00       		.byte	0
 511 0073 03       		.uleb128 0x3
 512 0074 08       		.uleb128 0x8
 513 0075 3A       		.uleb128 0x3a
 514 0076 0B       		.uleb128 0xb
 515 0077 3B       		.uleb128 0x3b
 516 0078 0B       		.uleb128 0xb
 517 0079 49       		.uleb128 0x49
 518 007a 13       		.uleb128 0x13
 519 007b 02       		.uleb128 0x2
 520 007c 17       		.uleb128 0x17
 521 007d 00       		.byte	0
 522 007e 00       		.byte	0
 523 007f 09       		.uleb128 0x9
 524 0080 0F       		.uleb128 0xf
 525 0081 00       		.byte	0
 526 0082 0B       		.uleb128 0xb
 527 0083 0B       		.uleb128 0xb
 528 0084 49       		.uleb128 0x49
 529 0085 13       		.uleb128 0x13
 530 0086 00       		.byte	0
 531 0087 00       		.byte	0
 532 0088 0A       		.uleb128 0xa
 533 0089 26       		.uleb128 0x26
 534 008a 00       		.byte	0
 535 008b 49       		.uleb128 0x49
 536 008c 13       		.uleb128 0x13
 537 008d 00       		.byte	0
 538 008e 00       		.byte	0
 539 008f 0B       		.uleb128 0xb
ARM GAS  C:\Users\jesse\AppData\Local\Temp\ccwE8Clq.s 			page 12


 540 0090 34       		.uleb128 0x34
 541 0091 00       		.byte	0
 542 0092 03       		.uleb128 0x3
 543 0093 08       		.uleb128 0x8
 544 0094 3A       		.uleb128 0x3a
 545 0095 0B       		.uleb128 0xb
 546 0096 3B       		.uleb128 0x3b
 547 0097 0B       		.uleb128 0xb
 548 0098 49       		.uleb128 0x49
 549 0099 13       		.uleb128 0x13
 550 009a 02       		.uleb128 0x2
 551 009b 18       		.uleb128 0x18
 552 009c 00       		.byte	0
 553 009d 00       		.byte	0
 554 009e 0C       		.uleb128 0xc
 555 009f 898201   		.uleb128 0x4109
 556 00a2 01       		.byte	0x1
 557 00a3 11       		.uleb128 0x11
 558 00a4 01       		.uleb128 0x1
 559 00a5 31       		.uleb128 0x31
 560 00a6 13       		.uleb128 0x13
 561 00a7 00       		.byte	0
 562 00a8 00       		.byte	0
 563 00a9 0D       		.uleb128 0xd
 564 00aa 8A8201   		.uleb128 0x410a
 565 00ad 00       		.byte	0
 566 00ae 02       		.uleb128 0x2
 567 00af 18       		.uleb128 0x18
 568 00b0 9142     		.uleb128 0x2111
 569 00b2 18       		.uleb128 0x18
 570 00b3 00       		.byte	0
 571 00b4 00       		.byte	0
 572 00b5 0E       		.uleb128 0xe
 573 00b6 01       		.uleb128 0x1
 574 00b7 01       		.byte	0x1
 575 00b8 49       		.uleb128 0x49
 576 00b9 13       		.uleb128 0x13
 577 00ba 01       		.uleb128 0x1
 578 00bb 13       		.uleb128 0x13
 579 00bc 00       		.byte	0
 580 00bd 00       		.byte	0
 581 00be 0F       		.uleb128 0xf
 582 00bf 21       		.uleb128 0x21
 583 00c0 00       		.byte	0
 584 00c1 49       		.uleb128 0x49
 585 00c2 13       		.uleb128 0x13
 586 00c3 2F       		.uleb128 0x2f
 587 00c4 0B       		.uleb128 0xb
 588 00c5 00       		.byte	0
 589 00c6 00       		.byte	0
 590 00c7 10       		.uleb128 0x10
 591 00c8 2E       		.uleb128 0x2e
 592 00c9 01       		.byte	0x1
 593 00ca 3F       		.uleb128 0x3f
 594 00cb 19       		.uleb128 0x19
 595 00cc 03       		.uleb128 0x3
 596 00cd 0E       		.uleb128 0xe
ARM GAS  C:\Users\jesse\AppData\Local\Temp\ccwE8Clq.s 			page 13


 597 00ce 3A       		.uleb128 0x3a
 598 00cf 0B       		.uleb128 0xb
 599 00d0 3B       		.uleb128 0x3b
 600 00d1 0B       		.uleb128 0xb
 601 00d2 27       		.uleb128 0x27
 602 00d3 19       		.uleb128 0x19
 603 00d4 49       		.uleb128 0x49
 604 00d5 13       		.uleb128 0x13
 605 00d6 11       		.uleb128 0x11
 606 00d7 01       		.uleb128 0x1
 607 00d8 12       		.uleb128 0x12
 608 00d9 06       		.uleb128 0x6
 609 00da 40       		.uleb128 0x40
 610 00db 18       		.uleb128 0x18
 611 00dc 9742     		.uleb128 0x2117
 612 00de 19       		.uleb128 0x19
 613 00df 00       		.byte	0
 614 00e0 00       		.byte	0
 615 00e1 00       		.byte	0
 616              		.section	.debug_loc,"",%progbits
 617              	.Ldebug_loc0:
 618              	.LLST0:
 619 0000 00000000 		.4byte	.LVL0
 620 0004 14000000 		.4byte	.LVL3
 621 0008 0100     		.2byte	0x1
 622 000a 51       		.byte	0x51
 623 000b 18000000 		.4byte	.LVL5
 624 000f 2E000000 		.4byte	.LFE0
 625 0013 0100     		.2byte	0x1
 626 0015 51       		.byte	0x51
 627 0016 00000000 		.4byte	0
 628 001a 00000000 		.4byte	0
 629              	.LLST1:
 630 001e 00000000 		.4byte	.LVL0
 631 0022 0C000000 		.4byte	.LVL1
 632 0026 0200     		.2byte	0x2
 633 0028 30       		.byte	0x30
 634 0029 9F       		.byte	0x9f
 635 002a 00000000 		.4byte	0
 636 002e 00000000 		.4byte	0
 637              	.LLST2:
 638 0032 0E000000 		.4byte	.LVL2
 639 0036 16000000 		.4byte	.LVL4
 640 003a 0100     		.2byte	0x1
 641 003c 53       		.byte	0x53
 642 003d 1A000000 		.4byte	.LVL6
 643 0041 2A000000 		.4byte	.LVL8
 644 0045 0100     		.2byte	0x1
 645 0047 53       		.byte	0x53
 646 0048 2A000000 		.4byte	.LVL8
 647 004c 2C000000 		.4byte	.LVL9
 648 0050 0200     		.2byte	0x2
 649 0052 74       		.byte	0x74
 650 0053 00       		.sleb128 0
 651 0054 00000000 		.4byte	0
 652 0058 00000000 		.4byte	0
 653              	.LLST3:
ARM GAS  C:\Users\jesse\AppData\Local\Temp\ccwE8Clq.s 			page 14


 654 005c 00000000 		.4byte	.LVL0
 655 0060 0C000000 		.4byte	.LVL1
 656 0064 0400     		.2byte	0x4
 657 0066 0A       		.byte	0xa
 658 0067 1027     		.2byte	0x2710
 659 0069 9F       		.byte	0x9f
 660 006a 0C000000 		.4byte	.LVL1
 661 006e 2E000000 		.4byte	.LFE0
 662 0072 0100     		.2byte	0x1
 663 0074 52       		.byte	0x52
 664 0075 00000000 		.4byte	0
 665 0079 00000000 		.4byte	0
 666              	.LLST4:
 667 007d 00000000 		.4byte	.LVL10
 668 0081 08000000 		.4byte	.LVL12
 669 0085 0100     		.2byte	0x1
 670 0087 50       		.byte	0x50
 671 0088 08000000 		.4byte	.LVL12
 672 008c 1C000000 		.4byte	.LFE1
 673 0090 0400     		.2byte	0x4
 674 0092 F3       		.byte	0xf3
 675 0093 01       		.uleb128 0x1
 676 0094 50       		.byte	0x50
 677 0095 9F       		.byte	0x9f
 678 0096 00000000 		.4byte	0
 679 009a 00000000 		.4byte	0
 680              	.LLST5:
 681 009e 00000000 		.4byte	.LVL10
 682 00a2 04000000 		.4byte	.LVL11
 683 00a6 0100     		.2byte	0x1
 684 00a8 51       		.byte	0x51
 685 00a9 04000000 		.4byte	.LVL11
 686 00ad 10000000 		.4byte	.LVL14
 687 00b1 0500     		.2byte	0x5
 688 00b3 35       		.byte	0x35
 689 00b4 74       		.byte	0x74
 690 00b5 00       		.sleb128 0
 691 00b6 1C       		.byte	0x1c
 692 00b7 9F       		.byte	0x9f
 693 00b8 00000000 		.4byte	0
 694 00bc 00000000 		.4byte	0
 695              	.LLST6:
 696 00c0 00000000 		.4byte	.LVL15
 697 00c4 07000000 		.4byte	.LVL16-1
 698 00c8 0100     		.2byte	0x1
 699 00ca 50       		.byte	0x50
 700 00cb 07000000 		.4byte	.LVL16-1
 701 00cf 1C000000 		.4byte	.LFE2
 702 00d3 0400     		.2byte	0x4
 703 00d5 F3       		.byte	0xf3
 704 00d6 01       		.uleb128 0x1
 705 00d7 50       		.byte	0x50
 706 00d8 9F       		.byte	0x9f
 707 00d9 00000000 		.4byte	0
 708 00dd 00000000 		.4byte	0
 709              	.LLST7:
 710 00e1 0C000000 		.4byte	.LVL17
ARM GAS  C:\Users\jesse\AppData\Local\Temp\ccwE8Clq.s 			page 15


 711 00e5 12000000 		.4byte	.LVL18
 712 00e9 0100     		.2byte	0x1
 713 00eb 50       		.byte	0x50
 714 00ec 12000000 		.4byte	.LVL18
 715 00f0 1C000000 		.4byte	.LFE2
 716 00f4 0100     		.2byte	0x1
 717 00f6 53       		.byte	0x53
 718 00f7 00000000 		.4byte	0
 719 00fb 00000000 		.4byte	0
 720              		.section	.debug_aranges,"",%progbits
 721 0000 2C000000 		.4byte	0x2c
 722 0004 0200     		.2byte	0x2
 723 0006 00000000 		.4byte	.Ldebug_info0
 724 000a 04       		.byte	0x4
 725 000b 00       		.byte	0
 726 000c 0000     		.2byte	0
 727 000e 0000     		.2byte	0
 728 0010 00000000 		.4byte	.LFB0
 729 0014 2E000000 		.4byte	.LFE0-.LFB0
 730 0018 00000000 		.4byte	.LFB1
 731 001c 1C000000 		.4byte	.LFE1-.LFB1
 732 0020 00000000 		.4byte	.LFB2
 733 0024 1C000000 		.4byte	.LFE2-.LFB2
 734 0028 00000000 		.4byte	0
 735 002c 00000000 		.4byte	0
 736              		.section	.debug_ranges,"",%progbits
 737              	.Ldebug_ranges0:
 738 0000 00000000 		.4byte	.LFB0
 739 0004 2E000000 		.4byte	.LFE0
 740 0008 00000000 		.4byte	.LFB1
 741 000c 1C000000 		.4byte	.LFE1
 742 0010 00000000 		.4byte	.LFB2
 743 0014 1C000000 		.4byte	.LFE2
 744 0018 00000000 		.4byte	0
 745 001c 00000000 		.4byte	0
 746              		.section	.debug_line,"",%progbits
 747              	.Ldebug_line0:
 748 0000 A0010000 		.section	.debug_str,"MS",%progbits,1
 748      02003901 
 748      00000201 
 748      FB0E0D00 
 748      01010101 
 749              	.LASF8:
 750 0000 6C6F6E67 		.ascii	"long long int\000"
 750      206C6F6E 
 750      6720696E 
 750      7400
 751              	.LASF5:
 752 000e 73686F72 		.ascii	"short unsigned int\000"
 752      7420756E 
 752      7369676E 
 752      65642069 
 752      6E7400
 753              	.LASF10:
 754 0021 756E7369 		.ascii	"unsigned int\000"
 754      676E6564 
 754      20696E74 
ARM GAS  C:\Users\jesse\AppData\Local\Temp\ccwE8Clq.s 			page 16


 754      00
 755              	.LASF14:
 756 002e 64657374 		.ascii	"dest\000"
 756      00
 757              	.LASF1:
 758 0033 756E7369 		.ascii	"unsigned char\000"
 758      676E6564 
 758      20636861 
 758      7200
 759              	.LASF16:
 760 0041 75387838 		.ascii	"u8x8_u16toap\000"
 760      5F753136 
 760      746F6170 
 760      00
 761              	.LASF7:
 762 004e 6C6F6E67 		.ascii	"long unsigned int\000"
 762      20756E73 
 762      69676E65 
 762      6420696E 
 762      7400
 763              	.LASF3:
 764 0060 5F5F7569 		.ascii	"__uint8_t\000"
 764      6E74385F 
 764      7400
 765              	.LASF0:
 766 006a 7369676E 		.ascii	"signed char\000"
 766      65642063 
 766      68617200 
 767              	.LASF4:
 768 0076 5F5F7569 		.ascii	"__uint16_t\000"
 768      6E743136 
 768      5F7400
 769              	.LASF11:
 770 0081 75696E74 		.ascii	"uint8_t\000"
 770      385F7400 
 771              	.LASF17:
 772 0089 75387838 		.ascii	"u8x8_u16toa\000"
 772      5F753136 
 772      746F6100 
 773              	.LASF21:
 774 0095 433A5C55 		.ascii	"C:\\Users\\jesse\\OneDrive\\Bureaublad\\practice_em"
 774      73657273 
 774      5C6A6573 
 774      73655C4F 
 774      6E654472 
 775 00c3 62656464 		.ascii	"bedded\\Practice_EmbeddedProgramming\\Display_count"
 775      65645C50 
 775      72616374 
 775      6963655F 
 775      456D6265 
 776 00f4 2E637964 		.ascii	".cydsn\000"
 776      736E00
 777              	.LASF15:
 778 00fb 63686172 		.ascii	"char\000"
 778      00
 779              	.LASF6:
 780 0100 6C6F6E67 		.ascii	"long int\000"
ARM GAS  C:\Users\jesse\AppData\Local\Temp\ccwE8Clq.s 			page 17


 780      20696E74 
 780      00
 781              	.LASF9:
 782 0109 6C6F6E67 		.ascii	"long long unsigned int\000"
 782      206C6F6E 
 782      6720756E 
 782      7369676E 
 782      65642069 
 783              	.LASF19:
 784 0120 474E5520 		.ascii	"GNU C11 5.4.1 20160609 (release) [ARM/embedded-5-br"
 784      43313120 
 784      352E342E 
 784      31203230 
 784      31363036 
 785 0153 616E6368 		.ascii	"anch revision 237715] -mcpu=cortex-m3 -mthumb -g -O"
 785      20726576 
 785      6973696F 
 785      6E203233 
 785      37373135 
 786 0186 73202D66 		.ascii	"s -ffunction-sections -ffat-lto-objects\000"
 786      66756E63 
 786      74696F6E 
 786      2D736563 
 786      74696F6E 
 787              	.LASF12:
 788 01ae 75696E74 		.ascii	"uint16_t\000"
 788      31365F74 
 788      00
 789              	.LASF13:
 790 01b7 6C6F6E67 		.ascii	"long double\000"
 790      20646F75 
 790      626C6500 
 791              	.LASF2:
 792 01c3 73686F72 		.ascii	"short int\000"
 792      7420696E 
 792      7400
 793              	.LASF22:
 794 01cd 75387838 		.ascii	"u8x8_utoa\000"
 794      5F75746F 
 794      6100
 795              	.LASF18:
 796 01d7 73697A65 		.ascii	"sizetype\000"
 796      74797065 
 796      00
 797              	.LASF20:
 798 01e0 2E2E5C2E 		.ascii	"..\\..\\..\\u8g2\\u8g2\\csrc\\u8x8_u16toa.c\000"
 798      2E5C2E2E 
 798      5C753867 
 798      325C7538 
 798      67325C63 
 799              		.ident	"GCC: (GNU Tools for ARM Embedded Processors) 5.4.1 20160609 (release) [ARM/embedded-5-bran
