ARM GAS  C:\Users\jesse\AppData\Local\Temp\ccfSDh9M.s 			page 1


   1              		.syntax unified
   2              		.cpu cortex-m3
   3              		.fpu softvfp
   4              		.eabi_attribute 20, 1
   5              		.eabi_attribute 21, 1
   6              		.eabi_attribute 23, 3
   7              		.eabi_attribute 24, 1
   8              		.eabi_attribute 25, 1
   9              		.eabi_attribute 26, 1
  10              		.eabi_attribute 30, 4
  11              		.eabi_attribute 34, 1
  12              		.eabi_attribute 18, 4
  13              		.thumb
  14              		.syntax unified
  15              		.file	"u8x8_d_uc1701_dogs102.c"
  16              		.text
  17              	.Ltext0:
  18              		.cfi_sections	.debug_frame
  19              		.section	.text.u8x8_d_uc1701_ea_dogs102,"ax",%progbits
  20              		.align	1
  21              		.global	u8x8_d_uc1701_ea_dogs102
  22              		.thumb
  23              		.thumb_func
  24              		.type	u8x8_d_uc1701_ea_dogs102, %function
  25              	u8x8_d_uc1701_ea_dogs102:
  26              	.LFB0:
  27              		.file 1 "..\\..\\..\\u8g2\\u8g2\\csrc\\u8x8_d_uc1701_dogs102.c"
   1:..\..\..\u8g2\u8g2\csrc/u8x8_d_uc1701_dogs102.c **** /*
   2:..\..\..\u8g2\u8g2\csrc/u8x8_d_uc1701_dogs102.c **** 
   3:..\..\..\u8g2\u8g2\csrc/u8x8_d_uc1701_dogs102.c ****   u8x8_d_uc1701_dogs102.c
   4:..\..\..\u8g2\u8g2\csrc/u8x8_d_uc1701_dogs102.c ****   
   5:..\..\..\u8g2\u8g2\csrc/u8x8_d_uc1701_dogs102.c ****   Universal 8bit Graphics Library (https://github.com/olikraus/u8g2/)
   6:..\..\..\u8g2\u8g2\csrc/u8x8_d_uc1701_dogs102.c **** 
   7:..\..\..\u8g2\u8g2\csrc/u8x8_d_uc1701_dogs102.c ****   Copyright (c) 2016, olikraus@gmail.com
   8:..\..\..\u8g2\u8g2\csrc/u8x8_d_uc1701_dogs102.c ****   All rights reserved.
   9:..\..\..\u8g2\u8g2\csrc/u8x8_d_uc1701_dogs102.c **** 
  10:..\..\..\u8g2\u8g2\csrc/u8x8_d_uc1701_dogs102.c ****   Redistribution and use in source and binary forms, with or without modification, 
  11:..\..\..\u8g2\u8g2\csrc/u8x8_d_uc1701_dogs102.c ****   are permitted provided that the following conditions are met:
  12:..\..\..\u8g2\u8g2\csrc/u8x8_d_uc1701_dogs102.c **** 
  13:..\..\..\u8g2\u8g2\csrc/u8x8_d_uc1701_dogs102.c ****   * Redistributions of source code must retain the above copyright notice, this list 
  14:..\..\..\u8g2\u8g2\csrc/u8x8_d_uc1701_dogs102.c ****     of conditions and the following disclaimer.
  15:..\..\..\u8g2\u8g2\csrc/u8x8_d_uc1701_dogs102.c ****     
  16:..\..\..\u8g2\u8g2\csrc/u8x8_d_uc1701_dogs102.c ****   * Redistributions in binary form must reproduce the above copyright notice, this 
  17:..\..\..\u8g2\u8g2\csrc/u8x8_d_uc1701_dogs102.c ****     list of conditions and the following disclaimer in the documentation and/or other 
  18:..\..\..\u8g2\u8g2\csrc/u8x8_d_uc1701_dogs102.c ****     materials provided with the distribution.
  19:..\..\..\u8g2\u8g2\csrc/u8x8_d_uc1701_dogs102.c **** 
  20:..\..\..\u8g2\u8g2\csrc/u8x8_d_uc1701_dogs102.c ****   THIS SOFTWARE IS PROVIDED BY THE COPYRIGHT HOLDERS AND 
  21:..\..\..\u8g2\u8g2\csrc/u8x8_d_uc1701_dogs102.c ****   CONTRIBUTORS "AS IS" AND ANY EXPRESS OR IMPLIED WARRANTIES, 
  22:..\..\..\u8g2\u8g2\csrc/u8x8_d_uc1701_dogs102.c ****   INCLUDING, BUT NOT LIMITED TO, THE IMPLIED WARRANTIES OF 
  23:..\..\..\u8g2\u8g2\csrc/u8x8_d_uc1701_dogs102.c ****   MERCHANTABILITY AND FITNESS FOR A PARTICULAR PURPOSE ARE 
  24:..\..\..\u8g2\u8g2\csrc/u8x8_d_uc1701_dogs102.c ****   DISCLAIMED. IN NO EVENT SHALL THE COPYRIGHT HOLDER OR 
  25:..\..\..\u8g2\u8g2\csrc/u8x8_d_uc1701_dogs102.c ****   CONTRIBUTORS BE LIABLE FOR ANY DIRECT, INDIRECT, INCIDENTAL, 
  26:..\..\..\u8g2\u8g2\csrc/u8x8_d_uc1701_dogs102.c ****   SPECIAL, EXEMPLARY, OR CONSEQUENTIAL DAMAGES (INCLUDING, BUT 
  27:..\..\..\u8g2\u8g2\csrc/u8x8_d_uc1701_dogs102.c ****   NOT LIMITED TO, PROCUREMENT OF SUBSTITUTE GOODS OR SERVICES; 
  28:..\..\..\u8g2\u8g2\csrc/u8x8_d_uc1701_dogs102.c ****   LOSS OF USE, DATA, OR PROFITS; OR BUSINESS INTERRUPTION) HOWEVER 
  29:..\..\..\u8g2\u8g2\csrc/u8x8_d_uc1701_dogs102.c ****   CAUSED AND ON ANY THEORY OF LIABILITY, WHETHER IN CONTRACT, 
  30:..\..\..\u8g2\u8g2\csrc/u8x8_d_uc1701_dogs102.c ****   STRICT LIABILITY, OR TORT (INCLUDING NEGLIGENCE OR OTHERWISE) 
ARM GAS  C:\Users\jesse\AppData\Local\Temp\ccfSDh9M.s 			page 2


  31:..\..\..\u8g2\u8g2\csrc/u8x8_d_uc1701_dogs102.c ****   ARISING IN ANY WAY OUT OF THE USE OF THIS SOFTWARE, EVEN IF 
  32:..\..\..\u8g2\u8g2\csrc/u8x8_d_uc1701_dogs102.c ****   ADVISED OF THE POSSIBILITY OF SUCH DAMAGE.  
  33:..\..\..\u8g2\u8g2\csrc/u8x8_d_uc1701_dogs102.c **** 
  34:..\..\..\u8g2\u8g2\csrc/u8x8_d_uc1701_dogs102.c ****   
  35:..\..\..\u8g2\u8g2\csrc/u8x8_d_uc1701_dogs102.c **** */
  36:..\..\..\u8g2\u8g2\csrc/u8x8_d_uc1701_dogs102.c **** #include "u8x8.h"
  37:..\..\..\u8g2\u8g2\csrc/u8x8_d_uc1701_dogs102.c **** 
  38:..\..\..\u8g2\u8g2\csrc/u8x8_d_uc1701_dogs102.c **** 
  39:..\..\..\u8g2\u8g2\csrc/u8x8_d_uc1701_dogs102.c **** 
  40:..\..\..\u8g2\u8g2\csrc/u8x8_d_uc1701_dogs102.c **** 
  41:..\..\..\u8g2\u8g2\csrc/u8x8_d_uc1701_dogs102.c **** static const uint8_t u8x8_d_uc1701_dogs102_init_seq[] = {
  42:..\..\..\u8g2\u8g2\csrc/u8x8_d_uc1701_dogs102.c ****     
  43:..\..\..\u8g2\u8g2\csrc/u8x8_d_uc1701_dogs102.c ****   U8X8_START_TRANSFER(),             	/* enable chip, delay is part of the transfer start */
  44:..\..\..\u8g2\u8g2\csrc/u8x8_d_uc1701_dogs102.c ****   
  45:..\..\..\u8g2\u8g2\csrc/u8x8_d_uc1701_dogs102.c ****   U8X8_C(0x0e2),            			/* soft reset */
  46:..\..\..\u8g2\u8g2\csrc/u8x8_d_uc1701_dogs102.c ****   U8X8_C(0x0ae),		                /* display off */
  47:..\..\..\u8g2\u8g2\csrc/u8x8_d_uc1701_dogs102.c ****   U8X8_C(0x040),		                /* set display start line to 0 */
  48:..\..\..\u8g2\u8g2\csrc/u8x8_d_uc1701_dogs102.c ****   
  49:..\..\..\u8g2\u8g2\csrc/u8x8_d_uc1701_dogs102.c ****   U8X8_C(0x0a1),		                /* ADC set to reverse */
  50:..\..\..\u8g2\u8g2\csrc/u8x8_d_uc1701_dogs102.c ****   U8X8_C(0x0c0),		                /* common output mode */
  51:..\..\..\u8g2\u8g2\csrc/u8x8_d_uc1701_dogs102.c ****   // Flipmode
  52:..\..\..\u8g2\u8g2\csrc/u8x8_d_uc1701_dogs102.c ****   //U8X8_C(0x0a0),		                /* ADC set to reverse */
  53:..\..\..\u8g2\u8g2\csrc/u8x8_d_uc1701_dogs102.c ****   //U8X8_C(0x0c8),		                /* common output mode */
  54:..\..\..\u8g2\u8g2\csrc/u8x8_d_uc1701_dogs102.c ****   
  55:..\..\..\u8g2\u8g2\csrc/u8x8_d_uc1701_dogs102.c ****   U8X8_C(0x0a6),		                /* display normal, bit val 0: LCD pixel off. */
  56:..\..\..\u8g2\u8g2\csrc/u8x8_d_uc1701_dogs102.c ****   U8X8_C(0x0a2),		                /* LCD bias 1/9 */
  57:..\..\..\u8g2\u8g2\csrc/u8x8_d_uc1701_dogs102.c ****   U8X8_C(0x02f),		                /* all power  control circuits on */
  58:..\..\..\u8g2\u8g2\csrc/u8x8_d_uc1701_dogs102.c ****   U8X8_C(0x027),		                /* regulator, booster and follower */
  59:..\..\..\u8g2\u8g2\csrc/u8x8_d_uc1701_dogs102.c ****   U8X8_CA(0x081, 0x00e),		/* set contrast, contrast value, EA default: 0x010, previous value for S1
  60:..\..\..\u8g2\u8g2\csrc/u8x8_d_uc1701_dogs102.c ****   U8X8_C(0x0fa),		                /* Set Temp compensation */ 
  61:..\..\..\u8g2\u8g2\csrc/u8x8_d_uc1701_dogs102.c ****   U8X8_C(0x090),		                /* 0.11 deg/c WP Off WC Off*/
  62:..\..\..\u8g2\u8g2\csrc/u8x8_d_uc1701_dogs102.c ****   
  63:..\..\..\u8g2\u8g2\csrc/u8x8_d_uc1701_dogs102.c ****   U8X8_C(0x0ae),		                /* display off */
  64:..\..\..\u8g2\u8g2\csrc/u8x8_d_uc1701_dogs102.c ****   U8X8_C(0x0a5),		                /* enter powersafe: all pixel on, issue 142 */
  65:..\..\..\u8g2\u8g2\csrc/u8x8_d_uc1701_dogs102.c ****   
  66:..\..\..\u8g2\u8g2\csrc/u8x8_d_uc1701_dogs102.c ****   U8X8_END_TRANSFER(),             	/* disable chip */
  67:..\..\..\u8g2\u8g2\csrc/u8x8_d_uc1701_dogs102.c ****   U8X8_END()             			/* end of sequence */
  68:..\..\..\u8g2\u8g2\csrc/u8x8_d_uc1701_dogs102.c **** };
  69:..\..\..\u8g2\u8g2\csrc/u8x8_d_uc1701_dogs102.c **** 
  70:..\..\..\u8g2\u8g2\csrc/u8x8_d_uc1701_dogs102.c **** static const uint8_t u8x8_d_uc1701_dogs102_powersave0_seq[] = {
  71:..\..\..\u8g2\u8g2\csrc/u8x8_d_uc1701_dogs102.c ****   U8X8_START_TRANSFER(),             	/* enable chip, delay is part of the transfer start */
  72:..\..\..\u8g2\u8g2\csrc/u8x8_d_uc1701_dogs102.c ****   U8X8_C(0x0a4),		                /* all pixel off, issue 142 */
  73:..\..\..\u8g2\u8g2\csrc/u8x8_d_uc1701_dogs102.c ****   U8X8_C(0x0af),		                /* display on */
  74:..\..\..\u8g2\u8g2\csrc/u8x8_d_uc1701_dogs102.c ****   U8X8_END_TRANSFER(),             	/* disable chip */
  75:..\..\..\u8g2\u8g2\csrc/u8x8_d_uc1701_dogs102.c ****   U8X8_END()             			/* end of sequence */
  76:..\..\..\u8g2\u8g2\csrc/u8x8_d_uc1701_dogs102.c **** };
  77:..\..\..\u8g2\u8g2\csrc/u8x8_d_uc1701_dogs102.c **** 
  78:..\..\..\u8g2\u8g2\csrc/u8x8_d_uc1701_dogs102.c **** static const uint8_t u8x8_d_uc1701_dogs102_powersave1_seq[] = {
  79:..\..\..\u8g2\u8g2\csrc/u8x8_d_uc1701_dogs102.c ****   U8X8_START_TRANSFER(),             	/* enable chip, delay is part of the transfer start */
  80:..\..\..\u8g2\u8g2\csrc/u8x8_d_uc1701_dogs102.c ****   U8X8_C(0x0ae),		                /* display off */
  81:..\..\..\u8g2\u8g2\csrc/u8x8_d_uc1701_dogs102.c ****   U8X8_C(0x0a5),		                /* enter powersafe: all pixel on, issue 142 */
  82:..\..\..\u8g2\u8g2\csrc/u8x8_d_uc1701_dogs102.c ****   U8X8_END_TRANSFER(),             	/* disable chip */
  83:..\..\..\u8g2\u8g2\csrc/u8x8_d_uc1701_dogs102.c ****   U8X8_END()             			/* end of sequence */
  84:..\..\..\u8g2\u8g2\csrc/u8x8_d_uc1701_dogs102.c **** };
  85:..\..\..\u8g2\u8g2\csrc/u8x8_d_uc1701_dogs102.c **** 
  86:..\..\..\u8g2\u8g2\csrc/u8x8_d_uc1701_dogs102.c **** static const uint8_t u8x8_d_uc1701_dogs102_flip0_seq[] = {
  87:..\..\..\u8g2\u8g2\csrc/u8x8_d_uc1701_dogs102.c ****   U8X8_START_TRANSFER(),             	/* enable chip, delay is part of the transfer start */
ARM GAS  C:\Users\jesse\AppData\Local\Temp\ccfSDh9M.s 			page 3


  88:..\..\..\u8g2\u8g2\csrc/u8x8_d_uc1701_dogs102.c ****   U8X8_C(0x0a1),				/* segment remap a0/a1*/
  89:..\..\..\u8g2\u8g2\csrc/u8x8_d_uc1701_dogs102.c ****   U8X8_C(0x0c0),				/* c0: scan dir normal, c8: reverse */
  90:..\..\..\u8g2\u8g2\csrc/u8x8_d_uc1701_dogs102.c ****   U8X8_END_TRANSFER(),             	/* disable chip */
  91:..\..\..\u8g2\u8g2\csrc/u8x8_d_uc1701_dogs102.c ****   U8X8_END()             			/* end of sequence */
  92:..\..\..\u8g2\u8g2\csrc/u8x8_d_uc1701_dogs102.c **** };
  93:..\..\..\u8g2\u8g2\csrc/u8x8_d_uc1701_dogs102.c **** 
  94:..\..\..\u8g2\u8g2\csrc/u8x8_d_uc1701_dogs102.c **** static const uint8_t u8x8_d_uc1701_dogs102_flip1_seq[] = {
  95:..\..\..\u8g2\u8g2\csrc/u8x8_d_uc1701_dogs102.c ****   U8X8_START_TRANSFER(),             	/* enable chip, delay is part of the transfer start */
  96:..\..\..\u8g2\u8g2\csrc/u8x8_d_uc1701_dogs102.c ****   U8X8_C(0x0a0),				/* segment remap a0/a1*/
  97:..\..\..\u8g2\u8g2\csrc/u8x8_d_uc1701_dogs102.c ****   U8X8_C(0x0c8),				/* c0: scan dir normal, c8: reverse */
  98:..\..\..\u8g2\u8g2\csrc/u8x8_d_uc1701_dogs102.c ****   U8X8_END_TRANSFER(),             	/* disable chip */
  99:..\..\..\u8g2\u8g2\csrc/u8x8_d_uc1701_dogs102.c ****   U8X8_END()             			/* end of sequence */
 100:..\..\..\u8g2\u8g2\csrc/u8x8_d_uc1701_dogs102.c **** };
 101:..\..\..\u8g2\u8g2\csrc/u8x8_d_uc1701_dogs102.c **** 
 102:..\..\..\u8g2\u8g2\csrc/u8x8_d_uc1701_dogs102.c **** 
 103:..\..\..\u8g2\u8g2\csrc/u8x8_d_uc1701_dogs102.c **** static const u8x8_display_info_t u8x8_uc1701_display_info =
 104:..\..\..\u8g2\u8g2\csrc/u8x8_d_uc1701_dogs102.c **** {
 105:..\..\..\u8g2\u8g2\csrc/u8x8_d_uc1701_dogs102.c ****   /* chip_enable_level = */ 0,
 106:..\..\..\u8g2\u8g2\csrc/u8x8_d_uc1701_dogs102.c ****   /* chip_disable_level = */ 1,
 107:..\..\..\u8g2\u8g2\csrc/u8x8_d_uc1701_dogs102.c ****   
 108:..\..\..\u8g2\u8g2\csrc/u8x8_d_uc1701_dogs102.c ****   /* post_chip_enable_wait_ns = */ 5,
 109:..\..\..\u8g2\u8g2\csrc/u8x8_d_uc1701_dogs102.c ****   /* pre_chip_disable_wait_ns = */ 5,
 110:..\..\..\u8g2\u8g2\csrc/u8x8_d_uc1701_dogs102.c ****   /* reset_pulse_width_ms = */ 1, 
 111:..\..\..\u8g2\u8g2\csrc/u8x8_d_uc1701_dogs102.c ****   /* post_reset_wait_ms = */ 6, 
 112:..\..\..\u8g2\u8g2\csrc/u8x8_d_uc1701_dogs102.c ****   /* sda_setup_time_ns = */ 12,		
 113:..\..\..\u8g2\u8g2\csrc/u8x8_d_uc1701_dogs102.c ****   /* sck_pulse_width_ns = */ 75,	/* half of cycle time (100ns according to datasheet), AVR: below 7
 114:..\..\..\u8g2\u8g2\csrc/u8x8_d_uc1701_dogs102.c ****   /* sck_clock_hz = */ 4000000UL,	/* since Arduino 1.6.0, the SPI bus speed in Hz. Should be  10000
 115:..\..\..\u8g2\u8g2\csrc/u8x8_d_uc1701_dogs102.c ****   /* spi_mode = */ 0,		/* active high, rising edge */
 116:..\..\..\u8g2\u8g2\csrc/u8x8_d_uc1701_dogs102.c ****   /* i2c_bus_clock_100kHz = */ 4,
 117:..\..\..\u8g2\u8g2\csrc/u8x8_d_uc1701_dogs102.c ****   /* data_setup_time_ns = */ 30,
 118:..\..\..\u8g2\u8g2\csrc/u8x8_d_uc1701_dogs102.c ****   /* write_pulse_width_ns = */ 40,
 119:..\..\..\u8g2\u8g2\csrc/u8x8_d_uc1701_dogs102.c ****   /* tile_width = */ 13,		/* width of 13*8=104 pixel */
 120:..\..\..\u8g2\u8g2\csrc/u8x8_d_uc1701_dogs102.c ****   /* tile_hight = */ 8,
 121:..\..\..\u8g2\u8g2\csrc/u8x8_d_uc1701_dogs102.c ****   /* default_x_offset = */ 0,
 122:..\..\..\u8g2\u8g2\csrc/u8x8_d_uc1701_dogs102.c ****   /* flipmode_x_offset = */ 30,
 123:..\..\..\u8g2\u8g2\csrc/u8x8_d_uc1701_dogs102.c ****   /* pixel_width = */ 102,
 124:..\..\..\u8g2\u8g2\csrc/u8x8_d_uc1701_dogs102.c ****   /* pixel_height = */ 64
 125:..\..\..\u8g2\u8g2\csrc/u8x8_d_uc1701_dogs102.c **** };
 126:..\..\..\u8g2\u8g2\csrc/u8x8_d_uc1701_dogs102.c **** 
 127:..\..\..\u8g2\u8g2\csrc/u8x8_d_uc1701_dogs102.c **** uint8_t u8x8_d_uc1701_ea_dogs102(u8x8_t *u8x8, uint8_t msg, uint8_t arg_int, void *arg_ptr)
 128:..\..\..\u8g2\u8g2\csrc/u8x8_d_uc1701_dogs102.c **** {
  28              		.loc 1 128 0
  29              		.cfi_startproc
  30              		@ args = 0, pretend = 0, frame = 0
  31              		@ frame_needed = 0, uses_anonymous_args = 0
  32              	.LVL0:
 129:..\..\..\u8g2\u8g2\csrc/u8x8_d_uc1701_dogs102.c ****   uint8_t x, c;
 130:..\..\..\u8g2\u8g2\csrc/u8x8_d_uc1701_dogs102.c ****   uint8_t *ptr;
 131:..\..\..\u8g2\u8g2\csrc/u8x8_d_uc1701_dogs102.c ****   switch(msg)
  33              		.loc 1 131 0
  34 0000 0939     		subs	r1, r1, #9
  35              	.LVL1:
 128:..\..\..\u8g2\u8g2\csrc/u8x8_d_uc1701_dogs102.c ****   uint8_t x, c;
  36              		.loc 1 128 0
  37 0002 2DE9F041 		push	{r4, r5, r6, r7, r8, lr}
  38              		.cfi_def_cfa_offset 24
  39              		.cfi_offset 4, -24
ARM GAS  C:\Users\jesse\AppData\Local\Temp\ccfSDh9M.s 			page 4


  40              		.cfi_offset 5, -20
  41              		.cfi_offset 6, -16
  42              		.cfi_offset 7, -12
  43              		.cfi_offset 8, -8
  44              		.cfi_offset 14, -4
 128:..\..\..\u8g2\u8g2\csrc/u8x8_d_uc1701_dogs102.c ****   uint8_t x, c;
  45              		.loc 1 128 0
  46 0006 0446     		mov	r4, r0
  47 0008 1746     		mov	r7, r2
  48 000a 9846     		mov	r8, r3
  49              		.loc 1 131 0
  50 000c 0629     		cmp	r1, #6
  51 000e 66D8     		bhi	.L14
  52 0010 DFE801F0 		tbb	[pc, r1]
  53              	.LVL2:
  54              	.L4:
  55 0014 04       		.byte	(.L3-.L4)/2
  56 0015 08       		.byte	(.L5-.L4)/2
  57 0016 0C       		.byte	(.L6-.L4)/2
  58 0017 65       		.byte	(.L14-.L4)/2
  59 0018 14       		.byte	(.L7-.L4)/2
  60 0019 23       		.byte	(.L8-.L4)/2
  61 001a 33       		.byte	(.L9-.L4)/2
  62 001b 00       		.p2align 1
  63              	.L3:
 132:..\..\..\u8g2\u8g2\csrc/u8x8_d_uc1701_dogs102.c ****   {
 133:..\..\..\u8g2\u8g2\csrc/u8x8_d_uc1701_dogs102.c ****     case U8X8_MSG_DISPLAY_SETUP_MEMORY:
 134:..\..\..\u8g2\u8g2\csrc/u8x8_d_uc1701_dogs102.c ****       u8x8_d_helper_display_setup_memory(u8x8, &u8x8_uc1701_display_info);
  64              		.loc 1 134 0
  65 001c 3149     		ldr	r1, .L21
  66 001e FFF7FEFF 		bl	u8x8_d_helper_display_setup_memory
  67              	.LVL3:
  68 0022 27E0     		b	.L16
  69              	.LVL4:
  70              	.L5:
 135:..\..\..\u8g2\u8g2\csrc/u8x8_d_uc1701_dogs102.c ****       break;
 136:..\..\..\u8g2\u8g2\csrc/u8x8_d_uc1701_dogs102.c ****     case U8X8_MSG_DISPLAY_INIT:
 137:..\..\..\u8g2\u8g2\csrc/u8x8_d_uc1701_dogs102.c ****       u8x8_d_helper_display_init(u8x8);
  71              		.loc 1 137 0
  72 0024 FFF7FEFF 		bl	u8x8_d_helper_display_init
  73              	.LVL5:
 138:..\..\..\u8g2\u8g2\csrc/u8x8_d_uc1701_dogs102.c ****       u8x8_cad_SendSequence(u8x8, u8x8_d_uc1701_dogs102_init_seq);
  74              		.loc 1 138 0
  75 0028 2F49     		ldr	r1, .L21+4
  76 002a 03E0     		b	.L19
  77              	.LVL6:
  78              	.L6:
 139:..\..\..\u8g2\u8g2\csrc/u8x8_d_uc1701_dogs102.c ****       break;
 140:..\..\..\u8g2\u8g2\csrc/u8x8_d_uc1701_dogs102.c ****     case U8X8_MSG_DISPLAY_SET_POWER_SAVE:
 141:..\..\..\u8g2\u8g2\csrc/u8x8_d_uc1701_dogs102.c ****       if ( arg_int == 0 )
  79              		.loc 1 141 0
  80 002c 0AB9     		cbnz	r2, .L10
 142:..\..\..\u8g2\u8g2\csrc/u8x8_d_uc1701_dogs102.c **** 	u8x8_cad_SendSequence(u8x8, u8x8_d_uc1701_dogs102_powersave0_seq);
  81              		.loc 1 142 0
  82 002e 2F49     		ldr	r1, .L21+8
  83 0030 00E0     		b	.L19
  84              	.L10:
ARM GAS  C:\Users\jesse\AppData\Local\Temp\ccfSDh9M.s 			page 5


 143:..\..\..\u8g2\u8g2\csrc/u8x8_d_uc1701_dogs102.c ****       else
 144:..\..\..\u8g2\u8g2\csrc/u8x8_d_uc1701_dogs102.c **** 	u8x8_cad_SendSequence(u8x8, u8x8_d_uc1701_dogs102_powersave1_seq);
  85              		.loc 1 144 0
  86 0032 2F49     		ldr	r1, .L21+12
  87              	.LVL7:
  88              	.L19:
  89 0034 2046     		mov	r0, r4
  90 0036 FFF7FEFF 		bl	u8x8_cad_SendSequence
  91              	.LVL8:
  92 003a 1BE0     		b	.L16
  93              	.LVL9:
  94              	.L7:
 145:..\..\..\u8g2\u8g2\csrc/u8x8_d_uc1701_dogs102.c ****       break;
 146:..\..\..\u8g2\u8g2\csrc/u8x8_d_uc1701_dogs102.c ****     case U8X8_MSG_DISPLAY_SET_FLIP_MODE:
 147:..\..\..\u8g2\u8g2\csrc/u8x8_d_uc1701_dogs102.c ****       if ( arg_int == 0 )
  95              		.loc 1 147 0
  96 003c 2AB9     		cbnz	r2, .L11
 148:..\..\..\u8g2\u8g2\csrc/u8x8_d_uc1701_dogs102.c ****       {
 149:..\..\..\u8g2\u8g2\csrc/u8x8_d_uc1701_dogs102.c **** 	u8x8_cad_SendSequence(u8x8, u8x8_d_uc1701_dogs102_flip0_seq);
  97              		.loc 1 149 0
  98 003e 2D49     		ldr	r1, .L21+16
  99 0040 FFF7FEFF 		bl	u8x8_cad_SendSequence
 100              	.LVL10:
 150:..\..\..\u8g2\u8g2\csrc/u8x8_d_uc1701_dogs102.c **** 	u8x8->x_offset = u8x8->display_info->default_x_offset;
 101              		.loc 1 150 0
 102 0044 2368     		ldr	r3, [r4]
 103 0046 9B7C     		ldrb	r3, [r3, #18]	@ zero_extendqisi2
 104 0048 04E0     		b	.L18
 105              	.LVL11:
 106              	.L11:
 151:..\..\..\u8g2\u8g2\csrc/u8x8_d_uc1701_dogs102.c ****       }
 152:..\..\..\u8g2\u8g2\csrc/u8x8_d_uc1701_dogs102.c ****       else
 153:..\..\..\u8g2\u8g2\csrc/u8x8_d_uc1701_dogs102.c ****       {
 154:..\..\..\u8g2\u8g2\csrc/u8x8_d_uc1701_dogs102.c **** 	u8x8_cad_SendSequence(u8x8, u8x8_d_uc1701_dogs102_flip1_seq);
 107              		.loc 1 154 0
 108 004a 2B49     		ldr	r1, .L21+20
 109 004c FFF7FEFF 		bl	u8x8_cad_SendSequence
 110              	.LVL12:
 155:..\..\..\u8g2\u8g2\csrc/u8x8_d_uc1701_dogs102.c **** 	u8x8->x_offset = u8x8->display_info->flipmode_x_offset;
 111              		.loc 1 155 0
 112 0050 2368     		ldr	r3, [r4]
 113 0052 DB7C     		ldrb	r3, [r3, #19]	@ zero_extendqisi2
 114              	.L18:
 115 0054 84F82230 		strb	r3, [r4, #34]
 116 0058 0CE0     		b	.L16
 117              	.LVL13:
 118              	.L8:
 156:..\..\..\u8g2\u8g2\csrc/u8x8_d_uc1701_dogs102.c ****       }	
 157:..\..\..\u8g2\u8g2\csrc/u8x8_d_uc1701_dogs102.c ****       break;
 158:..\..\..\u8g2\u8g2\csrc/u8x8_d_uc1701_dogs102.c **** #ifdef U8X8_WITH_SET_CONTRAST
 159:..\..\..\u8g2\u8g2\csrc/u8x8_d_uc1701_dogs102.c ****     case U8X8_MSG_DISPLAY_SET_CONTRAST:
 160:..\..\..\u8g2\u8g2\csrc/u8x8_d_uc1701_dogs102.c ****       u8x8_cad_StartTransfer(u8x8);
 119              		.loc 1 160 0
 120 005a FFF7FEFF 		bl	u8x8_cad_StartTransfer
 121              	.LVL14:
 161:..\..\..\u8g2\u8g2\csrc/u8x8_d_uc1701_dogs102.c ****       u8x8_cad_SendCmd(u8x8, 0x081 );
 122              		.loc 1 161 0
ARM GAS  C:\Users\jesse\AppData\Local\Temp\ccfSDh9M.s 			page 6


 123 005e 8121     		movs	r1, #129
 124 0060 2046     		mov	r0, r4
 125 0062 FFF7FEFF 		bl	u8x8_cad_SendCmd
 126              	.LVL15:
 162:..\..\..\u8g2\u8g2\csrc/u8x8_d_uc1701_dogs102.c ****       u8x8_cad_SendArg(u8x8, arg_int >> 2 );	/* uc1701 has range from 0 to 63 */
 127              		.loc 1 162 0
 128 0066 B908     		lsrs	r1, r7, #2
 129 0068 2046     		mov	r0, r4
 130 006a FFF7FEFF 		bl	u8x8_cad_SendArg
 131              	.LVL16:
 132              	.L17:
 163:..\..\..\u8g2\u8g2\csrc/u8x8_d_uc1701_dogs102.c ****       u8x8_cad_EndTransfer(u8x8);
 133              		.loc 1 163 0
 134 006e 2046     		mov	r0, r4
 135 0070 FFF7FEFF 		bl	u8x8_cad_EndTransfer
 136              	.LVL17:
 137              	.L16:
 164:..\..\..\u8g2\u8g2\csrc/u8x8_d_uc1701_dogs102.c ****       break;
 165:..\..\..\u8g2\u8g2\csrc/u8x8_d_uc1701_dogs102.c **** #endif
 166:..\..\..\u8g2\u8g2\csrc/u8x8_d_uc1701_dogs102.c ****     case U8X8_MSG_DISPLAY_DRAW_TILE:
 167:..\..\..\u8g2\u8g2\csrc/u8x8_d_uc1701_dogs102.c ****       u8x8_cad_StartTransfer(u8x8);
 168:..\..\..\u8g2\u8g2\csrc/u8x8_d_uc1701_dogs102.c ****     
 169:..\..\..\u8g2\u8g2\csrc/u8x8_d_uc1701_dogs102.c ****       x = ((u8x8_tile_t *)arg_ptr)->x_pos;
 170:..\..\..\u8g2\u8g2\csrc/u8x8_d_uc1701_dogs102.c ****       x *= 8;
 171:..\..\..\u8g2\u8g2\csrc/u8x8_d_uc1701_dogs102.c ****       x += u8x8->x_offset;
 172:..\..\..\u8g2\u8g2\csrc/u8x8_d_uc1701_dogs102.c ****       u8x8_cad_SendCmd(u8x8, 0x010 | (x>>4) );
 173:..\..\..\u8g2\u8g2\csrc/u8x8_d_uc1701_dogs102.c ****       u8x8_cad_SendCmd(u8x8, 0x000 | ((x&15)));
 174:..\..\..\u8g2\u8g2\csrc/u8x8_d_uc1701_dogs102.c ****       u8x8_cad_SendCmd(u8x8, 0x0b0 | (((u8x8_tile_t *)arg_ptr)->y_pos));
 175:..\..\..\u8g2\u8g2\csrc/u8x8_d_uc1701_dogs102.c ****     
 176:..\..\..\u8g2\u8g2\csrc/u8x8_d_uc1701_dogs102.c ****       c = ((u8x8_tile_t *)arg_ptr)->cnt;
 177:..\..\..\u8g2\u8g2\csrc/u8x8_d_uc1701_dogs102.c ****       c *= 8;
 178:..\..\..\u8g2\u8g2\csrc/u8x8_d_uc1701_dogs102.c ****       ptr = ((u8x8_tile_t *)arg_ptr)->tile_ptr;
 179:..\..\..\u8g2\u8g2\csrc/u8x8_d_uc1701_dogs102.c ****       /* 
 180:..\..\..\u8g2\u8g2\csrc/u8x8_d_uc1701_dogs102.c **** 	The following if condition checks the hardware limits of the uc1701 
 181:..\..\..\u8g2\u8g2\csrc/u8x8_d_uc1701_dogs102.c **** 	controller: It is not allowed to write beyond the display limits.
 182:..\..\..\u8g2\u8g2\csrc/u8x8_d_uc1701_dogs102.c **** 	This is in fact an issue within flip mode.
 183:..\..\..\u8g2\u8g2\csrc/u8x8_d_uc1701_dogs102.c ****       */
 184:..\..\..\u8g2\u8g2\csrc/u8x8_d_uc1701_dogs102.c ****       if ( c + x > 132u )
 185:..\..\..\u8g2\u8g2\csrc/u8x8_d_uc1701_dogs102.c ****       {
 186:..\..\..\u8g2\u8g2\csrc/u8x8_d_uc1701_dogs102.c **** 	c = 132u;
 187:..\..\..\u8g2\u8g2\csrc/u8x8_d_uc1701_dogs102.c **** 	c -= x;
 188:..\..\..\u8g2\u8g2\csrc/u8x8_d_uc1701_dogs102.c ****       }
 189:..\..\..\u8g2\u8g2\csrc/u8x8_d_uc1701_dogs102.c ****       do
 190:..\..\..\u8g2\u8g2\csrc/u8x8_d_uc1701_dogs102.c ****       {
 191:..\..\..\u8g2\u8g2\csrc/u8x8_d_uc1701_dogs102.c **** 	u8x8_cad_SendData(u8x8, c, ptr);	/* note: SendData can not handle more than 255 bytes */
 192:..\..\..\u8g2\u8g2\csrc/u8x8_d_uc1701_dogs102.c **** 	arg_int--;
 193:..\..\..\u8g2\u8g2\csrc/u8x8_d_uc1701_dogs102.c ****       } while( arg_int > 0 );
 194:..\..\..\u8g2\u8g2\csrc/u8x8_d_uc1701_dogs102.c ****       
 195:..\..\..\u8g2\u8g2\csrc/u8x8_d_uc1701_dogs102.c ****       u8x8_cad_EndTransfer(u8x8);
 196:..\..\..\u8g2\u8g2\csrc/u8x8_d_uc1701_dogs102.c ****       break;
 197:..\..\..\u8g2\u8g2\csrc/u8x8_d_uc1701_dogs102.c ****     default:
 198:..\..\..\u8g2\u8g2\csrc/u8x8_d_uc1701_dogs102.c ****       return 0;
 199:..\..\..\u8g2\u8g2\csrc/u8x8_d_uc1701_dogs102.c ****   }
 200:..\..\..\u8g2\u8g2\csrc/u8x8_d_uc1701_dogs102.c ****   return 1;
 138              		.loc 1 200 0
 139 0074 0120     		movs	r0, #1
 164:..\..\..\u8g2\u8g2\csrc/u8x8_d_uc1701_dogs102.c ****       break;
ARM GAS  C:\Users\jesse\AppData\Local\Temp\ccfSDh9M.s 			page 7


 140              		.loc 1 164 0
 141 0076 BDE8F081 		pop	{r4, r5, r6, r7, r8, pc}
 142              	.LVL18:
 143              	.L9:
 167:..\..\..\u8g2\u8g2\csrc/u8x8_d_uc1701_dogs102.c ****     
 144              		.loc 1 167 0
 145 007a FFF7FEFF 		bl	u8x8_cad_StartTransfer
 146              	.LVL19:
 171:..\..\..\u8g2\u8g2\csrc/u8x8_d_uc1701_dogs102.c ****       u8x8_cad_SendCmd(u8x8, 0x010 | (x>>4) );
 147              		.loc 1 171 0
 148 007e 94F82230 		ldrb	r3, [r4, #34]	@ zero_extendqisi2
 169:..\..\..\u8g2\u8g2\csrc/u8x8_d_uc1701_dogs102.c ****       x *= 8;
 149              		.loc 1 169 0
 150 0082 98F80550 		ldrb	r5, [r8, #5]	@ zero_extendqisi2
 151              	.LVL20:
 172:..\..\..\u8g2\u8g2\csrc/u8x8_d_uc1701_dogs102.c ****       u8x8_cad_SendCmd(u8x8, 0x000 | ((x&15)));
 152              		.loc 1 172 0
 153 0086 2046     		mov	r0, r4
 171:..\..\..\u8g2\u8g2\csrc/u8x8_d_uc1701_dogs102.c ****       u8x8_cad_SendCmd(u8x8, 0x010 | (x>>4) );
 154              		.loc 1 171 0
 155 0088 03EBC505 		add	r5, r3, r5, lsl #3
 156              	.LVL21:
 157 008c 05F0FF05 		and	r5, r5, #255
 158              	.LVL22:
 172:..\..\..\u8g2\u8g2\csrc/u8x8_d_uc1701_dogs102.c ****       u8x8_cad_SendCmd(u8x8, 0x000 | ((x&15)));
 159              		.loc 1 172 0
 160 0090 2909     		lsrs	r1, r5, #4
 161 0092 41F01001 		orr	r1, r1, #16
 162 0096 FFF7FEFF 		bl	u8x8_cad_SendCmd
 163              	.LVL23:
 173:..\..\..\u8g2\u8g2\csrc/u8x8_d_uc1701_dogs102.c ****       u8x8_cad_SendCmd(u8x8, 0x0b0 | (((u8x8_tile_t *)arg_ptr)->y_pos));
 164              		.loc 1 173 0
 165 009a 05F00F01 		and	r1, r5, #15
 166 009e 2046     		mov	r0, r4
 167 00a0 FFF7FEFF 		bl	u8x8_cad_SendCmd
 168              	.LVL24:
 174:..\..\..\u8g2\u8g2\csrc/u8x8_d_uc1701_dogs102.c ****     
 169              		.loc 1 174 0
 170 00a4 98F80610 		ldrb	r1, [r8, #6]	@ zero_extendqisi2
 171 00a8 2046     		mov	r0, r4
 172 00aa 41F0B001 		orr	r1, r1, #176
 173 00ae FFF7FEFF 		bl	u8x8_cad_SendCmd
 174              	.LVL25:
 176:..\..\..\u8g2\u8g2\csrc/u8x8_d_uc1701_dogs102.c ****       c *= 8;
 175              		.loc 1 176 0
 176 00b2 98F80460 		ldrb	r6, [r8, #4]	@ zero_extendqisi2
 177              	.LVL26:
 178:..\..\..\u8g2\u8g2\csrc/u8x8_d_uc1701_dogs102.c ****       /* 
 178              		.loc 1 178 0
 179 00b6 D8F80080 		ldr	r8, [r8]
 180              	.LVL27:
 177:..\..\..\u8g2\u8g2\csrc/u8x8_d_uc1701_dogs102.c ****       ptr = ((u8x8_tile_t *)arg_ptr)->tile_ptr;
 181              		.loc 1 177 0
 182 00ba F600     		lsls	r6, r6, #3
 183              	.LVL28:
 184 00bc F6B2     		uxtb	r6, r6
 185              	.LVL29:
ARM GAS  C:\Users\jesse\AppData\Local\Temp\ccfSDh9M.s 			page 8


 184:..\..\..\u8g2\u8g2\csrc/u8x8_d_uc1701_dogs102.c ****       {
 186              		.loc 1 184 0
 187 00be 7319     		adds	r3, r6, r5
 188 00c0 842B     		cmp	r3, #132
 189              	.LVL30:
 187:..\..\..\u8g2\u8g2\csrc/u8x8_d_uc1701_dogs102.c ****       }
 190              		.loc 1 187 0
 191 00c2 C4BF     		itt	gt
 192 00c4 C5F18405 		rsbgt	r5, r5, #132
 193              	.LVL31:
 194 00c8 EEB2     		uxtbgt	r6, r5
 195              	.LVL32:
 196              	.L13:
 191:..\..\..\u8g2\u8g2\csrc/u8x8_d_uc1701_dogs102.c **** 	arg_int--;
 197              		.loc 1 191 0 discriminator 1
 198 00ca 4246     		mov	r2, r8
 199 00cc 3146     		mov	r1, r6
 200 00ce 2046     		mov	r0, r4
 201 00d0 FFF7FEFF 		bl	u8x8_cad_SendData
 202              	.LVL33:
 192:..\..\..\u8g2\u8g2\csrc/u8x8_d_uc1701_dogs102.c ****       } while( arg_int > 0 );
 203              		.loc 1 192 0 discriminator 1
 204 00d4 7A1E     		subs	r2, r7, #1
 205              	.LVL34:
 193:..\..\..\u8g2\u8g2\csrc/u8x8_d_uc1701_dogs102.c ****       
 206              		.loc 1 193 0 discriminator 1
 207 00d6 12F0FF07 		ands	r7, r2, #255
 208 00da F6D1     		bne	.L13
 209 00dc C7E7     		b	.L17
 210              	.LVL35:
 211              	.L14:
 198:..\..\..\u8g2\u8g2\csrc/u8x8_d_uc1701_dogs102.c ****   }
 212              		.loc 1 198 0
 213 00de 0020     		movs	r0, #0
 214              	.LVL36:
 201:..\..\..\u8g2\u8g2\csrc/u8x8_d_uc1701_dogs102.c **** }
 215              		.loc 1 201 0
 216 00e0 BDE8F081 		pop	{r4, r5, r6, r7, r8, pc}
 217              	.LVL37:
 218              	.L22:
 219              		.align	2
 220              	.L21:
 221 00e4 00000000 		.word	.LANCHOR0
 222 00e8 18000000 		.word	.LANCHOR0+24
 223 00ec 39000000 		.word	.LANCHOR0+57
 224 00f0 40000000 		.word	.LANCHOR0+64
 225 00f4 47000000 		.word	.LANCHOR0+71
 226 00f8 4E000000 		.word	.LANCHOR0+78
 227              		.cfi_endproc
 228              	.LFE0:
 229              		.size	u8x8_d_uc1701_ea_dogs102, .-u8x8_d_uc1701_ea_dogs102
 230              		.section	.rodata
 231              		.align	2
 232              		.set	.LANCHOR0,. + 0
 233              		.type	u8x8_uc1701_display_info, %object
 234              		.size	u8x8_uc1701_display_info, 24
 235              	u8x8_uc1701_display_info:
ARM GAS  C:\Users\jesse\AppData\Local\Temp\ccfSDh9M.s 			page 9


 236 0000 00       		.byte	0
 237 0001 01       		.byte	1
 238 0002 05       		.byte	5
 239 0003 05       		.byte	5
 240 0004 01       		.byte	1
 241 0005 06       		.byte	6
 242 0006 0C       		.byte	12
 243 0007 4B       		.byte	75
 244 0008 00093D00 		.word	4000000
 245 000c 00       		.byte	0
 246 000d 04       		.byte	4
 247 000e 1E       		.byte	30
 248 000f 28       		.byte	40
 249 0010 0D       		.byte	13
 250 0011 08       		.byte	8
 251 0012 00       		.byte	0
 252 0013 1E       		.byte	30
 253 0014 6600     		.short	102
 254 0016 4000     		.short	64
 255              		.type	u8x8_d_uc1701_dogs102_init_seq, %object
 256              		.size	u8x8_d_uc1701_dogs102_init_seq, 33
 257              	u8x8_d_uc1701_dogs102_init_seq:
 258 0018 18       		.byte	24
 259 0019 15       		.byte	21
 260 001a E2       		.byte	-30
 261 001b 15       		.byte	21
 262 001c AE       		.byte	-82
 263 001d 15       		.byte	21
 264 001e 40       		.byte	64
 265 001f 15       		.byte	21
 266 0020 A1       		.byte	-95
 267 0021 15       		.byte	21
 268 0022 C0       		.byte	-64
 269 0023 15       		.byte	21
 270 0024 A6       		.byte	-90
 271 0025 15       		.byte	21
 272 0026 A2       		.byte	-94
 273 0027 15       		.byte	21
 274 0028 2F       		.byte	47
 275 0029 15       		.byte	21
 276 002a 27       		.byte	39
 277 002b 15       		.byte	21
 278 002c 81       		.byte	-127
 279 002d 16       		.byte	22
 280 002e 0E       		.byte	14
 281 002f 15       		.byte	21
 282 0030 FA       		.byte	-6
 283 0031 15       		.byte	21
 284 0032 90       		.byte	-112
 285 0033 15       		.byte	21
 286 0034 AE       		.byte	-82
 287 0035 15       		.byte	21
 288 0036 A5       		.byte	-91
 289 0037 19       		.byte	25
 290 0038 FF       		.byte	-1
 291              		.type	u8x8_d_uc1701_dogs102_powersave0_seq, %object
 292              		.size	u8x8_d_uc1701_dogs102_powersave0_seq, 7
ARM GAS  C:\Users\jesse\AppData\Local\Temp\ccfSDh9M.s 			page 10


 293              	u8x8_d_uc1701_dogs102_powersave0_seq:
 294 0039 18       		.byte	24
 295 003a 15       		.byte	21
 296 003b A4       		.byte	-92
 297 003c 15       		.byte	21
 298 003d AF       		.byte	-81
 299 003e 19       		.byte	25
 300 003f FF       		.byte	-1
 301              		.type	u8x8_d_uc1701_dogs102_powersave1_seq, %object
 302              		.size	u8x8_d_uc1701_dogs102_powersave1_seq, 7
 303              	u8x8_d_uc1701_dogs102_powersave1_seq:
 304 0040 18       		.byte	24
 305 0041 15       		.byte	21
 306 0042 AE       		.byte	-82
 307 0043 15       		.byte	21
 308 0044 A5       		.byte	-91
 309 0045 19       		.byte	25
 310 0046 FF       		.byte	-1
 311              		.type	u8x8_d_uc1701_dogs102_flip0_seq, %object
 312              		.size	u8x8_d_uc1701_dogs102_flip0_seq, 7
 313              	u8x8_d_uc1701_dogs102_flip0_seq:
 314 0047 18       		.byte	24
 315 0048 15       		.byte	21
 316 0049 A1       		.byte	-95
 317 004a 15       		.byte	21
 318 004b C0       		.byte	-64
 319 004c 19       		.byte	25
 320 004d FF       		.byte	-1
 321              		.type	u8x8_d_uc1701_dogs102_flip1_seq, %object
 322              		.size	u8x8_d_uc1701_dogs102_flip1_seq, 7
 323              	u8x8_d_uc1701_dogs102_flip1_seq:
 324 004e 18       		.byte	24
 325 004f 15       		.byte	21
 326 0050 A0       		.byte	-96
 327 0051 15       		.byte	21
 328 0052 C8       		.byte	-56
 329 0053 19       		.byte	25
 330 0054 FF       		.byte	-1
 331              		.text
 332              	.Letext0:
 333              		.file 2 "c:\\program files (x86)\\cypress\\psoc creator\\4.4\\psoc creator\\import\\gnu\\arm\\5.4.
 334              		.file 3 "c:\\program files (x86)\\cypress\\psoc creator\\4.4\\psoc creator\\import\\gnu\\arm\\5.4.
 335              		.file 4 "..\\..\\..\\u8g2\\u8g2\\csrc\\u8x8.h"
 336              		.section	.debug_info,"",%progbits
 337              	.Ldebug_info0:
 338 0000 36060000 		.4byte	0x636
 339 0004 0400     		.2byte	0x4
 340 0006 00000000 		.4byte	.Ldebug_abbrev0
 341 000a 04       		.byte	0x4
 342 000b 01       		.uleb128 0x1
 343 000c 9A030000 		.4byte	.LASF83
 344 0010 0C       		.byte	0xc
 345 0011 CB020000 		.4byte	.LASF84
 346 0015 4A040000 		.4byte	.LASF85
 347 0019 00000000 		.4byte	.Ldebug_ranges0+0
 348 001d 00000000 		.4byte	0
 349 0021 00000000 		.4byte	.Ldebug_line0
ARM GAS  C:\Users\jesse\AppData\Local\Temp\ccfSDh9M.s 			page 11


 350 0025 02       		.uleb128 0x2
 351 0026 01       		.byte	0x1
 352 0027 06       		.byte	0x6
 353 0028 FB020000 		.4byte	.LASF0
 354 002c 03       		.uleb128 0x3
 355 002d 7D020000 		.4byte	.LASF3
 356 0031 02       		.byte	0x2
 357 0032 1D       		.byte	0x1d
 358 0033 37000000 		.4byte	0x37
 359 0037 02       		.uleb128 0x2
 360 0038 01       		.byte	0x1
 361 0039 08       		.byte	0x8
 362 003a BD020000 		.4byte	.LASF1
 363 003e 02       		.uleb128 0x2
 364 003f 02       		.byte	0x2
 365 0040 05       		.byte	0x5
 366 0041 B2000000 		.4byte	.LASF2
 367 0045 03       		.uleb128 0x3
 368 0046 2B010000 		.4byte	.LASF4
 369 004a 02       		.byte	0x2
 370 004b 2B       		.byte	0x2b
 371 004c 50000000 		.4byte	0x50
 372 0050 02       		.uleb128 0x2
 373 0051 02       		.byte	0x2
 374 0052 07       		.byte	0x7
 375 0053 B0040000 		.4byte	.LASF5
 376 0057 02       		.uleb128 0x2
 377 0058 04       		.byte	0x4
 378 0059 05       		.byte	0x5
 379 005a 59020000 		.4byte	.LASF6
 380 005e 03       		.uleb128 0x3
 381 005f 20010000 		.4byte	.LASF7
 382 0063 02       		.byte	0x2
 383 0064 41       		.byte	0x41
 384 0065 69000000 		.4byte	0x69
 385 0069 02       		.uleb128 0x2
 386 006a 04       		.byte	0x4
 387 006b 07       		.byte	0x7
 388 006c 38050000 		.4byte	.LASF8
 389 0070 02       		.uleb128 0x2
 390 0071 08       		.byte	0x8
 391 0072 05       		.byte	0x5
 392 0073 00020000 		.4byte	.LASF9
 393 0077 02       		.uleb128 0x2
 394 0078 08       		.byte	0x8
 395 0079 07       		.byte	0x7
 396 007a 07030000 		.4byte	.LASF10
 397 007e 04       		.uleb128 0x4
 398 007f 04       		.byte	0x4
 399 0080 05       		.byte	0x5
 400 0081 696E7400 		.ascii	"int\000"
 401 0085 02       		.uleb128 0x2
 402 0086 04       		.byte	0x4
 403 0087 07       		.byte	0x7
 404 0088 38030000 		.4byte	.LASF11
 405 008c 03       		.uleb128 0x3
 406 008d 4B010000 		.4byte	.LASF12
ARM GAS  C:\Users\jesse\AppData\Local\Temp\ccfSDh9M.s 			page 12


 407 0091 03       		.byte	0x3
 408 0092 18       		.byte	0x18
 409 0093 2C000000 		.4byte	0x2c
 410 0097 03       		.uleb128 0x3
 411 0098 45030000 		.4byte	.LASF13
 412 009c 03       		.byte	0x3
 413 009d 24       		.byte	0x24
 414 009e 45000000 		.4byte	0x45
 415 00a2 03       		.uleb128 0x3
 416 00a3 1E030000 		.4byte	.LASF14
 417 00a7 03       		.byte	0x3
 418 00a8 30       		.byte	0x30
 419 00a9 5E000000 		.4byte	0x5e
 420 00ad 05       		.uleb128 0x5
 421 00ae 04       		.byte	0x4
 422 00af 02       		.uleb128 0x2
 423 00b0 08       		.byte	0x8
 424 00b1 04       		.byte	0x4
 425 00b2 A5020000 		.4byte	.LASF15
 426 00b6 03       		.uleb128 0x3
 427 00b7 93030000 		.4byte	.LASF16
 428 00bb 04       		.byte	0x4
 429 00bc D3       		.byte	0xd3
 430 00bd C1000000 		.4byte	0xc1
 431 00c1 06       		.uleb128 0x6
 432 00c2 10050000 		.4byte	.LASF37
 433 00c6 2C       		.byte	0x2c
 434 00c7 04       		.byte	0x4
 435 00c8 5601     		.2byte	0x156
 436 00ca C6010000 		.4byte	0x1c6
 437 00ce 07       		.uleb128 0x7
 438 00cf DF040000 		.4byte	.LASF17
 439 00d3 04       		.byte	0x4
 440 00d4 5801     		.2byte	0x158
 441 00d6 76030000 		.4byte	0x376
 442 00da 00       		.byte	0
 443 00db 07       		.uleb128 0x7
 444 00dc 4B060000 		.4byte	.LASF18
 445 00e0 04       		.byte	0x4
 446 00e1 5901     		.2byte	0x159
 447 00e3 4B030000 		.4byte	0x34b
 448 00e7 04       		.byte	0x4
 449 00e8 07       		.uleb128 0x7
 450 00e9 87020000 		.4byte	.LASF19
 451 00ed 04       		.byte	0x4
 452 00ee 5A01     		.2byte	0x15a
 453 00f0 16030000 		.4byte	0x316
 454 00f4 08       		.byte	0x8
 455 00f5 07       		.uleb128 0x7
 456 00f6 BD050000 		.4byte	.LASF20
 457 00fa 04       		.byte	0x4
 458 00fb 5B01     		.2byte	0x15b
 459 00fd 16030000 		.4byte	0x316
 460 0101 0C       		.byte	0xc
 461 0102 07       		.uleb128 0x7
 462 0103 4A050000 		.4byte	.LASF21
 463 0107 04       		.byte	0x4
ARM GAS  C:\Users\jesse\AppData\Local\Temp\ccfSDh9M.s 			page 13


 464 0108 5C01     		.2byte	0x15c
 465 010a 16030000 		.4byte	0x316
 466 010e 10       		.byte	0x10
 467 010f 07       		.uleb128 0x7
 468 0110 BC000000 		.4byte	.LASF22
 469 0114 04       		.byte	0x4
 470 0115 5D01     		.2byte	0x15d
 471 0117 16030000 		.4byte	0x316
 472 011b 14       		.byte	0x14
 473 011c 07       		.uleb128 0x7
 474 011d B9010000 		.4byte	.LASF23
 475 0121 04       		.byte	0x4
 476 0122 5E01     		.2byte	0x15e
 477 0124 A2000000 		.4byte	0xa2
 478 0128 18       		.byte	0x18
 479 0129 07       		.uleb128 0x7
 480 012a 99000000 		.4byte	.LASF24
 481 012e 04       		.byte	0x4
 482 012f 5F01     		.2byte	0x15f
 483 0131 81030000 		.4byte	0x381
 484 0135 1C       		.byte	0x1c
 485 0136 07       		.uleb128 0x7
 486 0137 83050000 		.4byte	.LASF25
 487 013b 04       		.byte	0x4
 488 013c 6001     		.2byte	0x160
 489 013e 97000000 		.4byte	0x97
 490 0142 20       		.byte	0x20
 491 0143 07       		.uleb128 0x7
 492 0144 19000000 		.4byte	.LASF26
 493 0148 04       		.byte	0x4
 494 0149 6101     		.2byte	0x161
 495 014b 8C000000 		.4byte	0x8c
 496 014f 22       		.byte	0x22
 497 0150 07       		.uleb128 0x7
 498 0151 41000000 		.4byte	.LASF27
 499 0155 04       		.byte	0x4
 500 0156 6201     		.2byte	0x162
 501 0158 8C000000 		.4byte	0x8c
 502 015c 23       		.byte	0x23
 503 015d 07       		.uleb128 0x7
 504 015e 65050000 		.4byte	.LASF28
 505 0162 04       		.byte	0x4
 506 0163 6301     		.2byte	0x163
 507 0165 8C000000 		.4byte	0x8c
 508 0169 24       		.byte	0x24
 509 016a 07       		.uleb128 0x7
 510 016b 8C050000 		.4byte	.LASF29
 511 016f 04       		.byte	0x4
 512 0170 6601     		.2byte	0x166
 513 0172 8C000000 		.4byte	0x8c
 514 0176 25       		.byte	0x25
 515 0177 07       		.uleb128 0x7
 516 0178 05050000 		.4byte	.LASF30
 517 017c 04       		.byte	0x4
 518 017d 6801     		.2byte	0x168
 519 017f 8C000000 		.4byte	0x8c
 520 0183 26       		.byte	0x26
ARM GAS  C:\Users\jesse\AppData\Local\Temp\ccfSDh9M.s 			page 14


 521 0184 07       		.uleb128 0x7
 522 0185 0E020000 		.4byte	.LASF31
 523 0189 04       		.byte	0x4
 524 018a 6901     		.2byte	0x169
 525 018c 8C000000 		.4byte	0x8c
 526 0190 27       		.byte	0x27
 527 0191 07       		.uleb128 0x7
 528 0192 04060000 		.4byte	.LASF32
 529 0196 04       		.byte	0x4
 530 0197 6A01     		.2byte	0x16a
 531 0199 8C000000 		.4byte	0x8c
 532 019d 28       		.byte	0x28
 533 019e 07       		.uleb128 0x7
 534 019f E8010000 		.4byte	.LASF33
 535 01a3 04       		.byte	0x4
 536 01a4 6B01     		.2byte	0x16b
 537 01a6 8C000000 		.4byte	0x8c
 538 01aa 29       		.byte	0x29
 539 01ab 07       		.uleb128 0x7
 540 01ac D0040000 		.4byte	.LASF34
 541 01b0 04       		.byte	0x4
 542 01b1 6C01     		.2byte	0x16c
 543 01b3 8C000000 		.4byte	0x8c
 544 01b7 2A       		.byte	0x2a
 545 01b8 07       		.uleb128 0x7
 546 01b9 9E000000 		.4byte	.LASF35
 547 01bd 04       		.byte	0x4
 548 01be 6D01     		.2byte	0x16d
 549 01c0 8C000000 		.4byte	0x8c
 550 01c4 2B       		.byte	0x2b
 551 01c5 00       		.byte	0
 552 01c6 03       		.uleb128 0x3
 553 01c7 D4010000 		.4byte	.LASF36
 554 01cb 04       		.byte	0x4
 555 01cc D4       		.byte	0xd4
 556 01cd D1010000 		.4byte	0x1d1
 557 01d1 08       		.uleb128 0x8
 558 01d2 4E030000 		.4byte	.LASF38
 559 01d6 18       		.byte	0x18
 560 01d7 04       		.byte	0x4
 561 01d8 ED       		.byte	0xed
 562 01d9 CE020000 		.4byte	0x2ce
 563 01dd 09       		.uleb128 0x9
 564 01de 87000000 		.4byte	.LASF39
 565 01e2 04       		.byte	0x4
 566 01e3 F1       		.byte	0xf1
 567 01e4 8C000000 		.4byte	0x8c
 568 01e8 00       		.byte	0
 569 01e9 09       		.uleb128 0x9
 570 01ea 52050000 		.4byte	.LASF40
 571 01ee 04       		.byte	0x4
 572 01ef F2       		.byte	0xf2
 573 01f0 8C000000 		.4byte	0x8c
 574 01f4 01       		.byte	0x1
 575 01f5 09       		.uleb128 0x9
 576 01f6 78010000 		.4byte	.LASF41
 577 01fa 04       		.byte	0x4
ARM GAS  C:\Users\jesse\AppData\Local\Temp\ccfSDh9M.s 			page 15


 578 01fb F4       		.byte	0xf4
 579 01fc 8C000000 		.4byte	0x8c
 580 0200 02       		.byte	0x2
 581 0201 09       		.uleb128 0x9
 582 0202 53060000 		.4byte	.LASF42
 583 0206 04       		.byte	0x4
 584 0207 F5       		.byte	0xf5
 585 0208 8C000000 		.4byte	0x8c
 586 020c 03       		.byte	0x3
 587 020d 09       		.uleb128 0x9
 588 020e 7E030000 		.4byte	.LASF43
 589 0212 04       		.byte	0x4
 590 0213 F6       		.byte	0xf6
 591 0214 8C000000 		.4byte	0x8c
 592 0218 04       		.byte	0x4
 593 0219 09       		.uleb128 0x9
 594 021a 0D010000 		.4byte	.LASF44
 595 021e 04       		.byte	0x4
 596 021f F7       		.byte	0xf7
 597 0220 8C000000 		.4byte	0x8c
 598 0224 05       		.byte	0x5
 599 0225 09       		.uleb128 0x9
 600 0226 E2000000 		.4byte	.LASF45
 601 022a 04       		.byte	0x4
 602 022b FE       		.byte	0xfe
 603 022c 8C000000 		.4byte	0x8c
 604 0230 06       		.byte	0x6
 605 0231 07       		.uleb128 0x7
 606 0232 1A020000 		.4byte	.LASF46
 607 0236 04       		.byte	0x4
 608 0237 0201     		.2byte	0x102
 609 0239 8C000000 		.4byte	0x8c
 610 023d 07       		.byte	0x7
 611 023e 07       		.uleb128 0x7
 612 023f 3D040000 		.4byte	.LASF47
 613 0243 04       		.byte	0x4
 614 0244 0501     		.2byte	0x105
 615 0246 A2000000 		.4byte	0xa2
 616 024a 08       		.byte	0x8
 617 024b 07       		.uleb128 0x7
 618 024c 76000000 		.4byte	.LASF48
 619 0250 04       		.byte	0x4
 620 0251 0F01     		.2byte	0x10f
 621 0253 8C000000 		.4byte	0x8c
 622 0257 0C       		.byte	0xc
 623 0258 07       		.uleb128 0x7
 624 0259 28040000 		.4byte	.LASF49
 625 025d 04       		.byte	0x4
 626 025e 1201     		.2byte	0x112
 627 0260 8C000000 		.4byte	0x8c
 628 0264 0D       		.byte	0xd
 629 0265 07       		.uleb128 0x7
 630 0266 92020000 		.4byte	.LASF50
 631 026a 04       		.byte	0x4
 632 026b 1801     		.2byte	0x118
 633 026d 8C000000 		.4byte	0x8c
 634 0271 0E       		.byte	0xe
ARM GAS  C:\Users\jesse\AppData\Local\Temp\ccfSDh9M.s 			page 16


 635 0272 07       		.uleb128 0x7
 636 0273 36010000 		.4byte	.LASF51
 637 0277 04       		.byte	0x4
 638 0278 1A01     		.2byte	0x11a
 639 027a 8C000000 		.4byte	0x8c
 640 027e 0F       		.byte	0xf
 641 027f 07       		.uleb128 0x7
 642 0280 CE000000 		.4byte	.LASF52
 643 0284 04       		.byte	0x4
 644 0285 1D01     		.2byte	0x11d
 645 0287 8C000000 		.4byte	0x8c
 646 028b 10       		.byte	0x10
 647 028c 07       		.uleb128 0x7
 648 028d B1020000 		.4byte	.LASF53
 649 0291 04       		.byte	0x4
 650 0292 1E01     		.2byte	0x11e
 651 0294 8C000000 		.4byte	0x8c
 652 0298 11       		.byte	0x11
 653 0299 07       		.uleb128 0x7
 654 029a C3010000 		.4byte	.LASF54
 655 029e 04       		.byte	0x4
 656 029f 2001     		.2byte	0x120
 657 02a1 8C000000 		.4byte	0x8c
 658 02a5 12       		.byte	0x12
 659 02a6 07       		.uleb128 0x7
 660 02a7 71050000 		.4byte	.LASF55
 661 02ab 04       		.byte	0x4
 662 02ac 2101     		.2byte	0x121
 663 02ae 8C000000 		.4byte	0x8c
 664 02b2 13       		.byte	0x13
 665 02b3 07       		.uleb128 0x7
 666 02b4 F9040000 		.4byte	.LASF56
 667 02b8 04       		.byte	0x4
 668 02b9 2901     		.2byte	0x129
 669 02bb 97000000 		.4byte	0x97
 670 02bf 14       		.byte	0x14
 671 02c0 07       		.uleb128 0x7
 672 02c1 EC040000 		.4byte	.LASF57
 673 02c5 04       		.byte	0x4
 674 02c6 2A01     		.2byte	0x12a
 675 02c8 97000000 		.4byte	0x97
 676 02cc 16       		.byte	0x16
 677 02cd 00       		.byte	0
 678 02ce 03       		.uleb128 0x3
 679 02cf C4050000 		.4byte	.LASF58
 680 02d3 04       		.byte	0x4
 681 02d4 D5       		.byte	0xd5
 682 02d5 D9020000 		.4byte	0x2d9
 683 02d9 08       		.uleb128 0x8
 684 02da 27030000 		.4byte	.LASF59
 685 02de 08       		.byte	0x8
 686 02df 04       		.byte	0x4
 687 02e0 E4       		.byte	0xe4
 688 02e1 16030000 		.4byte	0x316
 689 02e5 09       		.uleb128 0x9
 690 02e6 96010000 		.4byte	.LASF60
 691 02ea 04       		.byte	0x4
ARM GAS  C:\Users\jesse\AppData\Local\Temp\ccfSDh9M.s 			page 17


 692 02eb E6       		.byte	0xe6
 693 02ec 70030000 		.4byte	0x370
 694 02f0 00       		.byte	0
 695 02f1 0A       		.uleb128 0xa
 696 02f2 636E7400 		.ascii	"cnt\000"
 697 02f6 04       		.byte	0x4
 698 02f7 E7       		.byte	0xe7
 699 02f8 8C000000 		.4byte	0x8c
 700 02fc 04       		.byte	0x4
 701 02fd 09       		.uleb128 0x9
 702 02fe 77020000 		.4byte	.LASF61
 703 0302 04       		.byte	0x4
 704 0303 E8       		.byte	0xe8
 705 0304 8C000000 		.4byte	0x8c
 706 0308 05       		.byte	0x5
 707 0309 09       		.uleb128 0x9
 708 030a 1C050000 		.4byte	.LASF62
 709 030e 04       		.byte	0x4
 710 030f E9       		.byte	0xe9
 711 0310 8C000000 		.4byte	0x8c
 712 0314 06       		.byte	0x6
 713 0315 00       		.byte	0
 714 0316 03       		.uleb128 0x3
 715 0317 3F060000 		.4byte	.LASF63
 716 031b 04       		.byte	0x4
 717 031c D7       		.byte	0xd7
 718 031d 21030000 		.4byte	0x321
 719 0321 0B       		.uleb128 0xb
 720 0322 04       		.byte	0x4
 721 0323 27030000 		.4byte	0x327
 722 0327 0C       		.uleb128 0xc
 723 0328 8C000000 		.4byte	0x8c
 724 032c 45030000 		.4byte	0x345
 725 0330 0D       		.uleb128 0xd
 726 0331 45030000 		.4byte	0x345
 727 0335 0D       		.uleb128 0xd
 728 0336 8C000000 		.4byte	0x8c
 729 033a 0D       		.uleb128 0xd
 730 033b 8C000000 		.4byte	0x8c
 731 033f 0D       		.uleb128 0xd
 732 0340 AD000000 		.4byte	0xad
 733 0344 00       		.byte	0
 734 0345 0B       		.uleb128 0xb
 735 0346 04       		.byte	0x4
 736 0347 B6000000 		.4byte	0xb6
 737 034b 03       		.uleb128 0x3
 738 034c C3040000 		.4byte	.LASF64
 739 0350 04       		.byte	0x4
 740 0351 D8       		.byte	0xd8
 741 0352 56030000 		.4byte	0x356
 742 0356 0B       		.uleb128 0xb
 743 0357 04       		.byte	0x4
 744 0358 5C030000 		.4byte	0x35c
 745 035c 0C       		.uleb128 0xc
 746 035d 97000000 		.4byte	0x97
 747 0361 70030000 		.4byte	0x370
 748 0365 0D       		.uleb128 0xd
ARM GAS  C:\Users\jesse\AppData\Local\Temp\ccfSDh9M.s 			page 18


 749 0366 45030000 		.4byte	0x345
 750 036a 0D       		.uleb128 0xd
 751 036b 8C000000 		.4byte	0x8c
 752 036f 00       		.byte	0
 753 0370 0B       		.uleb128 0xb
 754 0371 04       		.byte	0x4
 755 0372 8C000000 		.4byte	0x8c
 756 0376 0B       		.uleb128 0xb
 757 0377 04       		.byte	0x4
 758 0378 7C030000 		.4byte	0x37c
 759 037c 0E       		.uleb128 0xe
 760 037d C6010000 		.4byte	0x1c6
 761 0381 0B       		.uleb128 0xb
 762 0382 04       		.byte	0x4
 763 0383 87030000 		.4byte	0x387
 764 0387 0E       		.uleb128 0xe
 765 0388 8C000000 		.4byte	0x8c
 766 038c 0F       		.uleb128 0xf
 767 038d F4000000 		.4byte	.LASF86
 768 0391 01       		.byte	0x1
 769 0392 7F       		.byte	0x7f
 770 0393 8C000000 		.4byte	0x8c
 771 0397 00000000 		.4byte	.LFB0
 772 039b FC000000 		.4byte	.LFE0-.LFB0
 773 039f 01       		.uleb128 0x1
 774 03a0 9C       		.byte	0x9c
 775 03a1 33050000 		.4byte	0x533
 776 03a5 10       		.uleb128 0x10
 777 03a6 91010000 		.4byte	.LASF65
 778 03aa 01       		.byte	0x1
 779 03ab 7F       		.byte	0x7f
 780 03ac 45030000 		.4byte	0x345
 781 03b0 00000000 		.4byte	.LLST0
 782 03b4 11       		.uleb128 0x11
 783 03b5 6D736700 		.ascii	"msg\000"
 784 03b9 01       		.byte	0x1
 785 03ba 7F       		.byte	0x7f
 786 03bb 8C000000 		.4byte	0x8c
 787 03bf C6000000 		.4byte	.LLST1
 788 03c3 10       		.uleb128 0x10
 789 03c4 9F010000 		.4byte	.LASF66
 790 03c8 01       		.byte	0x1
 791 03c9 7F       		.byte	0x7f
 792 03ca 8C000000 		.4byte	0x8c
 793 03ce E7000000 		.4byte	.LLST2
 794 03d2 10       		.uleb128 0x10
 795 03d3 7F000000 		.4byte	.LASF67
 796 03d7 01       		.byte	0x1
 797 03d8 7F       		.byte	0x7f
 798 03d9 AD000000 		.4byte	0xad
 799 03dd B4010000 		.4byte	.LLST3
 800 03e1 12       		.uleb128 0x12
 801 03e2 7800     		.ascii	"x\000"
 802 03e4 01       		.byte	0x1
 803 03e5 81       		.byte	0x81
 804 03e6 8C000000 		.4byte	0x8c
 805 03ea 12020000 		.4byte	.LLST4
ARM GAS  C:\Users\jesse\AppData\Local\Temp\ccfSDh9M.s 			page 19


 806 03ee 12       		.uleb128 0x12
 807 03ef 6300     		.ascii	"c\000"
 808 03f1 01       		.byte	0x1
 809 03f2 81       		.byte	0x81
 810 03f3 8C000000 		.4byte	0x8c
 811 03f7 4E020000 		.4byte	.LLST5
 812 03fb 12       		.uleb128 0x12
 813 03fc 70747200 		.ascii	"ptr\000"
 814 0400 01       		.byte	0x1
 815 0401 82       		.byte	0x82
 816 0402 70030000 		.4byte	0x370
 817 0406 93020000 		.4byte	.LLST6
 818 040a 13       		.uleb128 0x13
 819 040b 22000000 		.4byte	.LVL3
 820 040f D9050000 		.4byte	0x5d9
 821 0413 21040000 		.4byte	0x421
 822 0417 14       		.uleb128 0x14
 823 0418 01       		.uleb128 0x1
 824 0419 51       		.byte	0x51
 825 041a 05       		.uleb128 0x5
 826 041b 03       		.byte	0x3
 827 041c 00000000 		.4byte	.LANCHOR0
 828 0420 00       		.byte	0
 829 0421 15       		.uleb128 0x15
 830 0422 28000000 		.4byte	.LVL5
 831 0426 E5050000 		.4byte	0x5e5
 832 042a 13       		.uleb128 0x13
 833 042b 3A000000 		.4byte	.LVL8
 834 042f F1050000 		.4byte	0x5f1
 835 0433 3E040000 		.4byte	0x43e
 836 0437 14       		.uleb128 0x14
 837 0438 01       		.uleb128 0x1
 838 0439 50       		.byte	0x50
 839 043a 02       		.uleb128 0x2
 840 043b 74       		.byte	0x74
 841 043c 00       		.sleb128 0
 842 043d 00       		.byte	0
 843 043e 13       		.uleb128 0x13
 844 043f 44000000 		.4byte	.LVL10
 845 0443 F1050000 		.4byte	0x5f1
 846 0447 55040000 		.4byte	0x455
 847 044b 14       		.uleb128 0x14
 848 044c 01       		.uleb128 0x1
 849 044d 51       		.byte	0x51
 850 044e 05       		.uleb128 0x5
 851 044f 03       		.byte	0x3
 852 0450 47000000 		.4byte	.LANCHOR0+71
 853 0454 00       		.byte	0
 854 0455 13       		.uleb128 0x13
 855 0456 50000000 		.4byte	.LVL12
 856 045a F1050000 		.4byte	0x5f1
 857 045e 6C040000 		.4byte	0x46c
 858 0462 14       		.uleb128 0x14
 859 0463 01       		.uleb128 0x1
 860 0464 51       		.byte	0x51
 861 0465 05       		.uleb128 0x5
 862 0466 03       		.byte	0x3
ARM GAS  C:\Users\jesse\AppData\Local\Temp\ccfSDh9M.s 			page 20


 863 0467 4E000000 		.4byte	.LANCHOR0+78
 864 046b 00       		.byte	0
 865 046c 15       		.uleb128 0x15
 866 046d 5E000000 		.4byte	.LVL14
 867 0471 FD050000 		.4byte	0x5fd
 868 0475 13       		.uleb128 0x13
 869 0476 66000000 		.4byte	.LVL15
 870 047a 09060000 		.4byte	0x609
 871 047e 8F040000 		.4byte	0x48f
 872 0482 14       		.uleb128 0x14
 873 0483 01       		.uleb128 0x1
 874 0484 50       		.byte	0x50
 875 0485 02       		.uleb128 0x2
 876 0486 74       		.byte	0x74
 877 0487 00       		.sleb128 0
 878 0488 14       		.uleb128 0x14
 879 0489 01       		.uleb128 0x1
 880 048a 51       		.byte	0x51
 881 048b 02       		.uleb128 0x2
 882 048c 09       		.byte	0x9
 883 048d 81       		.byte	0x81
 884 048e 00       		.byte	0
 885 048f 13       		.uleb128 0x13
 886 0490 6E000000 		.4byte	.LVL16
 887 0494 15060000 		.4byte	0x615
 888 0498 AB040000 		.4byte	0x4ab
 889 049c 14       		.uleb128 0x14
 890 049d 01       		.uleb128 0x1
 891 049e 50       		.byte	0x50
 892 049f 02       		.uleb128 0x2
 893 04a0 74       		.byte	0x74
 894 04a1 00       		.sleb128 0
 895 04a2 14       		.uleb128 0x14
 896 04a3 01       		.uleb128 0x1
 897 04a4 51       		.byte	0x51
 898 04a5 04       		.uleb128 0x4
 899 04a6 77       		.byte	0x77
 900 04a7 00       		.sleb128 0
 901 04a8 32       		.byte	0x32
 902 04a9 25       		.byte	0x25
 903 04aa 00       		.byte	0
 904 04ab 13       		.uleb128 0x13
 905 04ac 74000000 		.4byte	.LVL17
 906 04b0 21060000 		.4byte	0x621
 907 04b4 BF040000 		.4byte	0x4bf
 908 04b8 14       		.uleb128 0x14
 909 04b9 01       		.uleb128 0x1
 910 04ba 50       		.byte	0x50
 911 04bb 02       		.uleb128 0x2
 912 04bc 74       		.byte	0x74
 913 04bd 00       		.sleb128 0
 914 04be 00       		.byte	0
 915 04bf 15       		.uleb128 0x15
 916 04c0 7E000000 		.4byte	.LVL19
 917 04c4 FD050000 		.4byte	0x5fd
 918 04c8 13       		.uleb128 0x13
 919 04c9 9A000000 		.4byte	.LVL23
ARM GAS  C:\Users\jesse\AppData\Local\Temp\ccfSDh9M.s 			page 21


 920 04cd 09060000 		.4byte	0x609
 921 04d1 E6040000 		.4byte	0x4e6
 922 04d5 14       		.uleb128 0x14
 923 04d6 01       		.uleb128 0x1
 924 04d7 50       		.byte	0x50
 925 04d8 02       		.uleb128 0x2
 926 04d9 74       		.byte	0x74
 927 04da 00       		.sleb128 0
 928 04db 14       		.uleb128 0x14
 929 04dc 01       		.uleb128 0x1
 930 04dd 51       		.byte	0x51
 931 04de 06       		.uleb128 0x6
 932 04df 75       		.byte	0x75
 933 04e0 00       		.sleb128 0
 934 04e1 34       		.byte	0x34
 935 04e2 25       		.byte	0x25
 936 04e3 40       		.byte	0x40
 937 04e4 21       		.byte	0x21
 938 04e5 00       		.byte	0
 939 04e6 13       		.uleb128 0x13
 940 04e7 A4000000 		.4byte	.LVL24
 941 04eb 09060000 		.4byte	0x609
 942 04ef 02050000 		.4byte	0x502
 943 04f3 14       		.uleb128 0x14
 944 04f4 01       		.uleb128 0x1
 945 04f5 50       		.byte	0x50
 946 04f6 02       		.uleb128 0x2
 947 04f7 74       		.byte	0x74
 948 04f8 00       		.sleb128 0
 949 04f9 14       		.uleb128 0x14
 950 04fa 01       		.uleb128 0x1
 951 04fb 51       		.byte	0x51
 952 04fc 04       		.uleb128 0x4
 953 04fd 75       		.byte	0x75
 954 04fe 00       		.sleb128 0
 955 04ff 3F       		.byte	0x3f
 956 0500 1A       		.byte	0x1a
 957 0501 00       		.byte	0
 958 0502 13       		.uleb128 0x13
 959 0503 B2000000 		.4byte	.LVL25
 960 0507 09060000 		.4byte	0x609
 961 050b 16050000 		.4byte	0x516
 962 050f 14       		.uleb128 0x14
 963 0510 01       		.uleb128 0x1
 964 0511 50       		.byte	0x50
 965 0512 02       		.uleb128 0x2
 966 0513 74       		.byte	0x74
 967 0514 00       		.sleb128 0
 968 0515 00       		.byte	0
 969 0516 16       		.uleb128 0x16
 970 0517 D4000000 		.4byte	.LVL33
 971 051b 2D060000 		.4byte	0x62d
 972 051f 14       		.uleb128 0x14
 973 0520 01       		.uleb128 0x1
 974 0521 50       		.byte	0x50
 975 0522 02       		.uleb128 0x2
 976 0523 74       		.byte	0x74
ARM GAS  C:\Users\jesse\AppData\Local\Temp\ccfSDh9M.s 			page 22


 977 0524 00       		.sleb128 0
 978 0525 14       		.uleb128 0x14
 979 0526 01       		.uleb128 0x1
 980 0527 51       		.byte	0x51
 981 0528 02       		.uleb128 0x2
 982 0529 76       		.byte	0x76
 983 052a 00       		.sleb128 0
 984 052b 14       		.uleb128 0x14
 985 052c 01       		.uleb128 0x1
 986 052d 52       		.byte	0x52
 987 052e 02       		.uleb128 0x2
 988 052f 78       		.byte	0x78
 989 0530 00       		.sleb128 0
 990 0531 00       		.byte	0
 991 0532 00       		.byte	0
 992 0533 17       		.uleb128 0x17
 993 0534 87030000 		.4byte	0x387
 994 0538 43050000 		.4byte	0x543
 995 053c 18       		.uleb128 0x18
 996 053d 43050000 		.4byte	0x543
 997 0541 20       		.byte	0x20
 998 0542 00       		.byte	0
 999 0543 02       		.uleb128 0x2
 1000 0544 04       		.byte	0x4
 1001 0545 07       		.byte	0x7
 1002 0546 D9000000 		.4byte	.LASF68
 1003 054a 19       		.uleb128 0x19
 1004 054b 22000000 		.4byte	.LASF69
 1005 054f 01       		.byte	0x1
 1006 0550 29       		.byte	0x29
 1007 0551 5B050000 		.4byte	0x55b
 1008 0555 05       		.uleb128 0x5
 1009 0556 03       		.byte	0x3
 1010 0557 18000000 		.4byte	u8x8_d_uc1701_dogs102_init_seq
 1011 055b 0E       		.uleb128 0xe
 1012 055c 33050000 		.4byte	0x533
 1013 0560 17       		.uleb128 0x17
 1014 0561 87030000 		.4byte	0x387
 1015 0565 70050000 		.4byte	0x570
 1016 0569 18       		.uleb128 0x18
 1017 056a 43050000 		.4byte	0x543
 1018 056e 06       		.byte	0x6
 1019 056f 00       		.byte	0
 1020 0570 19       		.uleb128 0x19
 1021 0571 98050000 		.4byte	.LASF70
 1022 0575 01       		.byte	0x1
 1023 0576 46       		.byte	0x46
 1024 0577 81050000 		.4byte	0x581
 1025 057b 05       		.uleb128 0x5
 1026 057c 03       		.byte	0x3
 1027 057d 39000000 		.4byte	u8x8_d_uc1701_dogs102_powersave0_seq
 1028 0581 0E       		.uleb128 0xe
 1029 0582 60050000 		.4byte	0x560
 1030 0586 19       		.uleb128 0x19
 1031 0587 53010000 		.4byte	.LASF71
 1032 058b 01       		.byte	0x1
 1033 058c 4E       		.byte	0x4e
ARM GAS  C:\Users\jesse\AppData\Local\Temp\ccfSDh9M.s 			page 23


 1034 058d 97050000 		.4byte	0x597
 1035 0591 05       		.uleb128 0x5
 1036 0592 03       		.byte	0x3
 1037 0593 40000000 		.4byte	u8x8_d_uc1701_dogs102_powersave1_seq
 1038 0597 0E       		.uleb128 0xe
 1039 0598 60050000 		.4byte	0x560
 1040 059c 19       		.uleb128 0x19
 1041 059d 1F060000 		.4byte	.LASF72
 1042 05a1 01       		.byte	0x1
 1043 05a2 56       		.byte	0x56
 1044 05a3 AD050000 		.4byte	0x5ad
 1045 05a7 05       		.uleb128 0x5
 1046 05a8 03       		.byte	0x3
 1047 05a9 47000000 		.4byte	u8x8_d_uc1701_dogs102_flip0_seq
 1048 05ad 0E       		.uleb128 0xe
 1049 05ae 60050000 		.4byte	0x560
 1050 05b2 19       		.uleb128 0x19
 1051 05b3 56000000 		.4byte	.LASF73
 1052 05b7 01       		.byte	0x1
 1053 05b8 5E       		.byte	0x5e
 1054 05b9 C3050000 		.4byte	0x5c3
 1055 05bd 05       		.uleb128 0x5
 1056 05be 03       		.byte	0x3
 1057 05bf 4E000000 		.4byte	u8x8_d_uc1701_dogs102_flip1_seq
 1058 05c3 0E       		.uleb128 0xe
 1059 05c4 60050000 		.4byte	0x560
 1060 05c8 19       		.uleb128 0x19
 1061 05c9 00000000 		.4byte	.LASF74
 1062 05cd 01       		.byte	0x1
 1063 05ce 67       		.byte	0x67
 1064 05cf 7C030000 		.4byte	0x37c
 1065 05d3 05       		.uleb128 0x5
 1066 05d4 03       		.byte	0x3
 1067 05d5 00000000 		.4byte	u8x8_uc1701_display_info
 1068 05d9 1A       		.uleb128 0x1a
 1069 05da D0050000 		.4byte	.LASF75
 1070 05de D0050000 		.4byte	.LASF75
 1071 05e2 04       		.byte	0x4
 1072 05e3 B401     		.2byte	0x1b4
 1073 05e5 1A       		.uleb128 0x1a
 1074 05e6 3E020000 		.4byte	.LASF76
 1075 05ea 3E020000 		.4byte	.LASF76
 1076 05ee 04       		.byte	0x4
 1077 05ef B501     		.2byte	0x1b5
 1078 05f1 1A       		.uleb128 0x1a
 1079 05f2 22050000 		.4byte	.LASF77
 1080 05f6 22050000 		.4byte	.LASF77
 1081 05fa 04       		.byte	0x4
 1082 05fb 9102     		.2byte	0x291
 1083 05fd 1A       		.uleb128 0x1a
 1084 05fe 67030000 		.4byte	.LASF78
 1085 0602 67030000 		.4byte	.LASF78
 1086 0606 04       		.byte	0x4
 1087 0607 7102     		.2byte	0x271
 1088 0609 1A       		.uleb128 0x1a
 1089 060a 2D020000 		.4byte	.LASF79
 1090 060e 2D020000 		.4byte	.LASF79
ARM GAS  C:\Users\jesse\AppData\Local\Temp\ccfSDh9M.s 			page 24


 1091 0612 04       		.byte	0x4
 1092 0613 6D02     		.2byte	0x26d
 1093 0615 1A       		.uleb128 0x1a
 1094 0616 F3050000 		.4byte	.LASF80
 1095 061a F3050000 		.4byte	.LASF80
 1096 061e 04       		.byte	0x4
 1097 061f 6E02     		.2byte	0x26e
 1098 0621 1A       		.uleb128 0x1a
 1099 0622 62020000 		.4byte	.LASF81
 1100 0626 62020000 		.4byte	.LASF81
 1101 062a 04       		.byte	0x4
 1102 062b 7202     		.2byte	0x272
 1103 062d 1A       		.uleb128 0x1a
 1104 062e A7010000 		.4byte	.LASF82
 1105 0632 A7010000 		.4byte	.LASF82
 1106 0636 04       		.byte	0x4
 1107 0637 7002     		.2byte	0x270
 1108 0639 00       		.byte	0
 1109              		.section	.debug_abbrev,"",%progbits
 1110              	.Ldebug_abbrev0:
 1111 0000 01       		.uleb128 0x1
 1112 0001 11       		.uleb128 0x11
 1113 0002 01       		.byte	0x1
 1114 0003 25       		.uleb128 0x25
 1115 0004 0E       		.uleb128 0xe
 1116 0005 13       		.uleb128 0x13
 1117 0006 0B       		.uleb128 0xb
 1118 0007 03       		.uleb128 0x3
 1119 0008 0E       		.uleb128 0xe
 1120 0009 1B       		.uleb128 0x1b
 1121 000a 0E       		.uleb128 0xe
 1122 000b 55       		.uleb128 0x55
 1123 000c 17       		.uleb128 0x17
 1124 000d 11       		.uleb128 0x11
 1125 000e 01       		.uleb128 0x1
 1126 000f 10       		.uleb128 0x10
 1127 0010 17       		.uleb128 0x17
 1128 0011 00       		.byte	0
 1129 0012 00       		.byte	0
 1130 0013 02       		.uleb128 0x2
 1131 0014 24       		.uleb128 0x24
 1132 0015 00       		.byte	0
 1133 0016 0B       		.uleb128 0xb
 1134 0017 0B       		.uleb128 0xb
 1135 0018 3E       		.uleb128 0x3e
 1136 0019 0B       		.uleb128 0xb
 1137 001a 03       		.uleb128 0x3
 1138 001b 0E       		.uleb128 0xe
 1139 001c 00       		.byte	0
 1140 001d 00       		.byte	0
 1141 001e 03       		.uleb128 0x3
 1142 001f 16       		.uleb128 0x16
 1143 0020 00       		.byte	0
 1144 0021 03       		.uleb128 0x3
 1145 0022 0E       		.uleb128 0xe
 1146 0023 3A       		.uleb128 0x3a
 1147 0024 0B       		.uleb128 0xb
ARM GAS  C:\Users\jesse\AppData\Local\Temp\ccfSDh9M.s 			page 25


 1148 0025 3B       		.uleb128 0x3b
 1149 0026 0B       		.uleb128 0xb
 1150 0027 49       		.uleb128 0x49
 1151 0028 13       		.uleb128 0x13
 1152 0029 00       		.byte	0
 1153 002a 00       		.byte	0
 1154 002b 04       		.uleb128 0x4
 1155 002c 24       		.uleb128 0x24
 1156 002d 00       		.byte	0
 1157 002e 0B       		.uleb128 0xb
 1158 002f 0B       		.uleb128 0xb
 1159 0030 3E       		.uleb128 0x3e
 1160 0031 0B       		.uleb128 0xb
 1161 0032 03       		.uleb128 0x3
 1162 0033 08       		.uleb128 0x8
 1163 0034 00       		.byte	0
 1164 0035 00       		.byte	0
 1165 0036 05       		.uleb128 0x5
 1166 0037 0F       		.uleb128 0xf
 1167 0038 00       		.byte	0
 1168 0039 0B       		.uleb128 0xb
 1169 003a 0B       		.uleb128 0xb
 1170 003b 00       		.byte	0
 1171 003c 00       		.byte	0
 1172 003d 06       		.uleb128 0x6
 1173 003e 13       		.uleb128 0x13
 1174 003f 01       		.byte	0x1
 1175 0040 03       		.uleb128 0x3
 1176 0041 0E       		.uleb128 0xe
 1177 0042 0B       		.uleb128 0xb
 1178 0043 0B       		.uleb128 0xb
 1179 0044 3A       		.uleb128 0x3a
 1180 0045 0B       		.uleb128 0xb
 1181 0046 3B       		.uleb128 0x3b
 1182 0047 05       		.uleb128 0x5
 1183 0048 01       		.uleb128 0x1
 1184 0049 13       		.uleb128 0x13
 1185 004a 00       		.byte	0
 1186 004b 00       		.byte	0
 1187 004c 07       		.uleb128 0x7
 1188 004d 0D       		.uleb128 0xd
 1189 004e 00       		.byte	0
 1190 004f 03       		.uleb128 0x3
 1191 0050 0E       		.uleb128 0xe
 1192 0051 3A       		.uleb128 0x3a
 1193 0052 0B       		.uleb128 0xb
 1194 0053 3B       		.uleb128 0x3b
 1195 0054 05       		.uleb128 0x5
 1196 0055 49       		.uleb128 0x49
 1197 0056 13       		.uleb128 0x13
 1198 0057 38       		.uleb128 0x38
 1199 0058 0B       		.uleb128 0xb
 1200 0059 00       		.byte	0
 1201 005a 00       		.byte	0
 1202 005b 08       		.uleb128 0x8
 1203 005c 13       		.uleb128 0x13
 1204 005d 01       		.byte	0x1
ARM GAS  C:\Users\jesse\AppData\Local\Temp\ccfSDh9M.s 			page 26


 1205 005e 03       		.uleb128 0x3
 1206 005f 0E       		.uleb128 0xe
 1207 0060 0B       		.uleb128 0xb
 1208 0061 0B       		.uleb128 0xb
 1209 0062 3A       		.uleb128 0x3a
 1210 0063 0B       		.uleb128 0xb
 1211 0064 3B       		.uleb128 0x3b
 1212 0065 0B       		.uleb128 0xb
 1213 0066 01       		.uleb128 0x1
 1214 0067 13       		.uleb128 0x13
 1215 0068 00       		.byte	0
 1216 0069 00       		.byte	0
 1217 006a 09       		.uleb128 0x9
 1218 006b 0D       		.uleb128 0xd
 1219 006c 00       		.byte	0
 1220 006d 03       		.uleb128 0x3
 1221 006e 0E       		.uleb128 0xe
 1222 006f 3A       		.uleb128 0x3a
 1223 0070 0B       		.uleb128 0xb
 1224 0071 3B       		.uleb128 0x3b
 1225 0072 0B       		.uleb128 0xb
 1226 0073 49       		.uleb128 0x49
 1227 0074 13       		.uleb128 0x13
 1228 0075 38       		.uleb128 0x38
 1229 0076 0B       		.uleb128 0xb
 1230 0077 00       		.byte	0
 1231 0078 00       		.byte	0
 1232 0079 0A       		.uleb128 0xa
 1233 007a 0D       		.uleb128 0xd
 1234 007b 00       		.byte	0
 1235 007c 03       		.uleb128 0x3
 1236 007d 08       		.uleb128 0x8
 1237 007e 3A       		.uleb128 0x3a
 1238 007f 0B       		.uleb128 0xb
 1239 0080 3B       		.uleb128 0x3b
 1240 0081 0B       		.uleb128 0xb
 1241 0082 49       		.uleb128 0x49
 1242 0083 13       		.uleb128 0x13
 1243 0084 38       		.uleb128 0x38
 1244 0085 0B       		.uleb128 0xb
 1245 0086 00       		.byte	0
 1246 0087 00       		.byte	0
 1247 0088 0B       		.uleb128 0xb
 1248 0089 0F       		.uleb128 0xf
 1249 008a 00       		.byte	0
 1250 008b 0B       		.uleb128 0xb
 1251 008c 0B       		.uleb128 0xb
 1252 008d 49       		.uleb128 0x49
 1253 008e 13       		.uleb128 0x13
 1254 008f 00       		.byte	0
 1255 0090 00       		.byte	0
 1256 0091 0C       		.uleb128 0xc
 1257 0092 15       		.uleb128 0x15
 1258 0093 01       		.byte	0x1
 1259 0094 27       		.uleb128 0x27
 1260 0095 19       		.uleb128 0x19
 1261 0096 49       		.uleb128 0x49
ARM GAS  C:\Users\jesse\AppData\Local\Temp\ccfSDh9M.s 			page 27


 1262 0097 13       		.uleb128 0x13
 1263 0098 01       		.uleb128 0x1
 1264 0099 13       		.uleb128 0x13
 1265 009a 00       		.byte	0
 1266 009b 00       		.byte	0
 1267 009c 0D       		.uleb128 0xd
 1268 009d 05       		.uleb128 0x5
 1269 009e 00       		.byte	0
 1270 009f 49       		.uleb128 0x49
 1271 00a0 13       		.uleb128 0x13
 1272 00a1 00       		.byte	0
 1273 00a2 00       		.byte	0
 1274 00a3 0E       		.uleb128 0xe
 1275 00a4 26       		.uleb128 0x26
 1276 00a5 00       		.byte	0
 1277 00a6 49       		.uleb128 0x49
 1278 00a7 13       		.uleb128 0x13
 1279 00a8 00       		.byte	0
 1280 00a9 00       		.byte	0
 1281 00aa 0F       		.uleb128 0xf
 1282 00ab 2E       		.uleb128 0x2e
 1283 00ac 01       		.byte	0x1
 1284 00ad 3F       		.uleb128 0x3f
 1285 00ae 19       		.uleb128 0x19
 1286 00af 03       		.uleb128 0x3
 1287 00b0 0E       		.uleb128 0xe
 1288 00b1 3A       		.uleb128 0x3a
 1289 00b2 0B       		.uleb128 0xb
 1290 00b3 3B       		.uleb128 0x3b
 1291 00b4 0B       		.uleb128 0xb
 1292 00b5 27       		.uleb128 0x27
 1293 00b6 19       		.uleb128 0x19
 1294 00b7 49       		.uleb128 0x49
 1295 00b8 13       		.uleb128 0x13
 1296 00b9 11       		.uleb128 0x11
 1297 00ba 01       		.uleb128 0x1
 1298 00bb 12       		.uleb128 0x12
 1299 00bc 06       		.uleb128 0x6
 1300 00bd 40       		.uleb128 0x40
 1301 00be 18       		.uleb128 0x18
 1302 00bf 9742     		.uleb128 0x2117
 1303 00c1 19       		.uleb128 0x19
 1304 00c2 01       		.uleb128 0x1
 1305 00c3 13       		.uleb128 0x13
 1306 00c4 00       		.byte	0
 1307 00c5 00       		.byte	0
 1308 00c6 10       		.uleb128 0x10
 1309 00c7 05       		.uleb128 0x5
 1310 00c8 00       		.byte	0
 1311 00c9 03       		.uleb128 0x3
 1312 00ca 0E       		.uleb128 0xe
 1313 00cb 3A       		.uleb128 0x3a
 1314 00cc 0B       		.uleb128 0xb
 1315 00cd 3B       		.uleb128 0x3b
 1316 00ce 0B       		.uleb128 0xb
 1317 00cf 49       		.uleb128 0x49
 1318 00d0 13       		.uleb128 0x13
ARM GAS  C:\Users\jesse\AppData\Local\Temp\ccfSDh9M.s 			page 28


 1319 00d1 02       		.uleb128 0x2
 1320 00d2 17       		.uleb128 0x17
 1321 00d3 00       		.byte	0
 1322 00d4 00       		.byte	0
 1323 00d5 11       		.uleb128 0x11
 1324 00d6 05       		.uleb128 0x5
 1325 00d7 00       		.byte	0
 1326 00d8 03       		.uleb128 0x3
 1327 00d9 08       		.uleb128 0x8
 1328 00da 3A       		.uleb128 0x3a
 1329 00db 0B       		.uleb128 0xb
 1330 00dc 3B       		.uleb128 0x3b
 1331 00dd 0B       		.uleb128 0xb
 1332 00de 49       		.uleb128 0x49
 1333 00df 13       		.uleb128 0x13
 1334 00e0 02       		.uleb128 0x2
 1335 00e1 17       		.uleb128 0x17
 1336 00e2 00       		.byte	0
 1337 00e3 00       		.byte	0
 1338 00e4 12       		.uleb128 0x12
 1339 00e5 34       		.uleb128 0x34
 1340 00e6 00       		.byte	0
 1341 00e7 03       		.uleb128 0x3
 1342 00e8 08       		.uleb128 0x8
 1343 00e9 3A       		.uleb128 0x3a
 1344 00ea 0B       		.uleb128 0xb
 1345 00eb 3B       		.uleb128 0x3b
 1346 00ec 0B       		.uleb128 0xb
 1347 00ed 49       		.uleb128 0x49
 1348 00ee 13       		.uleb128 0x13
 1349 00ef 02       		.uleb128 0x2
 1350 00f0 17       		.uleb128 0x17
 1351 00f1 00       		.byte	0
 1352 00f2 00       		.byte	0
 1353 00f3 13       		.uleb128 0x13
 1354 00f4 898201   		.uleb128 0x4109
 1355 00f7 01       		.byte	0x1
 1356 00f8 11       		.uleb128 0x11
 1357 00f9 01       		.uleb128 0x1
 1358 00fa 31       		.uleb128 0x31
 1359 00fb 13       		.uleb128 0x13
 1360 00fc 01       		.uleb128 0x1
 1361 00fd 13       		.uleb128 0x13
 1362 00fe 00       		.byte	0
 1363 00ff 00       		.byte	0
 1364 0100 14       		.uleb128 0x14
 1365 0101 8A8201   		.uleb128 0x410a
 1366 0104 00       		.byte	0
 1367 0105 02       		.uleb128 0x2
 1368 0106 18       		.uleb128 0x18
 1369 0107 9142     		.uleb128 0x2111
 1370 0109 18       		.uleb128 0x18
 1371 010a 00       		.byte	0
 1372 010b 00       		.byte	0
 1373 010c 15       		.uleb128 0x15
 1374 010d 898201   		.uleb128 0x4109
 1375 0110 00       		.byte	0
ARM GAS  C:\Users\jesse\AppData\Local\Temp\ccfSDh9M.s 			page 29


 1376 0111 11       		.uleb128 0x11
 1377 0112 01       		.uleb128 0x1
 1378 0113 31       		.uleb128 0x31
 1379 0114 13       		.uleb128 0x13
 1380 0115 00       		.byte	0
 1381 0116 00       		.byte	0
 1382 0117 16       		.uleb128 0x16
 1383 0118 898201   		.uleb128 0x4109
 1384 011b 01       		.byte	0x1
 1385 011c 11       		.uleb128 0x11
 1386 011d 01       		.uleb128 0x1
 1387 011e 31       		.uleb128 0x31
 1388 011f 13       		.uleb128 0x13
 1389 0120 00       		.byte	0
 1390 0121 00       		.byte	0
 1391 0122 17       		.uleb128 0x17
 1392 0123 01       		.uleb128 0x1
 1393 0124 01       		.byte	0x1
 1394 0125 49       		.uleb128 0x49
 1395 0126 13       		.uleb128 0x13
 1396 0127 01       		.uleb128 0x1
 1397 0128 13       		.uleb128 0x13
 1398 0129 00       		.byte	0
 1399 012a 00       		.byte	0
 1400 012b 18       		.uleb128 0x18
 1401 012c 21       		.uleb128 0x21
 1402 012d 00       		.byte	0
 1403 012e 49       		.uleb128 0x49
 1404 012f 13       		.uleb128 0x13
 1405 0130 2F       		.uleb128 0x2f
 1406 0131 0B       		.uleb128 0xb
 1407 0132 00       		.byte	0
 1408 0133 00       		.byte	0
 1409 0134 19       		.uleb128 0x19
 1410 0135 34       		.uleb128 0x34
 1411 0136 00       		.byte	0
 1412 0137 03       		.uleb128 0x3
 1413 0138 0E       		.uleb128 0xe
 1414 0139 3A       		.uleb128 0x3a
 1415 013a 0B       		.uleb128 0xb
 1416 013b 3B       		.uleb128 0x3b
 1417 013c 0B       		.uleb128 0xb
 1418 013d 49       		.uleb128 0x49
 1419 013e 13       		.uleb128 0x13
 1420 013f 02       		.uleb128 0x2
 1421 0140 18       		.uleb128 0x18
 1422 0141 00       		.byte	0
 1423 0142 00       		.byte	0
 1424 0143 1A       		.uleb128 0x1a
 1425 0144 2E       		.uleb128 0x2e
 1426 0145 00       		.byte	0
 1427 0146 3F       		.uleb128 0x3f
 1428 0147 19       		.uleb128 0x19
 1429 0148 3C       		.uleb128 0x3c
 1430 0149 19       		.uleb128 0x19
 1431 014a 6E       		.uleb128 0x6e
 1432 014b 0E       		.uleb128 0xe
ARM GAS  C:\Users\jesse\AppData\Local\Temp\ccfSDh9M.s 			page 30


 1433 014c 03       		.uleb128 0x3
 1434 014d 0E       		.uleb128 0xe
 1435 014e 3A       		.uleb128 0x3a
 1436 014f 0B       		.uleb128 0xb
 1437 0150 3B       		.uleb128 0x3b
 1438 0151 05       		.uleb128 0x5
 1439 0152 00       		.byte	0
 1440 0153 00       		.byte	0
 1441 0154 00       		.byte	0
 1442              		.section	.debug_loc,"",%progbits
 1443              	.Ldebug_loc0:
 1444              	.LLST0:
 1445 0000 00000000 		.4byte	.LVL0
 1446 0004 21000000 		.4byte	.LVL3-1
 1447 0008 0100     		.2byte	0x1
 1448 000a 50       		.byte	0x50
 1449 000b 21000000 		.4byte	.LVL3-1
 1450 000f 24000000 		.4byte	.LVL4
 1451 0013 0100     		.2byte	0x1
 1452 0015 54       		.byte	0x54
 1453 0016 24000000 		.4byte	.LVL4
 1454 001a 27000000 		.4byte	.LVL5-1
 1455 001e 0100     		.2byte	0x1
 1456 0020 50       		.byte	0x50
 1457 0021 27000000 		.4byte	.LVL5-1
 1458 0025 2C000000 		.4byte	.LVL6
 1459 0029 0100     		.2byte	0x1
 1460 002b 54       		.byte	0x54
 1461 002c 2C000000 		.4byte	.LVL6
 1462 0030 34000000 		.4byte	.LVL7
 1463 0034 0100     		.2byte	0x1
 1464 0036 50       		.byte	0x50
 1465 0037 34000000 		.4byte	.LVL7
 1466 003b 3C000000 		.4byte	.LVL9
 1467 003f 0100     		.2byte	0x1
 1468 0041 54       		.byte	0x54
 1469 0042 3C000000 		.4byte	.LVL9
 1470 0046 43000000 		.4byte	.LVL10-1
 1471 004a 0100     		.2byte	0x1
 1472 004c 50       		.byte	0x50
 1473 004d 43000000 		.4byte	.LVL10-1
 1474 0051 4A000000 		.4byte	.LVL11
 1475 0055 0100     		.2byte	0x1
 1476 0057 54       		.byte	0x54
 1477 0058 4A000000 		.4byte	.LVL11
 1478 005c 4F000000 		.4byte	.LVL12-1
 1479 0060 0100     		.2byte	0x1
 1480 0062 50       		.byte	0x50
 1481 0063 4F000000 		.4byte	.LVL12-1
 1482 0067 5A000000 		.4byte	.LVL13
 1483 006b 0100     		.2byte	0x1
 1484 006d 54       		.byte	0x54
 1485 006e 5A000000 		.4byte	.LVL13
 1486 0072 5D000000 		.4byte	.LVL14-1
 1487 0076 0100     		.2byte	0x1
 1488 0078 50       		.byte	0x50
 1489 0079 5D000000 		.4byte	.LVL14-1
ARM GAS  C:\Users\jesse\AppData\Local\Temp\ccfSDh9M.s 			page 31


 1490 007d 7A000000 		.4byte	.LVL18
 1491 0081 0100     		.2byte	0x1
 1492 0083 54       		.byte	0x54
 1493 0084 7A000000 		.4byte	.LVL18
 1494 0088 7D000000 		.4byte	.LVL19-1
 1495 008c 0100     		.2byte	0x1
 1496 008e 50       		.byte	0x50
 1497 008f 7D000000 		.4byte	.LVL19-1
 1498 0093 DE000000 		.4byte	.LVL35
 1499 0097 0100     		.2byte	0x1
 1500 0099 54       		.byte	0x54
 1501 009a DE000000 		.4byte	.LVL35
 1502 009e E0000000 		.4byte	.LVL36
 1503 00a2 0100     		.2byte	0x1
 1504 00a4 50       		.byte	0x50
 1505 00a5 E0000000 		.4byte	.LVL36
 1506 00a9 E4000000 		.4byte	.LVL37
 1507 00ad 0100     		.2byte	0x1
 1508 00af 54       		.byte	0x54
 1509 00b0 E4000000 		.4byte	.LVL37
 1510 00b4 FC000000 		.4byte	.LFE0
 1511 00b8 0400     		.2byte	0x4
 1512 00ba F3       		.byte	0xf3
 1513 00bb 01       		.uleb128 0x1
 1514 00bc 50       		.byte	0x50
 1515 00bd 9F       		.byte	0x9f
 1516 00be 00000000 		.4byte	0
 1517 00c2 00000000 		.4byte	0
 1518              	.LLST1:
 1519 00c6 00000000 		.4byte	.LVL0
 1520 00ca 02000000 		.4byte	.LVL1
 1521 00ce 0100     		.2byte	0x1
 1522 00d0 51       		.byte	0x51
 1523 00d1 02000000 		.4byte	.LVL1
 1524 00d5 FC000000 		.4byte	.LFE0
 1525 00d9 0400     		.2byte	0x4
 1526 00db F3       		.byte	0xf3
 1527 00dc 01       		.uleb128 0x1
 1528 00dd 51       		.byte	0x51
 1529 00de 9F       		.byte	0x9f
 1530 00df 00000000 		.4byte	0
 1531 00e3 00000000 		.4byte	0
 1532              	.LLST2:
 1533 00e7 00000000 		.4byte	.LVL0
 1534 00eb 21000000 		.4byte	.LVL3-1
 1535 00ef 0100     		.2byte	0x1
 1536 00f1 52       		.byte	0x52
 1537 00f2 21000000 		.4byte	.LVL3-1
 1538 00f6 24000000 		.4byte	.LVL4
 1539 00fa 0400     		.2byte	0x4
 1540 00fc F3       		.byte	0xf3
 1541 00fd 01       		.uleb128 0x1
 1542 00fe 52       		.byte	0x52
 1543 00ff 9F       		.byte	0x9f
 1544 0100 24000000 		.4byte	.LVL4
 1545 0104 27000000 		.4byte	.LVL5-1
 1546 0108 0100     		.2byte	0x1
ARM GAS  C:\Users\jesse\AppData\Local\Temp\ccfSDh9M.s 			page 32


 1547 010a 52       		.byte	0x52
 1548 010b 27000000 		.4byte	.LVL5-1
 1549 010f 2C000000 		.4byte	.LVL6
 1550 0113 0400     		.2byte	0x4
 1551 0115 F3       		.byte	0xf3
 1552 0116 01       		.uleb128 0x1
 1553 0117 52       		.byte	0x52
 1554 0118 9F       		.byte	0x9f
 1555 0119 2C000000 		.4byte	.LVL6
 1556 011d 34000000 		.4byte	.LVL7
 1557 0121 0100     		.2byte	0x1
 1558 0123 52       		.byte	0x52
 1559 0124 34000000 		.4byte	.LVL7
 1560 0128 3C000000 		.4byte	.LVL9
 1561 012c 0400     		.2byte	0x4
 1562 012e F3       		.byte	0xf3
 1563 012f 01       		.uleb128 0x1
 1564 0130 52       		.byte	0x52
 1565 0131 9F       		.byte	0x9f
 1566 0132 3C000000 		.4byte	.LVL9
 1567 0136 43000000 		.4byte	.LVL10-1
 1568 013a 0100     		.2byte	0x1
 1569 013c 52       		.byte	0x52
 1570 013d 43000000 		.4byte	.LVL10-1
 1571 0141 4A000000 		.4byte	.LVL11
 1572 0145 0400     		.2byte	0x4
 1573 0147 F3       		.byte	0xf3
 1574 0148 01       		.uleb128 0x1
 1575 0149 52       		.byte	0x52
 1576 014a 9F       		.byte	0x9f
 1577 014b 4A000000 		.4byte	.LVL11
 1578 014f 4F000000 		.4byte	.LVL12-1
 1579 0153 0100     		.2byte	0x1
 1580 0155 52       		.byte	0x52
 1581 0156 4F000000 		.4byte	.LVL12-1
 1582 015a 5A000000 		.4byte	.LVL13
 1583 015e 0400     		.2byte	0x4
 1584 0160 F3       		.byte	0xf3
 1585 0161 01       		.uleb128 0x1
 1586 0162 52       		.byte	0x52
 1587 0163 9F       		.byte	0x9f
 1588 0164 5A000000 		.4byte	.LVL13
 1589 0168 5D000000 		.4byte	.LVL14-1
 1590 016c 0100     		.2byte	0x1
 1591 016e 52       		.byte	0x52
 1592 016f 5D000000 		.4byte	.LVL14-1
 1593 0173 6E000000 		.4byte	.LVL16
 1594 0177 0400     		.2byte	0x4
 1595 0179 F3       		.byte	0xf3
 1596 017a 01       		.uleb128 0x1
 1597 017b 52       		.byte	0x52
 1598 017c 9F       		.byte	0x9f
 1599 017d 7A000000 		.4byte	.LVL18
 1600 0181 7D000000 		.4byte	.LVL19-1
 1601 0185 0100     		.2byte	0x1
 1602 0187 52       		.byte	0x52
 1603 0188 7D000000 		.4byte	.LVL19-1
ARM GAS  C:\Users\jesse\AppData\Local\Temp\ccfSDh9M.s 			page 33


 1604 018c CA000000 		.4byte	.LVL32
 1605 0190 0400     		.2byte	0x4
 1606 0192 F3       		.byte	0xf3
 1607 0193 01       		.uleb128 0x1
 1608 0194 52       		.byte	0x52
 1609 0195 9F       		.byte	0x9f
 1610 0196 CA000000 		.4byte	.LVL32
 1611 019a D6000000 		.4byte	.LVL34
 1612 019e 0100     		.2byte	0x1
 1613 01a0 57       		.byte	0x57
 1614 01a1 D6000000 		.4byte	.LVL34
 1615 01a5 FC000000 		.4byte	.LFE0
 1616 01a9 0100     		.2byte	0x1
 1617 01ab 52       		.byte	0x52
 1618 01ac 00000000 		.4byte	0
 1619 01b0 00000000 		.4byte	0
 1620              	.LLST3:
 1621 01b4 00000000 		.4byte	.LVL0
 1622 01b8 14000000 		.4byte	.LVL2
 1623 01bc 0100     		.2byte	0x1
 1624 01be 53       		.byte	0x53
 1625 01bf 14000000 		.4byte	.LVL2
 1626 01c3 6E000000 		.4byte	.LVL16
 1627 01c7 0100     		.2byte	0x1
 1628 01c9 58       		.byte	0x58
 1629 01ca 6E000000 		.4byte	.LVL16
 1630 01ce 7A000000 		.4byte	.LVL18
 1631 01d2 0400     		.2byte	0x4
 1632 01d4 F3       		.byte	0xf3
 1633 01d5 01       		.uleb128 0x1
 1634 01d6 53       		.byte	0x53
 1635 01d7 9F       		.byte	0x9f
 1636 01d8 7A000000 		.4byte	.LVL18
 1637 01dc BA000000 		.4byte	.LVL27
 1638 01e0 0100     		.2byte	0x1
 1639 01e2 58       		.byte	0x58
 1640 01e3 BA000000 		.4byte	.LVL27
 1641 01e7 DE000000 		.4byte	.LVL35
 1642 01eb 0400     		.2byte	0x4
 1643 01ed F3       		.byte	0xf3
 1644 01ee 01       		.uleb128 0x1
 1645 01ef 53       		.byte	0x53
 1646 01f0 9F       		.byte	0x9f
 1647 01f1 DE000000 		.4byte	.LVL35
 1648 01f5 E4000000 		.4byte	.LVL37
 1649 01f9 0100     		.2byte	0x1
 1650 01fb 58       		.byte	0x58
 1651 01fc E4000000 		.4byte	.LVL37
 1652 0200 FC000000 		.4byte	.LFE0
 1653 0204 0400     		.2byte	0x4
 1654 0206 F3       		.byte	0xf3
 1655 0207 01       		.uleb128 0x1
 1656 0208 53       		.byte	0x53
 1657 0209 9F       		.byte	0x9f
 1658 020a 00000000 		.4byte	0
 1659 020e 00000000 		.4byte	0
 1660              	.LLST4:
ARM GAS  C:\Users\jesse\AppData\Local\Temp\ccfSDh9M.s 			page 34


 1661 0212 86000000 		.4byte	.LVL20
 1662 0216 8C000000 		.4byte	.LVL21
 1663 021a 0800     		.2byte	0x8
 1664 021c 75       		.byte	0x75
 1665 021d 00       		.sleb128 0
 1666 021e 33       		.byte	0x33
 1667 021f 24       		.byte	0x24
 1668 0220 08       		.byte	0x8
 1669 0221 F8       		.byte	0xf8
 1670 0222 1A       		.byte	0x1a
 1671 0223 9F       		.byte	0x9f
 1672 0224 8C000000 		.4byte	.LVL21
 1673 0228 90000000 		.4byte	.LVL22
 1674 022c 0D00     		.2byte	0xd
 1675 022e 78       		.byte	0x78
 1676 022f 05       		.sleb128 5
 1677 0230 94       		.byte	0x94
 1678 0231 01       		.byte	0x1
 1679 0232 08       		.byte	0x8
 1680 0233 FF       		.byte	0xff
 1681 0234 1A       		.byte	0x1a
 1682 0235 33       		.byte	0x33
 1683 0236 24       		.byte	0x24
 1684 0237 08       		.byte	0x8
 1685 0238 F8       		.byte	0xf8
 1686 0239 1A       		.byte	0x1a
 1687 023a 9F       		.byte	0x9f
 1688 023b 90000000 		.4byte	.LVL22
 1689 023f C8000000 		.4byte	.LVL31
 1690 0243 0100     		.2byte	0x1
 1691 0245 55       		.byte	0x55
 1692 0246 00000000 		.4byte	0
 1693 024a 00000000 		.4byte	0
 1694              	.LLST5:
 1695 024e B6000000 		.4byte	.LVL26
 1696 0252 BC000000 		.4byte	.LVL28
 1697 0256 0100     		.2byte	0x1
 1698 0258 56       		.byte	0x56
 1699 0259 BC000000 		.4byte	.LVL28
 1700 025d BE000000 		.4byte	.LVL29
 1701 0261 0500     		.2byte	0x5
 1702 0263 F3       		.byte	0xf3
 1703 0264 01       		.uleb128 0x1
 1704 0265 53       		.byte	0x53
 1705 0266 23       		.byte	0x23
 1706 0267 04       		.uleb128 0x4
 1707 0268 BE000000 		.4byte	.LVL29
 1708 026c C2000000 		.4byte	.LVL30
 1709 0270 0100     		.2byte	0x1
 1710 0272 56       		.byte	0x56
 1711 0273 C2000000 		.4byte	.LVL30
 1712 0277 CA000000 		.4byte	.LVL32
 1713 027b 0300     		.2byte	0x3
 1714 027d 09       		.byte	0x9
 1715 027e 84       		.byte	0x84
 1716 027f 9F       		.byte	0x9f
 1717 0280 CA000000 		.4byte	.LVL32
ARM GAS  C:\Users\jesse\AppData\Local\Temp\ccfSDh9M.s 			page 35


 1718 0284 DE000000 		.4byte	.LVL35
 1719 0288 0100     		.2byte	0x1
 1720 028a 56       		.byte	0x56
 1721 028b 00000000 		.4byte	0
 1722 028f 00000000 		.4byte	0
 1723              	.LLST6:
 1724 0293 BE000000 		.4byte	.LVL29
 1725 0297 DE000000 		.4byte	.LVL35
 1726 029b 0100     		.2byte	0x1
 1727 029d 58       		.byte	0x58
 1728 029e 00000000 		.4byte	0
 1729 02a2 00000000 		.4byte	0
 1730              		.section	.debug_aranges,"",%progbits
 1731 0000 1C000000 		.4byte	0x1c
 1732 0004 0200     		.2byte	0x2
 1733 0006 00000000 		.4byte	.Ldebug_info0
 1734 000a 04       		.byte	0x4
 1735 000b 00       		.byte	0
 1736 000c 0000     		.2byte	0
 1737 000e 0000     		.2byte	0
 1738 0010 00000000 		.4byte	.LFB0
 1739 0014 FC000000 		.4byte	.LFE0-.LFB0
 1740 0018 00000000 		.4byte	0
 1741 001c 00000000 		.4byte	0
 1742              		.section	.debug_ranges,"",%progbits
 1743              	.Ldebug_ranges0:
 1744 0000 00000000 		.4byte	.LFB0
 1745 0004 FC000000 		.4byte	.LFE0
 1746 0008 00000000 		.4byte	0
 1747 000c 00000000 		.4byte	0
 1748              		.section	.debug_line,"",%progbits
 1749              	.Ldebug_line0:
 1750 0000 9A010000 		.section	.debug_str,"MS",%progbits,1
 1750      02004D01 
 1750      00000201 
 1750      FB0E0D00 
 1750      01010101 
 1751              	.LASF74:
 1752 0000 75387838 		.ascii	"u8x8_uc1701_display_info\000"
 1752      5F756331 
 1752      3730315F 
 1752      64697370 
 1752      6C61795F 
 1753              	.LASF26:
 1754 0019 785F6F66 		.ascii	"x_offset\000"
 1754      66736574 
 1754      00
 1755              	.LASF69:
 1756 0022 75387838 		.ascii	"u8x8_d_uc1701_dogs102_init_seq\000"
 1756      5F645F75 
 1756      63313730 
 1756      315F646F 
 1756      67733130 
 1757              	.LASF27:
 1758 0041 69735F66 		.ascii	"is_font_inverse_mode\000"
 1758      6F6E745F 
 1758      696E7665 
ARM GAS  C:\Users\jesse\AppData\Local\Temp\ccfSDh9M.s 			page 36


 1758      7273655F 
 1758      6D6F6465 
 1759              	.LASF73:
 1760 0056 75387838 		.ascii	"u8x8_d_uc1701_dogs102_flip1_seq\000"
 1760      5F645F75 
 1760      63313730 
 1760      315F646F 
 1760      67733130 
 1761              	.LASF48:
 1762 0076 7370695F 		.ascii	"spi_mode\000"
 1762      6D6F6465 
 1762      00
 1763              	.LASF67:
 1764 007f 6172675F 		.ascii	"arg_ptr\000"
 1764      70747200 
 1765              	.LASF39:
 1766 0087 63686970 		.ascii	"chip_enable_level\000"
 1766      5F656E61 
 1766      626C655F 
 1766      6C657665 
 1766      6C00
 1767              	.LASF24:
 1768 0099 666F6E74 		.ascii	"font\000"
 1768      00
 1769              	.LASF35:
 1770 009e 6465626F 		.ascii	"debounce_result_msg\000"
 1770      756E6365 
 1770      5F726573 
 1770      756C745F 
 1770      6D736700 
 1771              	.LASF2:
 1772 00b2 73686F72 		.ascii	"short int\000"
 1772      7420696E 
 1772      7400
 1773              	.LASF22:
 1774 00bc 6770696F 		.ascii	"gpio_and_delay_cb\000"
 1774      5F616E64 
 1774      5F64656C 
 1774      61795F63 
 1774      6200
 1775              	.LASF52:
 1776 00ce 74696C65 		.ascii	"tile_width\000"
 1776      5F776964 
 1776      746800
 1777              	.LASF68:
 1778 00d9 73697A65 		.ascii	"sizetype\000"
 1778      74797065 
 1778      00
 1779              	.LASF45:
 1780 00e2 7364615F 		.ascii	"sda_setup_time_ns\000"
 1780      73657475 
 1780      705F7469 
 1780      6D655F6E 
 1780      7300
 1781              	.LASF86:
 1782 00f4 75387838 		.ascii	"u8x8_d_uc1701_ea_dogs102\000"
 1782      5F645F75 
ARM GAS  C:\Users\jesse\AppData\Local\Temp\ccfSDh9M.s 			page 37


 1782      63313730 
 1782      315F6561 
 1782      5F646F67 
 1783              	.LASF44:
 1784 010d 706F7374 		.ascii	"post_reset_wait_ms\000"
 1784      5F726573 
 1784      65745F77 
 1784      6169745F 
 1784      6D7300
 1785              	.LASF7:
 1786 0120 5F5F7569 		.ascii	"__uint32_t\000"
 1786      6E743332 
 1786      5F7400
 1787              	.LASF4:
 1788 012b 5F5F7569 		.ascii	"__uint16_t\000"
 1788      6E743136 
 1788      5F7400
 1789              	.LASF51:
 1790 0136 77726974 		.ascii	"write_pulse_width_ns\000"
 1790      655F7075 
 1790      6C73655F 
 1790      77696474 
 1790      685F6E73 
 1791              	.LASF12:
 1792 014b 75696E74 		.ascii	"uint8_t\000"
 1792      385F7400 
 1793              	.LASF71:
 1794 0153 75387838 		.ascii	"u8x8_d_uc1701_dogs102_powersave1_seq\000"
 1794      5F645F75 
 1794      63313730 
 1794      315F646F 
 1794      67733130 
 1795              	.LASF41:
 1796 0178 706F7374 		.ascii	"post_chip_enable_wait_ns\000"
 1796      5F636869 
 1796      705F656E 
 1796      61626C65 
 1796      5F776169 
 1797              	.LASF65:
 1798 0191 75387838 		.ascii	"u8x8\000"
 1798      00
 1799              	.LASF60:
 1800 0196 74696C65 		.ascii	"tile_ptr\000"
 1800      5F707472 
 1800      00
 1801              	.LASF66:
 1802 019f 6172675F 		.ascii	"arg_int\000"
 1802      696E7400 
 1803              	.LASF82:
 1804 01a7 75387838 		.ascii	"u8x8_cad_SendData\000"
 1804      5F636164 
 1804      5F53656E 
 1804      64446174 
 1804      6100
 1805              	.LASF23:
 1806 01b9 6275735F 		.ascii	"bus_clock\000"
 1806      636C6F63 
ARM GAS  C:\Users\jesse\AppData\Local\Temp\ccfSDh9M.s 			page 38


 1806      6B00
 1807              	.LASF54:
 1808 01c3 64656661 		.ascii	"default_x_offset\000"
 1808      756C745F 
 1808      785F6F66 
 1808      66736574 
 1808      00
 1809              	.LASF36:
 1810 01d4 75387838 		.ascii	"u8x8_display_info_t\000"
 1810      5F646973 
 1810      706C6179 
 1810      5F696E66 
 1810      6F5F7400 
 1811              	.LASF33:
 1812 01e8 6465626F 		.ascii	"debounce_last_pin_state\000"
 1812      756E6365 
 1812      5F6C6173 
 1812      745F7069 
 1812      6E5F7374 
 1813              	.LASF9:
 1814 0200 6C6F6E67 		.ascii	"long long int\000"
 1814      206C6F6E 
 1814      6720696E 
 1814      7400
 1815              	.LASF31:
 1816 020e 6770696F 		.ascii	"gpio_result\000"
 1816      5F726573 
 1816      756C7400 
 1817              	.LASF46:
 1818 021a 73636B5F 		.ascii	"sck_pulse_width_ns\000"
 1818      70756C73 
 1818      655F7769 
 1818      6474685F 
 1818      6E7300
 1819              	.LASF79:
 1820 022d 75387838 		.ascii	"u8x8_cad_SendCmd\000"
 1820      5F636164 
 1820      5F53656E 
 1820      64436D64 
 1820      00
 1821              	.LASF76:
 1822 023e 75387838 		.ascii	"u8x8_d_helper_display_init\000"
 1822      5F645F68 
 1822      656C7065 
 1822      725F6469 
 1822      73706C61 
 1823              	.LASF6:
 1824 0259 6C6F6E67 		.ascii	"long int\000"
 1824      20696E74 
 1824      00
 1825              	.LASF81:
 1826 0262 75387838 		.ascii	"u8x8_cad_EndTransfer\000"
 1826      5F636164 
 1826      5F456E64 
 1826      5472616E 
 1826      73666572 
 1827              	.LASF61:
ARM GAS  C:\Users\jesse\AppData\Local\Temp\ccfSDh9M.s 			page 39


 1828 0277 785F706F 		.ascii	"x_pos\000"
 1828      7300
 1829              	.LASF3:
 1830 027d 5F5F7569 		.ascii	"__uint8_t\000"
 1830      6E74385F 
 1830      7400
 1831              	.LASF19:
 1832 0287 64697370 		.ascii	"display_cb\000"
 1832      6C61795F 
 1832      636200
 1833              	.LASF50:
 1834 0292 64617461 		.ascii	"data_setup_time_ns\000"
 1834      5F736574 
 1834      75705F74 
 1834      696D655F 
 1834      6E7300
 1835              	.LASF15:
 1836 02a5 6C6F6E67 		.ascii	"long double\000"
 1836      20646F75 
 1836      626C6500 
 1837              	.LASF53:
 1838 02b1 74696C65 		.ascii	"tile_height\000"
 1838      5F686569 
 1838      67687400 
 1839              	.LASF1:
 1840 02bd 756E7369 		.ascii	"unsigned char\000"
 1840      676E6564 
 1840      20636861 
 1840      7200
 1841              	.LASF84:
 1842 02cb 2E2E5C2E 		.ascii	"..\\..\\..\\u8g2\\u8g2\\csrc\\u8x8_d_uc1701_dogs102"
 1842      2E5C2E2E 
 1842      5C753867 
 1842      325C7538 
 1842      67325C63 
 1843 02f8 2E6300   		.ascii	".c\000"
 1844              	.LASF0:
 1845 02fb 7369676E 		.ascii	"signed char\000"
 1845      65642063 
 1845      68617200 
 1846              	.LASF10:
 1847 0307 6C6F6E67 		.ascii	"long long unsigned int\000"
 1847      206C6F6E 
 1847      6720756E 
 1847      7369676E 
 1847      65642069 
 1848              	.LASF14:
 1849 031e 75696E74 		.ascii	"uint32_t\000"
 1849      33325F74 
 1849      00
 1850              	.LASF59:
 1851 0327 75387838 		.ascii	"u8x8_tile_struct\000"
 1851      5F74696C 
 1851      655F7374 
 1851      72756374 
 1851      00
 1852              	.LASF11:
ARM GAS  C:\Users\jesse\AppData\Local\Temp\ccfSDh9M.s 			page 40


 1853 0338 756E7369 		.ascii	"unsigned int\000"
 1853      676E6564 
 1853      20696E74 
 1853      00
 1854              	.LASF13:
 1855 0345 75696E74 		.ascii	"uint16_t\000"
 1855      31365F74 
 1855      00
 1856              	.LASF38:
 1857 034e 75387838 		.ascii	"u8x8_display_info_struct\000"
 1857      5F646973 
 1857      706C6179 
 1857      5F696E66 
 1857      6F5F7374 
 1858              	.LASF78:
 1859 0367 75387838 		.ascii	"u8x8_cad_StartTransfer\000"
 1859      5F636164 
 1859      5F537461 
 1859      72745472 
 1859      616E7366 
 1860              	.LASF43:
 1861 037e 72657365 		.ascii	"reset_pulse_width_ms\000"
 1861      745F7075 
 1861      6C73655F 
 1861      77696474 
 1861      685F6D73 
 1862              	.LASF16:
 1863 0393 75387838 		.ascii	"u8x8_t\000"
 1863      5F7400
 1864              	.LASF83:
 1865 039a 474E5520 		.ascii	"GNU C11 5.4.1 20160609 (release) [ARM/embedded-5-br"
 1865      43313120 
 1865      352E342E 
 1865      31203230 
 1865      31363036 
 1866 03cd 616E6368 		.ascii	"anch revision 237715] -mcpu=cortex-m3 -mthumb -g -O"
 1866      20726576 
 1866      6973696F 
 1866      6E203233 
 1866      37373135 
 1867 0400 73202D66 		.ascii	"s -ffunction-sections -ffat-lto-objects\000"
 1867      66756E63 
 1867      74696F6E 
 1867      2D736563 
 1867      74696F6E 
 1868              	.LASF49:
 1869 0428 6932635F 		.ascii	"i2c_bus_clock_100kHz\000"
 1869      6275735F 
 1869      636C6F63 
 1869      6B5F3130 
 1869      306B487A 
 1870              	.LASF47:
 1871 043d 73636B5F 		.ascii	"sck_clock_hz\000"
 1871      636C6F63 
 1871      6B5F687A 
 1871      00
 1872              	.LASF85:
ARM GAS  C:\Users\jesse\AppData\Local\Temp\ccfSDh9M.s 			page 41


 1873 044a 433A5C55 		.ascii	"C:\\Users\\jesse\\OneDrive\\Bureaublad\\practice_em"
 1873      73657273 
 1873      5C6A6573 
 1873      73655C4F 
 1873      6E654472 
 1874 0478 62656464 		.ascii	"bedded\\Practice_EmbeddedProgramming\\Display_count"
 1874      65645C50 
 1874      72616374 
 1874      6963655F 
 1874      456D6265 
 1875 04a9 2E637964 		.ascii	".cydsn\000"
 1875      736E00
 1876              	.LASF5:
 1877 04b0 73686F72 		.ascii	"short unsigned int\000"
 1877      7420756E 
 1877      7369676E 
 1877      65642069 
 1877      6E7400
 1878              	.LASF64:
 1879 04c3 75387838 		.ascii	"u8x8_char_cb\000"
 1879      5F636861 
 1879      725F6362 
 1879      00
 1880              	.LASF34:
 1881 04d0 6465626F 		.ascii	"debounce_state\000"
 1881      756E6365 
 1881      5F737461 
 1881      746500
 1882              	.LASF17:
 1883 04df 64697370 		.ascii	"display_info\000"
 1883      6C61795F 
 1883      696E666F 
 1883      00
 1884              	.LASF57:
 1885 04ec 70697865 		.ascii	"pixel_height\000"
 1885      6C5F6865 
 1885      69676874 
 1885      00
 1886              	.LASF56:
 1887 04f9 70697865 		.ascii	"pixel_width\000"
 1887      6C5F7769 
 1887      64746800 
 1888              	.LASF30:
 1889 0505 75746638 		.ascii	"utf8_state\000"
 1889      5F737461 
 1889      746500
 1890              	.LASF37:
 1891 0510 75387838 		.ascii	"u8x8_struct\000"
 1891      5F737472 
 1891      75637400 
 1892              	.LASF62:
 1893 051c 795F706F 		.ascii	"y_pos\000"
 1893      7300
 1894              	.LASF77:
 1895 0522 75387838 		.ascii	"u8x8_cad_SendSequence\000"
 1895      5F636164 
 1895      5F53656E 
ARM GAS  C:\Users\jesse\AppData\Local\Temp\ccfSDh9M.s 			page 42


 1895      64536571 
 1895      75656E63 
 1896              	.LASF8:
 1897 0538 6C6F6E67 		.ascii	"long unsigned int\000"
 1897      20756E73 
 1897      69676E65 
 1897      6420696E 
 1897      7400
 1898              	.LASF21:
 1899 054a 62797465 		.ascii	"byte_cb\000"
 1899      5F636200 
 1900              	.LASF40:
 1901 0552 63686970 		.ascii	"chip_disable_level\000"
 1901      5F646973 
 1901      61626C65 
 1901      5F6C6576 
 1901      656C00
 1902              	.LASF28:
 1903 0565 6932635F 		.ascii	"i2c_address\000"
 1903      61646472 
 1903      65737300 
 1904              	.LASF55:
 1905 0571 666C6970 		.ascii	"flipmode_x_offset\000"
 1905      6D6F6465 
 1905      5F785F6F 
 1905      66667365 
 1905      7400
 1906              	.LASF25:
 1907 0583 656E636F 		.ascii	"encoding\000"
 1907      64696E67 
 1907      00
 1908              	.LASF29:
 1909 058c 6932635F 		.ascii	"i2c_started\000"
 1909      73746172 
 1909      74656400 
 1910              	.LASF70:
 1911 0598 75387838 		.ascii	"u8x8_d_uc1701_dogs102_powersave0_seq\000"
 1911      5F645F75 
 1911      63313730 
 1911      315F646F 
 1911      67733130 
 1912              	.LASF20:
 1913 05bd 6361645F 		.ascii	"cad_cb\000"
 1913      636200
 1914              	.LASF58:
 1915 05c4 75387838 		.ascii	"u8x8_tile_t\000"
 1915      5F74696C 
 1915      655F7400 
 1916              	.LASF75:
 1917 05d0 75387838 		.ascii	"u8x8_d_helper_display_setup_memory\000"
 1917      5F645F68 
 1917      656C7065 
 1917      725F6469 
 1917      73706C61 
 1918              	.LASF80:
 1919 05f3 75387838 		.ascii	"u8x8_cad_SendArg\000"
 1919      5F636164 
ARM GAS  C:\Users\jesse\AppData\Local\Temp\ccfSDh9M.s 			page 43


 1919      5F53656E 
 1919      64417267 
 1919      00
 1920              	.LASF32:
 1921 0604 6465626F 		.ascii	"debounce_default_pin_state\000"
 1921      756E6365 
 1921      5F646566 
 1921      61756C74 
 1921      5F70696E 
 1922              	.LASF72:
 1923 061f 75387838 		.ascii	"u8x8_d_uc1701_dogs102_flip0_seq\000"
 1923      5F645F75 
 1923      63313730 
 1923      315F646F 
 1923      67733130 
 1924              	.LASF63:
 1925 063f 75387838 		.ascii	"u8x8_msg_cb\000"
 1925      5F6D7367 
 1925      5F636200 
 1926              	.LASF18:
 1927 064b 6E657874 		.ascii	"next_cb\000"
 1927      5F636200 
 1928              	.LASF42:
 1929 0653 7072655F 		.ascii	"pre_chip_disable_wait_ns\000"
 1929      63686970 
 1929      5F646973 
 1929      61626C65 
 1929      5F776169 
 1930              		.ident	"GCC: (GNU Tools for ARM Embedded Processors) 5.4.1 20160609 (release) [ARM/embedded-5-bran
