ARM GAS  C:\Users\jesse\AppData\Local\Temp\cchLFffT.s 			page 1


   1              		.syntax unified
   2              		.cpu cortex-m3
   3              		.fpu softvfp
   4              		.eabi_attribute 20, 1
   5              		.eabi_attribute 21, 1
   6              		.eabi_attribute 23, 3
   7              		.eabi_attribute 24, 1
   8              		.eabi_attribute 25, 1
   9              		.eabi_attribute 26, 1
  10              		.eabi_attribute 30, 4
  11              		.eabi_attribute 34, 1
  12              		.eabi_attribute 18, 4
  13              		.thumb
  14              		.syntax unified
  15              		.file	"u8x8_debounce.c"
  16              		.text
  17              	.Ltext0:
  18              		.cfi_sections	.debug_frame
  19              		.section	.text.u8x8_GetMenuEvent,"ax",%progbits
  20              		.align	1
  21              		.weak	u8x8_GetMenuEvent
  22              		.thumb
  23              		.thumb_func
  24              		.type	u8x8_GetMenuEvent, %function
  25              	u8x8_GetMenuEvent:
  26              	.LFB2:
  27              		.file 1 "..\\..\\..\\u8g2\\u8g2\\csrc\\u8x8_debounce.c"
   1:..\..\..\u8g2\u8g2\csrc/u8x8_debounce.c **** /*
   2:..\..\..\u8g2\u8g2\csrc/u8x8_debounce.c **** 
   3:..\..\..\u8g2\u8g2\csrc/u8x8_debounce.c ****   u8x8_debounce.c
   4:..\..\..\u8g2\u8g2\csrc/u8x8_debounce.c ****   
   5:..\..\..\u8g2\u8g2\csrc/u8x8_debounce.c ****   Key/button simple debounce algorithm (Addon for u8x8)
   6:..\..\..\u8g2\u8g2\csrc/u8x8_debounce.c ****   
   7:..\..\..\u8g2\u8g2\csrc/u8x8_debounce.c ****   Universal 8bit Graphics Library (https://github.com/olikraus/u8g2/)
   8:..\..\..\u8g2\u8g2\csrc/u8x8_debounce.c **** 
   9:..\..\..\u8g2\u8g2\csrc/u8x8_debounce.c ****   Copyright (c) 2016, olikraus@gmail.com
  10:..\..\..\u8g2\u8g2\csrc/u8x8_debounce.c ****   All rights reserved.
  11:..\..\..\u8g2\u8g2\csrc/u8x8_debounce.c **** 
  12:..\..\..\u8g2\u8g2\csrc/u8x8_debounce.c ****   Redistribution and use in source and binary forms, with or without modification, 
  13:..\..\..\u8g2\u8g2\csrc/u8x8_debounce.c ****   are permitted provided that the following conditions are met:
  14:..\..\..\u8g2\u8g2\csrc/u8x8_debounce.c **** 
  15:..\..\..\u8g2\u8g2\csrc/u8x8_debounce.c ****   * Redistributions of source code must retain the above copyright notice, this list 
  16:..\..\..\u8g2\u8g2\csrc/u8x8_debounce.c ****     of conditions and the following disclaimer.
  17:..\..\..\u8g2\u8g2\csrc/u8x8_debounce.c ****     
  18:..\..\..\u8g2\u8g2\csrc/u8x8_debounce.c ****   * Redistributions in binary form must reproduce the above copyright notice, this 
  19:..\..\..\u8g2\u8g2\csrc/u8x8_debounce.c ****     list of conditions and the following disclaimer in the documentation and/or other 
  20:..\..\..\u8g2\u8g2\csrc/u8x8_debounce.c ****     materials provided with the distribution.
  21:..\..\..\u8g2\u8g2\csrc/u8x8_debounce.c **** 
  22:..\..\..\u8g2\u8g2\csrc/u8x8_debounce.c ****   THIS SOFTWARE IS PROVIDED BY THE COPYRIGHT HOLDERS AND 
  23:..\..\..\u8g2\u8g2\csrc/u8x8_debounce.c ****   CONTRIBUTORS "AS IS" AND ANY EXPRESS OR IMPLIED WARRANTIES, 
  24:..\..\..\u8g2\u8g2\csrc/u8x8_debounce.c ****   INCLUDING, BUT NOT LIMITED TO, THE IMPLIED WARRANTIES OF 
  25:..\..\..\u8g2\u8g2\csrc/u8x8_debounce.c ****   MERCHANTABILITY AND FITNESS FOR A PARTICULAR PURPOSE ARE 
  26:..\..\..\u8g2\u8g2\csrc/u8x8_debounce.c ****   DISCLAIMED. IN NO EVENT SHALL THE COPYRIGHT HOLDER OR 
  27:..\..\..\u8g2\u8g2\csrc/u8x8_debounce.c ****   CONTRIBUTORS BE LIABLE FOR ANY DIRECT, INDIRECT, INCIDENTAL, 
  28:..\..\..\u8g2\u8g2\csrc/u8x8_debounce.c ****   SPECIAL, EXEMPLARY, OR CONSEQUENTIAL DAMAGES (INCLUDING, BUT 
  29:..\..\..\u8g2\u8g2\csrc/u8x8_debounce.c ****   NOT LIMITED TO, PROCUREMENT OF SUBSTITUTE GOODS OR SERVICES; 
  30:..\..\..\u8g2\u8g2\csrc/u8x8_debounce.c ****   LOSS OF USE, DATA, OR PROFITS; OR BUSINESS INTERRUPTION) HOWEVER 
ARM GAS  C:\Users\jesse\AppData\Local\Temp\cchLFffT.s 			page 2


  31:..\..\..\u8g2\u8g2\csrc/u8x8_debounce.c ****   CAUSED AND ON ANY THEORY OF LIABILITY, WHETHER IN CONTRACT, 
  32:..\..\..\u8g2\u8g2\csrc/u8x8_debounce.c ****   STRICT LIABILITY, OR TORT (INCLUDING NEGLIGENCE OR OTHERWISE) 
  33:..\..\..\u8g2\u8g2\csrc/u8x8_debounce.c ****   ARISING IN ANY WAY OUT OF THE USE OF THIS SOFTWARE, EVEN IF 
  34:..\..\..\u8g2\u8g2\csrc/u8x8_debounce.c ****   ADVISED OF THE POSSIBILITY OF SUCH DAMAGE.  
  35:..\..\..\u8g2\u8g2\csrc/u8x8_debounce.c ****   
  36:..\..\..\u8g2\u8g2\csrc/u8x8_debounce.c **** */
  37:..\..\..\u8g2\u8g2\csrc/u8x8_debounce.c **** 
  38:..\..\..\u8g2\u8g2\csrc/u8x8_debounce.c **** #include "u8x8.h"
  39:..\..\..\u8g2\u8g2\csrc/u8x8_debounce.c **** 
  40:..\..\..\u8g2\u8g2\csrc/u8x8_debounce.c **** static uint8_t u8x8_read_pin_state(u8x8_t *u8x8)
  41:..\..\..\u8g2\u8g2\csrc/u8x8_debounce.c **** {
  42:..\..\..\u8g2\u8g2\csrc/u8x8_debounce.c ****   uint8_t i;
  43:..\..\..\u8g2\u8g2\csrc/u8x8_debounce.c ****   uint8_t pin_state;
  44:..\..\..\u8g2\u8g2\csrc/u8x8_debounce.c ****   
  45:..\..\..\u8g2\u8g2\csrc/u8x8_debounce.c ****   pin_state = 255;	/* be compatible with the setup of the default pin setup, which is 255 */
  46:..\..\..\u8g2\u8g2\csrc/u8x8_debounce.c ****   for( i = 0; i < U8X8_PIN_INPUT_CNT; i++ )
  47:..\..\..\u8g2\u8g2\csrc/u8x8_debounce.c ****   {
  48:..\..\..\u8g2\u8g2\csrc/u8x8_debounce.c ****     pin_state <<= 1;
  49:..\..\..\u8g2\u8g2\csrc/u8x8_debounce.c ****     
  50:..\..\..\u8g2\u8g2\csrc/u8x8_debounce.c ****     /* the callback function should put the return value into this variable */
  51:..\..\..\u8g2\u8g2\csrc/u8x8_debounce.c ****     u8x8->gpio_result = 1;
  52:..\..\..\u8g2\u8g2\csrc/u8x8_debounce.c ****     u8x8_gpio_call(u8x8, U8X8_MSG_GPIO(i+U8X8_PIN_OUTPUT_CNT), 0);
  53:..\..\..\u8g2\u8g2\csrc/u8x8_debounce.c ****     pin_state |= u8x8->gpio_result & 1;
  54:..\..\..\u8g2\u8g2\csrc/u8x8_debounce.c ****   }
  55:..\..\..\u8g2\u8g2\csrc/u8x8_debounce.c ****   
  56:..\..\..\u8g2\u8g2\csrc/u8x8_debounce.c ****   return pin_state;
  57:..\..\..\u8g2\u8g2\csrc/u8x8_debounce.c **** }
  58:..\..\..\u8g2\u8g2\csrc/u8x8_debounce.c **** 
  59:..\..\..\u8g2\u8g2\csrc/u8x8_debounce.c **** /*
  60:..\..\..\u8g2\u8g2\csrc/u8x8_debounce.c ****   return 0 to U8X8_PIN_INPUT_CNT-1 if there is a difference
  61:..\..\..\u8g2\u8g2\csrc/u8x8_debounce.c ****   return U8X8_PIN_INPUT_CNT if there is no difference
  62:..\..\..\u8g2\u8g2\csrc/u8x8_debounce.c **** */
  63:..\..\..\u8g2\u8g2\csrc/u8x8_debounce.c **** static uint8_t u8x8_find_first_diff(uint8_t a, uint8_t b)
  64:..\..\..\u8g2\u8g2\csrc/u8x8_debounce.c **** {
  65:..\..\..\u8g2\u8g2\csrc/u8x8_debounce.c ****   uint8_t mask;
  66:..\..\..\u8g2\u8g2\csrc/u8x8_debounce.c ****   uint8_t i;
  67:..\..\..\u8g2\u8g2\csrc/u8x8_debounce.c ****   mask = 1;
  68:..\..\..\u8g2\u8g2\csrc/u8x8_debounce.c ****   i = U8X8_PIN_INPUT_CNT;
  69:..\..\..\u8g2\u8g2\csrc/u8x8_debounce.c ****   do
  70:..\..\..\u8g2\u8g2\csrc/u8x8_debounce.c ****   {
  71:..\..\..\u8g2\u8g2\csrc/u8x8_debounce.c ****     i--;
  72:..\..\..\u8g2\u8g2\csrc/u8x8_debounce.c ****     if ( (a & mask) != (b & mask) )
  73:..\..\..\u8g2\u8g2\csrc/u8x8_debounce.c ****       return i;
  74:..\..\..\u8g2\u8g2\csrc/u8x8_debounce.c ****     mask <<= 1;
  75:..\..\..\u8g2\u8g2\csrc/u8x8_debounce.c ****   } while( i > 0 );
  76:..\..\..\u8g2\u8g2\csrc/u8x8_debounce.c ****   return U8X8_PIN_INPUT_CNT;
  77:..\..\..\u8g2\u8g2\csrc/u8x8_debounce.c **** }
  78:..\..\..\u8g2\u8g2\csrc/u8x8_debounce.c **** 
  79:..\..\..\u8g2\u8g2\csrc/u8x8_debounce.c **** /*
  80:..\..\..\u8g2\u8g2\csrc/u8x8_debounce.c ****   State A:
  81:..\..\..\u8g2\u8g2\csrc/u8x8_debounce.c ****     u8x8->debounce_last_pin_state == current_state 
  82:..\..\..\u8g2\u8g2\csrc/u8x8_debounce.c ****       --> State A
  83:..\..\..\u8g2\u8g2\csrc/u8x8_debounce.c ****     u8x8->debounce_last_pin_state != current_state 
  84:..\..\..\u8g2\u8g2\csrc/u8x8_debounce.c ****       --> u8x8->debounce_last_pin_state = current_state 
  85:..\..\..\u8g2\u8g2\csrc/u8x8_debounce.c ****       --> State B + cnt
  86:..\..\..\u8g2\u8g2\csrc/u8x8_debounce.c **** 
  87:..\..\..\u8g2\u8g2\csrc/u8x8_debounce.c ****   State B + cnt
ARM GAS  C:\Users\jesse\AppData\Local\Temp\cchLFffT.s 			page 3


  88:..\..\..\u8g2\u8g2\csrc/u8x8_debounce.c ****     --> state--
  89:..\..\..\u8g2\u8g2\csrc/u8x8_debounce.c **** 
  90:..\..\..\u8g2\u8g2\csrc/u8x8_debounce.c ****   State B
  91:..\..\..\u8g2\u8g2\csrc/u8x8_debounce.c ****     u8x8->debounce_last_pin_state == current_state 
  92:..\..\..\u8g2\u8g2\csrc/u8x8_debounce.c ****       --> keypress detected
  93:..\..\..\u8g2\u8g2\csrc/u8x8_debounce.c ****       --> State C
  94:..\..\..\u8g2\u8g2\csrc/u8x8_debounce.c ****     u8x8->debounce_last_pin_state != current_state 
  95:..\..\..\u8g2\u8g2\csrc/u8x8_debounce.c ****       --> State A
  96:..\..\..\u8g2\u8g2\csrc/u8x8_debounce.c **** 
  97:..\..\..\u8g2\u8g2\csrc/u8x8_debounce.c ****   State C
  98:..\..\..\u8g2\u8g2\csrc/u8x8_debounce.c ****     u8x8->debounce_last_pin_state == current_state 
  99:..\..\..\u8g2\u8g2\csrc/u8x8_debounce.c ****       --> State C
 100:..\..\..\u8g2\u8g2\csrc/u8x8_debounce.c ****     u8x8->debounce_last_pin_state != current_state 
 101:..\..\..\u8g2\u8g2\csrc/u8x8_debounce.c ****       --> State A
 102:..\..\..\u8g2\u8g2\csrc/u8x8_debounce.c **** 
 103:..\..\..\u8g2\u8g2\csrc/u8x8_debounce.c **** */
 104:..\..\..\u8g2\u8g2\csrc/u8x8_debounce.c **** 
 105:..\..\..\u8g2\u8g2\csrc/u8x8_debounce.c **** #ifdef __unix__xxxxxx_THIS_IS_DISABLED
 106:..\..\..\u8g2\u8g2\csrc/u8x8_debounce.c **** 
 107:..\..\..\u8g2\u8g2\csrc/u8x8_debounce.c **** #include <stdio.h>
 108:..\..\..\u8g2\u8g2\csrc/u8x8_debounce.c **** #include <stdlib.h>
 109:..\..\..\u8g2\u8g2\csrc/u8x8_debounce.c **** uint8_t u8x8_GetMenuEvent(u8x8_t *u8x8)
 110:..\..\..\u8g2\u8g2\csrc/u8x8_debounce.c **** {
 111:..\..\..\u8g2\u8g2\csrc/u8x8_debounce.c ****     int c;
 112:..\..\..\u8g2\u8g2\csrc/u8x8_debounce.c ****     c = getc(stdin);
 113:..\..\..\u8g2\u8g2\csrc/u8x8_debounce.c ****     switch(c)
 114:..\..\..\u8g2\u8g2\csrc/u8x8_debounce.c ****     {
 115:..\..\..\u8g2\u8g2\csrc/u8x8_debounce.c ****         case 'n':
 116:..\..\..\u8g2\u8g2\csrc/u8x8_debounce.c ****             return  U8X8_MSG_GPIO_MENU_NEXT;
 117:..\..\..\u8g2\u8g2\csrc/u8x8_debounce.c ****         case 'p':
 118:..\..\..\u8g2\u8g2\csrc/u8x8_debounce.c ****             return  U8X8_MSG_GPIO_MENU_PREV;
 119:..\..\..\u8g2\u8g2\csrc/u8x8_debounce.c ****         case 's':
 120:..\..\..\u8g2\u8g2\csrc/u8x8_debounce.c ****             return  U8X8_MSG_GPIO_MENU_SELECT;
 121:..\..\..\u8g2\u8g2\csrc/u8x8_debounce.c ****         case 'h':
 122:..\..\..\u8g2\u8g2\csrc/u8x8_debounce.c ****             return  U8X8_MSG_GPIO_MENU_HOME;
 123:..\..\..\u8g2\u8g2\csrc/u8x8_debounce.c ****         case 'x':
 124:..\..\..\u8g2\u8g2\csrc/u8x8_debounce.c ****             exit(0);
 125:..\..\..\u8g2\u8g2\csrc/u8x8_debounce.c ****         default:
 126:..\..\..\u8g2\u8g2\csrc/u8x8_debounce.c ****             puts("press n, p, s, h or x");
 127:..\..\..\u8g2\u8g2\csrc/u8x8_debounce.c ****             break;
 128:..\..\..\u8g2\u8g2\csrc/u8x8_debounce.c ****     }
 129:..\..\..\u8g2\u8g2\csrc/u8x8_debounce.c ****     return 0;
 130:..\..\..\u8g2\u8g2\csrc/u8x8_debounce.c **** }
 131:..\..\..\u8g2\u8g2\csrc/u8x8_debounce.c **** 
 132:..\..\..\u8g2\u8g2\csrc/u8x8_debounce.c **** 
 133:..\..\..\u8g2\u8g2\csrc/u8x8_debounce.c **** #else  /* __unix__ */
 134:..\..\..\u8g2\u8g2\csrc/u8x8_debounce.c **** 
 135:..\..\..\u8g2\u8g2\csrc/u8x8_debounce.c **** 
 136:..\..\..\u8g2\u8g2\csrc/u8x8_debounce.c **** #define U8X8_DEBOUNCE_WAIT 2
 137:..\..\..\u8g2\u8g2\csrc/u8x8_debounce.c **** /* do debounce and return a GPIO msg which indicates the event */
 138:..\..\..\u8g2\u8g2\csrc/u8x8_debounce.c **** /* returns 0, if there is no event */
 139:..\..\..\u8g2\u8g2\csrc/u8x8_debounce.c **** #if defined(__GNUC__) && !defined(__CYGWIN__)
 140:..\..\..\u8g2\u8g2\csrc/u8x8_debounce.c **** # pragma weak  u8x8_GetMenuEvent
 141:..\..\..\u8g2\u8g2\csrc/u8x8_debounce.c **** #endif
 142:..\..\..\u8g2\u8g2\csrc/u8x8_debounce.c **** uint8_t u8x8_GetMenuEvent(u8x8_t *u8x8)
 143:..\..\..\u8g2\u8g2\csrc/u8x8_debounce.c **** {
  28              		.loc 1 143 0
ARM GAS  C:\Users\jesse\AppData\Local\Temp\cchLFffT.s 			page 4


  29              		.cfi_startproc
  30              		@ args = 0, pretend = 0, frame = 0
  31              		@ frame_needed = 0, uses_anonymous_args = 0
  32              	.LVL0:
  33 0000 F8B5     		push	{r3, r4, r5, r6, r7, lr}
  34              		.cfi_def_cfa_offset 24
  35              		.cfi_offset 3, -24
  36              		.cfi_offset 4, -20
  37              		.cfi_offset 5, -16
  38              		.cfi_offset 6, -12
  39              		.cfi_offset 7, -8
  40              		.cfi_offset 14, -4
  41              		.loc 1 143 0
  42 0002 0446     		mov	r4, r0
  43              	.LVL1:
  44 0004 5026     		movs	r6, #80
  45              	.LBB6:
  46              	.LBB7:
  45:..\..\..\u8g2\u8g2\csrc/u8x8_debounce.c ****   for( i = 0; i < U8X8_PIN_INPUT_CNT; i++ )
  47              		.loc 1 45 0
  48 0006 FF25     		movs	r5, #255
  51:..\..\..\u8g2\u8g2\csrc/u8x8_debounce.c ****     u8x8_gpio_call(u8x8, U8X8_MSG_GPIO(i+U8X8_PIN_OUTPUT_CNT), 0);
  49              		.loc 1 51 0
  50 0008 0127     		movs	r7, #1
  51              	.LVL2:
  52              	.L2:
  52:..\..\..\u8g2\u8g2\csrc/u8x8_debounce.c ****     pin_state |= u8x8->gpio_result & 1;
  53              		.loc 1 52 0
  54 000a 3146     		mov	r1, r6
  51:..\..\..\u8g2\u8g2\csrc/u8x8_debounce.c ****     u8x8_gpio_call(u8x8, U8X8_MSG_GPIO(i+U8X8_PIN_OUTPUT_CNT), 0);
  55              		.loc 1 51 0
  56 000c 84F82770 		strb	r7, [r4, #39]
  52:..\..\..\u8g2\u8g2\csrc/u8x8_debounce.c ****     pin_state |= u8x8->gpio_result & 1;
  57              		.loc 1 52 0
  58 0010 0022     		movs	r2, #0
  59 0012 2046     		mov	r0, r4
  60 0014 FFF7FEFF 		bl	u8x8_gpio_call
  61              	.LVL3:
  53:..\..\..\u8g2\u8g2\csrc/u8x8_debounce.c ****   }
  62              		.loc 1 53 0
  63 0018 94F82730 		ldrb	r3, [r4, #39]	@ zero_extendqisi2
  64 001c 0136     		adds	r6, r6, #1
  65              	.LVL4:
  66 001e 03F00103 		and	r3, r3, #1
  67 0022 F6B2     		uxtb	r6, r6
  68 0024 43EA4505 		orr	r5, r3, r5, lsl #1
  69              	.LVL5:
  46:..\..\..\u8g2\u8g2\csrc/u8x8_debounce.c ****   {
  70              		.loc 1 46 0
  71 0028 562E     		cmp	r6, #86
  53:..\..\..\u8g2\u8g2\csrc/u8x8_debounce.c ****   }
  72              		.loc 1 53 0
  73 002a EDB2     		uxtb	r5, r5
  74              	.LVL6:
  46:..\..\..\u8g2\u8g2\csrc/u8x8_debounce.c ****   {
  75              		.loc 1 46 0
  76 002c EDD1     		bne	.L2
ARM GAS  C:\Users\jesse\AppData\Local\Temp\cchLFffT.s 			page 5


  77              	.LVL7:
  78              	.LBE7:
  79              	.LBE6:
 144:..\..\..\u8g2\u8g2\csrc/u8x8_debounce.c ****   uint8_t pin_state;
 145:..\..\..\u8g2\u8g2\csrc/u8x8_debounce.c ****   uint8_t result_msg = 0;	/* invalid message, no event */
 146:..\..\..\u8g2\u8g2\csrc/u8x8_debounce.c ****   
 147:..\..\..\u8g2\u8g2\csrc/u8x8_debounce.c ****   pin_state = u8x8_read_pin_state(u8x8);
 148:..\..\..\u8g2\u8g2\csrc/u8x8_debounce.c ****   
 149:..\..\..\u8g2\u8g2\csrc/u8x8_debounce.c ****   /* States A, B, C & D are encoded in the upper 4 bit*/
 150:..\..\..\u8g2\u8g2\csrc/u8x8_debounce.c ****   switch(u8x8->debounce_state)
  80              		.loc 1 150 0
  81 002e 94F82A00 		ldrb	r0, [r4, #42]	@ zero_extendqisi2
  82 0032 1028     		cmp	r0, #16
  83 0034 0FD0     		beq	.L4
  84 0036 01D8     		bhi	.L5
  85 0038 28B1     		cbz	r0, .L6
  86 003a 38E0     		b	.L3
  87              	.L5:
  88 003c 2028     		cmp	r0, #32
  89 003e 16D0     		beq	.L7
  90 0040 3028     		cmp	r0, #48
  91 0042 1CD0     		beq	.L8
  92 0044 33E0     		b	.L3
  93              	.L6:
 151:..\..\..\u8g2\u8g2\csrc/u8x8_debounce.c ****   {
 152:..\..\..\u8g2\u8g2\csrc/u8x8_debounce.c ****     case 0x00:	/* State A, default state */
 153:..\..\..\u8g2\u8g2\csrc/u8x8_debounce.c ****       if ( u8x8->debounce_default_pin_state != pin_state )
  94              		.loc 1 153 0
  95 0046 94F82830 		ldrb	r3, [r4, #40]	@ zero_extendqisi2
  96 004a AB42     		cmp	r3, r5
  97 004c 33D0     		beq	.L9
 154:..\..\..\u8g2\u8g2\csrc/u8x8_debounce.c ****       {
 155:..\..\..\u8g2\u8g2\csrc/u8x8_debounce.c **** 	//u8x8->debounce_last_pin_state = pin_state;
 156:..\..\..\u8g2\u8g2\csrc/u8x8_debounce.c **** 	u8x8->debounce_state = 0x010 + U8X8_DEBOUNCE_WAIT;
  98              		.loc 1 156 0
  99 004e 1223     		movs	r3, #18
 100 0050 84F82A30 		strb	r3, [r4, #42]
 101 0054 F8BD     		pop	{r3, r4, r5, r6, r7, pc}
 102              	.LVL8:
 103              	.L4:
 157:..\..\..\u8g2\u8g2\csrc/u8x8_debounce.c ****       }
 158:..\..\..\u8g2\u8g2\csrc/u8x8_debounce.c ****       break;
 159:..\..\..\u8g2\u8g2\csrc/u8x8_debounce.c ****     case 0x10:	/* State B */
 160:..\..\..\u8g2\u8g2\csrc/u8x8_debounce.c ****       //if ( u8x8->debounce_last_pin_state != pin_state )
 161:..\..\..\u8g2\u8g2\csrc/u8x8_debounce.c ****       if ( u8x8->debounce_default_pin_state == pin_state )
 104              		.loc 1 161 0
 105 0056 94F82830 		ldrb	r3, [r4, #40]	@ zero_extendqisi2
 106 005a AB42     		cmp	r3, r5
 107 005c 03D1     		bne	.L10
 108              	.L11:
 162:..\..\..\u8g2\u8g2\csrc/u8x8_debounce.c ****       {
 163:..\..\..\u8g2\u8g2\csrc/u8x8_debounce.c **** 	u8x8->debounce_state = 0x00;	/* back to state A */
 109              		.loc 1 163 0
 110 005e 0020     		movs	r0, #0
 111 0060 84F82A00 		strb	r0, [r4, #42]
 112 0064 F8BD     		pop	{r3, r4, r5, r6, r7, pc}
 113              	.LVL9:
ARM GAS  C:\Users\jesse\AppData\Local\Temp\cchLFffT.s 			page 6


 114              	.L10:
 164:..\..\..\u8g2\u8g2\csrc/u8x8_debounce.c ****       }
 165:..\..\..\u8g2\u8g2\csrc/u8x8_debounce.c ****       else
 166:..\..\..\u8g2\u8g2\csrc/u8x8_debounce.c ****       {
 167:..\..\..\u8g2\u8g2\csrc/u8x8_debounce.c **** 	/* keypress detected */
 168:..\..\..\u8g2\u8g2\csrc/u8x8_debounce.c **** 	u8x8->debounce_last_pin_state = pin_state;
 115              		.loc 1 168 0
 116 0066 84F82950 		strb	r5, [r4, #41]
 169:..\..\..\u8g2\u8g2\csrc/u8x8_debounce.c **** 	//result_msg = U8X8_MSG_GPIO_MENU_NEXT;
 170:..\..\..\u8g2\u8g2\csrc/u8x8_debounce.c **** 	u8x8->debounce_state = 0x020 + U8X8_DEBOUNCE_WAIT;	/* got to state C */	
 117              		.loc 1 170 0
 118 006a 2223     		movs	r3, #34
 119 006c 04E0     		b	.L20
 120              	.L7:
 171:..\..\..\u8g2\u8g2\csrc/u8x8_debounce.c ****       }
 172:..\..\..\u8g2\u8g2\csrc/u8x8_debounce.c ****       break;
 173:..\..\..\u8g2\u8g2\csrc/u8x8_debounce.c ****       
 174:..\..\..\u8g2\u8g2\csrc/u8x8_debounce.c ****     case 0x20:	/* State C */
 175:..\..\..\u8g2\u8g2\csrc/u8x8_debounce.c ****       if ( u8x8->debounce_last_pin_state != pin_state )
 121              		.loc 1 175 0
 122 006e 94F82930 		ldrb	r3, [r4, #41]	@ zero_extendqisi2
 123 0072 AB42     		cmp	r3, r5
 124 0074 F3D1     		bne	.L11
 176:..\..\..\u8g2\u8g2\csrc/u8x8_debounce.c ****       {
 177:..\..\..\u8g2\u8g2\csrc/u8x8_debounce.c **** 	u8x8->debounce_state = 0x00;	/* back to state A */
 178:..\..\..\u8g2\u8g2\csrc/u8x8_debounce.c ****       }
 179:..\..\..\u8g2\u8g2\csrc/u8x8_debounce.c ****       else
 180:..\..\..\u8g2\u8g2\csrc/u8x8_debounce.c ****       {
 181:..\..\..\u8g2\u8g2\csrc/u8x8_debounce.c **** 	u8x8->debounce_state = 0x030;	/* got to state D */	
 125              		.loc 1 181 0
 126 0076 3023     		movs	r3, #48
 127              	.L20:
 128 0078 84F82A30 		strb	r3, [r4, #42]
 129 007c 1AE0     		b	.L19
 130              	.L8:
 182:..\..\..\u8g2\u8g2\csrc/u8x8_debounce.c ****       }
 183:..\..\..\u8g2\u8g2\csrc/u8x8_debounce.c ****       break;
 184:..\..\..\u8g2\u8g2\csrc/u8x8_debounce.c ****       
 185:..\..\..\u8g2\u8g2\csrc/u8x8_debounce.c ****     case 0x30:	/* State D */
 186:..\..\..\u8g2\u8g2\csrc/u8x8_debounce.c ****       /* wait until key release */
 187:..\..\..\u8g2\u8g2\csrc/u8x8_debounce.c ****       if ( u8x8->debounce_default_pin_state == pin_state )
 131              		.loc 1 187 0
 132 007e 94F82830 		ldrb	r3, [r4, #40]	@ zero_extendqisi2
 133 0082 0020     		movs	r0, #0
 134 0084 AB42     		cmp	r3, r5
 135 0086 16D1     		bne	.L9
 188:..\..\..\u8g2\u8g2\csrc/u8x8_debounce.c ****       {
 189:..\..\..\u8g2\u8g2\csrc/u8x8_debounce.c **** 	u8x8->debounce_state = 0x00;	/* back to state A */
 190:..\..\..\u8g2\u8g2\csrc/u8x8_debounce.c **** 	result_msg = U8X8_MSG_GPIO(u8x8_find_first_diff(u8x8->debounce_default_pin_state, u8x8->debounce_l
 136              		.loc 1 190 0
 137 0088 94F82920 		ldrb	r2, [r4, #41]	@ zero_extendqisi2
 138              	.LVL10:
 189:..\..\..\u8g2\u8g2\csrc/u8x8_debounce.c **** 	result_msg = U8X8_MSG_GPIO(u8x8_find_first_diff(u8x8->debounce_default_pin_state, u8x8->debounce_l
 139              		.loc 1 189 0
 140 008c 84F82A00 		strb	r0, [r4, #42]
 141              	.LBB8:
 142              	.LBB9:
ARM GAS  C:\Users\jesse\AppData\Local\Temp\cchLFffT.s 			page 7


  67:..\..\..\u8g2\u8g2\csrc/u8x8_debounce.c ****   i = U8X8_PIN_INPUT_CNT;
 143              		.loc 1 67 0
 144 0090 0123     		movs	r3, #1
  68:..\..\..\u8g2\u8g2\csrc/u8x8_debounce.c ****   do
 145              		.loc 1 68 0
 146 0092 0620     		movs	r0, #6
  72:..\..\..\u8g2\u8g2\csrc/u8x8_debounce.c ****       return i;
 147              		.loc 1 72 0
 148 0094 5540     		eors	r5, r5, r2
 149              	.LVL11:
 150              	.L13:
  71:..\..\..\u8g2\u8g2\csrc/u8x8_debounce.c ****     if ( (a & mask) != (b & mask) )
 151              		.loc 1 71 0
 152 0096 0138     		subs	r0, r0, #1
 153              	.LVL12:
  72:..\..\..\u8g2\u8g2\csrc/u8x8_debounce.c ****       return i;
 154              		.loc 1 72 0
 155 0098 2B42     		tst	r3, r5
  71:..\..\..\u8g2\u8g2\csrc/u8x8_debounce.c ****     if ( (a & mask) != (b & mask) )
 156              		.loc 1 71 0
 157 009a C0B2     		uxtb	r0, r0
 158              	.LVL13:
  72:..\..\..\u8g2\u8g2\csrc/u8x8_debounce.c ****       return i;
 159              		.loc 1 72 0
 160 009c 04D1     		bne	.L12
  74:..\..\..\u8g2\u8g2\csrc/u8x8_debounce.c ****   } while( i > 0 );
 161              		.loc 1 74 0
 162 009e 5B00     		lsls	r3, r3, #1
 163              	.LVL14:
 164 00a0 DBB2     		uxtb	r3, r3
 165              	.LVL15:
  75:..\..\..\u8g2\u8g2\csrc/u8x8_debounce.c ****   return U8X8_PIN_INPUT_CNT;
 166              		.loc 1 75 0
 167 00a2 0028     		cmp	r0, #0
 168 00a4 F7D1     		bne	.L13
  76:..\..\..\u8g2\u8g2\csrc/u8x8_debounce.c **** }
 169              		.loc 1 76 0
 170 00a6 0620     		movs	r0, #6
 171              	.LVL16:
 172              	.L12:
 173              	.LBE9:
 174              	.LBE8:
 175              		.loc 1 190 0
 176 00a8 5030     		adds	r0, r0, #80
 177 00aa C0B2     		uxtb	r0, r0
 178              	.LVL17:
 179 00ac F8BD     		pop	{r3, r4, r5, r6, r7, pc}
 180              	.LVL18:
 181              	.L3:
 191:..\..\..\u8g2\u8g2\csrc/u8x8_debounce.c ****       }
 192:..\..\..\u8g2\u8g2\csrc/u8x8_debounce.c ****       else
 193:..\..\..\u8g2\u8g2\csrc/u8x8_debounce.c ****       {
 194:..\..\..\u8g2\u8g2\csrc/u8x8_debounce.c **** 	//result_msg = U8X8_MSG_GPIO_MENU_NEXT;
 195:..\..\..\u8g2\u8g2\csrc/u8x8_debounce.c **** 	// maybe implement autorepeat here 
 196:..\..\..\u8g2\u8g2\csrc/u8x8_debounce.c ****       }
 197:..\..\..\u8g2\u8g2\csrc/u8x8_debounce.c ****       break;
 198:..\..\..\u8g2\u8g2\csrc/u8x8_debounce.c ****     default:
ARM GAS  C:\Users\jesse\AppData\Local\Temp\cchLFffT.s 			page 8


 199:..\..\..\u8g2\u8g2\csrc/u8x8_debounce.c ****       u8x8->debounce_state--;	/* count down, until there is a valid state */
 182              		.loc 1 199 0
 183 00ae 0138     		subs	r0, r0, #1
 184 00b0 84F82A00 		strb	r0, [r4, #42]
 185              	.L19:
 145:..\..\..\u8g2\u8g2\csrc/u8x8_debounce.c ****   
 186              		.loc 1 145 0
 187 00b4 0020     		movs	r0, #0
 188              	.L9:
 189              	.LVL19:
 200:..\..\..\u8g2\u8g2\csrc/u8x8_debounce.c ****       break;
 201:..\..\..\u8g2\u8g2\csrc/u8x8_debounce.c ****   }
 202:..\..\..\u8g2\u8g2\csrc/u8x8_debounce.c ****   return result_msg;
 203:..\..\..\u8g2\u8g2\csrc/u8x8_debounce.c **** }
 190              		.loc 1 203 0
 191 00b6 F8BD     		pop	{r3, r4, r5, r6, r7, pc}
 192              		.cfi_endproc
 193              	.LFE2:
 194              		.size	u8x8_GetMenuEvent, .-u8x8_GetMenuEvent
 195              		.text
 196              	.Letext0:
 197              		.file 2 "c:\\program files (x86)\\cypress\\psoc creator\\4.4\\psoc creator\\import\\gnu\\arm\\5.4.
 198              		.file 3 "c:\\program files (x86)\\cypress\\psoc creator\\4.4\\psoc creator\\import\\gnu\\arm\\5.4.
 199              		.file 4 "..\\..\\..\\u8g2\\u8g2\\csrc\\u8x8.h"
 200              		.section	.debug_info,"",%progbits
 201              	.Ldebug_info0:
 202 0000 81040000 		.4byte	0x481
 203 0004 0400     		.2byte	0x4
 204 0006 00000000 		.4byte	.Ldebug_abbrev0
 205 000a 04       		.byte	0x4
 206 000b 01       		.uleb128 0x1
 207 000c 5F020000 		.4byte	.LASF66
 208 0010 0C       		.byte	0xc
 209 0011 6B040000 		.4byte	.LASF67
 210 0015 0F030000 		.4byte	.LASF68
 211 0019 00000000 		.4byte	.Ldebug_ranges0+0
 212 001d 00000000 		.4byte	0
 213 0021 00000000 		.4byte	.Ldebug_line0
 214 0025 02       		.uleb128 0x2
 215 0026 01       		.byte	0x1
 216 0027 06       		.byte	0x6
 217 0028 E8010000 		.4byte	.LASF0
 218 002c 03       		.uleb128 0x3
 219 002d 9A010000 		.4byte	.LASF3
 220 0031 02       		.byte	0x2
 221 0032 1D       		.byte	0x1d
 222 0033 37000000 		.4byte	0x37
 223 0037 02       		.uleb128 0x2
 224 0038 01       		.byte	0x1
 225 0039 08       		.byte	0x8
 226 003a DA010000 		.4byte	.LASF1
 227 003e 02       		.uleb128 0x2
 228 003f 02       		.byte	0x2
 229 0040 05       		.byte	0x5
 230 0041 52000000 		.4byte	.LASF2
 231 0045 03       		.uleb128 0x3
 232 0046 A9000000 		.4byte	.LASF4
ARM GAS  C:\Users\jesse\AppData\Local\Temp\cchLFffT.s 			page 9


 233 004a 02       		.byte	0x2
 234 004b 2B       		.byte	0x2b
 235 004c 50000000 		.4byte	0x50
 236 0050 02       		.uleb128 0x2
 237 0051 02       		.byte	0x2
 238 0052 07       		.byte	0x7
 239 0053 75030000 		.4byte	.LASF5
 240 0057 02       		.uleb128 0x2
 241 0058 04       		.byte	0x4
 242 0059 05       		.byte	0x5
 243 005a 91010000 		.4byte	.LASF6
 244 005e 03       		.uleb128 0x3
 245 005f 9E000000 		.4byte	.LASF7
 246 0063 02       		.byte	0x2
 247 0064 41       		.byte	0x41
 248 0065 69000000 		.4byte	0x69
 249 0069 02       		.uleb128 0x2
 250 006a 04       		.byte	0x4
 251 006b 07       		.byte	0x7
 252 006c FE030000 		.4byte	.LASF8
 253 0070 02       		.uleb128 0x2
 254 0071 08       		.byte	0x8
 255 0072 05       		.byte	0x5
 256 0073 64010000 		.4byte	.LASF9
 257 0077 02       		.uleb128 0x2
 258 0078 08       		.byte	0x8
 259 0079 07       		.byte	0x7
 260 007a F4010000 		.4byte	.LASF10
 261 007e 04       		.uleb128 0x4
 262 007f 04       		.byte	0x4
 263 0080 05       		.byte	0x5
 264 0081 696E7400 		.ascii	"int\000"
 265 0085 02       		.uleb128 0x2
 266 0086 04       		.byte	0x4
 267 0087 07       		.byte	0x7
 268 0088 14020000 		.4byte	.LASF11
 269 008c 03       		.uleb128 0x3
 270 008d DE000000 		.4byte	.LASF12
 271 0091 03       		.byte	0x3
 272 0092 18       		.byte	0x18
 273 0093 2C000000 		.4byte	0x2c
 274 0097 03       		.uleb128 0x3
 275 0098 21020000 		.4byte	.LASF13
 276 009c 03       		.byte	0x3
 277 009d 24       		.byte	0x24
 278 009e 45000000 		.4byte	0x45
 279 00a2 03       		.uleb128 0x3
 280 00a3 0B020000 		.4byte	.LASF14
 281 00a7 03       		.byte	0x3
 282 00a8 30       		.byte	0x30
 283 00a9 5E000000 		.4byte	0x5e
 284 00ad 05       		.uleb128 0x5
 285 00ae 04       		.byte	0x4
 286 00af 02       		.uleb128 0x2
 287 00b0 08       		.byte	0x8
 288 00b1 04       		.byte	0x4
 289 00b2 C2010000 		.4byte	.LASF15
ARM GAS  C:\Users\jesse\AppData\Local\Temp\cchLFffT.s 			page 10


 290 00b6 03       		.uleb128 0x3
 291 00b7 58020000 		.4byte	.LASF16
 292 00bb 04       		.byte	0x4
 293 00bc D3       		.byte	0xd3
 294 00bd C1000000 		.4byte	0xc1
 295 00c1 06       		.uleb128 0x6
 296 00c2 F2030000 		.4byte	.LASF37
 297 00c6 2C       		.byte	0x2c
 298 00c7 04       		.byte	0x4
 299 00c8 5601     		.2byte	0x156
 300 00ca C6010000 		.4byte	0x1c6
 301 00ce 07       		.uleb128 0x7
 302 00cf A4030000 		.4byte	.LASF17
 303 00d3 04       		.byte	0x4
 304 00d4 5801     		.2byte	0x158
 305 00d6 28030000 		.4byte	0x328
 306 00da 00       		.byte	0
 307 00db 07       		.uleb128 0x7
 308 00dc CD040000 		.4byte	.LASF18
 309 00e0 04       		.byte	0x4
 310 00e1 5901     		.2byte	0x159
 311 00e3 03030000 		.4byte	0x303
 312 00e7 04       		.byte	0x4
 313 00e8 07       		.uleb128 0x7
 314 00e9 A4010000 		.4byte	.LASF19
 315 00ed 04       		.byte	0x4
 316 00ee 5A01     		.2byte	0x15a
 317 00f0 CE020000 		.4byte	0x2ce
 318 00f4 08       		.byte	0x8
 319 00f5 07       		.uleb128 0x7
 320 00f6 9F040000 		.4byte	.LASF20
 321 00fa 04       		.byte	0x4
 322 00fb 5B01     		.2byte	0x15b
 323 00fd CE020000 		.4byte	0x2ce
 324 0101 0C       		.byte	0xc
 325 0102 07       		.uleb128 0x7
 326 0103 10040000 		.4byte	.LASF21
 327 0107 04       		.byte	0x4
 328 0108 5C01     		.2byte	0x15c
 329 010a CE020000 		.4byte	0x2ce
 330 010e 10       		.byte	0x10
 331 010f 07       		.uleb128 0x7
 332 0110 5C000000 		.4byte	.LASF22
 333 0114 04       		.byte	0x4
 334 0115 5D01     		.2byte	0x15d
 335 0117 CE020000 		.4byte	0x2ce
 336 011b 14       		.byte	0x14
 337 011c 07       		.uleb128 0x7
 338 011d 1D010000 		.4byte	.LASF23
 339 0121 04       		.byte	0x4
 340 0122 5E01     		.2byte	0x15e
 341 0124 A2000000 		.4byte	0xa2
 342 0128 18       		.byte	0x18
 343 0129 07       		.uleb128 0x7
 344 012a 39000000 		.4byte	.LASF24
 345 012e 04       		.byte	0x4
 346 012f 5F01     		.2byte	0x15f
ARM GAS  C:\Users\jesse\AppData\Local\Temp\cchLFffT.s 			page 11


 347 0131 33030000 		.4byte	0x333
 348 0135 1C       		.byte	0x1c
 349 0136 07       		.uleb128 0x7
 350 0137 62040000 		.4byte	.LASF25
 351 013b 04       		.byte	0x4
 352 013c 6001     		.2byte	0x160
 353 013e 97000000 		.4byte	0x97
 354 0142 20       		.byte	0x20
 355 0143 07       		.uleb128 0x7
 356 0144 00000000 		.4byte	.LASF26
 357 0148 04       		.byte	0x4
 358 0149 6101     		.2byte	0x161
 359 014b 8C000000 		.4byte	0x8c
 360 014f 22       		.byte	0x22
 361 0150 07       		.uleb128 0x7
 362 0151 09000000 		.4byte	.LASF27
 363 0155 04       		.byte	0x4
 364 0156 6201     		.2byte	0x162
 365 0158 8C000000 		.4byte	0x8c
 366 015c 23       		.byte	0x23
 367 015d 07       		.uleb128 0x7
 368 015e 30040000 		.4byte	.LASF28
 369 0162 04       		.byte	0x4
 370 0163 6301     		.2byte	0x163
 371 0165 8C000000 		.4byte	0x8c
 372 0169 24       		.byte	0x24
 373 016a 07       		.uleb128 0x7
 374 016b 93040000 		.4byte	.LASF29
 375 016f 04       		.byte	0x4
 376 0170 6601     		.2byte	0x166
 377 0172 8C000000 		.4byte	0x8c
 378 0176 25       		.byte	0x25
 379 0177 07       		.uleb128 0x7
 380 0178 E7030000 		.4byte	.LASF30
 381 017c 04       		.byte	0x4
 382 017d 6801     		.2byte	0x168
 383 017f 8C000000 		.4byte	0x8c
 384 0183 26       		.byte	0x26
 385 0184 07       		.uleb128 0x7
 386 0185 72010000 		.4byte	.LASF31
 387 0189 04       		.byte	0x4
 388 018a 6901     		.2byte	0x169
 389 018c 8C000000 		.4byte	0x8c
 390 0190 27       		.byte	0x27
 391 0191 07       		.uleb128 0x7
 392 0192 A6040000 		.4byte	.LASF32
 393 0196 04       		.byte	0x4
 394 0197 6A01     		.2byte	0x16a
 395 0199 8C000000 		.4byte	0x8c
 396 019d 28       		.byte	0x28
 397 019e 07       		.uleb128 0x7
 398 019f 4C010000 		.4byte	.LASF33
 399 01a3 04       		.byte	0x4
 400 01a4 6B01     		.2byte	0x16b
 401 01a6 8C000000 		.4byte	0x8c
 402 01aa 29       		.byte	0x29
 403 01ab 07       		.uleb128 0x7
ARM GAS  C:\Users\jesse\AppData\Local\Temp\cchLFffT.s 			page 12


 404 01ac 95030000 		.4byte	.LASF34
 405 01b0 04       		.byte	0x4
 406 01b1 6C01     		.2byte	0x16c
 407 01b3 8C000000 		.4byte	0x8c
 408 01b7 2A       		.byte	0x2a
 409 01b8 07       		.uleb128 0x7
 410 01b9 3E000000 		.4byte	.LASF35
 411 01bd 04       		.byte	0x4
 412 01be 6D01     		.2byte	0x16d
 413 01c0 8C000000 		.4byte	0x8c
 414 01c4 2B       		.byte	0x2b
 415 01c5 00       		.byte	0
 416 01c6 03       		.uleb128 0x3
 417 01c7 38010000 		.4byte	.LASF36
 418 01cb 04       		.byte	0x4
 419 01cc D4       		.byte	0xd4
 420 01cd D1010000 		.4byte	0x1d1
 421 01d1 08       		.uleb128 0x8
 422 01d2 2A020000 		.4byte	.LASF38
 423 01d6 18       		.byte	0x18
 424 01d7 04       		.byte	0x4
 425 01d8 ED       		.byte	0xed
 426 01d9 CE020000 		.4byte	0x2ce
 427 01dd 09       		.uleb128 0x9
 428 01de 27000000 		.4byte	.LASF39
 429 01e2 04       		.byte	0x4
 430 01e3 F1       		.byte	0xf1
 431 01e4 8C000000 		.4byte	0x8c
 432 01e8 00       		.byte	0
 433 01e9 09       		.uleb128 0x9
 434 01ea 18040000 		.4byte	.LASF40
 435 01ee 04       		.byte	0x4
 436 01ef F2       		.byte	0xf2
 437 01f0 8C000000 		.4byte	0x8c
 438 01f4 01       		.byte	0x1
 439 01f5 09       		.uleb128 0x9
 440 01f6 E6000000 		.4byte	.LASF41
 441 01fa 04       		.byte	0x4
 442 01fb F4       		.byte	0xf4
 443 01fc 8C000000 		.4byte	0x8c
 444 0200 02       		.byte	0x2
 445 0201 09       		.uleb128 0x9
 446 0202 D5040000 		.4byte	.LASF42
 447 0206 04       		.byte	0x4
 448 0207 F5       		.byte	0xf5
 449 0208 8C000000 		.4byte	0x8c
 450 020c 03       		.byte	0x3
 451 020d 09       		.uleb128 0x9
 452 020e 43020000 		.4byte	.LASF43
 453 0212 04       		.byte	0x4
 454 0213 F6       		.byte	0xf6
 455 0214 8C000000 		.4byte	0x8c
 456 0218 04       		.byte	0x4
 457 0219 09       		.uleb128 0x9
 458 021a 8B000000 		.4byte	.LASF44
 459 021e 04       		.byte	0x4
 460 021f F7       		.byte	0xf7
ARM GAS  C:\Users\jesse\AppData\Local\Temp\cchLFffT.s 			page 13


 461 0220 8C000000 		.4byte	0x8c
 462 0224 05       		.byte	0x5
 463 0225 09       		.uleb128 0x9
 464 0226 79000000 		.4byte	.LASF45
 465 022a 04       		.byte	0x4
 466 022b FE       		.byte	0xfe
 467 022c 8C000000 		.4byte	0x8c
 468 0230 06       		.byte	0x6
 469 0231 07       		.uleb128 0x7
 470 0232 7E010000 		.4byte	.LASF46
 471 0236 04       		.byte	0x4
 472 0237 0201     		.2byte	0x102
 473 0239 8C000000 		.4byte	0x8c
 474 023d 07       		.byte	0x7
 475 023e 07       		.uleb128 0x7
 476 023f 02030000 		.4byte	.LASF47
 477 0243 04       		.byte	0x4
 478 0244 0501     		.2byte	0x105
 479 0246 A2000000 		.4byte	0xa2
 480 024a 08       		.byte	0x8
 481 024b 07       		.uleb128 0x7
 482 024c 1E000000 		.4byte	.LASF48
 483 0250 04       		.byte	0x4
 484 0251 0F01     		.2byte	0x10f
 485 0253 8C000000 		.4byte	0x8c
 486 0257 0C       		.byte	0xc
 487 0258 07       		.uleb128 0x7
 488 0259 ED020000 		.4byte	.LASF49
 489 025d 04       		.byte	0x4
 490 025e 1201     		.2byte	0x112
 491 0260 8C000000 		.4byte	0x8c
 492 0264 0D       		.byte	0xd
 493 0265 07       		.uleb128 0x7
 494 0266 AF010000 		.4byte	.LASF50
 495 026a 04       		.byte	0x4
 496 026b 1801     		.2byte	0x118
 497 026d 8C000000 		.4byte	0x8c
 498 0271 0E       		.byte	0xe
 499 0272 07       		.uleb128 0x7
 500 0273 C9000000 		.4byte	.LASF51
 501 0277 04       		.byte	0x4
 502 0278 1A01     		.2byte	0x11a
 503 027a 8C000000 		.4byte	0x8c
 504 027e 0F       		.byte	0xf
 505 027f 07       		.uleb128 0x7
 506 0280 6E000000 		.4byte	.LASF52
 507 0284 04       		.byte	0x4
 508 0285 1D01     		.2byte	0x11d
 509 0287 8C000000 		.4byte	0x8c
 510 028b 10       		.byte	0x10
 511 028c 07       		.uleb128 0x7
 512 028d CE010000 		.4byte	.LASF53
 513 0291 04       		.byte	0x4
 514 0292 1E01     		.2byte	0x11e
 515 0294 8C000000 		.4byte	0x8c
 516 0298 11       		.byte	0x11
 517 0299 07       		.uleb128 0x7
ARM GAS  C:\Users\jesse\AppData\Local\Temp\cchLFffT.s 			page 14


 518 029a 27010000 		.4byte	.LASF54
 519 029e 04       		.byte	0x4
 520 029f 2001     		.2byte	0x120
 521 02a1 8C000000 		.4byte	0x8c
 522 02a5 12       		.byte	0x12
 523 02a6 07       		.uleb128 0x7
 524 02a7 50040000 		.4byte	.LASF55
 525 02ab 04       		.byte	0x4
 526 02ac 2101     		.2byte	0x121
 527 02ae 8C000000 		.4byte	0x8c
 528 02b2 13       		.byte	0x13
 529 02b3 07       		.uleb128 0x7
 530 02b4 DB030000 		.4byte	.LASF56
 531 02b8 04       		.byte	0x4
 532 02b9 2901     		.2byte	0x129
 533 02bb 97000000 		.4byte	0x97
 534 02bf 14       		.byte	0x14
 535 02c0 07       		.uleb128 0x7
 536 02c1 B1030000 		.4byte	.LASF57
 537 02c5 04       		.byte	0x4
 538 02c6 2A01     		.2byte	0x12a
 539 02c8 97000000 		.4byte	0x97
 540 02cc 16       		.byte	0x16
 541 02cd 00       		.byte	0
 542 02ce 03       		.uleb128 0x3
 543 02cf C1040000 		.4byte	.LASF58
 544 02d3 04       		.byte	0x4
 545 02d4 D7       		.byte	0xd7
 546 02d5 D9020000 		.4byte	0x2d9
 547 02d9 0A       		.uleb128 0xa
 548 02da 04       		.byte	0x4
 549 02db DF020000 		.4byte	0x2df
 550 02df 0B       		.uleb128 0xb
 551 02e0 8C000000 		.4byte	0x8c
 552 02e4 FD020000 		.4byte	0x2fd
 553 02e8 0C       		.uleb128 0xc
 554 02e9 FD020000 		.4byte	0x2fd
 555 02ed 0C       		.uleb128 0xc
 556 02ee 8C000000 		.4byte	0x8c
 557 02f2 0C       		.uleb128 0xc
 558 02f3 8C000000 		.4byte	0x8c
 559 02f7 0C       		.uleb128 0xc
 560 02f8 AD000000 		.4byte	0xad
 561 02fc 00       		.byte	0
 562 02fd 0A       		.uleb128 0xa
 563 02fe 04       		.byte	0x4
 564 02ff B6000000 		.4byte	0xb6
 565 0303 03       		.uleb128 0x3
 566 0304 88030000 		.4byte	.LASF59
 567 0308 04       		.byte	0x4
 568 0309 D8       		.byte	0xd8
 569 030a 0E030000 		.4byte	0x30e
 570 030e 0A       		.uleb128 0xa
 571 030f 04       		.byte	0x4
 572 0310 14030000 		.4byte	0x314
 573 0314 0B       		.uleb128 0xb
 574 0315 97000000 		.4byte	0x97
ARM GAS  C:\Users\jesse\AppData\Local\Temp\cchLFffT.s 			page 15


 575 0319 28030000 		.4byte	0x328
 576 031d 0C       		.uleb128 0xc
 577 031e FD020000 		.4byte	0x2fd
 578 0322 0C       		.uleb128 0xc
 579 0323 8C000000 		.4byte	0x8c
 580 0327 00       		.byte	0
 581 0328 0A       		.uleb128 0xa
 582 0329 04       		.byte	0x4
 583 032a 2E030000 		.4byte	0x32e
 584 032e 0D       		.uleb128 0xd
 585 032f C6010000 		.4byte	0x1c6
 586 0333 0A       		.uleb128 0xa
 587 0334 04       		.byte	0x4
 588 0335 39030000 		.4byte	0x339
 589 0339 0D       		.uleb128 0xd
 590 033a 8C000000 		.4byte	0x8c
 591 033e 0E       		.uleb128 0xe
 592 033f 3C040000 		.4byte	.LASF61
 593 0343 01       		.byte	0x1
 594 0344 28       		.byte	0x28
 595 0345 8C000000 		.4byte	0x8c
 596 0349 01       		.byte	0x1
 597 034a 6E030000 		.4byte	0x36e
 598 034e 0F       		.uleb128 0xf
 599 034f FF000000 		.4byte	.LASF63
 600 0353 01       		.byte	0x1
 601 0354 28       		.byte	0x28
 602 0355 FD020000 		.4byte	0x2fd
 603 0359 10       		.uleb128 0x10
 604 035a 6900     		.ascii	"i\000"
 605 035c 01       		.byte	0x1
 606 035d 2A       		.byte	0x2a
 607 035e 8C000000 		.4byte	0x8c
 608 0362 11       		.uleb128 0x11
 609 0363 13010000 		.4byte	.LASF60
 610 0367 01       		.byte	0x1
 611 0368 2B       		.byte	0x2b
 612 0369 8C000000 		.4byte	0x8c
 613 036d 00       		.byte	0
 614 036e 0E       		.uleb128 0xe
 615 036f B4000000 		.4byte	.LASF62
 616 0373 01       		.byte	0x1
 617 0374 3F       		.byte	0x3f
 618 0375 8C000000 		.4byte	0x8c
 619 0379 01       		.byte	0x1
 620 037a A5030000 		.4byte	0x3a5
 621 037e 12       		.uleb128 0x12
 622 037f 6100     		.ascii	"a\000"
 623 0381 01       		.byte	0x1
 624 0382 3F       		.byte	0x3f
 625 0383 8C000000 		.4byte	0x8c
 626 0387 12       		.uleb128 0x12
 627 0388 6200     		.ascii	"b\000"
 628 038a 01       		.byte	0x1
 629 038b 3F       		.byte	0x3f
 630 038c 8C000000 		.4byte	0x8c
 631 0390 11       		.uleb128 0x11
ARM GAS  C:\Users\jesse\AppData\Local\Temp\cchLFffT.s 			page 16


 632 0391 2B040000 		.4byte	.LASF64
 633 0395 01       		.byte	0x1
 634 0396 41       		.byte	0x41
 635 0397 8C000000 		.4byte	0x8c
 636 039b 10       		.uleb128 0x10
 637 039c 6900     		.ascii	"i\000"
 638 039e 01       		.byte	0x1
 639 039f 42       		.byte	0x42
 640 03a0 8C000000 		.4byte	0x8c
 641 03a4 00       		.byte	0
 642 03a5 13       		.uleb128 0x13
 643 03a6 C9030000 		.4byte	.LASF69
 644 03aa 01       		.byte	0x1
 645 03ab 8E       		.byte	0x8e
 646 03ac 8C000000 		.4byte	0x8c
 647 03b0 00000000 		.4byte	.LFB2
 648 03b4 B8000000 		.4byte	.LFE2-.LFB2
 649 03b8 01       		.uleb128 0x1
 650 03b9 9C       		.byte	0x9c
 651 03ba 78040000 		.4byte	0x478
 652 03be 14       		.uleb128 0x14
 653 03bf FF000000 		.4byte	.LASF63
 654 03c3 01       		.byte	0x1
 655 03c4 8E       		.byte	0x8e
 656 03c5 FD020000 		.4byte	0x2fd
 657 03c9 00000000 		.4byte	.LLST0
 658 03cd 15       		.uleb128 0x15
 659 03ce 13010000 		.4byte	.LASF60
 660 03d2 01       		.byte	0x1
 661 03d3 90       		.byte	0x90
 662 03d4 8C000000 		.4byte	0x8c
 663 03d8 01       		.uleb128 0x1
 664 03d9 55       		.byte	0x55
 665 03da 16       		.uleb128 0x16
 666 03db BE030000 		.4byte	.LASF65
 667 03df 01       		.byte	0x1
 668 03e0 91       		.byte	0x91
 669 03e1 8C000000 		.4byte	0x8c
 670 03e5 1E000000 		.4byte	.LLST1
 671 03e9 17       		.uleb128 0x17
 672 03ea 3E030000 		.4byte	0x33e
 673 03ee 06000000 		.4byte	.LBB6
 674 03f2 28000000 		.4byte	.LBE6-.LBB6
 675 03f6 01       		.byte	0x1
 676 03f7 93       		.byte	0x93
 677 03f8 3D040000 		.4byte	0x43d
 678 03fc 18       		.uleb128 0x18
 679 03fd 4E030000 		.4byte	0x34e
 680 0401 54000000 		.4byte	.LLST2
 681 0405 19       		.uleb128 0x19
 682 0406 06000000 		.4byte	.LBB7
 683 040a 28000000 		.4byte	.LBE7-.LBB7
 684 040e 1A       		.uleb128 0x1a
 685 040f 59030000 		.4byte	0x359
 686 0413 72000000 		.4byte	.LLST3
 687 0417 1A       		.uleb128 0x1a
 688 0418 62030000 		.4byte	0x362
ARM GAS  C:\Users\jesse\AppData\Local\Temp\cchLFffT.s 			page 17


 689 041c 94000000 		.4byte	.LLST4
 690 0420 1B       		.uleb128 0x1b
 691 0421 18000000 		.4byte	.LVL3
 692 0425 78040000 		.4byte	0x478
 693 0429 1C       		.uleb128 0x1c
 694 042a 01       		.uleb128 0x1
 695 042b 50       		.byte	0x50
 696 042c 02       		.uleb128 0x2
 697 042d 74       		.byte	0x74
 698 042e 00       		.sleb128 0
 699 042f 1C       		.uleb128 0x1c
 700 0430 01       		.uleb128 0x1
 701 0431 51       		.byte	0x51
 702 0432 02       		.uleb128 0x2
 703 0433 76       		.byte	0x76
 704 0434 00       		.sleb128 0
 705 0435 1C       		.uleb128 0x1c
 706 0436 01       		.uleb128 0x1
 707 0437 52       		.byte	0x52
 708 0438 01       		.uleb128 0x1
 709 0439 30       		.byte	0x30
 710 043a 00       		.byte	0
 711 043b 00       		.byte	0
 712 043c 00       		.byte	0
 713 043d 1D       		.uleb128 0x1d
 714 043e 6E030000 		.4byte	0x36e
 715 0442 90000000 		.4byte	.LBB8
 716 0446 18000000 		.4byte	.LBE8-.LBB8
 717 044a 01       		.byte	0x1
 718 044b BE       		.byte	0xbe
 719 044c 18       		.uleb128 0x18
 720 044d 87030000 		.4byte	0x387
 721 0451 C3000000 		.4byte	.LLST5
 722 0455 1E       		.uleb128 0x1e
 723 0456 7E030000 		.4byte	0x37e
 724 045a 19       		.uleb128 0x19
 725 045b 90000000 		.4byte	.LBB9
 726 045f 18000000 		.4byte	.LBE9-.LBB9
 727 0463 1A       		.uleb128 0x1a
 728 0464 90030000 		.4byte	0x390
 729 0468 D6000000 		.4byte	.LLST6
 730 046c 1A       		.uleb128 0x1a
 731 046d 9B030000 		.4byte	0x39b
 732 0471 00010000 		.4byte	.LLST7
 733 0475 00       		.byte	0
 734 0476 00       		.byte	0
 735 0477 00       		.byte	0
 736 0478 1F       		.uleb128 0x1f
 737 0479 04010000 		.4byte	.LASF70
 738 047d 04010000 		.4byte	.LASF70
 739 0481 04       		.byte	0x4
 740 0482 1003     		.2byte	0x310
 741 0484 00       		.byte	0
 742              		.section	.debug_abbrev,"",%progbits
 743              	.Ldebug_abbrev0:
 744 0000 01       		.uleb128 0x1
 745 0001 11       		.uleb128 0x11
ARM GAS  C:\Users\jesse\AppData\Local\Temp\cchLFffT.s 			page 18


 746 0002 01       		.byte	0x1
 747 0003 25       		.uleb128 0x25
 748 0004 0E       		.uleb128 0xe
 749 0005 13       		.uleb128 0x13
 750 0006 0B       		.uleb128 0xb
 751 0007 03       		.uleb128 0x3
 752 0008 0E       		.uleb128 0xe
 753 0009 1B       		.uleb128 0x1b
 754 000a 0E       		.uleb128 0xe
 755 000b 55       		.uleb128 0x55
 756 000c 17       		.uleb128 0x17
 757 000d 11       		.uleb128 0x11
 758 000e 01       		.uleb128 0x1
 759 000f 10       		.uleb128 0x10
 760 0010 17       		.uleb128 0x17
 761 0011 00       		.byte	0
 762 0012 00       		.byte	0
 763 0013 02       		.uleb128 0x2
 764 0014 24       		.uleb128 0x24
 765 0015 00       		.byte	0
 766 0016 0B       		.uleb128 0xb
 767 0017 0B       		.uleb128 0xb
 768 0018 3E       		.uleb128 0x3e
 769 0019 0B       		.uleb128 0xb
 770 001a 03       		.uleb128 0x3
 771 001b 0E       		.uleb128 0xe
 772 001c 00       		.byte	0
 773 001d 00       		.byte	0
 774 001e 03       		.uleb128 0x3
 775 001f 16       		.uleb128 0x16
 776 0020 00       		.byte	0
 777 0021 03       		.uleb128 0x3
 778 0022 0E       		.uleb128 0xe
 779 0023 3A       		.uleb128 0x3a
 780 0024 0B       		.uleb128 0xb
 781 0025 3B       		.uleb128 0x3b
 782 0026 0B       		.uleb128 0xb
 783 0027 49       		.uleb128 0x49
 784 0028 13       		.uleb128 0x13
 785 0029 00       		.byte	0
 786 002a 00       		.byte	0
 787 002b 04       		.uleb128 0x4
 788 002c 24       		.uleb128 0x24
 789 002d 00       		.byte	0
 790 002e 0B       		.uleb128 0xb
 791 002f 0B       		.uleb128 0xb
 792 0030 3E       		.uleb128 0x3e
 793 0031 0B       		.uleb128 0xb
 794 0032 03       		.uleb128 0x3
 795 0033 08       		.uleb128 0x8
 796 0034 00       		.byte	0
 797 0035 00       		.byte	0
 798 0036 05       		.uleb128 0x5
 799 0037 0F       		.uleb128 0xf
 800 0038 00       		.byte	0
 801 0039 0B       		.uleb128 0xb
 802 003a 0B       		.uleb128 0xb
ARM GAS  C:\Users\jesse\AppData\Local\Temp\cchLFffT.s 			page 19


 803 003b 00       		.byte	0
 804 003c 00       		.byte	0
 805 003d 06       		.uleb128 0x6
 806 003e 13       		.uleb128 0x13
 807 003f 01       		.byte	0x1
 808 0040 03       		.uleb128 0x3
 809 0041 0E       		.uleb128 0xe
 810 0042 0B       		.uleb128 0xb
 811 0043 0B       		.uleb128 0xb
 812 0044 3A       		.uleb128 0x3a
 813 0045 0B       		.uleb128 0xb
 814 0046 3B       		.uleb128 0x3b
 815 0047 05       		.uleb128 0x5
 816 0048 01       		.uleb128 0x1
 817 0049 13       		.uleb128 0x13
 818 004a 00       		.byte	0
 819 004b 00       		.byte	0
 820 004c 07       		.uleb128 0x7
 821 004d 0D       		.uleb128 0xd
 822 004e 00       		.byte	0
 823 004f 03       		.uleb128 0x3
 824 0050 0E       		.uleb128 0xe
 825 0051 3A       		.uleb128 0x3a
 826 0052 0B       		.uleb128 0xb
 827 0053 3B       		.uleb128 0x3b
 828 0054 05       		.uleb128 0x5
 829 0055 49       		.uleb128 0x49
 830 0056 13       		.uleb128 0x13
 831 0057 38       		.uleb128 0x38
 832 0058 0B       		.uleb128 0xb
 833 0059 00       		.byte	0
 834 005a 00       		.byte	0
 835 005b 08       		.uleb128 0x8
 836 005c 13       		.uleb128 0x13
 837 005d 01       		.byte	0x1
 838 005e 03       		.uleb128 0x3
 839 005f 0E       		.uleb128 0xe
 840 0060 0B       		.uleb128 0xb
 841 0061 0B       		.uleb128 0xb
 842 0062 3A       		.uleb128 0x3a
 843 0063 0B       		.uleb128 0xb
 844 0064 3B       		.uleb128 0x3b
 845 0065 0B       		.uleb128 0xb
 846 0066 01       		.uleb128 0x1
 847 0067 13       		.uleb128 0x13
 848 0068 00       		.byte	0
 849 0069 00       		.byte	0
 850 006a 09       		.uleb128 0x9
 851 006b 0D       		.uleb128 0xd
 852 006c 00       		.byte	0
 853 006d 03       		.uleb128 0x3
 854 006e 0E       		.uleb128 0xe
 855 006f 3A       		.uleb128 0x3a
 856 0070 0B       		.uleb128 0xb
 857 0071 3B       		.uleb128 0x3b
 858 0072 0B       		.uleb128 0xb
 859 0073 49       		.uleb128 0x49
ARM GAS  C:\Users\jesse\AppData\Local\Temp\cchLFffT.s 			page 20


 860 0074 13       		.uleb128 0x13
 861 0075 38       		.uleb128 0x38
 862 0076 0B       		.uleb128 0xb
 863 0077 00       		.byte	0
 864 0078 00       		.byte	0
 865 0079 0A       		.uleb128 0xa
 866 007a 0F       		.uleb128 0xf
 867 007b 00       		.byte	0
 868 007c 0B       		.uleb128 0xb
 869 007d 0B       		.uleb128 0xb
 870 007e 49       		.uleb128 0x49
 871 007f 13       		.uleb128 0x13
 872 0080 00       		.byte	0
 873 0081 00       		.byte	0
 874 0082 0B       		.uleb128 0xb
 875 0083 15       		.uleb128 0x15
 876 0084 01       		.byte	0x1
 877 0085 27       		.uleb128 0x27
 878 0086 19       		.uleb128 0x19
 879 0087 49       		.uleb128 0x49
 880 0088 13       		.uleb128 0x13
 881 0089 01       		.uleb128 0x1
 882 008a 13       		.uleb128 0x13
 883 008b 00       		.byte	0
 884 008c 00       		.byte	0
 885 008d 0C       		.uleb128 0xc
 886 008e 05       		.uleb128 0x5
 887 008f 00       		.byte	0
 888 0090 49       		.uleb128 0x49
 889 0091 13       		.uleb128 0x13
 890 0092 00       		.byte	0
 891 0093 00       		.byte	0
 892 0094 0D       		.uleb128 0xd
 893 0095 26       		.uleb128 0x26
 894 0096 00       		.byte	0
 895 0097 49       		.uleb128 0x49
 896 0098 13       		.uleb128 0x13
 897 0099 00       		.byte	0
 898 009a 00       		.byte	0
 899 009b 0E       		.uleb128 0xe
 900 009c 2E       		.uleb128 0x2e
 901 009d 01       		.byte	0x1
 902 009e 03       		.uleb128 0x3
 903 009f 0E       		.uleb128 0xe
 904 00a0 3A       		.uleb128 0x3a
 905 00a1 0B       		.uleb128 0xb
 906 00a2 3B       		.uleb128 0x3b
 907 00a3 0B       		.uleb128 0xb
 908 00a4 27       		.uleb128 0x27
 909 00a5 19       		.uleb128 0x19
 910 00a6 49       		.uleb128 0x49
 911 00a7 13       		.uleb128 0x13
 912 00a8 20       		.uleb128 0x20
 913 00a9 0B       		.uleb128 0xb
 914 00aa 01       		.uleb128 0x1
 915 00ab 13       		.uleb128 0x13
 916 00ac 00       		.byte	0
ARM GAS  C:\Users\jesse\AppData\Local\Temp\cchLFffT.s 			page 21


 917 00ad 00       		.byte	0
 918 00ae 0F       		.uleb128 0xf
 919 00af 05       		.uleb128 0x5
 920 00b0 00       		.byte	0
 921 00b1 03       		.uleb128 0x3
 922 00b2 0E       		.uleb128 0xe
 923 00b3 3A       		.uleb128 0x3a
 924 00b4 0B       		.uleb128 0xb
 925 00b5 3B       		.uleb128 0x3b
 926 00b6 0B       		.uleb128 0xb
 927 00b7 49       		.uleb128 0x49
 928 00b8 13       		.uleb128 0x13
 929 00b9 00       		.byte	0
 930 00ba 00       		.byte	0
 931 00bb 10       		.uleb128 0x10
 932 00bc 34       		.uleb128 0x34
 933 00bd 00       		.byte	0
 934 00be 03       		.uleb128 0x3
 935 00bf 08       		.uleb128 0x8
 936 00c0 3A       		.uleb128 0x3a
 937 00c1 0B       		.uleb128 0xb
 938 00c2 3B       		.uleb128 0x3b
 939 00c3 0B       		.uleb128 0xb
 940 00c4 49       		.uleb128 0x49
 941 00c5 13       		.uleb128 0x13
 942 00c6 00       		.byte	0
 943 00c7 00       		.byte	0
 944 00c8 11       		.uleb128 0x11
 945 00c9 34       		.uleb128 0x34
 946 00ca 00       		.byte	0
 947 00cb 03       		.uleb128 0x3
 948 00cc 0E       		.uleb128 0xe
 949 00cd 3A       		.uleb128 0x3a
 950 00ce 0B       		.uleb128 0xb
 951 00cf 3B       		.uleb128 0x3b
 952 00d0 0B       		.uleb128 0xb
 953 00d1 49       		.uleb128 0x49
 954 00d2 13       		.uleb128 0x13
 955 00d3 00       		.byte	0
 956 00d4 00       		.byte	0
 957 00d5 12       		.uleb128 0x12
 958 00d6 05       		.uleb128 0x5
 959 00d7 00       		.byte	0
 960 00d8 03       		.uleb128 0x3
 961 00d9 08       		.uleb128 0x8
 962 00da 3A       		.uleb128 0x3a
 963 00db 0B       		.uleb128 0xb
 964 00dc 3B       		.uleb128 0x3b
 965 00dd 0B       		.uleb128 0xb
 966 00de 49       		.uleb128 0x49
 967 00df 13       		.uleb128 0x13
 968 00e0 00       		.byte	0
 969 00e1 00       		.byte	0
 970 00e2 13       		.uleb128 0x13
 971 00e3 2E       		.uleb128 0x2e
 972 00e4 01       		.byte	0x1
 973 00e5 3F       		.uleb128 0x3f
ARM GAS  C:\Users\jesse\AppData\Local\Temp\cchLFffT.s 			page 22


 974 00e6 19       		.uleb128 0x19
 975 00e7 03       		.uleb128 0x3
 976 00e8 0E       		.uleb128 0xe
 977 00e9 3A       		.uleb128 0x3a
 978 00ea 0B       		.uleb128 0xb
 979 00eb 3B       		.uleb128 0x3b
 980 00ec 0B       		.uleb128 0xb
 981 00ed 27       		.uleb128 0x27
 982 00ee 19       		.uleb128 0x19
 983 00ef 49       		.uleb128 0x49
 984 00f0 13       		.uleb128 0x13
 985 00f1 11       		.uleb128 0x11
 986 00f2 01       		.uleb128 0x1
 987 00f3 12       		.uleb128 0x12
 988 00f4 06       		.uleb128 0x6
 989 00f5 40       		.uleb128 0x40
 990 00f6 18       		.uleb128 0x18
 991 00f7 9742     		.uleb128 0x2117
 992 00f9 19       		.uleb128 0x19
 993 00fa 01       		.uleb128 0x1
 994 00fb 13       		.uleb128 0x13
 995 00fc 00       		.byte	0
 996 00fd 00       		.byte	0
 997 00fe 14       		.uleb128 0x14
 998 00ff 05       		.uleb128 0x5
 999 0100 00       		.byte	0
 1000 0101 03       		.uleb128 0x3
 1001 0102 0E       		.uleb128 0xe
 1002 0103 3A       		.uleb128 0x3a
 1003 0104 0B       		.uleb128 0xb
 1004 0105 3B       		.uleb128 0x3b
 1005 0106 0B       		.uleb128 0xb
 1006 0107 49       		.uleb128 0x49
 1007 0108 13       		.uleb128 0x13
 1008 0109 02       		.uleb128 0x2
 1009 010a 17       		.uleb128 0x17
 1010 010b 00       		.byte	0
 1011 010c 00       		.byte	0
 1012 010d 15       		.uleb128 0x15
 1013 010e 34       		.uleb128 0x34
 1014 010f 00       		.byte	0
 1015 0110 03       		.uleb128 0x3
 1016 0111 0E       		.uleb128 0xe
 1017 0112 3A       		.uleb128 0x3a
 1018 0113 0B       		.uleb128 0xb
 1019 0114 3B       		.uleb128 0x3b
 1020 0115 0B       		.uleb128 0xb
 1021 0116 49       		.uleb128 0x49
 1022 0117 13       		.uleb128 0x13
 1023 0118 02       		.uleb128 0x2
 1024 0119 18       		.uleb128 0x18
 1025 011a 00       		.byte	0
 1026 011b 00       		.byte	0
 1027 011c 16       		.uleb128 0x16
 1028 011d 34       		.uleb128 0x34
 1029 011e 00       		.byte	0
 1030 011f 03       		.uleb128 0x3
ARM GAS  C:\Users\jesse\AppData\Local\Temp\cchLFffT.s 			page 23


 1031 0120 0E       		.uleb128 0xe
 1032 0121 3A       		.uleb128 0x3a
 1033 0122 0B       		.uleb128 0xb
 1034 0123 3B       		.uleb128 0x3b
 1035 0124 0B       		.uleb128 0xb
 1036 0125 49       		.uleb128 0x49
 1037 0126 13       		.uleb128 0x13
 1038 0127 02       		.uleb128 0x2
 1039 0128 17       		.uleb128 0x17
 1040 0129 00       		.byte	0
 1041 012a 00       		.byte	0
 1042 012b 17       		.uleb128 0x17
 1043 012c 1D       		.uleb128 0x1d
 1044 012d 01       		.byte	0x1
 1045 012e 31       		.uleb128 0x31
 1046 012f 13       		.uleb128 0x13
 1047 0130 11       		.uleb128 0x11
 1048 0131 01       		.uleb128 0x1
 1049 0132 12       		.uleb128 0x12
 1050 0133 06       		.uleb128 0x6
 1051 0134 58       		.uleb128 0x58
 1052 0135 0B       		.uleb128 0xb
 1053 0136 59       		.uleb128 0x59
 1054 0137 0B       		.uleb128 0xb
 1055 0138 01       		.uleb128 0x1
 1056 0139 13       		.uleb128 0x13
 1057 013a 00       		.byte	0
 1058 013b 00       		.byte	0
 1059 013c 18       		.uleb128 0x18
 1060 013d 05       		.uleb128 0x5
 1061 013e 00       		.byte	0
 1062 013f 31       		.uleb128 0x31
 1063 0140 13       		.uleb128 0x13
 1064 0141 02       		.uleb128 0x2
 1065 0142 17       		.uleb128 0x17
 1066 0143 00       		.byte	0
 1067 0144 00       		.byte	0
 1068 0145 19       		.uleb128 0x19
 1069 0146 0B       		.uleb128 0xb
 1070 0147 01       		.byte	0x1
 1071 0148 11       		.uleb128 0x11
 1072 0149 01       		.uleb128 0x1
 1073 014a 12       		.uleb128 0x12
 1074 014b 06       		.uleb128 0x6
 1075 014c 00       		.byte	0
 1076 014d 00       		.byte	0
 1077 014e 1A       		.uleb128 0x1a
 1078 014f 34       		.uleb128 0x34
 1079 0150 00       		.byte	0
 1080 0151 31       		.uleb128 0x31
 1081 0152 13       		.uleb128 0x13
 1082 0153 02       		.uleb128 0x2
 1083 0154 17       		.uleb128 0x17
 1084 0155 00       		.byte	0
 1085 0156 00       		.byte	0
 1086 0157 1B       		.uleb128 0x1b
 1087 0158 898201   		.uleb128 0x4109
ARM GAS  C:\Users\jesse\AppData\Local\Temp\cchLFffT.s 			page 24


 1088 015b 01       		.byte	0x1
 1089 015c 11       		.uleb128 0x11
 1090 015d 01       		.uleb128 0x1
 1091 015e 31       		.uleb128 0x31
 1092 015f 13       		.uleb128 0x13
 1093 0160 00       		.byte	0
 1094 0161 00       		.byte	0
 1095 0162 1C       		.uleb128 0x1c
 1096 0163 8A8201   		.uleb128 0x410a
 1097 0166 00       		.byte	0
 1098 0167 02       		.uleb128 0x2
 1099 0168 18       		.uleb128 0x18
 1100 0169 9142     		.uleb128 0x2111
 1101 016b 18       		.uleb128 0x18
 1102 016c 00       		.byte	0
 1103 016d 00       		.byte	0
 1104 016e 1D       		.uleb128 0x1d
 1105 016f 1D       		.uleb128 0x1d
 1106 0170 01       		.byte	0x1
 1107 0171 31       		.uleb128 0x31
 1108 0172 13       		.uleb128 0x13
 1109 0173 11       		.uleb128 0x11
 1110 0174 01       		.uleb128 0x1
 1111 0175 12       		.uleb128 0x12
 1112 0176 06       		.uleb128 0x6
 1113 0177 58       		.uleb128 0x58
 1114 0178 0B       		.uleb128 0xb
 1115 0179 59       		.uleb128 0x59
 1116 017a 0B       		.uleb128 0xb
 1117 017b 00       		.byte	0
 1118 017c 00       		.byte	0
 1119 017d 1E       		.uleb128 0x1e
 1120 017e 05       		.uleb128 0x5
 1121 017f 00       		.byte	0
 1122 0180 31       		.uleb128 0x31
 1123 0181 13       		.uleb128 0x13
 1124 0182 00       		.byte	0
 1125 0183 00       		.byte	0
 1126 0184 1F       		.uleb128 0x1f
 1127 0185 2E       		.uleb128 0x2e
 1128 0186 00       		.byte	0
 1129 0187 3F       		.uleb128 0x3f
 1130 0188 19       		.uleb128 0x19
 1131 0189 3C       		.uleb128 0x3c
 1132 018a 19       		.uleb128 0x19
 1133 018b 6E       		.uleb128 0x6e
 1134 018c 0E       		.uleb128 0xe
 1135 018d 03       		.uleb128 0x3
 1136 018e 0E       		.uleb128 0xe
 1137 018f 3A       		.uleb128 0x3a
 1138 0190 0B       		.uleb128 0xb
 1139 0191 3B       		.uleb128 0x3b
 1140 0192 05       		.uleb128 0x5
 1141 0193 00       		.byte	0
 1142 0194 00       		.byte	0
 1143 0195 00       		.byte	0
 1144              		.section	.debug_loc,"",%progbits
ARM GAS  C:\Users\jesse\AppData\Local\Temp\cchLFffT.s 			page 25


 1145              	.Ldebug_loc0:
 1146              	.LLST0:
 1147 0000 00000000 		.4byte	.LVL0
 1148 0004 0A000000 		.4byte	.LVL2
 1149 0008 0100     		.2byte	0x1
 1150 000a 50       		.byte	0x50
 1151 000b 0A000000 		.4byte	.LVL2
 1152 000f B8000000 		.4byte	.LFE2
 1153 0013 0100     		.2byte	0x1
 1154 0015 54       		.byte	0x54
 1155 0016 00000000 		.4byte	0
 1156 001a 00000000 		.4byte	0
 1157              	.LLST1:
 1158 001e 00000000 		.4byte	.LVL0
 1159 0022 AC000000 		.4byte	.LVL17
 1160 0026 0200     		.2byte	0x2
 1161 0028 30       		.byte	0x30
 1162 0029 9F       		.byte	0x9f
 1163 002a AC000000 		.4byte	.LVL17
 1164 002e AE000000 		.4byte	.LVL18
 1165 0032 0100     		.2byte	0x1
 1166 0034 50       		.byte	0x50
 1167 0035 AE000000 		.4byte	.LVL18
 1168 0039 B6000000 		.4byte	.LVL19
 1169 003d 0200     		.2byte	0x2
 1170 003f 30       		.byte	0x30
 1171 0040 9F       		.byte	0x9f
 1172 0041 B6000000 		.4byte	.LVL19
 1173 0045 B8000000 		.4byte	.LFE2
 1174 0049 0100     		.2byte	0x1
 1175 004b 50       		.byte	0x50
 1176 004c 00000000 		.4byte	0
 1177 0050 00000000 		.4byte	0
 1178              	.LLST2:
 1179 0054 04000000 		.4byte	.LVL1
 1180 0058 0A000000 		.4byte	.LVL2
 1181 005c 0100     		.2byte	0x1
 1182 005e 50       		.byte	0x50
 1183 005f 0A000000 		.4byte	.LVL2
 1184 0063 2E000000 		.4byte	.LVL7
 1185 0067 0100     		.2byte	0x1
 1186 0069 54       		.byte	0x54
 1187 006a 00000000 		.4byte	0
 1188 006e 00000000 		.4byte	0
 1189              	.LLST3:
 1190 0072 04000000 		.4byte	.LVL1
 1191 0076 0A000000 		.4byte	.LVL2
 1192 007a 0200     		.2byte	0x2
 1193 007c 30       		.byte	0x30
 1194 007d 9F       		.byte	0x9f
 1195 007e 0A000000 		.4byte	.LVL2
 1196 0082 1E000000 		.4byte	.LVL4
 1197 0086 0400     		.2byte	0x4
 1198 0088 76       		.byte	0x76
 1199 0089 B07F     		.sleb128 -80
 1200 008b 9F       		.byte	0x9f
 1201 008c 00000000 		.4byte	0
ARM GAS  C:\Users\jesse\AppData\Local\Temp\cchLFffT.s 			page 26


 1202 0090 00000000 		.4byte	0
 1203              	.LLST4:
 1204 0094 04000000 		.4byte	.LVL1
 1205 0098 0A000000 		.4byte	.LVL2
 1206 009c 0300     		.2byte	0x3
 1207 009e 09       		.byte	0x9
 1208 009f FF       		.byte	0xff
 1209 00a0 9F       		.byte	0x9f
 1210 00a1 0A000000 		.4byte	.LVL2
 1211 00a5 28000000 		.4byte	.LVL5
 1212 00a9 0500     		.2byte	0x5
 1213 00ab 75       		.byte	0x75
 1214 00ac 00       		.sleb128 0
 1215 00ad 31       		.byte	0x31
 1216 00ae 24       		.byte	0x24
 1217 00af 9F       		.byte	0x9f
 1218 00b0 2C000000 		.4byte	.LVL6
 1219 00b4 2E000000 		.4byte	.LVL7
 1220 00b8 0100     		.2byte	0x1
 1221 00ba 55       		.byte	0x55
 1222 00bb 00000000 		.4byte	0
 1223 00bf 00000000 		.4byte	0
 1224              	.LLST5:
 1225 00c3 8C000000 		.4byte	.LVL10
 1226 00c7 A8000000 		.4byte	.LVL16
 1227 00cb 0100     		.2byte	0x1
 1228 00cd 52       		.byte	0x52
 1229 00ce 00000000 		.4byte	0
 1230 00d2 00000000 		.4byte	0
 1231              	.LLST6:
 1232 00d6 8C000000 		.4byte	.LVL10
 1233 00da 96000000 		.4byte	.LVL11
 1234 00de 0200     		.2byte	0x2
 1235 00e0 31       		.byte	0x31
 1236 00e1 9F       		.byte	0x9f
 1237 00e2 96000000 		.4byte	.LVL11
 1238 00e6 A0000000 		.4byte	.LVL14
 1239 00ea 0100     		.2byte	0x1
 1240 00ec 53       		.byte	0x53
 1241 00ed A2000000 		.4byte	.LVL15
 1242 00f1 A8000000 		.4byte	.LVL16
 1243 00f5 0100     		.2byte	0x1
 1244 00f7 53       		.byte	0x53
 1245 00f8 00000000 		.4byte	0
 1246 00fc 00000000 		.4byte	0
 1247              	.LLST7:
 1248 0100 8C000000 		.4byte	.LVL10
 1249 0104 96000000 		.4byte	.LVL11
 1250 0108 0200     		.2byte	0x2
 1251 010a 36       		.byte	0x36
 1252 010b 9F       		.byte	0x9f
 1253 010c 96000000 		.4byte	.LVL11
 1254 0110 98000000 		.4byte	.LVL12
 1255 0114 0100     		.2byte	0x1
 1256 0116 50       		.byte	0x50
 1257 0117 9C000000 		.4byte	.LVL13
 1258 011b A8000000 		.4byte	.LVL16
ARM GAS  C:\Users\jesse\AppData\Local\Temp\cchLFffT.s 			page 27


 1259 011f 0100     		.2byte	0x1
 1260 0121 50       		.byte	0x50
 1261 0122 00000000 		.4byte	0
 1262 0126 00000000 		.4byte	0
 1263              		.section	.debug_aranges,"",%progbits
 1264 0000 1C000000 		.4byte	0x1c
 1265 0004 0200     		.2byte	0x2
 1266 0006 00000000 		.4byte	.Ldebug_info0
 1267 000a 04       		.byte	0x4
 1268 000b 00       		.byte	0
 1269 000c 0000     		.2byte	0
 1270 000e 0000     		.2byte	0
 1271 0010 00000000 		.4byte	.LFB2
 1272 0014 B8000000 		.4byte	.LFE2-.LFB2
 1273 0018 00000000 		.4byte	0
 1274 001c 00000000 		.4byte	0
 1275              		.section	.debug_ranges,"",%progbits
 1276              	.Ldebug_ranges0:
 1277 0000 00000000 		.4byte	.LFB2
 1278 0004 B8000000 		.4byte	.LFE2
 1279 0008 00000000 		.4byte	0
 1280 000c 00000000 		.4byte	0
 1281              		.section	.debug_line,"",%progbits
 1282              	.Ldebug_line0:
 1283 0000 95010000 		.section	.debug_str,"MS",%progbits,1
 1283      02004501 
 1283      00000201 
 1283      FB0E0D00 
 1283      01010101 
 1284              	.LASF26:
 1285 0000 785F6F66 		.ascii	"x_offset\000"
 1285      66736574 
 1285      00
 1286              	.LASF27:
 1287 0009 69735F66 		.ascii	"is_font_inverse_mode\000"
 1287      6F6E745F 
 1287      696E7665 
 1287      7273655F 
 1287      6D6F6465 
 1288              	.LASF48:
 1289 001e 7370695F 		.ascii	"spi_mode\000"
 1289      6D6F6465 
 1289      00
 1290              	.LASF39:
 1291 0027 63686970 		.ascii	"chip_enable_level\000"
 1291      5F656E61 
 1291      626C655F 
 1291      6C657665 
 1291      6C00
 1292              	.LASF24:
 1293 0039 666F6E74 		.ascii	"font\000"
 1293      00
 1294              	.LASF35:
 1295 003e 6465626F 		.ascii	"debounce_result_msg\000"
 1295      756E6365 
 1295      5F726573 
 1295      756C745F 
ARM GAS  C:\Users\jesse\AppData\Local\Temp\cchLFffT.s 			page 28


 1295      6D736700 
 1296              	.LASF2:
 1297 0052 73686F72 		.ascii	"short int\000"
 1297      7420696E 
 1297      7400
 1298              	.LASF22:
 1299 005c 6770696F 		.ascii	"gpio_and_delay_cb\000"
 1299      5F616E64 
 1299      5F64656C 
 1299      61795F63 
 1299      6200
 1300              	.LASF52:
 1301 006e 74696C65 		.ascii	"tile_width\000"
 1301      5F776964 
 1301      746800
 1302              	.LASF45:
 1303 0079 7364615F 		.ascii	"sda_setup_time_ns\000"
 1303      73657475 
 1303      705F7469 
 1303      6D655F6E 
 1303      7300
 1304              	.LASF44:
 1305 008b 706F7374 		.ascii	"post_reset_wait_ms\000"
 1305      5F726573 
 1305      65745F77 
 1305      6169745F 
 1305      6D7300
 1306              	.LASF7:
 1307 009e 5F5F7569 		.ascii	"__uint32_t\000"
 1307      6E743332 
 1307      5F7400
 1308              	.LASF4:
 1309 00a9 5F5F7569 		.ascii	"__uint16_t\000"
 1309      6E743136 
 1309      5F7400
 1310              	.LASF62:
 1311 00b4 75387838 		.ascii	"u8x8_find_first_diff\000"
 1311      5F66696E 
 1311      645F6669 
 1311      7273745F 
 1311      64696666 
 1312              	.LASF51:
 1313 00c9 77726974 		.ascii	"write_pulse_width_ns\000"
 1313      655F7075 
 1313      6C73655F 
 1313      77696474 
 1313      685F6E73 
 1314              	.LASF12:
 1315 00de 75696E74 		.ascii	"uint8_t\000"
 1315      385F7400 
 1316              	.LASF41:
 1317 00e6 706F7374 		.ascii	"post_chip_enable_wait_ns\000"
 1317      5F636869 
 1317      705F656E 
 1317      61626C65 
 1317      5F776169 
 1318              	.LASF63:
ARM GAS  C:\Users\jesse\AppData\Local\Temp\cchLFffT.s 			page 29


 1319 00ff 75387838 		.ascii	"u8x8\000"
 1319      00
 1320              	.LASF70:
 1321 0104 75387838 		.ascii	"u8x8_gpio_call\000"
 1321      5F677069 
 1321      6F5F6361 
 1321      6C6C00
 1322              	.LASF60:
 1323 0113 70696E5F 		.ascii	"pin_state\000"
 1323      73746174 
 1323      6500
 1324              	.LASF23:
 1325 011d 6275735F 		.ascii	"bus_clock\000"
 1325      636C6F63 
 1325      6B00
 1326              	.LASF54:
 1327 0127 64656661 		.ascii	"default_x_offset\000"
 1327      756C745F 
 1327      785F6F66 
 1327      66736574 
 1327      00
 1328              	.LASF36:
 1329 0138 75387838 		.ascii	"u8x8_display_info_t\000"
 1329      5F646973 
 1329      706C6179 
 1329      5F696E66 
 1329      6F5F7400 
 1330              	.LASF33:
 1331 014c 6465626F 		.ascii	"debounce_last_pin_state\000"
 1331      756E6365 
 1331      5F6C6173 
 1331      745F7069 
 1331      6E5F7374 
 1332              	.LASF9:
 1333 0164 6C6F6E67 		.ascii	"long long int\000"
 1333      206C6F6E 
 1333      6720696E 
 1333      7400
 1334              	.LASF31:
 1335 0172 6770696F 		.ascii	"gpio_result\000"
 1335      5F726573 
 1335      756C7400 
 1336              	.LASF46:
 1337 017e 73636B5F 		.ascii	"sck_pulse_width_ns\000"
 1337      70756C73 
 1337      655F7769 
 1337      6474685F 
 1337      6E7300
 1338              	.LASF6:
 1339 0191 6C6F6E67 		.ascii	"long int\000"
 1339      20696E74 
 1339      00
 1340              	.LASF3:
 1341 019a 5F5F7569 		.ascii	"__uint8_t\000"
 1341      6E74385F 
 1341      7400
 1342              	.LASF19:
ARM GAS  C:\Users\jesse\AppData\Local\Temp\cchLFffT.s 			page 30


 1343 01a4 64697370 		.ascii	"display_cb\000"
 1343      6C61795F 
 1343      636200
 1344              	.LASF50:
 1345 01af 64617461 		.ascii	"data_setup_time_ns\000"
 1345      5F736574 
 1345      75705F74 
 1345      696D655F 
 1345      6E7300
 1346              	.LASF15:
 1347 01c2 6C6F6E67 		.ascii	"long double\000"
 1347      20646F75 
 1347      626C6500 
 1348              	.LASF53:
 1349 01ce 74696C65 		.ascii	"tile_height\000"
 1349      5F686569 
 1349      67687400 
 1350              	.LASF1:
 1351 01da 756E7369 		.ascii	"unsigned char\000"
 1351      676E6564 
 1351      20636861 
 1351      7200
 1352              	.LASF0:
 1353 01e8 7369676E 		.ascii	"signed char\000"
 1353      65642063 
 1353      68617200 
 1354              	.LASF10:
 1355 01f4 6C6F6E67 		.ascii	"long long unsigned int\000"
 1355      206C6F6E 
 1355      6720756E 
 1355      7369676E 
 1355      65642069 
 1356              	.LASF14:
 1357 020b 75696E74 		.ascii	"uint32_t\000"
 1357      33325F74 
 1357      00
 1358              	.LASF11:
 1359 0214 756E7369 		.ascii	"unsigned int\000"
 1359      676E6564 
 1359      20696E74 
 1359      00
 1360              	.LASF13:
 1361 0221 75696E74 		.ascii	"uint16_t\000"
 1361      31365F74 
 1361      00
 1362              	.LASF38:
 1363 022a 75387838 		.ascii	"u8x8_display_info_struct\000"
 1363      5F646973 
 1363      706C6179 
 1363      5F696E66 
 1363      6F5F7374 
 1364              	.LASF43:
 1365 0243 72657365 		.ascii	"reset_pulse_width_ms\000"
 1365      745F7075 
 1365      6C73655F 
 1365      77696474 
 1365      685F6D73 
ARM GAS  C:\Users\jesse\AppData\Local\Temp\cchLFffT.s 			page 31


 1366              	.LASF16:
 1367 0258 75387838 		.ascii	"u8x8_t\000"
 1367      5F7400
 1368              	.LASF66:
 1369 025f 474E5520 		.ascii	"GNU C11 5.4.1 20160609 (release) [ARM/embedded-5-br"
 1369      43313120 
 1369      352E342E 
 1369      31203230 
 1369      31363036 
 1370 0292 616E6368 		.ascii	"anch revision 237715] -mcpu=cortex-m3 -mthumb -g -O"
 1370      20726576 
 1370      6973696F 
 1370      6E203233 
 1370      37373135 
 1371 02c5 73202D66 		.ascii	"s -ffunction-sections -ffat-lto-objects\000"
 1371      66756E63 
 1371      74696F6E 
 1371      2D736563 
 1371      74696F6E 
 1372              	.LASF49:
 1373 02ed 6932635F 		.ascii	"i2c_bus_clock_100kHz\000"
 1373      6275735F 
 1373      636C6F63 
 1373      6B5F3130 
 1373      306B487A 
 1374              	.LASF47:
 1375 0302 73636B5F 		.ascii	"sck_clock_hz\000"
 1375      636C6F63 
 1375      6B5F687A 
 1375      00
 1376              	.LASF68:
 1377 030f 433A5C55 		.ascii	"C:\\Users\\jesse\\OneDrive\\Bureaublad\\practice_em"
 1377      73657273 
 1377      5C6A6573 
 1377      73655C4F 
 1377      6E654472 
 1378 033d 62656464 		.ascii	"bedded\\Practice_EmbeddedProgramming\\Display_count"
 1378      65645C50 
 1378      72616374 
 1378      6963655F 
 1378      456D6265 
 1379 036e 2E637964 		.ascii	".cydsn\000"
 1379      736E00
 1380              	.LASF5:
 1381 0375 73686F72 		.ascii	"short unsigned int\000"
 1381      7420756E 
 1381      7369676E 
 1381      65642069 
 1381      6E7400
 1382              	.LASF59:
 1383 0388 75387838 		.ascii	"u8x8_char_cb\000"
 1383      5F636861 
 1383      725F6362 
 1383      00
 1384              	.LASF34:
 1385 0395 6465626F 		.ascii	"debounce_state\000"
 1385      756E6365 
ARM GAS  C:\Users\jesse\AppData\Local\Temp\cchLFffT.s 			page 32


 1385      5F737461 
 1385      746500
 1386              	.LASF17:
 1387 03a4 64697370 		.ascii	"display_info\000"
 1387      6C61795F 
 1387      696E666F 
 1387      00
 1388              	.LASF57:
 1389 03b1 70697865 		.ascii	"pixel_height\000"
 1389      6C5F6865 
 1389      69676874 
 1389      00
 1390              	.LASF65:
 1391 03be 72657375 		.ascii	"result_msg\000"
 1391      6C745F6D 
 1391      736700
 1392              	.LASF69:
 1393 03c9 75387838 		.ascii	"u8x8_GetMenuEvent\000"
 1393      5F476574 
 1393      4D656E75 
 1393      4576656E 
 1393      7400
 1394              	.LASF56:
 1395 03db 70697865 		.ascii	"pixel_width\000"
 1395      6C5F7769 
 1395      64746800 
 1396              	.LASF30:
 1397 03e7 75746638 		.ascii	"utf8_state\000"
 1397      5F737461 
 1397      746500
 1398              	.LASF37:
 1399 03f2 75387838 		.ascii	"u8x8_struct\000"
 1399      5F737472 
 1399      75637400 
 1400              	.LASF8:
 1401 03fe 6C6F6E67 		.ascii	"long unsigned int\000"
 1401      20756E73 
 1401      69676E65 
 1401      6420696E 
 1401      7400
 1402              	.LASF21:
 1403 0410 62797465 		.ascii	"byte_cb\000"
 1403      5F636200 
 1404              	.LASF40:
 1405 0418 63686970 		.ascii	"chip_disable_level\000"
 1405      5F646973 
 1405      61626C65 
 1405      5F6C6576 
 1405      656C00
 1406              	.LASF64:
 1407 042b 6D61736B 		.ascii	"mask\000"
 1407      00
 1408              	.LASF28:
 1409 0430 6932635F 		.ascii	"i2c_address\000"
 1409      61646472 
 1409      65737300 
 1410              	.LASF61:
ARM GAS  C:\Users\jesse\AppData\Local\Temp\cchLFffT.s 			page 33


 1411 043c 75387838 		.ascii	"u8x8_read_pin_state\000"
 1411      5F726561 
 1411      645F7069 
 1411      6E5F7374 
 1411      61746500 
 1412              	.LASF55:
 1413 0450 666C6970 		.ascii	"flipmode_x_offset\000"
 1413      6D6F6465 
 1413      5F785F6F 
 1413      66667365 
 1413      7400
 1414              	.LASF25:
 1415 0462 656E636F 		.ascii	"encoding\000"
 1415      64696E67 
 1415      00
 1416              	.LASF67:
 1417 046b 2E2E5C2E 		.ascii	"..\\..\\..\\u8g2\\u8g2\\csrc\\u8x8_debounce.c\000"
 1417      2E5C2E2E 
 1417      5C753867 
 1417      325C7538 
 1417      67325C63 
 1418              	.LASF29:
 1419 0493 6932635F 		.ascii	"i2c_started\000"
 1419      73746172 
 1419      74656400 
 1420              	.LASF20:
 1421 049f 6361645F 		.ascii	"cad_cb\000"
 1421      636200
 1422              	.LASF32:
 1423 04a6 6465626F 		.ascii	"debounce_default_pin_state\000"
 1423      756E6365 
 1423      5F646566 
 1423      61756C74 
 1423      5F70696E 
 1424              	.LASF58:
 1425 04c1 75387838 		.ascii	"u8x8_msg_cb\000"
 1425      5F6D7367 
 1425      5F636200 
 1426              	.LASF18:
 1427 04cd 6E657874 		.ascii	"next_cb\000"
 1427      5F636200 
 1428              	.LASF42:
 1429 04d5 7072655F 		.ascii	"pre_chip_disable_wait_ns\000"
 1429      63686970 
 1429      5F646973 
 1429      61626C65 
 1429      5F776169 
 1430              		.ident	"GCC: (GNU Tools for ARM Embedded Processors) 5.4.1 20160609 (release) [ARM/embedded-5-bran
