ARM GAS  C:\Users\jesse\AppData\Local\Temp\ccurpVyk.s 			page 1


   1              		.syntax unified
   2              		.cpu cortex-m3
   3              		.fpu softvfp
   4              		.eabi_attribute 20, 1
   5              		.eabi_attribute 21, 1
   6              		.eabi_attribute 23, 3
   7              		.eabi_attribute 24, 1
   8              		.eabi_attribute 25, 1
   9              		.eabi_attribute 26, 1
  10              		.eabi_attribute 30, 4
  11              		.eabi_attribute 34, 1
  12              		.eabi_attribute 18, 4
  13              		.thumb
  14              		.syntax unified
  15              		.file	"u8x8_u8toa.c"
  16              		.text
  17              	.Ltext0:
  18              		.cfi_sections	.debug_frame
  19              		.section	.text.u8x8_u8toap,"ax",%progbits
  20              		.align	1
  21              		.global	u8x8_u8toap
  22              		.thumb
  23              		.thumb_func
  24              		.type	u8x8_u8toap, %function
  25              	u8x8_u8toap:
  26              	.LFB0:
  27              		.file 1 "..\\..\\..\\u8g2\\u8g2\\csrc\\u8x8_u8toa.c"
   1:..\..\..\u8g2\u8g2\csrc/u8x8_u8toa.c **** /*
   2:..\..\..\u8g2\u8g2\csrc/u8x8_u8toa.c **** 
   3:..\..\..\u8g2\u8g2\csrc/u8x8_u8toa.c ****   u8x8_u8toa.c
   4:..\..\..\u8g2\u8g2\csrc/u8x8_u8toa.c **** 
   5:..\..\..\u8g2\u8g2\csrc/u8x8_u8toa.c ****   Universal 8bit Graphics Library (https://github.com/olikraus/u8g2/)
   6:..\..\..\u8g2\u8g2\csrc/u8x8_u8toa.c **** 
   7:..\..\..\u8g2\u8g2\csrc/u8x8_u8toa.c ****   Copyright (c) 2016, olikraus@gmail.com
   8:..\..\..\u8g2\u8g2\csrc/u8x8_u8toa.c ****   All rights reserved.
   9:..\..\..\u8g2\u8g2\csrc/u8x8_u8toa.c **** 
  10:..\..\..\u8g2\u8g2\csrc/u8x8_u8toa.c ****   Redistribution and use in source and binary forms, with or without modification, 
  11:..\..\..\u8g2\u8g2\csrc/u8x8_u8toa.c ****   are permitted provided that the following conditions are met:
  12:..\..\..\u8g2\u8g2\csrc/u8x8_u8toa.c **** 
  13:..\..\..\u8g2\u8g2\csrc/u8x8_u8toa.c ****   * Redistributions of source code must retain the above copyright notice, this list 
  14:..\..\..\u8g2\u8g2\csrc/u8x8_u8toa.c ****     of conditions and the following disclaimer.
  15:..\..\..\u8g2\u8g2\csrc/u8x8_u8toa.c ****     
  16:..\..\..\u8g2\u8g2\csrc/u8x8_u8toa.c ****   * Redistributions in binary form must reproduce the above copyright notice, this 
  17:..\..\..\u8g2\u8g2\csrc/u8x8_u8toa.c ****     list of conditions and the following disclaimer in the documentation and/or other 
  18:..\..\..\u8g2\u8g2\csrc/u8x8_u8toa.c ****     materials provided with the distribution.
  19:..\..\..\u8g2\u8g2\csrc/u8x8_u8toa.c **** 
  20:..\..\..\u8g2\u8g2\csrc/u8x8_u8toa.c ****   THIS SOFTWARE IS PROVIDED BY THE COPYRIGHT HOLDERS AND 
  21:..\..\..\u8g2\u8g2\csrc/u8x8_u8toa.c ****   CONTRIBUTORS "AS IS" AND ANY EXPRESS OR IMPLIED WARRANTIES, 
  22:..\..\..\u8g2\u8g2\csrc/u8x8_u8toa.c ****   INCLUDING, BUT NOT LIMITED TO, THE IMPLIED WARRANTIES OF 
  23:..\..\..\u8g2\u8g2\csrc/u8x8_u8toa.c ****   MERCHANTABILITY AND FITNESS FOR A PARTICULAR PURPOSE ARE 
  24:..\..\..\u8g2\u8g2\csrc/u8x8_u8toa.c ****   DISCLAIMED. IN NO EVENT SHALL THE COPYRIGHT HOLDER OR 
  25:..\..\..\u8g2\u8g2\csrc/u8x8_u8toa.c ****   CONTRIBUTORS BE LIABLE FOR ANY DIRECT, INDIRECT, INCIDENTAL, 
  26:..\..\..\u8g2\u8g2\csrc/u8x8_u8toa.c ****   SPECIAL, EXEMPLARY, OR CONSEQUENTIAL DAMAGES (INCLUDING, BUT 
  27:..\..\..\u8g2\u8g2\csrc/u8x8_u8toa.c ****   NOT LIMITED TO, PROCUREMENT OF SUBSTITUTE GOODS OR SERVICES; 
  28:..\..\..\u8g2\u8g2\csrc/u8x8_u8toa.c ****   LOSS OF USE, DATA, OR PROFITS; OR BUSINESS INTERRUPTION) HOWEVER 
  29:..\..\..\u8g2\u8g2\csrc/u8x8_u8toa.c ****   CAUSED AND ON ANY THEORY OF LIABILITY, WHETHER IN CONTRACT, 
  30:..\..\..\u8g2\u8g2\csrc/u8x8_u8toa.c ****   STRICT LIABILITY, OR TORT (INCLUDING NEGLIGENCE OR OTHERWISE) 
ARM GAS  C:\Users\jesse\AppData\Local\Temp\ccurpVyk.s 			page 2


  31:..\..\..\u8g2\u8g2\csrc/u8x8_u8toa.c ****   ARISING IN ANY WAY OUT OF THE USE OF THIS SOFTWARE, EVEN IF 
  32:..\..\..\u8g2\u8g2\csrc/u8x8_u8toa.c ****   ADVISED OF THE POSSIBILITY OF SUCH DAMAGE.  
  33:..\..\..\u8g2\u8g2\csrc/u8x8_u8toa.c ****   
  34:..\..\..\u8g2\u8g2\csrc/u8x8_u8toa.c **** */
  35:..\..\..\u8g2\u8g2\csrc/u8x8_u8toa.c **** 
  36:..\..\..\u8g2\u8g2\csrc/u8x8_u8toa.c **** 
  37:..\..\..\u8g2\u8g2\csrc/u8x8_u8toa.c **** #include "u8x8.h"
  38:..\..\..\u8g2\u8g2\csrc/u8x8_u8toa.c **** 
  39:..\..\..\u8g2\u8g2\csrc/u8x8_u8toa.c **** static const unsigned char u8x8_u8toa_tab[3]  = { 100, 10, 1 } ;
  40:..\..\..\u8g2\u8g2\csrc/u8x8_u8toa.c **** const char *u8x8_u8toap(char * dest, uint8_t v)
  41:..\..\..\u8g2\u8g2\csrc/u8x8_u8toa.c **** {
  28              		.loc 1 41 0
  29              		.cfi_startproc
  30              		@ args = 0, pretend = 0, frame = 0
  31              		@ frame_needed = 0, uses_anonymous_args = 0
  32              	.LVL0:
  33 0000 30B5     		push	{r4, r5, lr}
  34              		.cfi_def_cfa_offset 12
  35              		.cfi_offset 4, -12
  36              		.cfi_offset 5, -8
  37              		.cfi_offset 14, -4
  42:..\..\..\u8g2\u8g2\csrc/u8x8_u8toa.c ****   uint8_t pos;
  43:..\..\..\u8g2\u8g2\csrc/u8x8_u8toa.c ****   uint8_t d;
  44:..\..\..\u8g2\u8g2\csrc/u8x8_u8toa.c ****   uint8_t c;
  45:..\..\..\u8g2\u8g2\csrc/u8x8_u8toa.c ****   for( pos = 0; pos < 3; pos++ )
  46:..\..\..\u8g2\u8g2\csrc/u8x8_u8toa.c ****   {
  47:..\..\..\u8g2\u8g2\csrc/u8x8_u8toa.c ****       d = '0';
  48:..\..\..\u8g2\u8g2\csrc/u8x8_u8toa.c ****       c = *(u8x8_u8toa_tab+pos);
  38              		.loc 1 48 0
  39 0002 094D     		ldr	r5, .L8
  41:..\..\..\u8g2\u8g2\csrc/u8x8_u8toa.c ****   uint8_t pos;
  40              		.loc 1 41 0
  41 0004 0023     		movs	r3, #0
  42              	.LVL1:
  43              	.L4:
  44              		.loc 1 48 0
  45 0006 5C5D     		ldrb	r4, [r3, r5]	@ zero_extendqisi2
  46              	.LVL2:
  47:..\..\..\u8g2\u8g2\csrc/u8x8_u8toa.c ****       c = *(u8x8_u8toa_tab+pos);
  47              		.loc 1 47 0
  48 0008 3022     		movs	r2, #48
  49              	.LVL3:
  50              	.L2:
  49:..\..\..\u8g2\u8g2\csrc/u8x8_u8toa.c ****       while( v >= c )
  51              		.loc 1 49 0
  52 000a A142     		cmp	r1, r4
  53 000c 04D3     		bcc	.L7
  50:..\..\..\u8g2\u8g2\csrc/u8x8_u8toa.c ****       {
  51:..\..\..\u8g2\u8g2\csrc/u8x8_u8toa.c **** 	v -= c;
  54              		.loc 1 51 0
  55 000e 091B     		subs	r1, r1, r4
  56              	.LVL4:
  52:..\..\..\u8g2\u8g2\csrc/u8x8_u8toa.c **** 	d++;
  57              		.loc 1 52 0
  58 0010 0132     		adds	r2, r2, #1
  59              	.LVL5:
  51:..\..\..\u8g2\u8g2\csrc/u8x8_u8toa.c **** 	d++;
ARM GAS  C:\Users\jesse\AppData\Local\Temp\ccurpVyk.s 			page 3


  60              		.loc 1 51 0
  61 0012 C9B2     		uxtb	r1, r1
  62              	.LVL6:
  63              		.loc 1 52 0
  64 0014 D2B2     		uxtb	r2, r2
  65              	.LVL7:
  66 0016 F8E7     		b	.L2
  67              	.L7:
  53:..\..\..\u8g2\u8g2\csrc/u8x8_u8toa.c ****       }
  54:..\..\..\u8g2\u8g2\csrc/u8x8_u8toa.c ****       dest[pos] = d;
  68              		.loc 1 54 0 discriminator 2
  69 0018 C254     		strb	r2, [r0, r3]
  70              	.LVL8:
  71 001a 0133     		adds	r3, r3, #1
  72              	.LVL9:
  45:..\..\..\u8g2\u8g2\csrc/u8x8_u8toa.c ****   {
  73              		.loc 1 45 0 discriminator 2
  74 001c 032B     		cmp	r3, #3
  75 001e F2D1     		bne	.L4
  55:..\..\..\u8g2\u8g2\csrc/u8x8_u8toa.c ****   }  
  56:..\..\..\u8g2\u8g2\csrc/u8x8_u8toa.c ****   dest[3] = '\0';
  76              		.loc 1 56 0
  77 0020 0023     		movs	r3, #0
  78 0022 C370     		strb	r3, [r0, #3]
  57:..\..\..\u8g2\u8g2\csrc/u8x8_u8toa.c ****   return dest;
  58:..\..\..\u8g2\u8g2\csrc/u8x8_u8toa.c **** }
  79              		.loc 1 58 0
  80 0024 30BD     		pop	{r4, r5, pc}
  81              	.LVL10:
  82              	.L9:
  83 0026 00BF     		.align	2
  84              	.L8:
  85 0028 00000000 		.word	.LANCHOR0
  86              		.cfi_endproc
  87              	.LFE0:
  88              		.size	u8x8_u8toap, .-u8x8_u8toap
  89              		.section	.text.u8x8_u8toa,"ax",%progbits
  90              		.align	1
  91              		.global	u8x8_u8toa
  92              		.thumb
  93              		.thumb_func
  94              		.type	u8x8_u8toa, %function
  95              	u8x8_u8toa:
  96              	.LFB1:
  59:..\..\..\u8g2\u8g2\csrc/u8x8_u8toa.c **** 
  60:..\..\..\u8g2\u8g2\csrc/u8x8_u8toa.c **** /* v = value, d = number of digits */
  61:..\..\..\u8g2\u8g2\csrc/u8x8_u8toa.c **** const char *u8x8_u8toa(uint8_t v, uint8_t d)
  62:..\..\..\u8g2\u8g2\csrc/u8x8_u8toa.c **** {
  97              		.loc 1 62 0
  98              		.cfi_startproc
  99              		@ args = 0, pretend = 0, frame = 0
 100              		@ frame_needed = 0, uses_anonymous_args = 0
 101              	.LVL11:
 102 0000 10B5     		push	{r4, lr}
 103              		.cfi_def_cfa_offset 8
 104              		.cfi_offset 4, -8
 105              		.cfi_offset 14, -4
ARM GAS  C:\Users\jesse\AppData\Local\Temp\ccurpVyk.s 			page 4


 106              		.loc 1 62 0
 107 0002 0C46     		mov	r4, r1
 108              	.LVL12:
  63:..\..\..\u8g2\u8g2\csrc/u8x8_u8toa.c ****   static char buf[4];
  64:..\..\..\u8g2\u8g2\csrc/u8x8_u8toa.c ****   d = 3-d;
  65:..\..\..\u8g2\u8g2\csrc/u8x8_u8toa.c ****   return u8x8_u8toap(buf, v) + d;
 109              		.loc 1 65 0
 110 0004 0146     		mov	r1, r0
 111 0006 0448     		ldr	r0, .L11
 112              	.LVL13:
 113 0008 FFF7FEFF 		bl	u8x8_u8toap
 114              	.LVL14:
 115 000c C4F10304 		rsb	r4, r4, #3
 116              	.LVL15:
 117 0010 E4B2     		uxtb	r4, r4
  66:..\..\..\u8g2\u8g2\csrc/u8x8_u8toa.c **** }
 118              		.loc 1 66 0
 119 0012 2044     		add	r0, r0, r4
 120 0014 10BD     		pop	{r4, pc}
 121              	.L12:
 122 0016 00BF     		.align	2
 123              	.L11:
 124 0018 00000000 		.word	.LANCHOR1
 125              		.cfi_endproc
 126              	.LFE1:
 127              		.size	u8x8_u8toa, .-u8x8_u8toa
 128              		.section	.rodata
 129              		.set	.LANCHOR0,. + 0
 130              		.type	u8x8_u8toa_tab, %object
 131              		.size	u8x8_u8toa_tab, 3
 132              	u8x8_u8toa_tab:
 133 0000 64       		.byte	100
 134 0001 0A       		.byte	10
 135 0002 01       		.byte	1
 136              		.bss
 137              		.set	.LANCHOR1,. + 0
 138              		.type	buf.5787, %object
 139              		.size	buf.5787, 4
 140              	buf.5787:
 141 0000 00000000 		.space	4
 142              		.text
 143              	.Letext0:
 144              		.file 2 "c:\\program files (x86)\\cypress\\psoc creator\\4.4\\psoc creator\\import\\gnu\\arm\\5.4.
 145              		.file 3 "c:\\program files (x86)\\cypress\\psoc creator\\4.4\\psoc creator\\import\\gnu\\arm\\5.4.
 146              		.section	.debug_info,"",%progbits
 147              	.Ldebug_info0:
 148 0000 94010000 		.4byte	0x194
 149 0004 0400     		.2byte	0x4
 150 0006 00000000 		.4byte	.Ldebug_abbrev0
 151 000a 04       		.byte	0x4
 152 000b 01       		.uleb128 0x1
 153 000c 17010000 		.4byte	.LASF18
 154 0010 0C       		.byte	0xc
 155 0011 C6010000 		.4byte	.LASF19
 156 0015 88000000 		.4byte	.LASF20
 157 0019 00000000 		.4byte	.Ldebug_ranges0+0
 158 001d 00000000 		.4byte	0
ARM GAS  C:\Users\jesse\AppData\Local\Temp\ccurpVyk.s 			page 5


 159 0021 00000000 		.4byte	.Ldebug_line0
 160 0025 02       		.uleb128 0x2
 161 0026 01       		.byte	0x1
 162 0027 06       		.byte	0x6
 163 0028 4F000000 		.4byte	.LASF0
 164 002c 03       		.uleb128 0x3
 165 002d 45000000 		.4byte	.LASF9
 166 0031 02       		.byte	0x2
 167 0032 1D       		.byte	0x1d
 168 0033 37000000 		.4byte	0x37
 169 0037 02       		.uleb128 0x2
 170 0038 01       		.byte	0x1
 171 0039 08       		.byte	0x8
 172 003a 7A000000 		.4byte	.LASF1
 173 003e 02       		.uleb128 0x2
 174 003f 02       		.byte	0x2
 175 0040 05       		.byte	0x5
 176 0041 BC010000 		.4byte	.LASF2
 177 0045 02       		.uleb128 0x2
 178 0046 02       		.byte	0x2
 179 0047 07       		.byte	0x7
 180 0048 0E000000 		.4byte	.LASF3
 181 004c 02       		.uleb128 0x2
 182 004d 04       		.byte	0x4
 183 004e 05       		.byte	0x5
 184 004f F3000000 		.4byte	.LASF4
 185 0053 02       		.uleb128 0x2
 186 0054 04       		.byte	0x4
 187 0055 07       		.byte	0x7
 188 0056 33000000 		.4byte	.LASF5
 189 005a 02       		.uleb128 0x2
 190 005b 08       		.byte	0x8
 191 005c 05       		.byte	0x5
 192 005d 00000000 		.4byte	.LASF6
 193 0061 02       		.uleb128 0x2
 194 0062 08       		.byte	0x8
 195 0063 07       		.byte	0x7
 196 0064 5B000000 		.4byte	.LASF7
 197 0068 04       		.uleb128 0x4
 198 0069 04       		.byte	0x4
 199 006a 05       		.byte	0x5
 200 006b 696E7400 		.ascii	"int\000"
 201 006f 02       		.uleb128 0x2
 202 0070 04       		.byte	0x4
 203 0071 07       		.byte	0x7
 204 0072 21000000 		.4byte	.LASF8
 205 0076 03       		.uleb128 0x3
 206 0077 72000000 		.4byte	.LASF10
 207 007b 03       		.byte	0x3
 208 007c 18       		.byte	0x18
 209 007d 2C000000 		.4byte	0x2c
 210 0081 02       		.uleb128 0x2
 211 0082 08       		.byte	0x8
 212 0083 04       		.byte	0x4
 213 0084 B0010000 		.4byte	.LASF11
 214 0088 05       		.uleb128 0x5
 215 0089 0B010000 		.4byte	.LASF14
ARM GAS  C:\Users\jesse\AppData\Local\Temp\ccurpVyk.s 			page 6


 216 008d 01       		.byte	0x1
 217 008e 28       		.byte	0x28
 218 008f E5000000 		.4byte	0xe5
 219 0093 00000000 		.4byte	.LFB0
 220 0097 2C000000 		.4byte	.LFE0-.LFB0
 221 009b 01       		.uleb128 0x1
 222 009c 9C       		.byte	0x9c
 223 009d E5000000 		.4byte	0xe5
 224 00a1 06       		.uleb128 0x6
 225 00a2 2E000000 		.4byte	.LASF12
 226 00a6 01       		.byte	0x1
 227 00a7 28       		.byte	0x28
 228 00a8 F7000000 		.4byte	0xf7
 229 00ac 01       		.uleb128 0x1
 230 00ad 50       		.byte	0x50
 231 00ae 07       		.uleb128 0x7
 232 00af 7600     		.ascii	"v\000"
 233 00b1 01       		.byte	0x1
 234 00b2 28       		.byte	0x28
 235 00b3 76000000 		.4byte	0x76
 236 00b7 00000000 		.4byte	.LLST0
 237 00bb 08       		.uleb128 0x8
 238 00bc 706F7300 		.ascii	"pos\000"
 239 00c0 01       		.byte	0x1
 240 00c1 2A       		.byte	0x2a
 241 00c2 76000000 		.4byte	0x76
 242 00c6 1E000000 		.4byte	.LLST1
 243 00ca 08       		.uleb128 0x8
 244 00cb 6400     		.ascii	"d\000"
 245 00cd 01       		.byte	0x1
 246 00ce 2B       		.byte	0x2b
 247 00cf 76000000 		.4byte	0x76
 248 00d3 4A000000 		.4byte	.LLST2
 249 00d7 08       		.uleb128 0x8
 250 00d8 6300     		.ascii	"c\000"
 251 00da 01       		.byte	0x1
 252 00db 2C       		.byte	0x2c
 253 00dc 76000000 		.4byte	0x76
 254 00e0 75000000 		.4byte	.LLST3
 255 00e4 00       		.byte	0
 256 00e5 09       		.uleb128 0x9
 257 00e6 04       		.byte	0x4
 258 00e7 F2000000 		.4byte	0xf2
 259 00eb 02       		.uleb128 0x2
 260 00ec 01       		.byte	0x1
 261 00ed 08       		.byte	0x8
 262 00ee EE000000 		.4byte	.LASF13
 263 00f2 0A       		.uleb128 0xa
 264 00f3 EB000000 		.4byte	0xeb
 265 00f7 09       		.uleb128 0x9
 266 00f8 04       		.byte	0x4
 267 00f9 EB000000 		.4byte	0xeb
 268 00fd 05       		.uleb128 0x5
 269 00fe A5010000 		.4byte	.LASF15
 270 0102 01       		.byte	0x1
 271 0103 3D       		.byte	0x3d
 272 0104 E5000000 		.4byte	0xe5
ARM GAS  C:\Users\jesse\AppData\Local\Temp\ccurpVyk.s 			page 7


 273 0108 00000000 		.4byte	.LFB1
 274 010c 1C000000 		.4byte	.LFE1-.LFB1
 275 0110 01       		.uleb128 0x1
 276 0111 9C       		.byte	0x9c
 277 0112 55010000 		.4byte	0x155
 278 0116 07       		.uleb128 0x7
 279 0117 7600     		.ascii	"v\000"
 280 0119 01       		.byte	0x1
 281 011a 3D       		.byte	0x3d
 282 011b 76000000 		.4byte	0x76
 283 011f 88000000 		.4byte	.LLST4
 284 0123 07       		.uleb128 0x7
 285 0124 6400     		.ascii	"d\000"
 286 0126 01       		.byte	0x1
 287 0127 3D       		.byte	0x3d
 288 0128 76000000 		.4byte	0x76
 289 012c A9000000 		.4byte	.LLST5
 290 0130 0B       		.uleb128 0xb
 291 0131 62756600 		.ascii	"buf\000"
 292 0135 01       		.byte	0x1
 293 0136 3F       		.byte	0x3f
 294 0137 55010000 		.4byte	0x155
 295 013b 05       		.uleb128 0x5
 296 013c 03       		.byte	0x3
 297 013d 00000000 		.4byte	buf.5787
 298 0141 0C       		.uleb128 0xc
 299 0142 0C000000 		.4byte	.LVL14
 300 0146 88000000 		.4byte	0x88
 301 014a 0D       		.uleb128 0xd
 302 014b 01       		.uleb128 0x1
 303 014c 50       		.byte	0x50
 304 014d 05       		.uleb128 0x5
 305 014e 03       		.byte	0x3
 306 014f 00000000 		.4byte	.LANCHOR1
 307 0153 00       		.byte	0
 308 0154 00       		.byte	0
 309 0155 0E       		.uleb128 0xe
 310 0156 EB000000 		.4byte	0xeb
 311 015a 65010000 		.4byte	0x165
 312 015e 0F       		.uleb128 0xf
 313 015f 65010000 		.4byte	0x165
 314 0163 03       		.byte	0x3
 315 0164 00       		.byte	0
 316 0165 02       		.uleb128 0x2
 317 0166 04       		.byte	0x4
 318 0167 07       		.byte	0x7
 319 0168 EB010000 		.4byte	.LASF16
 320 016c 0E       		.uleb128 0xe
 321 016d 7C010000 		.4byte	0x17c
 322 0171 7C010000 		.4byte	0x17c
 323 0175 0F       		.uleb128 0xf
 324 0176 65010000 		.4byte	0x165
 325 017a 02       		.byte	0x2
 326 017b 00       		.byte	0
 327 017c 0A       		.uleb128 0xa
 328 017d 37000000 		.4byte	0x37
 329 0181 10       		.uleb128 0x10
ARM GAS  C:\Users\jesse\AppData\Local\Temp\ccurpVyk.s 			page 8


 330 0182 FC000000 		.4byte	.LASF17
 331 0186 01       		.byte	0x1
 332 0187 27       		.byte	0x27
 333 0188 92010000 		.4byte	0x192
 334 018c 05       		.uleb128 0x5
 335 018d 03       		.byte	0x3
 336 018e 00000000 		.4byte	u8x8_u8toa_tab
 337 0192 0A       		.uleb128 0xa
 338 0193 6C010000 		.4byte	0x16c
 339 0197 00       		.byte	0
 340              		.section	.debug_abbrev,"",%progbits
 341              	.Ldebug_abbrev0:
 342 0000 01       		.uleb128 0x1
 343 0001 11       		.uleb128 0x11
 344 0002 01       		.byte	0x1
 345 0003 25       		.uleb128 0x25
 346 0004 0E       		.uleb128 0xe
 347 0005 13       		.uleb128 0x13
 348 0006 0B       		.uleb128 0xb
 349 0007 03       		.uleb128 0x3
 350 0008 0E       		.uleb128 0xe
 351 0009 1B       		.uleb128 0x1b
 352 000a 0E       		.uleb128 0xe
 353 000b 55       		.uleb128 0x55
 354 000c 17       		.uleb128 0x17
 355 000d 11       		.uleb128 0x11
 356 000e 01       		.uleb128 0x1
 357 000f 10       		.uleb128 0x10
 358 0010 17       		.uleb128 0x17
 359 0011 00       		.byte	0
 360 0012 00       		.byte	0
 361 0013 02       		.uleb128 0x2
 362 0014 24       		.uleb128 0x24
 363 0015 00       		.byte	0
 364 0016 0B       		.uleb128 0xb
 365 0017 0B       		.uleb128 0xb
 366 0018 3E       		.uleb128 0x3e
 367 0019 0B       		.uleb128 0xb
 368 001a 03       		.uleb128 0x3
 369 001b 0E       		.uleb128 0xe
 370 001c 00       		.byte	0
 371 001d 00       		.byte	0
 372 001e 03       		.uleb128 0x3
 373 001f 16       		.uleb128 0x16
 374 0020 00       		.byte	0
 375 0021 03       		.uleb128 0x3
 376 0022 0E       		.uleb128 0xe
 377 0023 3A       		.uleb128 0x3a
 378 0024 0B       		.uleb128 0xb
 379 0025 3B       		.uleb128 0x3b
 380 0026 0B       		.uleb128 0xb
 381 0027 49       		.uleb128 0x49
 382 0028 13       		.uleb128 0x13
 383 0029 00       		.byte	0
 384 002a 00       		.byte	0
 385 002b 04       		.uleb128 0x4
 386 002c 24       		.uleb128 0x24
ARM GAS  C:\Users\jesse\AppData\Local\Temp\ccurpVyk.s 			page 9


 387 002d 00       		.byte	0
 388 002e 0B       		.uleb128 0xb
 389 002f 0B       		.uleb128 0xb
 390 0030 3E       		.uleb128 0x3e
 391 0031 0B       		.uleb128 0xb
 392 0032 03       		.uleb128 0x3
 393 0033 08       		.uleb128 0x8
 394 0034 00       		.byte	0
 395 0035 00       		.byte	0
 396 0036 05       		.uleb128 0x5
 397 0037 2E       		.uleb128 0x2e
 398 0038 01       		.byte	0x1
 399 0039 3F       		.uleb128 0x3f
 400 003a 19       		.uleb128 0x19
 401 003b 03       		.uleb128 0x3
 402 003c 0E       		.uleb128 0xe
 403 003d 3A       		.uleb128 0x3a
 404 003e 0B       		.uleb128 0xb
 405 003f 3B       		.uleb128 0x3b
 406 0040 0B       		.uleb128 0xb
 407 0041 27       		.uleb128 0x27
 408 0042 19       		.uleb128 0x19
 409 0043 49       		.uleb128 0x49
 410 0044 13       		.uleb128 0x13
 411 0045 11       		.uleb128 0x11
 412 0046 01       		.uleb128 0x1
 413 0047 12       		.uleb128 0x12
 414 0048 06       		.uleb128 0x6
 415 0049 40       		.uleb128 0x40
 416 004a 18       		.uleb128 0x18
 417 004b 9742     		.uleb128 0x2117
 418 004d 19       		.uleb128 0x19
 419 004e 01       		.uleb128 0x1
 420 004f 13       		.uleb128 0x13
 421 0050 00       		.byte	0
 422 0051 00       		.byte	0
 423 0052 06       		.uleb128 0x6
 424 0053 05       		.uleb128 0x5
 425 0054 00       		.byte	0
 426 0055 03       		.uleb128 0x3
 427 0056 0E       		.uleb128 0xe
 428 0057 3A       		.uleb128 0x3a
 429 0058 0B       		.uleb128 0xb
 430 0059 3B       		.uleb128 0x3b
 431 005a 0B       		.uleb128 0xb
 432 005b 49       		.uleb128 0x49
 433 005c 13       		.uleb128 0x13
 434 005d 02       		.uleb128 0x2
 435 005e 18       		.uleb128 0x18
 436 005f 00       		.byte	0
 437 0060 00       		.byte	0
 438 0061 07       		.uleb128 0x7
 439 0062 05       		.uleb128 0x5
 440 0063 00       		.byte	0
 441 0064 03       		.uleb128 0x3
 442 0065 08       		.uleb128 0x8
 443 0066 3A       		.uleb128 0x3a
ARM GAS  C:\Users\jesse\AppData\Local\Temp\ccurpVyk.s 			page 10


 444 0067 0B       		.uleb128 0xb
 445 0068 3B       		.uleb128 0x3b
 446 0069 0B       		.uleb128 0xb
 447 006a 49       		.uleb128 0x49
 448 006b 13       		.uleb128 0x13
 449 006c 02       		.uleb128 0x2
 450 006d 17       		.uleb128 0x17
 451 006e 00       		.byte	0
 452 006f 00       		.byte	0
 453 0070 08       		.uleb128 0x8
 454 0071 34       		.uleb128 0x34
 455 0072 00       		.byte	0
 456 0073 03       		.uleb128 0x3
 457 0074 08       		.uleb128 0x8
 458 0075 3A       		.uleb128 0x3a
 459 0076 0B       		.uleb128 0xb
 460 0077 3B       		.uleb128 0x3b
 461 0078 0B       		.uleb128 0xb
 462 0079 49       		.uleb128 0x49
 463 007a 13       		.uleb128 0x13
 464 007b 02       		.uleb128 0x2
 465 007c 17       		.uleb128 0x17
 466 007d 00       		.byte	0
 467 007e 00       		.byte	0
 468 007f 09       		.uleb128 0x9
 469 0080 0F       		.uleb128 0xf
 470 0081 00       		.byte	0
 471 0082 0B       		.uleb128 0xb
 472 0083 0B       		.uleb128 0xb
 473 0084 49       		.uleb128 0x49
 474 0085 13       		.uleb128 0x13
 475 0086 00       		.byte	0
 476 0087 00       		.byte	0
 477 0088 0A       		.uleb128 0xa
 478 0089 26       		.uleb128 0x26
 479 008a 00       		.byte	0
 480 008b 49       		.uleb128 0x49
 481 008c 13       		.uleb128 0x13
 482 008d 00       		.byte	0
 483 008e 00       		.byte	0
 484 008f 0B       		.uleb128 0xb
 485 0090 34       		.uleb128 0x34
 486 0091 00       		.byte	0
 487 0092 03       		.uleb128 0x3
 488 0093 08       		.uleb128 0x8
 489 0094 3A       		.uleb128 0x3a
 490 0095 0B       		.uleb128 0xb
 491 0096 3B       		.uleb128 0x3b
 492 0097 0B       		.uleb128 0xb
 493 0098 49       		.uleb128 0x49
 494 0099 13       		.uleb128 0x13
 495 009a 02       		.uleb128 0x2
 496 009b 18       		.uleb128 0x18
 497 009c 00       		.byte	0
 498 009d 00       		.byte	0
 499 009e 0C       		.uleb128 0xc
 500 009f 898201   		.uleb128 0x4109
ARM GAS  C:\Users\jesse\AppData\Local\Temp\ccurpVyk.s 			page 11


 501 00a2 01       		.byte	0x1
 502 00a3 11       		.uleb128 0x11
 503 00a4 01       		.uleb128 0x1
 504 00a5 31       		.uleb128 0x31
 505 00a6 13       		.uleb128 0x13
 506 00a7 00       		.byte	0
 507 00a8 00       		.byte	0
 508 00a9 0D       		.uleb128 0xd
 509 00aa 8A8201   		.uleb128 0x410a
 510 00ad 00       		.byte	0
 511 00ae 02       		.uleb128 0x2
 512 00af 18       		.uleb128 0x18
 513 00b0 9142     		.uleb128 0x2111
 514 00b2 18       		.uleb128 0x18
 515 00b3 00       		.byte	0
 516 00b4 00       		.byte	0
 517 00b5 0E       		.uleb128 0xe
 518 00b6 01       		.uleb128 0x1
 519 00b7 01       		.byte	0x1
 520 00b8 49       		.uleb128 0x49
 521 00b9 13       		.uleb128 0x13
 522 00ba 01       		.uleb128 0x1
 523 00bb 13       		.uleb128 0x13
 524 00bc 00       		.byte	0
 525 00bd 00       		.byte	0
 526 00be 0F       		.uleb128 0xf
 527 00bf 21       		.uleb128 0x21
 528 00c0 00       		.byte	0
 529 00c1 49       		.uleb128 0x49
 530 00c2 13       		.uleb128 0x13
 531 00c3 2F       		.uleb128 0x2f
 532 00c4 0B       		.uleb128 0xb
 533 00c5 00       		.byte	0
 534 00c6 00       		.byte	0
 535 00c7 10       		.uleb128 0x10
 536 00c8 34       		.uleb128 0x34
 537 00c9 00       		.byte	0
 538 00ca 03       		.uleb128 0x3
 539 00cb 0E       		.uleb128 0xe
 540 00cc 3A       		.uleb128 0x3a
 541 00cd 0B       		.uleb128 0xb
 542 00ce 3B       		.uleb128 0x3b
 543 00cf 0B       		.uleb128 0xb
 544 00d0 49       		.uleb128 0x49
 545 00d1 13       		.uleb128 0x13
 546 00d2 02       		.uleb128 0x2
 547 00d3 18       		.uleb128 0x18
 548 00d4 00       		.byte	0
 549 00d5 00       		.byte	0
 550 00d6 00       		.byte	0
 551              		.section	.debug_loc,"",%progbits
 552              	.Ldebug_loc0:
 553              	.LLST0:
 554 0000 00000000 		.4byte	.LVL0
 555 0004 10000000 		.4byte	.LVL4
 556 0008 0100     		.2byte	0x1
 557 000a 51       		.byte	0x51
ARM GAS  C:\Users\jesse\AppData\Local\Temp\ccurpVyk.s 			page 12


 558 000b 14000000 		.4byte	.LVL6
 559 000f 2C000000 		.4byte	.LFE0
 560 0013 0100     		.2byte	0x1
 561 0015 51       		.byte	0x51
 562 0016 00000000 		.4byte	0
 563 001a 00000000 		.4byte	0
 564              	.LLST1:
 565 001e 00000000 		.4byte	.LVL0
 566 0022 06000000 		.4byte	.LVL1
 567 0026 0200     		.2byte	0x2
 568 0028 30       		.byte	0x30
 569 0029 9F       		.byte	0x9f
 570 002a 06000000 		.4byte	.LVL1
 571 002e 1A000000 		.4byte	.LVL8
 572 0032 0100     		.2byte	0x1
 573 0034 53       		.byte	0x53
 574 0035 1A000000 		.4byte	.LVL8
 575 0039 1C000000 		.4byte	.LVL9
 576 003d 0300     		.2byte	0x3
 577 003f 73       		.byte	0x73
 578 0040 01       		.sleb128 1
 579 0041 9F       		.byte	0x9f
 580 0042 00000000 		.4byte	0
 581 0046 00000000 		.4byte	0
 582              	.LLST2:
 583 004a 06000000 		.4byte	.LVL1
 584 004e 0A000000 		.4byte	.LVL3
 585 0052 0300     		.2byte	0x3
 586 0054 08       		.byte	0x8
 587 0055 30       		.byte	0x30
 588 0056 9F       		.byte	0x9f
 589 0057 0A000000 		.4byte	.LVL3
 590 005b 12000000 		.4byte	.LVL5
 591 005f 0100     		.2byte	0x1
 592 0061 52       		.byte	0x52
 593 0062 16000000 		.4byte	.LVL7
 594 0066 2C000000 		.4byte	.LFE0
 595 006a 0100     		.2byte	0x1
 596 006c 52       		.byte	0x52
 597 006d 00000000 		.4byte	0
 598 0071 00000000 		.4byte	0
 599              	.LLST3:
 600 0075 08000000 		.4byte	.LVL2
 601 0079 26000000 		.4byte	.LVL10
 602 007d 0100     		.2byte	0x1
 603 007f 54       		.byte	0x54
 604 0080 00000000 		.4byte	0
 605 0084 00000000 		.4byte	0
 606              	.LLST4:
 607 0088 00000000 		.4byte	.LVL11
 608 008c 08000000 		.4byte	.LVL13
 609 0090 0100     		.2byte	0x1
 610 0092 50       		.byte	0x50
 611 0093 08000000 		.4byte	.LVL13
 612 0097 1C000000 		.4byte	.LFE1
 613 009b 0400     		.2byte	0x4
 614 009d F3       		.byte	0xf3
ARM GAS  C:\Users\jesse\AppData\Local\Temp\ccurpVyk.s 			page 13


 615 009e 01       		.uleb128 0x1
 616 009f 50       		.byte	0x50
 617 00a0 9F       		.byte	0x9f
 618 00a1 00000000 		.4byte	0
 619 00a5 00000000 		.4byte	0
 620              	.LLST5:
 621 00a9 00000000 		.4byte	.LVL11
 622 00ad 04000000 		.4byte	.LVL12
 623 00b1 0100     		.2byte	0x1
 624 00b3 51       		.byte	0x51
 625 00b4 04000000 		.4byte	.LVL12
 626 00b8 10000000 		.4byte	.LVL15
 627 00bc 0500     		.2byte	0x5
 628 00be 33       		.byte	0x33
 629 00bf 74       		.byte	0x74
 630 00c0 00       		.sleb128 0
 631 00c1 1C       		.byte	0x1c
 632 00c2 9F       		.byte	0x9f
 633 00c3 00000000 		.4byte	0
 634 00c7 00000000 		.4byte	0
 635              		.section	.debug_aranges,"",%progbits
 636 0000 24000000 		.4byte	0x24
 637 0004 0200     		.2byte	0x2
 638 0006 00000000 		.4byte	.Ldebug_info0
 639 000a 04       		.byte	0x4
 640 000b 00       		.byte	0
 641 000c 0000     		.2byte	0
 642 000e 0000     		.2byte	0
 643 0010 00000000 		.4byte	.LFB0
 644 0014 2C000000 		.4byte	.LFE0-.LFB0
 645 0018 00000000 		.4byte	.LFB1
 646 001c 1C000000 		.4byte	.LFE1-.LFB1
 647 0020 00000000 		.4byte	0
 648 0024 00000000 		.4byte	0
 649              		.section	.debug_ranges,"",%progbits
 650              	.Ldebug_ranges0:
 651 0000 00000000 		.4byte	.LFB0
 652 0004 2C000000 		.4byte	.LFE0
 653 0008 00000000 		.4byte	.LFB1
 654 000c 1C000000 		.4byte	.LFE1
 655 0010 00000000 		.4byte	0
 656 0014 00000000 		.4byte	0
 657              		.section	.debug_line,"",%progbits
 658              	.Ldebug_line0:
 659 0000 7A010000 		.section	.debug_str,"MS",%progbits,1
 659      02003801 
 659      00000201 
 659      FB0E0D00 
 659      01010101 
 660              	.LASF6:
 661 0000 6C6F6E67 		.ascii	"long long int\000"
 661      206C6F6E 
 661      6720696E 
 661      7400
 662              	.LASF3:
 663 000e 73686F72 		.ascii	"short unsigned int\000"
 663      7420756E 
ARM GAS  C:\Users\jesse\AppData\Local\Temp\ccurpVyk.s 			page 14


 663      7369676E 
 663      65642069 
 663      6E7400
 664              	.LASF8:
 665 0021 756E7369 		.ascii	"unsigned int\000"
 665      676E6564 
 665      20696E74 
 665      00
 666              	.LASF12:
 667 002e 64657374 		.ascii	"dest\000"
 667      00
 668              	.LASF5:
 669 0033 6C6F6E67 		.ascii	"long unsigned int\000"
 669      20756E73 
 669      69676E65 
 669      6420696E 
 669      7400
 670              	.LASF9:
 671 0045 5F5F7569 		.ascii	"__uint8_t\000"
 671      6E74385F 
 671      7400
 672              	.LASF0:
 673 004f 7369676E 		.ascii	"signed char\000"
 673      65642063 
 673      68617200 
 674              	.LASF7:
 675 005b 6C6F6E67 		.ascii	"long long unsigned int\000"
 675      206C6F6E 
 675      6720756E 
 675      7369676E 
 675      65642069 
 676              	.LASF10:
 677 0072 75696E74 		.ascii	"uint8_t\000"
 677      385F7400 
 678              	.LASF1:
 679 007a 756E7369 		.ascii	"unsigned char\000"
 679      676E6564 
 679      20636861 
 679      7200
 680              	.LASF20:
 681 0088 433A5C55 		.ascii	"C:\\Users\\jesse\\OneDrive\\Bureaublad\\practice_em"
 681      73657273 
 681      5C6A6573 
 681      73655C4F 
 681      6E654472 
 682 00b6 62656464 		.ascii	"bedded\\Practice_EmbeddedProgramming\\Display_count"
 682      65645C50 
 682      72616374 
 682      6963655F 
 682      456D6265 
 683 00e7 2E637964 		.ascii	".cydsn\000"
 683      736E00
 684              	.LASF13:
 685 00ee 63686172 		.ascii	"char\000"
 685      00
 686              	.LASF4:
 687 00f3 6C6F6E67 		.ascii	"long int\000"
ARM GAS  C:\Users\jesse\AppData\Local\Temp\ccurpVyk.s 			page 15


 687      20696E74 
 687      00
 688              	.LASF17:
 689 00fc 75387838 		.ascii	"u8x8_u8toa_tab\000"
 689      5F753874 
 689      6F615F74 
 689      616200
 690              	.LASF14:
 691 010b 75387838 		.ascii	"u8x8_u8toap\000"
 691      5F753874 
 691      6F617000 
 692              	.LASF18:
 693 0117 474E5520 		.ascii	"GNU C11 5.4.1 20160609 (release) [ARM/embedded-5-br"
 693      43313120 
 693      352E342E 
 693      31203230 
 693      31363036 
 694 014a 616E6368 		.ascii	"anch revision 237715] -mcpu=cortex-m3 -mthumb -g -O"
 694      20726576 
 694      6973696F 
 694      6E203233 
 694      37373135 
 695 017d 73202D66 		.ascii	"s -ffunction-sections -ffat-lto-objects\000"
 695      66756E63 
 695      74696F6E 
 695      2D736563 
 695      74696F6E 
 696              	.LASF15:
 697 01a5 75387838 		.ascii	"u8x8_u8toa\000"
 697      5F753874 
 697      6F6100
 698              	.LASF11:
 699 01b0 6C6F6E67 		.ascii	"long double\000"
 699      20646F75 
 699      626C6500 
 700              	.LASF2:
 701 01bc 73686F72 		.ascii	"short int\000"
 701      7420696E 
 701      7400
 702              	.LASF19:
 703 01c6 2E2E5C2E 		.ascii	"..\\..\\..\\u8g2\\u8g2\\csrc\\u8x8_u8toa.c\000"
 703      2E5C2E2E 
 703      5C753867 
 703      325C7538 
 703      67325C63 
 704              	.LASF16:
 705 01eb 73697A65 		.ascii	"sizetype\000"
 705      74797065 
 705      00
 706              		.ident	"GCC: (GNU Tools for ARM Embedded Processors) 5.4.1 20160609 (release) [ARM/embedded-5-bran
