ARM GAS  C:\Users\jesse\AppData\Local\Temp\ccBPJICn.s 			page 1


   1              		.syntax unified
   2              		.cpu cortex-m3
   3              		.fpu softvfp
   4              		.eabi_attribute 20, 1
   5              		.eabi_attribute 21, 1
   6              		.eabi_attribute 23, 3
   7              		.eabi_attribute 24, 1
   8              		.eabi_attribute 25, 1
   9              		.eabi_attribute 26, 1
  10              		.eabi_attribute 30, 4
  11              		.eabi_attribute 34, 1
  12              		.eabi_attribute 18, 4
  13              		.thumb
  14              		.syntax unified
  15              		.file	"u8x8_d_uc1609.c"
  16              		.text
  17              	.Ltext0:
  18              		.cfi_sections	.debug_frame
  19              		.section	.text.u8x8_d_uc1609_slg19264,"ax",%progbits
  20              		.align	1
  21              		.global	u8x8_d_uc1609_slg19264
  22              		.thumb
  23              		.thumb_func
  24              		.type	u8x8_d_uc1609_slg19264, %function
  25              	u8x8_d_uc1609_slg19264:
  26              	.LFB0:
  27              		.file 1 "..\\..\\..\\u8g2\\u8g2\\csrc\\u8x8_d_uc1609.c"
   1:..\..\..\u8g2\u8g2\csrc/u8x8_d_uc1609.c **** /*
   2:..\..\..\u8g2\u8g2\csrc/u8x8_d_uc1609.c **** 
   3:..\..\..\u8g2\u8g2\csrc/u8x8_d_uc1609.c ****   u8x8_d_uc1609.c
   4:..\..\..\u8g2\u8g2\csrc/u8x8_d_uc1609.c ****   
   5:..\..\..\u8g2\u8g2\csrc/u8x8_d_uc1609.c ****   Universal 8bit Graphics Library (https://github.com/olikraus/u8g2/)
   6:..\..\..\u8g2\u8g2\csrc/u8x8_d_uc1609.c **** 
   7:..\..\..\u8g2\u8g2\csrc/u8x8_d_uc1609.c ****   Copyright (c) 2021, olikraus@gmail.com
   8:..\..\..\u8g2\u8g2\csrc/u8x8_d_uc1609.c ****   All rights reserved.
   9:..\..\..\u8g2\u8g2\csrc/u8x8_d_uc1609.c **** 
  10:..\..\..\u8g2\u8g2\csrc/u8x8_d_uc1609.c ****   Redistribution and use in source and binary forms, with or without modification, 
  11:..\..\..\u8g2\u8g2\csrc/u8x8_d_uc1609.c ****   are permitted provided that the following conditions are met:
  12:..\..\..\u8g2\u8g2\csrc/u8x8_d_uc1609.c **** 
  13:..\..\..\u8g2\u8g2\csrc/u8x8_d_uc1609.c ****   * Redistributions of source code must retain the above copyright notice, this list 
  14:..\..\..\u8g2\u8g2\csrc/u8x8_d_uc1609.c ****     of conditions and the following disclaimer.
  15:..\..\..\u8g2\u8g2\csrc/u8x8_d_uc1609.c ****     
  16:..\..\..\u8g2\u8g2\csrc/u8x8_d_uc1609.c ****   * Redistributions in binary form must reproduce the above copyright notice, this 
  17:..\..\..\u8g2\u8g2\csrc/u8x8_d_uc1609.c ****     list of conditions and the following disclaimer in the documentation and/or other 
  18:..\..\..\u8g2\u8g2\csrc/u8x8_d_uc1609.c ****     materials provided with the distribution.
  19:..\..\..\u8g2\u8g2\csrc/u8x8_d_uc1609.c **** 
  20:..\..\..\u8g2\u8g2\csrc/u8x8_d_uc1609.c ****   THIS SOFTWARE IS PROVIDED BY THE COPYRIGHT HOLDERS AND 
  21:..\..\..\u8g2\u8g2\csrc/u8x8_d_uc1609.c ****   CONTRIBUTORS "AS IS" AND ANY EXPRESS OR IMPLIED WARRANTIES, 
  22:..\..\..\u8g2\u8g2\csrc/u8x8_d_uc1609.c ****   INCLUDING, BUT NOT LIMITED TO, THE IMPLIED WARRANTIES OF 
  23:..\..\..\u8g2\u8g2\csrc/u8x8_d_uc1609.c ****   MERCHANTABILITY AND FITNESS FOR A PARTICULAR PURPOSE ARE 
  24:..\..\..\u8g2\u8g2\csrc/u8x8_d_uc1609.c ****   DISCLAIMED. IN NO EVENT SHALL THE COPYRIGHT HOLDER OR 
  25:..\..\..\u8g2\u8g2\csrc/u8x8_d_uc1609.c ****   CONTRIBUTORS BE LIABLE FOR ANY DIRECT, INDIRECT, INCIDENTAL, 
  26:..\..\..\u8g2\u8g2\csrc/u8x8_d_uc1609.c ****   SPECIAL, EXEMPLARY, OR CONSEQUENTIAL DAMAGES (INCLUDING, BUT 
  27:..\..\..\u8g2\u8g2\csrc/u8x8_d_uc1609.c ****   NOT LIMITED TO, PROCUREMENT OF SUBSTITUTE GOODS OR SERVICES; 
  28:..\..\..\u8g2\u8g2\csrc/u8x8_d_uc1609.c ****   LOSS OF USE, DATA, OR PROFITS; OR BUSINESS INTERRUPTION) HOWEVER 
  29:..\..\..\u8g2\u8g2\csrc/u8x8_d_uc1609.c ****   CAUSED AND ON ANY THEORY OF LIABILITY, WHETHER IN CONTRACT, 
  30:..\..\..\u8g2\u8g2\csrc/u8x8_d_uc1609.c ****   STRICT LIABILITY, OR TORT (INCLUDING NEGLIGENCE OR OTHERWISE) 
ARM GAS  C:\Users\jesse\AppData\Local\Temp\ccBPJICn.s 			page 2


  31:..\..\..\u8g2\u8g2\csrc/u8x8_d_uc1609.c ****   ARISING IN ANY WAY OUT OF THE USE OF THIS SOFTWARE, EVEN IF 
  32:..\..\..\u8g2\u8g2\csrc/u8x8_d_uc1609.c ****   ADVISED OF THE POSSIBILITY OF SUCH DAMAGE.  
  33:..\..\..\u8g2\u8g2\csrc/u8x8_d_uc1609.c **** 
  34:..\..\..\u8g2\u8g2\csrc/u8x8_d_uc1609.c **** 
  35:..\..\..\u8g2\u8g2\csrc/u8x8_d_uc1609.c ****   https://github.com/olikraus/u8g2/issues/1565
  36:..\..\..\u8g2\u8g2\csrc/u8x8_d_uc1609.c **** 
  37:..\..\..\u8g2\u8g2\csrc/u8x8_d_uc1609.c ****   cad001
  38:..\..\..\u8g2\u8g2\csrc/u8x8_d_uc1609.c ****   
  39:..\..\..\u8g2\u8g2\csrc/u8x8_d_uc1609.c ****   
  40:..\..\..\u8g2\u8g2\csrc/u8x8_d_uc1609.c **** */
  41:..\..\..\u8g2\u8g2\csrc/u8x8_d_uc1609.c **** #include "u8x8.h"
  42:..\..\..\u8g2\u8g2\csrc/u8x8_d_uc1609.c **** 
  43:..\..\..\u8g2\u8g2\csrc/u8x8_d_uc1609.c **** 
  44:..\..\..\u8g2\u8g2\csrc/u8x8_d_uc1609.c **** static const uint8_t u8x8_d_uc1609_19264_init_seq[] = {
  45:..\..\..\u8g2\u8g2\csrc/u8x8_d_uc1609.c ****     
  46:..\..\..\u8g2\u8g2\csrc/u8x8_d_uc1609.c ****   U8X8_START_TRANSFER(),             	/* enable chip, delay is part of the transfer start */
  47:..\..\..\u8g2\u8g2\csrc/u8x8_d_uc1609.c **** 
  48:..\..\..\u8g2\u8g2\csrc/u8x8_d_uc1609.c ****   U8X8_CA(0x0f1, 63),		/* set COM end (display height-1) */
  49:..\..\..\u8g2\u8g2\csrc/u8x8_d_uc1609.c ****   U8X8_C(0x0c0),            			/* SEG & COM normal */
  50:..\..\..\u8g2\u8g2\csrc/u8x8_d_uc1609.c ****   U8X8_C(0x040),            			/* set scroll line to zero */
  51:..\..\..\u8g2\u8g2\csrc/u8x8_d_uc1609.c ****   U8X8_C(0x02e),            			/* chare pump */
  52:..\..\..\u8g2\u8g2\csrc/u8x8_d_uc1609.c ****   U8X8_C(0x0eb),            			/* set bias 1/2 */  
  53:..\..\..\u8g2\u8g2\csrc/u8x8_d_uc1609.c ****   U8X8_CA(0x081, 0x08f),            	/* set contrast */
  54:..\..\..\u8g2\u8g2\csrc/u8x8_d_uc1609.c ****   
  55:..\..\..\u8g2\u8g2\csrc/u8x8_d_uc1609.c ****   /*
  56:..\..\..\u8g2\u8g2\csrc/u8x8_d_uc1609.c ****     AC0:	0: stop at boundary, 1: increment by one
  57:..\..\..\u8g2\u8g2\csrc/u8x8_d_uc1609.c ****     AC1: 	0: first column then page, 1: first page, then column increment
  58:..\..\..\u8g2\u8g2\csrc/u8x8_d_uc1609.c ****     AC2:	0: increment page adr, 1: decrement page adr.
  59:..\..\..\u8g2\u8g2\csrc/u8x8_d_uc1609.c ****   */
  60:..\..\..\u8g2\u8g2\csrc/u8x8_d_uc1609.c ****   U8X8_C(0x088),            			/* set auto increment, low bits are AC2 AC1 AC0 */
  61:..\..\..\u8g2\u8g2\csrc/u8x8_d_uc1609.c ****   U8X8_C(0x0a1),            			/* frame rate 95Hz */
  62:..\..\..\u8g2\u8g2\csrc/u8x8_d_uc1609.c ****   
  63:..\..\..\u8g2\u8g2\csrc/u8x8_d_uc1609.c ****   
  64:..\..\..\u8g2\u8g2\csrc/u8x8_d_uc1609.c ****   /*
  65:..\..\..\u8g2\u8g2\csrc/u8x8_d_uc1609.c ****     LC0:	0
  66:..\..\..\u8g2\u8g2\csrc/u8x8_d_uc1609.c ****     MX:	Mirror X
  67:..\..\..\u8g2\u8g2\csrc/u8x8_d_uc1609.c ****     MY:	Mirror Y
  68:..\..\..\u8g2\u8g2\csrc/u8x8_d_uc1609.c ****   */  
  69:..\..\..\u8g2\u8g2\csrc/u8x8_d_uc1609.c ****   U8X8_C(0x0c4),            			/* low bits are MY, MX, LC0 */
  70:..\..\..\u8g2\u8g2\csrc/u8x8_d_uc1609.c ****   
  71:..\..\..\u8g2\u8g2\csrc/u8x8_d_uc1609.c ****   U8X8_C(0x0a6),            			/* set normal pixel mode (not inverse) */
  72:..\..\..\u8g2\u8g2\csrc/u8x8_d_uc1609.c ****   U8X8_C(0x0a4),            			/* set normal pixel mode (not all on) */
  73:..\..\..\u8g2\u8g2\csrc/u8x8_d_uc1609.c **** 
  74:..\..\..\u8g2\u8g2\csrc/u8x8_d_uc1609.c ****   U8X8_END_TRANSFER(),             	/* disable chip */
  75:..\..\..\u8g2\u8g2\csrc/u8x8_d_uc1609.c ****   U8X8_END()             			/* end of sequence */
  76:..\..\..\u8g2\u8g2\csrc/u8x8_d_uc1609.c **** };
  77:..\..\..\u8g2\u8g2\csrc/u8x8_d_uc1609.c **** 
  78:..\..\..\u8g2\u8g2\csrc/u8x8_d_uc1609.c **** static const uint8_t u8x8_d_uc1609_19264_powersave0_seq[] = {
  79:..\..\..\u8g2\u8g2\csrc/u8x8_d_uc1609.c ****   U8X8_START_TRANSFER(),             	/* enable chip, delay is part of the transfer start */
  80:..\..\..\u8g2\u8g2\csrc/u8x8_d_uc1609.c ****   U8X8_C(0x0af),		                /* display on, UC1609 */
  81:..\..\..\u8g2\u8g2\csrc/u8x8_d_uc1609.c ****   U8X8_END_TRANSFER(),             	/* disable chip */
  82:..\..\..\u8g2\u8g2\csrc/u8x8_d_uc1609.c ****   U8X8_END()             			/* end of sequence */
  83:..\..\..\u8g2\u8g2\csrc/u8x8_d_uc1609.c **** };
  84:..\..\..\u8g2\u8g2\csrc/u8x8_d_uc1609.c **** 
  85:..\..\..\u8g2\u8g2\csrc/u8x8_d_uc1609.c **** static const uint8_t u8x8_d_uc1609_19264_powersave1_seq[] = {
  86:..\..\..\u8g2\u8g2\csrc/u8x8_d_uc1609.c ****   U8X8_START_TRANSFER(),             	/* enable chip, delay is part of the transfer start */
  87:..\..\..\u8g2\u8g2\csrc/u8x8_d_uc1609.c ****   U8X8_C(0x0ae),		                /* display off,  UC1609 */
ARM GAS  C:\Users\jesse\AppData\Local\Temp\ccBPJICn.s 			page 3


  88:..\..\..\u8g2\u8g2\csrc/u8x8_d_uc1609.c ****   U8X8_END_TRANSFER(),             	/* disable chip */
  89:..\..\..\u8g2\u8g2\csrc/u8x8_d_uc1609.c ****   U8X8_END()             			/* end of sequence */
  90:..\..\..\u8g2\u8g2\csrc/u8x8_d_uc1609.c **** };
  91:..\..\..\u8g2\u8g2\csrc/u8x8_d_uc1609.c **** 
  92:..\..\..\u8g2\u8g2\csrc/u8x8_d_uc1609.c **** static const uint8_t u8x8_d_uc1609_19264_flip0_seq[] = {
  93:..\..\..\u8g2\u8g2\csrc/u8x8_d_uc1609.c ****   U8X8_START_TRANSFER(),             	/* enable chip, delay is part of the transfer start */
  94:..\..\..\u8g2\u8g2\csrc/u8x8_d_uc1609.c ****   /*
  95:..\..\..\u8g2\u8g2\csrc/u8x8_d_uc1609.c ****     LC0:	0
  96:..\..\..\u8g2\u8g2\csrc/u8x8_d_uc1609.c ****     MX:	Mirror X
  97:..\..\..\u8g2\u8g2\csrc/u8x8_d_uc1609.c ****     MY:	Mirror Y
  98:..\..\..\u8g2\u8g2\csrc/u8x8_d_uc1609.c ****   */  
  99:..\..\..\u8g2\u8g2\csrc/u8x8_d_uc1609.c ****   U8X8_C(0x0c4),            			/* low bits are MY, MX, LC0 */
 100:..\..\..\u8g2\u8g2\csrc/u8x8_d_uc1609.c ****   U8X8_END_TRANSFER(),             	/* disable chip */
 101:..\..\..\u8g2\u8g2\csrc/u8x8_d_uc1609.c ****   U8X8_END()             			/* end of sequence */
 102:..\..\..\u8g2\u8g2\csrc/u8x8_d_uc1609.c **** };
 103:..\..\..\u8g2\u8g2\csrc/u8x8_d_uc1609.c **** 
 104:..\..\..\u8g2\u8g2\csrc/u8x8_d_uc1609.c **** static const uint8_t u8x8_d_uc1609_19264_flip1_seq[] = {
 105:..\..\..\u8g2\u8g2\csrc/u8x8_d_uc1609.c ****   U8X8_START_TRANSFER(),             	/* enable chip, delay is part of the transfer start */
 106:..\..\..\u8g2\u8g2\csrc/u8x8_d_uc1609.c ****   /*
 107:..\..\..\u8g2\u8g2\csrc/u8x8_d_uc1609.c ****     LC0:	0
 108:..\..\..\u8g2\u8g2\csrc/u8x8_d_uc1609.c ****     MX:	Mirror X
 109:..\..\..\u8g2\u8g2\csrc/u8x8_d_uc1609.c ****     MY:	Mirror Y
 110:..\..\..\u8g2\u8g2\csrc/u8x8_d_uc1609.c ****   */  
 111:..\..\..\u8g2\u8g2\csrc/u8x8_d_uc1609.c ****   U8X8_C(0x0c2),            			/* low bits are MY, MX, LC0 */
 112:..\..\..\u8g2\u8g2\csrc/u8x8_d_uc1609.c ****   U8X8_END_TRANSFER(),             	/* disable chip */
 113:..\..\..\u8g2\u8g2\csrc/u8x8_d_uc1609.c ****   U8X8_END()             			/* end of sequence */
 114:..\..\..\u8g2\u8g2\csrc/u8x8_d_uc1609.c **** };
 115:..\..\..\u8g2\u8g2\csrc/u8x8_d_uc1609.c **** 
 116:..\..\..\u8g2\u8g2\csrc/u8x8_d_uc1609.c **** 
 117:..\..\..\u8g2\u8g2\csrc/u8x8_d_uc1609.c **** static const u8x8_display_info_t u8x8_uc1609_19264_display_info =
 118:..\..\..\u8g2\u8g2\csrc/u8x8_d_uc1609.c **** {
 119:..\..\..\u8g2\u8g2\csrc/u8x8_d_uc1609.c ****   /* chip_enable_level = */ 0,
 120:..\..\..\u8g2\u8g2\csrc/u8x8_d_uc1609.c ****   /* chip_disable_level = */ 1,
 121:..\..\..\u8g2\u8g2\csrc/u8x8_d_uc1609.c ****   
 122:..\..\..\u8g2\u8g2\csrc/u8x8_d_uc1609.c ****   /* post_chip_enable_wait_ns = */ 15,
 123:..\..\..\u8g2\u8g2\csrc/u8x8_d_uc1609.c ****   /* pre_chip_disable_wait_ns = */ 15,
 124:..\..\..\u8g2\u8g2\csrc/u8x8_d_uc1609.c ****   /* reset_pulse_width_ms = */ 1, 
 125:..\..\..\u8g2\u8g2\csrc/u8x8_d_uc1609.c ****   /* post_reset_wait_ms = */ 6, 
 126:..\..\..\u8g2\u8g2\csrc/u8x8_d_uc1609.c ****   /* sda_setup_time_ns = */ 30,	
 127:..\..\..\u8g2\u8g2\csrc/u8x8_d_uc1609.c ****   /* sck_pulse_width_ns = */ 63,	/* half of cycle time (125ns cycle time according to datasheet) --
 128:..\..\..\u8g2\u8g2\csrc/u8x8_d_uc1609.c ****   /* sck_clock_hz = */ 8000000UL,	/* since Arduino 1.6.0, the SPI bus speed in Hz. Should be  10000
 129:..\..\..\u8g2\u8g2\csrc/u8x8_d_uc1609.c ****   /* spi_mode = */ 0,		/* active high, rising edge */
 130:..\..\..\u8g2\u8g2\csrc/u8x8_d_uc1609.c ****   /* i2c_bus_clock_100kHz = */ 4,
 131:..\..\..\u8g2\u8g2\csrc/u8x8_d_uc1609.c ****   /* data_setup_time_ns = */ 30,
 132:..\..\..\u8g2\u8g2\csrc/u8x8_d_uc1609.c ****   /* write_pulse_width_ns = */ 40,
 133:..\..\..\u8g2\u8g2\csrc/u8x8_d_uc1609.c ****   /* tile_width = */ 24,		
 134:..\..\..\u8g2\u8g2\csrc/u8x8_d_uc1609.c ****   /* tile_hight = */ 8,		
 135:..\..\..\u8g2\u8g2\csrc/u8x8_d_uc1609.c ****   /* default_x_offset = */ 0,
 136:..\..\..\u8g2\u8g2\csrc/u8x8_d_uc1609.c ****   /* flipmode_x_offset = */ 0,
 137:..\..\..\u8g2\u8g2\csrc/u8x8_d_uc1609.c ****   /* pixel_width = */ 192,
 138:..\..\..\u8g2\u8g2\csrc/u8x8_d_uc1609.c ****   /* pixel_height = */ 64
 139:..\..\..\u8g2\u8g2\csrc/u8x8_d_uc1609.c **** };
 140:..\..\..\u8g2\u8g2\csrc/u8x8_d_uc1609.c **** 
 141:..\..\..\u8g2\u8g2\csrc/u8x8_d_uc1609.c **** 
 142:..\..\..\u8g2\u8g2\csrc/u8x8_d_uc1609.c **** uint8_t u8x8_d_uc1609_slg19264(u8x8_t *u8x8, uint8_t msg, uint8_t arg_int, void *arg_ptr)
 143:..\..\..\u8g2\u8g2\csrc/u8x8_d_uc1609.c **** {
  28              		.loc 1 143 0
ARM GAS  C:\Users\jesse\AppData\Local\Temp\ccBPJICn.s 			page 4


  29              		.cfi_startproc
  30              		@ args = 0, pretend = 0, frame = 0
  31              		@ frame_needed = 0, uses_anonymous_args = 0
  32              	.LVL0:
 144:..\..\..\u8g2\u8g2\csrc/u8x8_d_uc1609.c ****   uint8_t x, c, page;
 145:..\..\..\u8g2\u8g2\csrc/u8x8_d_uc1609.c ****   uint8_t *ptr;
 146:..\..\..\u8g2\u8g2\csrc/u8x8_d_uc1609.c ****   switch(msg)
  33              		.loc 1 146 0
  34 0000 0939     		subs	r1, r1, #9
  35              	.LVL1:
 143:..\..\..\u8g2\u8g2\csrc/u8x8_d_uc1609.c ****   uint8_t x, c, page;
  36              		.loc 1 143 0
  37 0002 2DE9F041 		push	{r4, r5, r6, r7, r8, lr}
  38              		.cfi_def_cfa_offset 24
  39              		.cfi_offset 4, -24
  40              		.cfi_offset 5, -20
  41              		.cfi_offset 6, -16
  42              		.cfi_offset 7, -12
  43              		.cfi_offset 8, -8
  44              		.cfi_offset 14, -4
 143:..\..\..\u8g2\u8g2\csrc/u8x8_d_uc1609.c ****   uint8_t x, c, page;
  45              		.loc 1 143 0
  46 0006 0446     		mov	r4, r0
  47 0008 1546     		mov	r5, r2
  48 000a 1F46     		mov	r7, r3
  49              		.loc 1 146 0
  50 000c 0629     		cmp	r1, #6
  51 000e 5CD8     		bhi	.L13
  52 0010 DFE801F0 		tbb	[pc, r1]
  53              	.LVL2:
  54              	.L4:
  55 0014 04       		.byte	(.L3-.L4)/2
  56 0015 08       		.byte	(.L5-.L4)/2
  57 0016 0C       		.byte	(.L6-.L4)/2
  58 0017 5B       		.byte	(.L13-.L4)/2
  59 0018 14       		.byte	(.L7-.L4)/2
  60 0019 23       		.byte	(.L8-.L4)/2
  61 001a 33       		.byte	(.L9-.L4)/2
  62 001b 00       		.p2align 1
  63              	.L3:
 147:..\..\..\u8g2\u8g2\csrc/u8x8_d_uc1609.c ****   {
 148:..\..\..\u8g2\u8g2\csrc/u8x8_d_uc1609.c ****     case U8X8_MSG_DISPLAY_SETUP_MEMORY:
 149:..\..\..\u8g2\u8g2\csrc/u8x8_d_uc1609.c ****       u8x8_d_helper_display_setup_memory(u8x8, &u8x8_uc1609_19264_display_info);
  64              		.loc 1 149 0
  65 001c 2C49     		ldr	r1, .L20
  66 001e FFF7FEFF 		bl	u8x8_d_helper_display_setup_memory
  67              	.LVL3:
  68 0022 27E0     		b	.L15
  69              	.LVL4:
  70              	.L5:
 150:..\..\..\u8g2\u8g2\csrc/u8x8_d_uc1609.c ****       break;
 151:..\..\..\u8g2\u8g2\csrc/u8x8_d_uc1609.c ****     case U8X8_MSG_DISPLAY_INIT:
 152:..\..\..\u8g2\u8g2\csrc/u8x8_d_uc1609.c ****       u8x8_d_helper_display_init(u8x8);
  71              		.loc 1 152 0
  72 0024 FFF7FEFF 		bl	u8x8_d_helper_display_init
  73              	.LVL5:
 153:..\..\..\u8g2\u8g2\csrc/u8x8_d_uc1609.c ****       u8x8_cad_SendSequence(u8x8, u8x8_d_uc1609_19264_init_seq);
ARM GAS  C:\Users\jesse\AppData\Local\Temp\ccBPJICn.s 			page 5


  74              		.loc 1 153 0
  75 0028 2A49     		ldr	r1, .L20+4
  76 002a 03E0     		b	.L18
  77              	.LVL6:
  78              	.L6:
 154:..\..\..\u8g2\u8g2\csrc/u8x8_d_uc1609.c ****       break;
 155:..\..\..\u8g2\u8g2\csrc/u8x8_d_uc1609.c ****     case U8X8_MSG_DISPLAY_SET_POWER_SAVE:
 156:..\..\..\u8g2\u8g2\csrc/u8x8_d_uc1609.c ****       if ( arg_int == 0 )
  79              		.loc 1 156 0
  80 002c 0AB9     		cbnz	r2, .L10
 157:..\..\..\u8g2\u8g2\csrc/u8x8_d_uc1609.c **** 	u8x8_cad_SendSequence(u8x8, u8x8_d_uc1609_19264_powersave0_seq);
  81              		.loc 1 157 0
  82 002e 2A49     		ldr	r1, .L20+8
  83 0030 00E0     		b	.L18
  84              	.L10:
 158:..\..\..\u8g2\u8g2\csrc/u8x8_d_uc1609.c ****       else
 159:..\..\..\u8g2\u8g2\csrc/u8x8_d_uc1609.c **** 	u8x8_cad_SendSequence(u8x8, u8x8_d_uc1609_19264_powersave1_seq);
  85              		.loc 1 159 0
  86 0032 2A49     		ldr	r1, .L20+12
  87              	.LVL7:
  88              	.L18:
  89 0034 2046     		mov	r0, r4
  90 0036 FFF7FEFF 		bl	u8x8_cad_SendSequence
  91              	.LVL8:
  92 003a 1BE0     		b	.L15
  93              	.LVL9:
  94              	.L7:
 160:..\..\..\u8g2\u8g2\csrc/u8x8_d_uc1609.c ****       break;
 161:..\..\..\u8g2\u8g2\csrc/u8x8_d_uc1609.c ****     case U8X8_MSG_DISPLAY_SET_FLIP_MODE:
 162:..\..\..\u8g2\u8g2\csrc/u8x8_d_uc1609.c ****       if ( arg_int == 0 )
  95              		.loc 1 162 0
  96 003c 2AB9     		cbnz	r2, .L11
 163:..\..\..\u8g2\u8g2\csrc/u8x8_d_uc1609.c ****       {
 164:..\..\..\u8g2\u8g2\csrc/u8x8_d_uc1609.c **** 	u8x8_cad_SendSequence(u8x8, u8x8_d_uc1609_19264_flip0_seq);
  97              		.loc 1 164 0
  98 003e 2849     		ldr	r1, .L20+16
  99 0040 FFF7FEFF 		bl	u8x8_cad_SendSequence
 100              	.LVL10:
 165:..\..\..\u8g2\u8g2\csrc/u8x8_d_uc1609.c **** 	u8x8->x_offset = u8x8->display_info->default_x_offset;
 101              		.loc 1 165 0
 102 0044 2368     		ldr	r3, [r4]
 103 0046 9B7C     		ldrb	r3, [r3, #18]	@ zero_extendqisi2
 104 0048 04E0     		b	.L17
 105              	.LVL11:
 106              	.L11:
 166:..\..\..\u8g2\u8g2\csrc/u8x8_d_uc1609.c ****       }
 167:..\..\..\u8g2\u8g2\csrc/u8x8_d_uc1609.c ****       else
 168:..\..\..\u8g2\u8g2\csrc/u8x8_d_uc1609.c ****       {
 169:..\..\..\u8g2\u8g2\csrc/u8x8_d_uc1609.c **** 	u8x8_cad_SendSequence(u8x8, u8x8_d_uc1609_19264_flip1_seq);
 107              		.loc 1 169 0
 108 004a 2649     		ldr	r1, .L20+20
 109 004c FFF7FEFF 		bl	u8x8_cad_SendSequence
 110              	.LVL12:
 170:..\..\..\u8g2\u8g2\csrc/u8x8_d_uc1609.c **** 	u8x8->x_offset = u8x8->display_info->flipmode_x_offset;
 111              		.loc 1 170 0
 112 0050 2368     		ldr	r3, [r4]
 113 0052 DB7C     		ldrb	r3, [r3, #19]	@ zero_extendqisi2
ARM GAS  C:\Users\jesse\AppData\Local\Temp\ccBPJICn.s 			page 6


 114              	.L17:
 115 0054 84F82230 		strb	r3, [r4, #34]
 116 0058 0CE0     		b	.L15
 117              	.LVL13:
 118              	.L8:
 171:..\..\..\u8g2\u8g2\csrc/u8x8_d_uc1609.c ****       }	
 172:..\..\..\u8g2\u8g2\csrc/u8x8_d_uc1609.c ****       break;
 173:..\..\..\u8g2\u8g2\csrc/u8x8_d_uc1609.c **** #ifdef U8X8_WITH_SET_CONTRAST
 174:..\..\..\u8g2\u8g2\csrc/u8x8_d_uc1609.c ****     case U8X8_MSG_DISPLAY_SET_CONTRAST:
 175:..\..\..\u8g2\u8g2\csrc/u8x8_d_uc1609.c ****       u8x8_cad_StartTransfer(u8x8);
 119              		.loc 1 175 0
 120 005a FFF7FEFF 		bl	u8x8_cad_StartTransfer
 121              	.LVL14:
 176:..\..\..\u8g2\u8g2\csrc/u8x8_d_uc1609.c ****       u8x8_cad_SendCmd(u8x8, 0x081 );
 122              		.loc 1 176 0
 123 005e 8121     		movs	r1, #129
 124 0060 2046     		mov	r0, r4
 125 0062 FFF7FEFF 		bl	u8x8_cad_SendCmd
 126              	.LVL15:
 177:..\..\..\u8g2\u8g2\csrc/u8x8_d_uc1609.c ****       u8x8_cad_SendArg(u8x8, arg_int  );	/* uc1610 has range from 0 to 255 */
 127              		.loc 1 177 0
 128 0066 2946     		mov	r1, r5
 129 0068 2046     		mov	r0, r4
 130 006a FFF7FEFF 		bl	u8x8_cad_SendArg
 131              	.LVL16:
 132              	.L16:
 178:..\..\..\u8g2\u8g2\csrc/u8x8_d_uc1609.c ****       u8x8_cad_EndTransfer(u8x8);
 133              		.loc 1 178 0
 134 006e 2046     		mov	r0, r4
 135 0070 FFF7FEFF 		bl	u8x8_cad_EndTransfer
 136              	.LVL17:
 137              	.L15:
 179:..\..\..\u8g2\u8g2\csrc/u8x8_d_uc1609.c ****       break;
 180:..\..\..\u8g2\u8g2\csrc/u8x8_d_uc1609.c **** #endif
 181:..\..\..\u8g2\u8g2\csrc/u8x8_d_uc1609.c ****     case U8X8_MSG_DISPLAY_DRAW_TILE:
 182:..\..\..\u8g2\u8g2\csrc/u8x8_d_uc1609.c ****       u8x8_cad_StartTransfer(u8x8);
 183:..\..\..\u8g2\u8g2\csrc/u8x8_d_uc1609.c **** 
 184:..\..\..\u8g2\u8g2\csrc/u8x8_d_uc1609.c ****       x = ((u8x8_tile_t *)arg_ptr)->x_pos;
 185:..\..\..\u8g2\u8g2\csrc/u8x8_d_uc1609.c ****       x *= 8;
 186:..\..\..\u8g2\u8g2\csrc/u8x8_d_uc1609.c ****       x += u8x8->x_offset;
 187:..\..\..\u8g2\u8g2\csrc/u8x8_d_uc1609.c ****     
 188:..\..\..\u8g2\u8g2\csrc/u8x8_d_uc1609.c ****       page = (((u8x8_tile_t *)arg_ptr)->y_pos);
 189:..\..\..\u8g2\u8g2\csrc/u8x8_d_uc1609.c ****       
 190:..\..\..\u8g2\u8g2\csrc/u8x8_d_uc1609.c ****       u8x8_cad_SendCmd(u8x8, 0x010 | (x>>4) );
 191:..\..\..\u8g2\u8g2\csrc/u8x8_d_uc1609.c ****       u8x8_cad_SendCmd(u8x8, 0x000 | ((x&15)));
 192:..\..\..\u8g2\u8g2\csrc/u8x8_d_uc1609.c ****       u8x8_cad_SendCmd(u8x8, 0x0b0 | page);
 193:..\..\..\u8g2\u8g2\csrc/u8x8_d_uc1609.c **** 
 194:..\..\..\u8g2\u8g2\csrc/u8x8_d_uc1609.c ****       do
 195:..\..\..\u8g2\u8g2\csrc/u8x8_d_uc1609.c ****       {
 196:..\..\..\u8g2\u8g2\csrc/u8x8_d_uc1609.c **** 	c = ((u8x8_tile_t *)arg_ptr)->cnt;
 197:..\..\..\u8g2\u8g2\csrc/u8x8_d_uc1609.c **** 	ptr = ((u8x8_tile_t *)arg_ptr)->tile_ptr;
 198:..\..\..\u8g2\u8g2\csrc/u8x8_d_uc1609.c ****         u8x8_cad_SendData(u8x8, c*8, ptr);
 199:..\..\..\u8g2\u8g2\csrc/u8x8_d_uc1609.c **** 	arg_int--;
 200:..\..\..\u8g2\u8g2\csrc/u8x8_d_uc1609.c ****       } while( arg_int > 0 );
 201:..\..\..\u8g2\u8g2\csrc/u8x8_d_uc1609.c ****       u8x8_cad_EndTransfer(u8x8);
 202:..\..\..\u8g2\u8g2\csrc/u8x8_d_uc1609.c ****       
 203:..\..\..\u8g2\u8g2\csrc/u8x8_d_uc1609.c ****       break;
ARM GAS  C:\Users\jesse\AppData\Local\Temp\ccBPJICn.s 			page 7


 204:..\..\..\u8g2\u8g2\csrc/u8x8_d_uc1609.c ****     default:
 205:..\..\..\u8g2\u8g2\csrc/u8x8_d_uc1609.c ****       return 0;
 206:..\..\..\u8g2\u8g2\csrc/u8x8_d_uc1609.c ****   }
 207:..\..\..\u8g2\u8g2\csrc/u8x8_d_uc1609.c ****   return 1;
 138              		.loc 1 207 0
 139 0074 0120     		movs	r0, #1
 179:..\..\..\u8g2\u8g2\csrc/u8x8_d_uc1609.c ****       break;
 140              		.loc 1 179 0
 141 0076 BDE8F081 		pop	{r4, r5, r6, r7, r8, pc}
 142              	.LVL18:
 143              	.L9:
 182:..\..\..\u8g2\u8g2\csrc/u8x8_d_uc1609.c **** 
 144              		.loc 1 182 0
 145 007a FFF7FEFF 		bl	u8x8_cad_StartTransfer
 146              	.LVL19:
 186:..\..\..\u8g2\u8g2\csrc/u8x8_d_uc1609.c ****     
 147              		.loc 1 186 0
 148 007e 94F82230 		ldrb	r3, [r4, #34]	@ zero_extendqisi2
 184:..\..\..\u8g2\u8g2\csrc/u8x8_d_uc1609.c ****       x *= 8;
 149              		.loc 1 184 0
 150 0082 7E79     		ldrb	r6, [r7, #5]	@ zero_extendqisi2
 151              	.LVL20:
 188:..\..\..\u8g2\u8g2\csrc/u8x8_d_uc1609.c ****       
 152              		.loc 1 188 0
 153 0084 97F80680 		ldrb	r8, [r7, #6]	@ zero_extendqisi2
 186:..\..\..\u8g2\u8g2\csrc/u8x8_d_uc1609.c ****     
 154              		.loc 1 186 0
 155 0088 03EBC606 		add	r6, r3, r6, lsl #3
 156              	.LVL21:
 157 008c 06F0FF06 		and	r6, r6, #255
 158              	.LVL22:
 190:..\..\..\u8g2\u8g2\csrc/u8x8_d_uc1609.c ****       u8x8_cad_SendCmd(u8x8, 0x000 | ((x&15)));
 159              		.loc 1 190 0
 160 0090 3109     		lsrs	r1, r6, #4
 161 0092 41F01001 		orr	r1, r1, #16
 162 0096 2046     		mov	r0, r4
 163 0098 FFF7FEFF 		bl	u8x8_cad_SendCmd
 164              	.LVL23:
 191:..\..\..\u8g2\u8g2\csrc/u8x8_d_uc1609.c ****       u8x8_cad_SendCmd(u8x8, 0x0b0 | page);
 165              		.loc 1 191 0
 166 009c 06F00F01 		and	r1, r6, #15
 167 00a0 2046     		mov	r0, r4
 168 00a2 FFF7FEFF 		bl	u8x8_cad_SendCmd
 169              	.LVL24:
 192:..\..\..\u8g2\u8g2\csrc/u8x8_d_uc1609.c **** 
 170              		.loc 1 192 0
 171 00a6 48F0B001 		orr	r1, r8, #176
 172 00aa 2046     		mov	r0, r4
 173 00ac FFF7FEFF 		bl	u8x8_cad_SendCmd
 174              	.LVL25:
 175              	.L12:
 198:..\..\..\u8g2\u8g2\csrc/u8x8_d_uc1609.c **** 	arg_int--;
 176              		.loc 1 198 0 discriminator 1
 177 00b0 3979     		ldrb	r1, [r7, #4]	@ zero_extendqisi2
 178 00b2 3A68     		ldr	r2, [r7]
 179 00b4 C900     		lsls	r1, r1, #3
 180 00b6 01F0F801 		and	r1, r1, #248
ARM GAS  C:\Users\jesse\AppData\Local\Temp\ccBPJICn.s 			page 8


 181 00ba 2046     		mov	r0, r4
 199:..\..\..\u8g2\u8g2\csrc/u8x8_d_uc1609.c ****       } while( arg_int > 0 );
 182              		.loc 1 199 0 discriminator 1
 183 00bc 013D     		subs	r5, r5, #1
 184              	.LVL26:
 198:..\..\..\u8g2\u8g2\csrc/u8x8_d_uc1609.c **** 	arg_int--;
 185              		.loc 1 198 0 discriminator 1
 186 00be FFF7FEFF 		bl	u8x8_cad_SendData
 187              	.LVL27:
 200:..\..\..\u8g2\u8g2\csrc/u8x8_d_uc1609.c ****       u8x8_cad_EndTransfer(u8x8);
 188              		.loc 1 200 0 discriminator 1
 189 00c2 15F0FF05 		ands	r5, r5, #255
 190              	.LVL28:
 191 00c6 F3D1     		bne	.L12
 192 00c8 D1E7     		b	.L16
 193              	.LVL29:
 194              	.L13:
 205:..\..\..\u8g2\u8g2\csrc/u8x8_d_uc1609.c ****   }
 195              		.loc 1 205 0
 196 00ca 0020     		movs	r0, #0
 197              	.LVL30:
 208:..\..\..\u8g2\u8g2\csrc/u8x8_d_uc1609.c **** }
 198              		.loc 1 208 0
 199 00cc BDE8F081 		pop	{r4, r5, r6, r7, r8, pc}
 200              	.LVL31:
 201              	.L21:
 202              		.align	2
 203              	.L20:
 204 00d0 00000000 		.word	.LANCHOR0
 205 00d4 18000000 		.word	.LANCHOR0+24
 206 00d8 35000000 		.word	.LANCHOR0+53
 207 00dc 3A000000 		.word	.LANCHOR0+58
 208 00e0 3F000000 		.word	.LANCHOR0+63
 209 00e4 44000000 		.word	.LANCHOR0+68
 210              		.cfi_endproc
 211              	.LFE0:
 212              		.size	u8x8_d_uc1609_slg19264, .-u8x8_d_uc1609_slg19264
 213              		.section	.rodata
 214              		.align	2
 215              		.set	.LANCHOR0,. + 0
 216              		.type	u8x8_uc1609_19264_display_info, %object
 217              		.size	u8x8_uc1609_19264_display_info, 24
 218              	u8x8_uc1609_19264_display_info:
 219 0000 00       		.byte	0
 220 0001 01       		.byte	1
 221 0002 0F       		.byte	15
 222 0003 0F       		.byte	15
 223 0004 01       		.byte	1
 224 0005 06       		.byte	6
 225 0006 1E       		.byte	30
 226 0007 3F       		.byte	63
 227 0008 00127A00 		.word	8000000
 228 000c 00       		.byte	0
 229 000d 04       		.byte	4
 230 000e 1E       		.byte	30
 231 000f 28       		.byte	40
 232 0010 18       		.byte	24
ARM GAS  C:\Users\jesse\AppData\Local\Temp\ccBPJICn.s 			page 9


 233 0011 08       		.byte	8
 234 0012 00       		.byte	0
 235 0013 00       		.byte	0
 236 0014 C000     		.short	192
 237 0016 4000     		.short	64
 238              		.type	u8x8_d_uc1609_19264_init_seq, %object
 239              		.size	u8x8_d_uc1609_19264_init_seq, 29
 240              	u8x8_d_uc1609_19264_init_seq:
 241 0018 18       		.byte	24
 242 0019 15       		.byte	21
 243 001a F1       		.byte	-15
 244 001b 16       		.byte	22
 245 001c 3F       		.byte	63
 246 001d 15       		.byte	21
 247 001e C0       		.byte	-64
 248 001f 15       		.byte	21
 249 0020 40       		.byte	64
 250 0021 15       		.byte	21
 251 0022 2E       		.byte	46
 252 0023 15       		.byte	21
 253 0024 EB       		.byte	-21
 254 0025 15       		.byte	21
 255 0026 81       		.byte	-127
 256 0027 16       		.byte	22
 257 0028 8F       		.byte	-113
 258 0029 15       		.byte	21
 259 002a 88       		.byte	-120
 260 002b 15       		.byte	21
 261 002c A1       		.byte	-95
 262 002d 15       		.byte	21
 263 002e C4       		.byte	-60
 264 002f 15       		.byte	21
 265 0030 A6       		.byte	-90
 266 0031 15       		.byte	21
 267 0032 A4       		.byte	-92
 268 0033 19       		.byte	25
 269 0034 FF       		.byte	-1
 270              		.type	u8x8_d_uc1609_19264_powersave0_seq, %object
 271              		.size	u8x8_d_uc1609_19264_powersave0_seq, 5
 272              	u8x8_d_uc1609_19264_powersave0_seq:
 273 0035 18       		.byte	24
 274 0036 15       		.byte	21
 275 0037 AF       		.byte	-81
 276 0038 19       		.byte	25
 277 0039 FF       		.byte	-1
 278              		.type	u8x8_d_uc1609_19264_powersave1_seq, %object
 279              		.size	u8x8_d_uc1609_19264_powersave1_seq, 5
 280              	u8x8_d_uc1609_19264_powersave1_seq:
 281 003a 18       		.byte	24
 282 003b 15       		.byte	21
 283 003c AE       		.byte	-82
 284 003d 19       		.byte	25
 285 003e FF       		.byte	-1
 286              		.type	u8x8_d_uc1609_19264_flip0_seq, %object
 287              		.size	u8x8_d_uc1609_19264_flip0_seq, 5
 288              	u8x8_d_uc1609_19264_flip0_seq:
 289 003f 18       		.byte	24
ARM GAS  C:\Users\jesse\AppData\Local\Temp\ccBPJICn.s 			page 10


 290 0040 15       		.byte	21
 291 0041 C4       		.byte	-60
 292 0042 19       		.byte	25
 293 0043 FF       		.byte	-1
 294              		.type	u8x8_d_uc1609_19264_flip1_seq, %object
 295              		.size	u8x8_d_uc1609_19264_flip1_seq, 5
 296              	u8x8_d_uc1609_19264_flip1_seq:
 297 0044 18       		.byte	24
 298 0045 15       		.byte	21
 299 0046 C2       		.byte	-62
 300 0047 19       		.byte	25
 301 0048 FF       		.byte	-1
 302              		.text
 303              	.Letext0:
 304              		.file 2 "c:\\program files (x86)\\cypress\\psoc creator\\4.4\\psoc creator\\import\\gnu\\arm\\5.4.
 305              		.file 3 "c:\\program files (x86)\\cypress\\psoc creator\\4.4\\psoc creator\\import\\gnu\\arm\\5.4.
 306              		.file 4 "..\\..\\..\\u8g2\\u8g2\\csrc\\u8x8.h"
 307              		.section	.debug_info,"",%progbits
 308              	.Ldebug_info0:
 309 0000 40060000 		.4byte	0x640
 310 0004 0400     		.2byte	0x4
 311 0006 00000000 		.4byte	.Ldebug_abbrev0
 312 000a 04       		.byte	0x4
 313 000b 01       		.uleb128 0x1
 314 000c 53030000 		.4byte	.LASF84
 315 0010 0C       		.byte	0xc
 316 0011 3E020000 		.4byte	.LASF85
 317 0015 03040000 		.4byte	.LASF86
 318 0019 00000000 		.4byte	.Ldebug_ranges0+0
 319 001d 00000000 		.4byte	0
 320 0021 00000000 		.4byte	.Ldebug_line0
 321 0025 02       		.uleb128 0x2
 322 0026 01       		.byte	0x1
 323 0027 06       		.byte	0x6
 324 0028 B4020000 		.4byte	.LASF0
 325 002c 03       		.uleb128 0x3
 326 002d 66020000 		.4byte	.LASF3
 327 0031 02       		.byte	0x2
 328 0032 1D       		.byte	0x1d
 329 0033 37000000 		.4byte	0x37
 330 0037 02       		.uleb128 0x2
 331 0038 01       		.byte	0x1
 332 0039 08       		.byte	0x8
 333 003a A6020000 		.4byte	.LASF1
 334 003e 02       		.uleb128 0x2
 335 003f 02       		.byte	0x2
 336 0040 05       		.byte	0x5
 337 0041 93000000 		.4byte	.LASF2
 338 0045 03       		.uleb128 0x3
 339 0046 F3000000 		.4byte	.LASF4
 340 004a 02       		.byte	0x2
 341 004b 2B       		.byte	0x2b
 342 004c 50000000 		.4byte	0x50
 343 0050 02       		.uleb128 0x2
 344 0051 02       		.byte	0x2
 345 0052 07       		.byte	0x7
 346 0053 69040000 		.4byte	.LASF5
ARM GAS  C:\Users\jesse\AppData\Local\Temp\ccBPJICn.s 			page 11


 347 0057 02       		.uleb128 0x2
 348 0058 04       		.byte	0x4
 349 0059 05       		.byte	0x5
 350 005a 1A020000 		.4byte	.LASF6
 351 005e 03       		.uleb128 0x3
 352 005f E8000000 		.4byte	.LASF7
 353 0063 02       		.byte	0x2
 354 0064 41       		.byte	0x41
 355 0065 69000000 		.4byte	0x69
 356 0069 02       		.uleb128 0x2
 357 006a 04       		.byte	0x4
 358 006b 07       		.byte	0x7
 359 006c 32050000 		.4byte	.LASF8
 360 0070 02       		.uleb128 0x2
 361 0071 08       		.byte	0x8
 362 0072 05       		.byte	0x5
 363 0073 D7010000 		.4byte	.LASF9
 364 0077 02       		.uleb128 0x2
 365 0078 08       		.byte	0x8
 366 0079 07       		.byte	0x7
 367 007a C0020000 		.4byte	.LASF10
 368 007e 04       		.uleb128 0x4
 369 007f 04       		.byte	0x4
 370 0080 05       		.byte	0x5
 371 0081 696E7400 		.ascii	"int\000"
 372 0085 02       		.uleb128 0x2
 373 0086 04       		.byte	0x4
 374 0087 07       		.byte	0x7
 375 0088 F1020000 		.4byte	.LASF11
 376 008c 03       		.uleb128 0x3
 377 008d 30010000 		.4byte	.LASF12
 378 0091 03       		.byte	0x3
 379 0092 18       		.byte	0x18
 380 0093 2C000000 		.4byte	0x2c
 381 0097 03       		.uleb128 0x3
 382 0098 FE020000 		.4byte	.LASF13
 383 009c 03       		.byte	0x3
 384 009d 24       		.byte	0x24
 385 009e 45000000 		.4byte	0x45
 386 00a2 03       		.uleb128 0x3
 387 00a3 D7020000 		.4byte	.LASF14
 388 00a7 03       		.byte	0x3
 389 00a8 30       		.byte	0x30
 390 00a9 5E000000 		.4byte	0x5e
 391 00ad 05       		.uleb128 0x5
 392 00ae 04       		.byte	0x4
 393 00af 02       		.uleb128 0x2
 394 00b0 08       		.byte	0x8
 395 00b1 04       		.byte	0x4
 396 00b2 8E020000 		.4byte	.LASF15
 397 00b6 03       		.uleb128 0x3
 398 00b7 4C030000 		.4byte	.LASF16
 399 00bb 04       		.byte	0x4
 400 00bc D3       		.byte	0xd3
 401 00bd C1000000 		.4byte	0xc1
 402 00c1 06       		.uleb128 0x6
 403 00c2 0A050000 		.4byte	.LASF37
ARM GAS  C:\Users\jesse\AppData\Local\Temp\ccBPJICn.s 			page 12


 404 00c6 2C       		.byte	0x2c
 405 00c7 04       		.byte	0x4
 406 00c8 5601     		.2byte	0x156
 407 00ca C6010000 		.4byte	0x1c6
 408 00ce 07       		.uleb128 0x7
 409 00cf BB040000 		.4byte	.LASF17
 410 00d3 04       		.byte	0x4
 411 00d4 5801     		.2byte	0x158
 412 00d6 76030000 		.4byte	0x376
 413 00da 00       		.byte	0
 414 00db 07       		.uleb128 0x7
 415 00dc 23060000 		.4byte	.LASF18
 416 00e0 04       		.byte	0x4
 417 00e1 5901     		.2byte	0x159
 418 00e3 4B030000 		.4byte	0x34b
 419 00e7 04       		.byte	0x4
 420 00e8 07       		.uleb128 0x7
 421 00e9 70020000 		.4byte	.LASF19
 422 00ed 04       		.byte	0x4
 423 00ee 5A01     		.2byte	0x15a
 424 00f0 16030000 		.4byte	0x316
 425 00f4 08       		.byte	0x8
 426 00f5 07       		.uleb128 0x7
 427 00f6 B5050000 		.4byte	.LASF20
 428 00fa 04       		.byte	0x4
 429 00fb 5B01     		.2byte	0x15b
 430 00fd 16030000 		.4byte	0x316
 431 0101 0C       		.byte	0xc
 432 0102 07       		.uleb128 0x7
 433 0103 44050000 		.4byte	.LASF21
 434 0107 04       		.byte	0x4
 435 0108 5C01     		.2byte	0x15c
 436 010a 16030000 		.4byte	0x316
 437 010e 10       		.byte	0x10
 438 010f 07       		.uleb128 0x7
 439 0110 9D000000 		.4byte	.LASF22
 440 0114 04       		.byte	0x4
 441 0115 5D01     		.2byte	0x15d
 442 0117 16030000 		.4byte	0x316
 443 011b 14       		.byte	0x14
 444 011c 07       		.uleb128 0x7
 445 011d 90010000 		.4byte	.LASF23
 446 0121 04       		.byte	0x4
 447 0122 5E01     		.2byte	0x15e
 448 0124 A2000000 		.4byte	0xa2
 449 0128 18       		.byte	0x18
 450 0129 07       		.uleb128 0x7
 451 012a 7A000000 		.4byte	.LASF24
 452 012e 04       		.byte	0x4
 453 012f 5F01     		.2byte	0x15f
 454 0131 81030000 		.4byte	0x381
 455 0135 1C       		.byte	0x1c
 456 0136 07       		.uleb128 0x7
 457 0137 7D050000 		.4byte	.LASF25
 458 013b 04       		.byte	0x4
 459 013c 6001     		.2byte	0x160
 460 013e 97000000 		.4byte	0x97
ARM GAS  C:\Users\jesse\AppData\Local\Temp\ccBPJICn.s 			page 13


 461 0142 20       		.byte	0x20
 462 0143 07       		.uleb128 0x7
 463 0144 1B000000 		.4byte	.LASF26
 464 0148 04       		.byte	0x4
 465 0149 6101     		.2byte	0x161
 466 014b 8C000000 		.4byte	0x8c
 467 014f 22       		.byte	0x22
 468 0150 07       		.uleb128 0x7
 469 0151 24000000 		.4byte	.LASF27
 470 0155 04       		.byte	0x4
 471 0156 6201     		.2byte	0x162
 472 0158 8C000000 		.4byte	0x8c
 473 015c 23       		.byte	0x23
 474 015d 07       		.uleb128 0x7
 475 015e 5F050000 		.4byte	.LASF28
 476 0162 04       		.byte	0x4
 477 0163 6301     		.2byte	0x163
 478 0165 8C000000 		.4byte	0x8c
 479 0169 24       		.byte	0x24
 480 016a 07       		.uleb128 0x7
 481 016b 86050000 		.4byte	.LASF29
 482 016f 04       		.byte	0x4
 483 0170 6601     		.2byte	0x166
 484 0172 8C000000 		.4byte	0x8c
 485 0176 25       		.byte	0x25
 486 0177 07       		.uleb128 0x7
 487 0178 FF040000 		.4byte	.LASF30
 488 017c 04       		.byte	0x4
 489 017d 6801     		.2byte	0x168
 490 017f 8C000000 		.4byte	0x8c
 491 0183 26       		.byte	0x26
 492 0184 07       		.uleb128 0x7
 493 0185 E5010000 		.4byte	.LASF31
 494 0189 04       		.byte	0x4
 495 018a 6901     		.2byte	0x169
 496 018c 8C000000 		.4byte	0x8c
 497 0190 27       		.byte	0x27
 498 0191 07       		.uleb128 0x7
 499 0192 FC050000 		.4byte	.LASF32
 500 0196 04       		.byte	0x4
 501 0197 6A01     		.2byte	0x16a
 502 0199 8C000000 		.4byte	0x8c
 503 019d 28       		.byte	0x28
 504 019e 07       		.uleb128 0x7
 505 019f BF010000 		.4byte	.LASF33
 506 01a3 04       		.byte	0x4
 507 01a4 6B01     		.2byte	0x16b
 508 01a6 8C000000 		.4byte	0x8c
 509 01aa 29       		.byte	0x29
 510 01ab 07       		.uleb128 0x7
 511 01ac 89040000 		.4byte	.LASF34
 512 01b0 04       		.byte	0x4
 513 01b1 6C01     		.2byte	0x16c
 514 01b3 8C000000 		.4byte	0x8c
 515 01b7 2A       		.byte	0x2a
 516 01b8 07       		.uleb128 0x7
 517 01b9 7F000000 		.4byte	.LASF35
ARM GAS  C:\Users\jesse\AppData\Local\Temp\ccBPJICn.s 			page 14


 518 01bd 04       		.byte	0x4
 519 01be 6D01     		.2byte	0x16d
 520 01c0 8C000000 		.4byte	0x8c
 521 01c4 2B       		.byte	0x2b
 522 01c5 00       		.byte	0
 523 01c6 03       		.uleb128 0x3
 524 01c7 AB010000 		.4byte	.LASF36
 525 01cb 04       		.byte	0x4
 526 01cc D4       		.byte	0xd4
 527 01cd D1010000 		.4byte	0x1d1
 528 01d1 08       		.uleb128 0x8
 529 01d2 07030000 		.4byte	.LASF38
 530 01d6 18       		.byte	0x18
 531 01d7 04       		.byte	0x4
 532 01d8 ED       		.byte	0xed
 533 01d9 CE020000 		.4byte	0x2ce
 534 01dd 09       		.uleb128 0x9
 535 01de 68000000 		.4byte	.LASF39
 536 01e2 04       		.byte	0x4
 537 01e3 F1       		.byte	0xf1
 538 01e4 8C000000 		.4byte	0x8c
 539 01e8 00       		.byte	0
 540 01e9 09       		.uleb128 0x9
 541 01ea 4C050000 		.4byte	.LASF40
 542 01ee 04       		.byte	0x4
 543 01ef F2       		.byte	0xf2
 544 01f0 8C000000 		.4byte	0x8c
 545 01f4 01       		.byte	0x1
 546 01f5 09       		.uleb128 0x9
 547 01f6 38010000 		.4byte	.LASF41
 548 01fa 04       		.byte	0x4
 549 01fb F4       		.byte	0xf4
 550 01fc 8C000000 		.4byte	0x8c
 551 0200 02       		.byte	0x2
 552 0201 09       		.uleb128 0x9
 553 0202 4A060000 		.4byte	.LASF42
 554 0206 04       		.byte	0x4
 555 0207 F5       		.byte	0xf5
 556 0208 8C000000 		.4byte	0x8c
 557 020c 03       		.byte	0x3
 558 020d 09       		.uleb128 0x9
 559 020e 37030000 		.4byte	.LASF43
 560 0212 04       		.byte	0x4
 561 0213 F6       		.byte	0xf6
 562 0214 8C000000 		.4byte	0x8c
 563 0218 04       		.byte	0x4
 564 0219 09       		.uleb128 0x9
 565 021a D5000000 		.4byte	.LASF44
 566 021e 04       		.byte	0x4
 567 021f F7       		.byte	0xf7
 568 0220 8C000000 		.4byte	0x8c
 569 0224 05       		.byte	0x5
 570 0225 09       		.uleb128 0x9
 571 0226 C3000000 		.4byte	.LASF45
 572 022a 04       		.byte	0x4
 573 022b FE       		.byte	0xfe
 574 022c 8C000000 		.4byte	0x8c
ARM GAS  C:\Users\jesse\AppData\Local\Temp\ccBPJICn.s 			page 15


 575 0230 06       		.byte	0x6
 576 0231 07       		.uleb128 0x7
 577 0232 F1010000 		.4byte	.LASF46
 578 0236 04       		.byte	0x4
 579 0237 0201     		.2byte	0x102
 580 0239 8C000000 		.4byte	0x8c
 581 023d 07       		.byte	0x7
 582 023e 07       		.uleb128 0x7
 583 023f F6030000 		.4byte	.LASF47
 584 0243 04       		.byte	0x4
 585 0244 0501     		.2byte	0x105
 586 0246 A2000000 		.4byte	0xa2
 587 024a 08       		.byte	0x8
 588 024b 07       		.uleb128 0x7
 589 024c 57000000 		.4byte	.LASF48
 590 0250 04       		.byte	0x4
 591 0251 0F01     		.2byte	0x10f
 592 0253 8C000000 		.4byte	0x8c
 593 0257 0C       		.byte	0xc
 594 0258 07       		.uleb128 0x7
 595 0259 E1030000 		.4byte	.LASF49
 596 025d 04       		.byte	0x4
 597 025e 1201     		.2byte	0x112
 598 0260 8C000000 		.4byte	0x8c
 599 0264 0D       		.byte	0xd
 600 0265 07       		.uleb128 0x7
 601 0266 7B020000 		.4byte	.LASF50
 602 026a 04       		.byte	0x4
 603 026b 1801     		.2byte	0x118
 604 026d 8C000000 		.4byte	0x8c
 605 0271 0E       		.byte	0xe
 606 0272 07       		.uleb128 0x7
 607 0273 1B010000 		.4byte	.LASF51
 608 0277 04       		.byte	0x4
 609 0278 1A01     		.2byte	0x11a
 610 027a 8C000000 		.4byte	0x8c
 611 027e 0F       		.byte	0xf
 612 027f 07       		.uleb128 0x7
 613 0280 AF000000 		.4byte	.LASF52
 614 0284 04       		.byte	0x4
 615 0285 1D01     		.2byte	0x11d
 616 0287 8C000000 		.4byte	0x8c
 617 028b 10       		.byte	0x10
 618 028c 07       		.uleb128 0x7
 619 028d 9A020000 		.4byte	.LASF53
 620 0291 04       		.byte	0x4
 621 0292 1E01     		.2byte	0x11e
 622 0294 8C000000 		.4byte	0x8c
 623 0298 11       		.byte	0x11
 624 0299 07       		.uleb128 0x7
 625 029a 9A010000 		.4byte	.LASF54
 626 029e 04       		.byte	0x4
 627 029f 2001     		.2byte	0x120
 628 02a1 8C000000 		.4byte	0x8c
 629 02a5 12       		.byte	0x12
 630 02a6 07       		.uleb128 0x7
 631 02a7 6B050000 		.4byte	.LASF55
ARM GAS  C:\Users\jesse\AppData\Local\Temp\ccBPJICn.s 			page 16


 632 02ab 04       		.byte	0x4
 633 02ac 2101     		.2byte	0x121
 634 02ae 8C000000 		.4byte	0x8c
 635 02b2 13       		.byte	0x13
 636 02b3 07       		.uleb128 0x7
 637 02b4 F3040000 		.4byte	.LASF56
 638 02b8 04       		.byte	0x4
 639 02b9 2901     		.2byte	0x129
 640 02bb 97000000 		.4byte	0x97
 641 02bf 14       		.byte	0x14
 642 02c0 07       		.uleb128 0x7
 643 02c1 C8040000 		.4byte	.LASF57
 644 02c5 04       		.byte	0x4
 645 02c6 2A01     		.2byte	0x12a
 646 02c8 97000000 		.4byte	0x97
 647 02cc 16       		.byte	0x16
 648 02cd 00       		.byte	0
 649 02ce 03       		.uleb128 0x3
 650 02cf BC050000 		.4byte	.LASF58
 651 02d3 04       		.byte	0x4
 652 02d4 D5       		.byte	0xd5
 653 02d5 D9020000 		.4byte	0x2d9
 654 02d9 08       		.uleb128 0x8
 655 02da E0020000 		.4byte	.LASF59
 656 02de 08       		.byte	0x8
 657 02df 04       		.byte	0x4
 658 02e0 E4       		.byte	0xe4
 659 02e1 16030000 		.4byte	0x316
 660 02e5 09       		.uleb128 0x9
 661 02e6 56010000 		.4byte	.LASF60
 662 02ea 04       		.byte	0x4
 663 02eb E6       		.byte	0xe6
 664 02ec 70030000 		.4byte	0x370
 665 02f0 00       		.byte	0
 666 02f1 0A       		.uleb128 0xa
 667 02f2 636E7400 		.ascii	"cnt\000"
 668 02f6 04       		.byte	0x4
 669 02f7 E7       		.byte	0xe7
 670 02f8 8C000000 		.4byte	0x8c
 671 02fc 04       		.byte	0x4
 672 02fd 09       		.uleb128 0x9
 673 02fe 38020000 		.4byte	.LASF61
 674 0302 04       		.byte	0x4
 675 0303 E8       		.byte	0xe8
 676 0304 8C000000 		.4byte	0x8c
 677 0308 05       		.byte	0x5
 678 0309 09       		.uleb128 0x9
 679 030a 16050000 		.4byte	.LASF62
 680 030e 04       		.byte	0x4
 681 030f E9       		.byte	0xe9
 682 0310 8C000000 		.4byte	0x8c
 683 0314 06       		.byte	0x6
 684 0315 00       		.byte	0
 685 0316 03       		.uleb128 0x3
 686 0317 17060000 		.4byte	.LASF63
 687 031b 04       		.byte	0x4
 688 031c D7       		.byte	0xd7
ARM GAS  C:\Users\jesse\AppData\Local\Temp\ccBPJICn.s 			page 17


 689 031d 21030000 		.4byte	0x321
 690 0321 0B       		.uleb128 0xb
 691 0322 04       		.byte	0x4
 692 0323 27030000 		.4byte	0x327
 693 0327 0C       		.uleb128 0xc
 694 0328 8C000000 		.4byte	0x8c
 695 032c 45030000 		.4byte	0x345
 696 0330 0D       		.uleb128 0xd
 697 0331 45030000 		.4byte	0x345
 698 0335 0D       		.uleb128 0xd
 699 0336 8C000000 		.4byte	0x8c
 700 033a 0D       		.uleb128 0xd
 701 033b 8C000000 		.4byte	0x8c
 702 033f 0D       		.uleb128 0xd
 703 0340 AD000000 		.4byte	0xad
 704 0344 00       		.byte	0
 705 0345 0B       		.uleb128 0xb
 706 0346 04       		.byte	0x4
 707 0347 B6000000 		.4byte	0xb6
 708 034b 03       		.uleb128 0x3
 709 034c 7C040000 		.4byte	.LASF64
 710 0350 04       		.byte	0x4
 711 0351 D8       		.byte	0xd8
 712 0352 56030000 		.4byte	0x356
 713 0356 0B       		.uleb128 0xb
 714 0357 04       		.byte	0x4
 715 0358 5C030000 		.4byte	0x35c
 716 035c 0C       		.uleb128 0xc
 717 035d 97000000 		.4byte	0x97
 718 0361 70030000 		.4byte	0x370
 719 0365 0D       		.uleb128 0xd
 720 0366 45030000 		.4byte	0x345
 721 036a 0D       		.uleb128 0xd
 722 036b 8C000000 		.4byte	0x8c
 723 036f 00       		.byte	0
 724 0370 0B       		.uleb128 0xb
 725 0371 04       		.byte	0x4
 726 0372 8C000000 		.4byte	0x8c
 727 0376 0B       		.uleb128 0xb
 728 0377 04       		.byte	0x4
 729 0378 7C030000 		.4byte	0x37c
 730 037c 0E       		.uleb128 0xe
 731 037d C6010000 		.4byte	0x1c6
 732 0381 0B       		.uleb128 0xb
 733 0382 04       		.byte	0x4
 734 0383 87030000 		.4byte	0x387
 735 0387 0E       		.uleb128 0xe
 736 0388 8C000000 		.4byte	0x8c
 737 038c 0F       		.uleb128 0xf
 738 038d 67010000 		.4byte	.LASF87
 739 0391 01       		.byte	0x1
 740 0392 8E       		.byte	0x8e
 741 0393 8C000000 		.4byte	0x8c
 742 0397 00000000 		.4byte	.LFB0
 743 039b E8000000 		.4byte	.LFE0-.LFB0
 744 039f 01       		.uleb128 0x1
 745 03a0 9C       		.byte	0x9c
ARM GAS  C:\Users\jesse\AppData\Local\Temp\ccBPJICn.s 			page 18


 746 03a1 3D050000 		.4byte	0x53d
 747 03a5 10       		.uleb128 0x10
 748 03a6 51010000 		.4byte	.LASF65
 749 03aa 01       		.byte	0x1
 750 03ab 8E       		.byte	0x8e
 751 03ac 45030000 		.4byte	0x345
 752 03b0 00000000 		.4byte	.LLST0
 753 03b4 11       		.uleb128 0x11
 754 03b5 6D736700 		.ascii	"msg\000"
 755 03b9 01       		.byte	0x1
 756 03ba 8E       		.byte	0x8e
 757 03bb 8C000000 		.4byte	0x8c
 758 03bf C6000000 		.4byte	.LLST1
 759 03c3 10       		.uleb128 0x10
 760 03c4 5F010000 		.4byte	.LASF66
 761 03c8 01       		.byte	0x1
 762 03c9 8E       		.byte	0x8e
 763 03ca 8C000000 		.4byte	0x8c
 764 03ce E7000000 		.4byte	.LLST2
 765 03d2 10       		.uleb128 0x10
 766 03d3 60000000 		.4byte	.LASF67
 767 03d7 01       		.byte	0x1
 768 03d8 8E       		.byte	0x8e
 769 03d9 AD000000 		.4byte	0xad
 770 03dd BF010000 		.4byte	.LLST3
 771 03e1 12       		.uleb128 0x12
 772 03e2 7800     		.ascii	"x\000"
 773 03e4 01       		.byte	0x1
 774 03e5 90       		.byte	0x90
 775 03e6 8C000000 		.4byte	0x8c
 776 03ea EB010000 		.4byte	.LLST4
 777 03ee 12       		.uleb128 0x12
 778 03ef 6300     		.ascii	"c\000"
 779 03f1 01       		.byte	0x1
 780 03f2 90       		.byte	0x90
 781 03f3 8C000000 		.4byte	0x8c
 782 03f7 27020000 		.4byte	.LLST5
 783 03fb 13       		.uleb128 0x13
 784 03fc 15020000 		.4byte	.LASF68
 785 0400 01       		.byte	0x1
 786 0401 90       		.byte	0x90
 787 0402 8C000000 		.4byte	0x8c
 788 0406 3B020000 		.4byte	.LLST6
 789 040a 12       		.uleb128 0x12
 790 040b 70747200 		.ascii	"ptr\000"
 791 040f 01       		.byte	0x1
 792 0410 91       		.byte	0x91
 793 0411 70030000 		.4byte	0x370
 794 0415 4E020000 		.4byte	.LLST7
 795 0419 14       		.uleb128 0x14
 796 041a 22000000 		.4byte	.LVL3
 797 041e E3050000 		.4byte	0x5e3
 798 0422 30040000 		.4byte	0x430
 799 0426 15       		.uleb128 0x15
 800 0427 01       		.uleb128 0x1
 801 0428 51       		.byte	0x51
 802 0429 05       		.uleb128 0x5
ARM GAS  C:\Users\jesse\AppData\Local\Temp\ccBPJICn.s 			page 19


 803 042a 03       		.byte	0x3
 804 042b 00000000 		.4byte	.LANCHOR0
 805 042f 00       		.byte	0
 806 0430 16       		.uleb128 0x16
 807 0431 28000000 		.4byte	.LVL5
 808 0435 EF050000 		.4byte	0x5ef
 809 0439 14       		.uleb128 0x14
 810 043a 3A000000 		.4byte	.LVL8
 811 043e FB050000 		.4byte	0x5fb
 812 0442 4D040000 		.4byte	0x44d
 813 0446 15       		.uleb128 0x15
 814 0447 01       		.uleb128 0x1
 815 0448 50       		.byte	0x50
 816 0449 02       		.uleb128 0x2
 817 044a 74       		.byte	0x74
 818 044b 00       		.sleb128 0
 819 044c 00       		.byte	0
 820 044d 14       		.uleb128 0x14
 821 044e 44000000 		.4byte	.LVL10
 822 0452 FB050000 		.4byte	0x5fb
 823 0456 64040000 		.4byte	0x464
 824 045a 15       		.uleb128 0x15
 825 045b 01       		.uleb128 0x1
 826 045c 51       		.byte	0x51
 827 045d 05       		.uleb128 0x5
 828 045e 03       		.byte	0x3
 829 045f 3F000000 		.4byte	.LANCHOR0+63
 830 0463 00       		.byte	0
 831 0464 14       		.uleb128 0x14
 832 0465 50000000 		.4byte	.LVL12
 833 0469 FB050000 		.4byte	0x5fb
 834 046d 7B040000 		.4byte	0x47b
 835 0471 15       		.uleb128 0x15
 836 0472 01       		.uleb128 0x1
 837 0473 51       		.byte	0x51
 838 0474 05       		.uleb128 0x5
 839 0475 03       		.byte	0x3
 840 0476 44000000 		.4byte	.LANCHOR0+68
 841 047a 00       		.byte	0
 842 047b 16       		.uleb128 0x16
 843 047c 5E000000 		.4byte	.LVL14
 844 0480 07060000 		.4byte	0x607
 845 0484 14       		.uleb128 0x14
 846 0485 66000000 		.4byte	.LVL15
 847 0489 13060000 		.4byte	0x613
 848 048d 9E040000 		.4byte	0x49e
 849 0491 15       		.uleb128 0x15
 850 0492 01       		.uleb128 0x1
 851 0493 50       		.byte	0x50
 852 0494 02       		.uleb128 0x2
 853 0495 74       		.byte	0x74
 854 0496 00       		.sleb128 0
 855 0497 15       		.uleb128 0x15
 856 0498 01       		.uleb128 0x1
 857 0499 51       		.byte	0x51
 858 049a 02       		.uleb128 0x2
 859 049b 09       		.byte	0x9
ARM GAS  C:\Users\jesse\AppData\Local\Temp\ccBPJICn.s 			page 20


 860 049c 81       		.byte	0x81
 861 049d 00       		.byte	0
 862 049e 14       		.uleb128 0x14
 863 049f 6E000000 		.4byte	.LVL16
 864 04a3 1F060000 		.4byte	0x61f
 865 04a7 B8040000 		.4byte	0x4b8
 866 04ab 15       		.uleb128 0x15
 867 04ac 01       		.uleb128 0x1
 868 04ad 50       		.byte	0x50
 869 04ae 02       		.uleb128 0x2
 870 04af 74       		.byte	0x74
 871 04b0 00       		.sleb128 0
 872 04b1 15       		.uleb128 0x15
 873 04b2 01       		.uleb128 0x1
 874 04b3 51       		.byte	0x51
 875 04b4 02       		.uleb128 0x2
 876 04b5 75       		.byte	0x75
 877 04b6 00       		.sleb128 0
 878 04b7 00       		.byte	0
 879 04b8 14       		.uleb128 0x14
 880 04b9 74000000 		.4byte	.LVL17
 881 04bd 2B060000 		.4byte	0x62b
 882 04c1 CC040000 		.4byte	0x4cc
 883 04c5 15       		.uleb128 0x15
 884 04c6 01       		.uleb128 0x1
 885 04c7 50       		.byte	0x50
 886 04c8 02       		.uleb128 0x2
 887 04c9 74       		.byte	0x74
 888 04ca 00       		.sleb128 0
 889 04cb 00       		.byte	0
 890 04cc 16       		.uleb128 0x16
 891 04cd 7E000000 		.4byte	.LVL19
 892 04d1 07060000 		.4byte	0x607
 893 04d5 14       		.uleb128 0x14
 894 04d6 9C000000 		.4byte	.LVL23
 895 04da 13060000 		.4byte	0x613
 896 04de F3040000 		.4byte	0x4f3
 897 04e2 15       		.uleb128 0x15
 898 04e3 01       		.uleb128 0x1
 899 04e4 50       		.byte	0x50
 900 04e5 02       		.uleb128 0x2
 901 04e6 74       		.byte	0x74
 902 04e7 00       		.sleb128 0
 903 04e8 15       		.uleb128 0x15
 904 04e9 01       		.uleb128 0x1
 905 04ea 51       		.byte	0x51
 906 04eb 06       		.uleb128 0x6
 907 04ec 76       		.byte	0x76
 908 04ed 00       		.sleb128 0
 909 04ee 34       		.byte	0x34
 910 04ef 25       		.byte	0x25
 911 04f0 40       		.byte	0x40
 912 04f1 21       		.byte	0x21
 913 04f2 00       		.byte	0
 914 04f3 14       		.uleb128 0x14
 915 04f4 A6000000 		.4byte	.LVL24
 916 04f8 13060000 		.4byte	0x613
ARM GAS  C:\Users\jesse\AppData\Local\Temp\ccBPJICn.s 			page 21


 917 04fc 0F050000 		.4byte	0x50f
 918 0500 15       		.uleb128 0x15
 919 0501 01       		.uleb128 0x1
 920 0502 50       		.byte	0x50
 921 0503 02       		.uleb128 0x2
 922 0504 74       		.byte	0x74
 923 0505 00       		.sleb128 0
 924 0506 15       		.uleb128 0x15
 925 0507 01       		.uleb128 0x1
 926 0508 51       		.byte	0x51
 927 0509 04       		.uleb128 0x4
 928 050a 76       		.byte	0x76
 929 050b 00       		.sleb128 0
 930 050c 3F       		.byte	0x3f
 931 050d 1A       		.byte	0x1a
 932 050e 00       		.byte	0
 933 050f 14       		.uleb128 0x14
 934 0510 B0000000 		.4byte	.LVL25
 935 0514 13060000 		.4byte	0x613
 936 0518 2C050000 		.4byte	0x52c
 937 051c 15       		.uleb128 0x15
 938 051d 01       		.uleb128 0x1
 939 051e 50       		.byte	0x50
 940 051f 02       		.uleb128 0x2
 941 0520 74       		.byte	0x74
 942 0521 00       		.sleb128 0
 943 0522 15       		.uleb128 0x15
 944 0523 01       		.uleb128 0x1
 945 0524 51       		.byte	0x51
 946 0525 05       		.uleb128 0x5
 947 0526 78       		.byte	0x78
 948 0527 00       		.sleb128 0
 949 0528 08       		.byte	0x8
 950 0529 B0       		.byte	0xb0
 951 052a 21       		.byte	0x21
 952 052b 00       		.byte	0
 953 052c 17       		.uleb128 0x17
 954 052d C2000000 		.4byte	.LVL27
 955 0531 37060000 		.4byte	0x637
 956 0535 15       		.uleb128 0x15
 957 0536 01       		.uleb128 0x1
 958 0537 50       		.byte	0x50
 959 0538 02       		.uleb128 0x2
 960 0539 74       		.byte	0x74
 961 053a 00       		.sleb128 0
 962 053b 00       		.byte	0
 963 053c 00       		.byte	0
 964 053d 18       		.uleb128 0x18
 965 053e 87030000 		.4byte	0x387
 966 0542 4D050000 		.4byte	0x54d
 967 0546 19       		.uleb128 0x19
 968 0547 4D050000 		.4byte	0x54d
 969 054b 1C       		.byte	0x1c
 970 054c 00       		.byte	0
 971 054d 02       		.uleb128 0x2
 972 054e 04       		.byte	0x4
 973 054f 07       		.byte	0x7
ARM GAS  C:\Users\jesse\AppData\Local\Temp\ccBPJICn.s 			page 22


 974 0550 BA000000 		.4byte	.LASF69
 975 0554 1A       		.uleb128 0x1a
 976 0555 FE000000 		.4byte	.LASF70
 977 0559 01       		.byte	0x1
 978 055a 2C       		.byte	0x2c
 979 055b 65050000 		.4byte	0x565
 980 055f 05       		.uleb128 0x5
 981 0560 03       		.byte	0x3
 982 0561 18000000 		.4byte	u8x8_d_uc1609_19264_init_seq
 983 0565 0E       		.uleb128 0xe
 984 0566 3D050000 		.4byte	0x53d
 985 056a 18       		.uleb128 0x18
 986 056b 87030000 		.4byte	0x387
 987 056f 7A050000 		.4byte	0x57a
 988 0573 19       		.uleb128 0x19
 989 0574 4D050000 		.4byte	0x54d
 990 0578 04       		.byte	0x4
 991 0579 00       		.byte	0
 992 057a 1A       		.uleb128 0x1a
 993 057b C8050000 		.4byte	.LASF71
 994 057f 01       		.byte	0x1
 995 0580 4E       		.byte	0x4e
 996 0581 8B050000 		.4byte	0x58b
 997 0585 05       		.uleb128 0x5
 998 0586 03       		.byte	0x3
 999 0587 35000000 		.4byte	u8x8_d_uc1609_19264_powersave0_seq
 1000 058b 0E       		.uleb128 0xe
 1001 058c 6A050000 		.4byte	0x56a
 1002 0590 1A       		.uleb128 0x1a
 1003 0591 98040000 		.4byte	.LASF72
 1004 0595 01       		.byte	0x1
 1005 0596 55       		.byte	0x55
 1006 0597 A1050000 		.4byte	0x5a1
 1007 059b 05       		.uleb128 0x5
 1008 059c 03       		.byte	0x3
 1009 059d 3A000000 		.4byte	u8x8_d_uc1609_19264_powersave1_seq
 1010 05a1 0E       		.uleb128 0xe
 1011 05a2 6A050000 		.4byte	0x56a
 1012 05a6 1A       		.uleb128 0x1a
 1013 05a7 D5040000 		.4byte	.LASF73
 1014 05ab 01       		.byte	0x1
 1015 05ac 5C       		.byte	0x5c
 1016 05ad B7050000 		.4byte	0x5b7
 1017 05b1 05       		.uleb128 0x5
 1018 05b2 03       		.byte	0x3
 1019 05b3 3F000000 		.4byte	u8x8_d_uc1609_19264_flip0_seq
 1020 05b7 0E       		.uleb128 0xe
 1021 05b8 6A050000 		.4byte	0x56a
 1022 05bc 1A       		.uleb128 0x1a
 1023 05bd 39000000 		.4byte	.LASF74
 1024 05c1 01       		.byte	0x1
 1025 05c2 68       		.byte	0x68
 1026 05c3 CD050000 		.4byte	0x5cd
 1027 05c7 05       		.uleb128 0x5
 1028 05c8 03       		.byte	0x3
 1029 05c9 44000000 		.4byte	u8x8_d_uc1609_19264_flip1_seq
 1030 05cd 0E       		.uleb128 0xe
ARM GAS  C:\Users\jesse\AppData\Local\Temp\ccBPJICn.s 			page 23


 1031 05ce 6A050000 		.4byte	0x56a
 1032 05d2 1A       		.uleb128 0x1a
 1033 05d3 2B060000 		.4byte	.LASF75
 1034 05d7 01       		.byte	0x1
 1035 05d8 75       		.byte	0x75
 1036 05d9 7C030000 		.4byte	0x37c
 1037 05dd 05       		.uleb128 0x5
 1038 05de 03       		.byte	0x3
 1039 05df 00000000 		.4byte	u8x8_uc1609_19264_display_info
 1040 05e3 1B       		.uleb128 0x1b
 1041 05e4 92050000 		.4byte	.LASF76
 1042 05e8 92050000 		.4byte	.LASF76
 1043 05ec 04       		.byte	0x4
 1044 05ed B401     		.2byte	0x1b4
 1045 05ef 1B       		.uleb128 0x1b
 1046 05f0 00000000 		.4byte	.LASF77
 1047 05f4 00000000 		.4byte	.LASF77
 1048 05f8 04       		.byte	0x4
 1049 05f9 B501     		.2byte	0x1b5
 1050 05fb 1B       		.uleb128 0x1b
 1051 05fc 1C050000 		.4byte	.LASF78
 1052 0600 1C050000 		.4byte	.LASF78
 1053 0604 04       		.byte	0x4
 1054 0605 9102     		.2byte	0x291
 1055 0607 1B       		.uleb128 0x1b
 1056 0608 20030000 		.4byte	.LASF79
 1057 060c 20030000 		.4byte	.LASF79
 1058 0610 04       		.byte	0x4
 1059 0611 7102     		.2byte	0x271
 1060 0613 1B       		.uleb128 0x1b
 1061 0614 04020000 		.4byte	.LASF80
 1062 0618 04020000 		.4byte	.LASF80
 1063 061c 04       		.byte	0x4
 1064 061d 6D02     		.2byte	0x26d
 1065 061f 1B       		.uleb128 0x1b
 1066 0620 EB050000 		.4byte	.LASF81
 1067 0624 EB050000 		.4byte	.LASF81
 1068 0628 04       		.byte	0x4
 1069 0629 6E02     		.2byte	0x26e
 1070 062b 1B       		.uleb128 0x1b
 1071 062c 23020000 		.4byte	.LASF82
 1072 0630 23020000 		.4byte	.LASF82
 1073 0634 04       		.byte	0x4
 1074 0635 7202     		.2byte	0x272
 1075 0637 1B       		.uleb128 0x1b
 1076 0638 7E010000 		.4byte	.LASF83
 1077 063c 7E010000 		.4byte	.LASF83
 1078 0640 04       		.byte	0x4
 1079 0641 7002     		.2byte	0x270
 1080 0643 00       		.byte	0
 1081              		.section	.debug_abbrev,"",%progbits
 1082              	.Ldebug_abbrev0:
 1083 0000 01       		.uleb128 0x1
 1084 0001 11       		.uleb128 0x11
 1085 0002 01       		.byte	0x1
 1086 0003 25       		.uleb128 0x25
 1087 0004 0E       		.uleb128 0xe
ARM GAS  C:\Users\jesse\AppData\Local\Temp\ccBPJICn.s 			page 24


 1088 0005 13       		.uleb128 0x13
 1089 0006 0B       		.uleb128 0xb
 1090 0007 03       		.uleb128 0x3
 1091 0008 0E       		.uleb128 0xe
 1092 0009 1B       		.uleb128 0x1b
 1093 000a 0E       		.uleb128 0xe
 1094 000b 55       		.uleb128 0x55
 1095 000c 17       		.uleb128 0x17
 1096 000d 11       		.uleb128 0x11
 1097 000e 01       		.uleb128 0x1
 1098 000f 10       		.uleb128 0x10
 1099 0010 17       		.uleb128 0x17
 1100 0011 00       		.byte	0
 1101 0012 00       		.byte	0
 1102 0013 02       		.uleb128 0x2
 1103 0014 24       		.uleb128 0x24
 1104 0015 00       		.byte	0
 1105 0016 0B       		.uleb128 0xb
 1106 0017 0B       		.uleb128 0xb
 1107 0018 3E       		.uleb128 0x3e
 1108 0019 0B       		.uleb128 0xb
 1109 001a 03       		.uleb128 0x3
 1110 001b 0E       		.uleb128 0xe
 1111 001c 00       		.byte	0
 1112 001d 00       		.byte	0
 1113 001e 03       		.uleb128 0x3
 1114 001f 16       		.uleb128 0x16
 1115 0020 00       		.byte	0
 1116 0021 03       		.uleb128 0x3
 1117 0022 0E       		.uleb128 0xe
 1118 0023 3A       		.uleb128 0x3a
 1119 0024 0B       		.uleb128 0xb
 1120 0025 3B       		.uleb128 0x3b
 1121 0026 0B       		.uleb128 0xb
 1122 0027 49       		.uleb128 0x49
 1123 0028 13       		.uleb128 0x13
 1124 0029 00       		.byte	0
 1125 002a 00       		.byte	0
 1126 002b 04       		.uleb128 0x4
 1127 002c 24       		.uleb128 0x24
 1128 002d 00       		.byte	0
 1129 002e 0B       		.uleb128 0xb
 1130 002f 0B       		.uleb128 0xb
 1131 0030 3E       		.uleb128 0x3e
 1132 0031 0B       		.uleb128 0xb
 1133 0032 03       		.uleb128 0x3
 1134 0033 08       		.uleb128 0x8
 1135 0034 00       		.byte	0
 1136 0035 00       		.byte	0
 1137 0036 05       		.uleb128 0x5
 1138 0037 0F       		.uleb128 0xf
 1139 0038 00       		.byte	0
 1140 0039 0B       		.uleb128 0xb
 1141 003a 0B       		.uleb128 0xb
 1142 003b 00       		.byte	0
 1143 003c 00       		.byte	0
 1144 003d 06       		.uleb128 0x6
ARM GAS  C:\Users\jesse\AppData\Local\Temp\ccBPJICn.s 			page 25


 1145 003e 13       		.uleb128 0x13
 1146 003f 01       		.byte	0x1
 1147 0040 03       		.uleb128 0x3
 1148 0041 0E       		.uleb128 0xe
 1149 0042 0B       		.uleb128 0xb
 1150 0043 0B       		.uleb128 0xb
 1151 0044 3A       		.uleb128 0x3a
 1152 0045 0B       		.uleb128 0xb
 1153 0046 3B       		.uleb128 0x3b
 1154 0047 05       		.uleb128 0x5
 1155 0048 01       		.uleb128 0x1
 1156 0049 13       		.uleb128 0x13
 1157 004a 00       		.byte	0
 1158 004b 00       		.byte	0
 1159 004c 07       		.uleb128 0x7
 1160 004d 0D       		.uleb128 0xd
 1161 004e 00       		.byte	0
 1162 004f 03       		.uleb128 0x3
 1163 0050 0E       		.uleb128 0xe
 1164 0051 3A       		.uleb128 0x3a
 1165 0052 0B       		.uleb128 0xb
 1166 0053 3B       		.uleb128 0x3b
 1167 0054 05       		.uleb128 0x5
 1168 0055 49       		.uleb128 0x49
 1169 0056 13       		.uleb128 0x13
 1170 0057 38       		.uleb128 0x38
 1171 0058 0B       		.uleb128 0xb
 1172 0059 00       		.byte	0
 1173 005a 00       		.byte	0
 1174 005b 08       		.uleb128 0x8
 1175 005c 13       		.uleb128 0x13
 1176 005d 01       		.byte	0x1
 1177 005e 03       		.uleb128 0x3
 1178 005f 0E       		.uleb128 0xe
 1179 0060 0B       		.uleb128 0xb
 1180 0061 0B       		.uleb128 0xb
 1181 0062 3A       		.uleb128 0x3a
 1182 0063 0B       		.uleb128 0xb
 1183 0064 3B       		.uleb128 0x3b
 1184 0065 0B       		.uleb128 0xb
 1185 0066 01       		.uleb128 0x1
 1186 0067 13       		.uleb128 0x13
 1187 0068 00       		.byte	0
 1188 0069 00       		.byte	0
 1189 006a 09       		.uleb128 0x9
 1190 006b 0D       		.uleb128 0xd
 1191 006c 00       		.byte	0
 1192 006d 03       		.uleb128 0x3
 1193 006e 0E       		.uleb128 0xe
 1194 006f 3A       		.uleb128 0x3a
 1195 0070 0B       		.uleb128 0xb
 1196 0071 3B       		.uleb128 0x3b
 1197 0072 0B       		.uleb128 0xb
 1198 0073 49       		.uleb128 0x49
 1199 0074 13       		.uleb128 0x13
 1200 0075 38       		.uleb128 0x38
 1201 0076 0B       		.uleb128 0xb
ARM GAS  C:\Users\jesse\AppData\Local\Temp\ccBPJICn.s 			page 26


 1202 0077 00       		.byte	0
 1203 0078 00       		.byte	0
 1204 0079 0A       		.uleb128 0xa
 1205 007a 0D       		.uleb128 0xd
 1206 007b 00       		.byte	0
 1207 007c 03       		.uleb128 0x3
 1208 007d 08       		.uleb128 0x8
 1209 007e 3A       		.uleb128 0x3a
 1210 007f 0B       		.uleb128 0xb
 1211 0080 3B       		.uleb128 0x3b
 1212 0081 0B       		.uleb128 0xb
 1213 0082 49       		.uleb128 0x49
 1214 0083 13       		.uleb128 0x13
 1215 0084 38       		.uleb128 0x38
 1216 0085 0B       		.uleb128 0xb
 1217 0086 00       		.byte	0
 1218 0087 00       		.byte	0
 1219 0088 0B       		.uleb128 0xb
 1220 0089 0F       		.uleb128 0xf
 1221 008a 00       		.byte	0
 1222 008b 0B       		.uleb128 0xb
 1223 008c 0B       		.uleb128 0xb
 1224 008d 49       		.uleb128 0x49
 1225 008e 13       		.uleb128 0x13
 1226 008f 00       		.byte	0
 1227 0090 00       		.byte	0
 1228 0091 0C       		.uleb128 0xc
 1229 0092 15       		.uleb128 0x15
 1230 0093 01       		.byte	0x1
 1231 0094 27       		.uleb128 0x27
 1232 0095 19       		.uleb128 0x19
 1233 0096 49       		.uleb128 0x49
 1234 0097 13       		.uleb128 0x13
 1235 0098 01       		.uleb128 0x1
 1236 0099 13       		.uleb128 0x13
 1237 009a 00       		.byte	0
 1238 009b 00       		.byte	0
 1239 009c 0D       		.uleb128 0xd
 1240 009d 05       		.uleb128 0x5
 1241 009e 00       		.byte	0
 1242 009f 49       		.uleb128 0x49
 1243 00a0 13       		.uleb128 0x13
 1244 00a1 00       		.byte	0
 1245 00a2 00       		.byte	0
 1246 00a3 0E       		.uleb128 0xe
 1247 00a4 26       		.uleb128 0x26
 1248 00a5 00       		.byte	0
 1249 00a6 49       		.uleb128 0x49
 1250 00a7 13       		.uleb128 0x13
 1251 00a8 00       		.byte	0
 1252 00a9 00       		.byte	0
 1253 00aa 0F       		.uleb128 0xf
 1254 00ab 2E       		.uleb128 0x2e
 1255 00ac 01       		.byte	0x1
 1256 00ad 3F       		.uleb128 0x3f
 1257 00ae 19       		.uleb128 0x19
 1258 00af 03       		.uleb128 0x3
ARM GAS  C:\Users\jesse\AppData\Local\Temp\ccBPJICn.s 			page 27


 1259 00b0 0E       		.uleb128 0xe
 1260 00b1 3A       		.uleb128 0x3a
 1261 00b2 0B       		.uleb128 0xb
 1262 00b3 3B       		.uleb128 0x3b
 1263 00b4 0B       		.uleb128 0xb
 1264 00b5 27       		.uleb128 0x27
 1265 00b6 19       		.uleb128 0x19
 1266 00b7 49       		.uleb128 0x49
 1267 00b8 13       		.uleb128 0x13
 1268 00b9 11       		.uleb128 0x11
 1269 00ba 01       		.uleb128 0x1
 1270 00bb 12       		.uleb128 0x12
 1271 00bc 06       		.uleb128 0x6
 1272 00bd 40       		.uleb128 0x40
 1273 00be 18       		.uleb128 0x18
 1274 00bf 9742     		.uleb128 0x2117
 1275 00c1 19       		.uleb128 0x19
 1276 00c2 01       		.uleb128 0x1
 1277 00c3 13       		.uleb128 0x13
 1278 00c4 00       		.byte	0
 1279 00c5 00       		.byte	0
 1280 00c6 10       		.uleb128 0x10
 1281 00c7 05       		.uleb128 0x5
 1282 00c8 00       		.byte	0
 1283 00c9 03       		.uleb128 0x3
 1284 00ca 0E       		.uleb128 0xe
 1285 00cb 3A       		.uleb128 0x3a
 1286 00cc 0B       		.uleb128 0xb
 1287 00cd 3B       		.uleb128 0x3b
 1288 00ce 0B       		.uleb128 0xb
 1289 00cf 49       		.uleb128 0x49
 1290 00d0 13       		.uleb128 0x13
 1291 00d1 02       		.uleb128 0x2
 1292 00d2 17       		.uleb128 0x17
 1293 00d3 00       		.byte	0
 1294 00d4 00       		.byte	0
 1295 00d5 11       		.uleb128 0x11
 1296 00d6 05       		.uleb128 0x5
 1297 00d7 00       		.byte	0
 1298 00d8 03       		.uleb128 0x3
 1299 00d9 08       		.uleb128 0x8
 1300 00da 3A       		.uleb128 0x3a
 1301 00db 0B       		.uleb128 0xb
 1302 00dc 3B       		.uleb128 0x3b
 1303 00dd 0B       		.uleb128 0xb
 1304 00de 49       		.uleb128 0x49
 1305 00df 13       		.uleb128 0x13
 1306 00e0 02       		.uleb128 0x2
 1307 00e1 17       		.uleb128 0x17
 1308 00e2 00       		.byte	0
 1309 00e3 00       		.byte	0
 1310 00e4 12       		.uleb128 0x12
 1311 00e5 34       		.uleb128 0x34
 1312 00e6 00       		.byte	0
 1313 00e7 03       		.uleb128 0x3
 1314 00e8 08       		.uleb128 0x8
 1315 00e9 3A       		.uleb128 0x3a
ARM GAS  C:\Users\jesse\AppData\Local\Temp\ccBPJICn.s 			page 28


 1316 00ea 0B       		.uleb128 0xb
 1317 00eb 3B       		.uleb128 0x3b
 1318 00ec 0B       		.uleb128 0xb
 1319 00ed 49       		.uleb128 0x49
 1320 00ee 13       		.uleb128 0x13
 1321 00ef 02       		.uleb128 0x2
 1322 00f0 17       		.uleb128 0x17
 1323 00f1 00       		.byte	0
 1324 00f2 00       		.byte	0
 1325 00f3 13       		.uleb128 0x13
 1326 00f4 34       		.uleb128 0x34
 1327 00f5 00       		.byte	0
 1328 00f6 03       		.uleb128 0x3
 1329 00f7 0E       		.uleb128 0xe
 1330 00f8 3A       		.uleb128 0x3a
 1331 00f9 0B       		.uleb128 0xb
 1332 00fa 3B       		.uleb128 0x3b
 1333 00fb 0B       		.uleb128 0xb
 1334 00fc 49       		.uleb128 0x49
 1335 00fd 13       		.uleb128 0x13
 1336 00fe 02       		.uleb128 0x2
 1337 00ff 17       		.uleb128 0x17
 1338 0100 00       		.byte	0
 1339 0101 00       		.byte	0
 1340 0102 14       		.uleb128 0x14
 1341 0103 898201   		.uleb128 0x4109
 1342 0106 01       		.byte	0x1
 1343 0107 11       		.uleb128 0x11
 1344 0108 01       		.uleb128 0x1
 1345 0109 31       		.uleb128 0x31
 1346 010a 13       		.uleb128 0x13
 1347 010b 01       		.uleb128 0x1
 1348 010c 13       		.uleb128 0x13
 1349 010d 00       		.byte	0
 1350 010e 00       		.byte	0
 1351 010f 15       		.uleb128 0x15
 1352 0110 8A8201   		.uleb128 0x410a
 1353 0113 00       		.byte	0
 1354 0114 02       		.uleb128 0x2
 1355 0115 18       		.uleb128 0x18
 1356 0116 9142     		.uleb128 0x2111
 1357 0118 18       		.uleb128 0x18
 1358 0119 00       		.byte	0
 1359 011a 00       		.byte	0
 1360 011b 16       		.uleb128 0x16
 1361 011c 898201   		.uleb128 0x4109
 1362 011f 00       		.byte	0
 1363 0120 11       		.uleb128 0x11
 1364 0121 01       		.uleb128 0x1
 1365 0122 31       		.uleb128 0x31
 1366 0123 13       		.uleb128 0x13
 1367 0124 00       		.byte	0
 1368 0125 00       		.byte	0
 1369 0126 17       		.uleb128 0x17
 1370 0127 898201   		.uleb128 0x4109
 1371 012a 01       		.byte	0x1
 1372 012b 11       		.uleb128 0x11
ARM GAS  C:\Users\jesse\AppData\Local\Temp\ccBPJICn.s 			page 29


 1373 012c 01       		.uleb128 0x1
 1374 012d 31       		.uleb128 0x31
 1375 012e 13       		.uleb128 0x13
 1376 012f 00       		.byte	0
 1377 0130 00       		.byte	0
 1378 0131 18       		.uleb128 0x18
 1379 0132 01       		.uleb128 0x1
 1380 0133 01       		.byte	0x1
 1381 0134 49       		.uleb128 0x49
 1382 0135 13       		.uleb128 0x13
 1383 0136 01       		.uleb128 0x1
 1384 0137 13       		.uleb128 0x13
 1385 0138 00       		.byte	0
 1386 0139 00       		.byte	0
 1387 013a 19       		.uleb128 0x19
 1388 013b 21       		.uleb128 0x21
 1389 013c 00       		.byte	0
 1390 013d 49       		.uleb128 0x49
 1391 013e 13       		.uleb128 0x13
 1392 013f 2F       		.uleb128 0x2f
 1393 0140 0B       		.uleb128 0xb
 1394 0141 00       		.byte	0
 1395 0142 00       		.byte	0
 1396 0143 1A       		.uleb128 0x1a
 1397 0144 34       		.uleb128 0x34
 1398 0145 00       		.byte	0
 1399 0146 03       		.uleb128 0x3
 1400 0147 0E       		.uleb128 0xe
 1401 0148 3A       		.uleb128 0x3a
 1402 0149 0B       		.uleb128 0xb
 1403 014a 3B       		.uleb128 0x3b
 1404 014b 0B       		.uleb128 0xb
 1405 014c 49       		.uleb128 0x49
 1406 014d 13       		.uleb128 0x13
 1407 014e 02       		.uleb128 0x2
 1408 014f 18       		.uleb128 0x18
 1409 0150 00       		.byte	0
 1410 0151 00       		.byte	0
 1411 0152 1B       		.uleb128 0x1b
 1412 0153 2E       		.uleb128 0x2e
 1413 0154 00       		.byte	0
 1414 0155 3F       		.uleb128 0x3f
 1415 0156 19       		.uleb128 0x19
 1416 0157 3C       		.uleb128 0x3c
 1417 0158 19       		.uleb128 0x19
 1418 0159 6E       		.uleb128 0x6e
 1419 015a 0E       		.uleb128 0xe
 1420 015b 03       		.uleb128 0x3
 1421 015c 0E       		.uleb128 0xe
 1422 015d 3A       		.uleb128 0x3a
 1423 015e 0B       		.uleb128 0xb
 1424 015f 3B       		.uleb128 0x3b
 1425 0160 05       		.uleb128 0x5
 1426 0161 00       		.byte	0
 1427 0162 00       		.byte	0
 1428 0163 00       		.byte	0
 1429              		.section	.debug_loc,"",%progbits
ARM GAS  C:\Users\jesse\AppData\Local\Temp\ccBPJICn.s 			page 30


 1430              	.Ldebug_loc0:
 1431              	.LLST0:
 1432 0000 00000000 		.4byte	.LVL0
 1433 0004 21000000 		.4byte	.LVL3-1
 1434 0008 0100     		.2byte	0x1
 1435 000a 50       		.byte	0x50
 1436 000b 21000000 		.4byte	.LVL3-1
 1437 000f 24000000 		.4byte	.LVL4
 1438 0013 0100     		.2byte	0x1
 1439 0015 54       		.byte	0x54
 1440 0016 24000000 		.4byte	.LVL4
 1441 001a 27000000 		.4byte	.LVL5-1
 1442 001e 0100     		.2byte	0x1
 1443 0020 50       		.byte	0x50
 1444 0021 27000000 		.4byte	.LVL5-1
 1445 0025 2C000000 		.4byte	.LVL6
 1446 0029 0100     		.2byte	0x1
 1447 002b 54       		.byte	0x54
 1448 002c 2C000000 		.4byte	.LVL6
 1449 0030 34000000 		.4byte	.LVL7
 1450 0034 0100     		.2byte	0x1
 1451 0036 50       		.byte	0x50
 1452 0037 34000000 		.4byte	.LVL7
 1453 003b 3C000000 		.4byte	.LVL9
 1454 003f 0100     		.2byte	0x1
 1455 0041 54       		.byte	0x54
 1456 0042 3C000000 		.4byte	.LVL9
 1457 0046 43000000 		.4byte	.LVL10-1
 1458 004a 0100     		.2byte	0x1
 1459 004c 50       		.byte	0x50
 1460 004d 43000000 		.4byte	.LVL10-1
 1461 0051 4A000000 		.4byte	.LVL11
 1462 0055 0100     		.2byte	0x1
 1463 0057 54       		.byte	0x54
 1464 0058 4A000000 		.4byte	.LVL11
 1465 005c 4F000000 		.4byte	.LVL12-1
 1466 0060 0100     		.2byte	0x1
 1467 0062 50       		.byte	0x50
 1468 0063 4F000000 		.4byte	.LVL12-1
 1469 0067 5A000000 		.4byte	.LVL13
 1470 006b 0100     		.2byte	0x1
 1471 006d 54       		.byte	0x54
 1472 006e 5A000000 		.4byte	.LVL13
 1473 0072 5D000000 		.4byte	.LVL14-1
 1474 0076 0100     		.2byte	0x1
 1475 0078 50       		.byte	0x50
 1476 0079 5D000000 		.4byte	.LVL14-1
 1477 007d 7A000000 		.4byte	.LVL18
 1478 0081 0100     		.2byte	0x1
 1479 0083 54       		.byte	0x54
 1480 0084 7A000000 		.4byte	.LVL18
 1481 0088 7D000000 		.4byte	.LVL19-1
 1482 008c 0100     		.2byte	0x1
 1483 008e 50       		.byte	0x50
 1484 008f 7D000000 		.4byte	.LVL19-1
 1485 0093 CA000000 		.4byte	.LVL29
 1486 0097 0100     		.2byte	0x1
ARM GAS  C:\Users\jesse\AppData\Local\Temp\ccBPJICn.s 			page 31


 1487 0099 54       		.byte	0x54
 1488 009a CA000000 		.4byte	.LVL29
 1489 009e CC000000 		.4byte	.LVL30
 1490 00a2 0100     		.2byte	0x1
 1491 00a4 50       		.byte	0x50
 1492 00a5 CC000000 		.4byte	.LVL30
 1493 00a9 D0000000 		.4byte	.LVL31
 1494 00ad 0100     		.2byte	0x1
 1495 00af 54       		.byte	0x54
 1496 00b0 D0000000 		.4byte	.LVL31
 1497 00b4 E8000000 		.4byte	.LFE0
 1498 00b8 0400     		.2byte	0x4
 1499 00ba F3       		.byte	0xf3
 1500 00bb 01       		.uleb128 0x1
 1501 00bc 50       		.byte	0x50
 1502 00bd 9F       		.byte	0x9f
 1503 00be 00000000 		.4byte	0
 1504 00c2 00000000 		.4byte	0
 1505              	.LLST1:
 1506 00c6 00000000 		.4byte	.LVL0
 1507 00ca 02000000 		.4byte	.LVL1
 1508 00ce 0100     		.2byte	0x1
 1509 00d0 51       		.byte	0x51
 1510 00d1 02000000 		.4byte	.LVL1
 1511 00d5 E8000000 		.4byte	.LFE0
 1512 00d9 0400     		.2byte	0x4
 1513 00db F3       		.byte	0xf3
 1514 00dc 01       		.uleb128 0x1
 1515 00dd 51       		.byte	0x51
 1516 00de 9F       		.byte	0x9f
 1517 00df 00000000 		.4byte	0
 1518 00e3 00000000 		.4byte	0
 1519              	.LLST2:
 1520 00e7 00000000 		.4byte	.LVL0
 1521 00eb 21000000 		.4byte	.LVL3-1
 1522 00ef 0100     		.2byte	0x1
 1523 00f1 52       		.byte	0x52
 1524 00f2 21000000 		.4byte	.LVL3-1
 1525 00f6 24000000 		.4byte	.LVL4
 1526 00fa 0400     		.2byte	0x4
 1527 00fc F3       		.byte	0xf3
 1528 00fd 01       		.uleb128 0x1
 1529 00fe 52       		.byte	0x52
 1530 00ff 9F       		.byte	0x9f
 1531 0100 24000000 		.4byte	.LVL4
 1532 0104 27000000 		.4byte	.LVL5-1
 1533 0108 0100     		.2byte	0x1
 1534 010a 52       		.byte	0x52
 1535 010b 27000000 		.4byte	.LVL5-1
 1536 010f 2C000000 		.4byte	.LVL6
 1537 0113 0400     		.2byte	0x4
 1538 0115 F3       		.byte	0xf3
 1539 0116 01       		.uleb128 0x1
 1540 0117 52       		.byte	0x52
 1541 0118 9F       		.byte	0x9f
 1542 0119 2C000000 		.4byte	.LVL6
 1543 011d 34000000 		.4byte	.LVL7
ARM GAS  C:\Users\jesse\AppData\Local\Temp\ccBPJICn.s 			page 32


 1544 0121 0100     		.2byte	0x1
 1545 0123 52       		.byte	0x52
 1546 0124 34000000 		.4byte	.LVL7
 1547 0128 3C000000 		.4byte	.LVL9
 1548 012c 0400     		.2byte	0x4
 1549 012e F3       		.byte	0xf3
 1550 012f 01       		.uleb128 0x1
 1551 0130 52       		.byte	0x52
 1552 0131 9F       		.byte	0x9f
 1553 0132 3C000000 		.4byte	.LVL9
 1554 0136 43000000 		.4byte	.LVL10-1
 1555 013a 0100     		.2byte	0x1
 1556 013c 52       		.byte	0x52
 1557 013d 43000000 		.4byte	.LVL10-1
 1558 0141 4A000000 		.4byte	.LVL11
 1559 0145 0400     		.2byte	0x4
 1560 0147 F3       		.byte	0xf3
 1561 0148 01       		.uleb128 0x1
 1562 0149 52       		.byte	0x52
 1563 014a 9F       		.byte	0x9f
 1564 014b 4A000000 		.4byte	.LVL11
 1565 014f 4F000000 		.4byte	.LVL12-1
 1566 0153 0100     		.2byte	0x1
 1567 0155 52       		.byte	0x52
 1568 0156 4F000000 		.4byte	.LVL12-1
 1569 015a 5A000000 		.4byte	.LVL13
 1570 015e 0400     		.2byte	0x4
 1571 0160 F3       		.byte	0xf3
 1572 0161 01       		.uleb128 0x1
 1573 0162 52       		.byte	0x52
 1574 0163 9F       		.byte	0x9f
 1575 0164 5A000000 		.4byte	.LVL13
 1576 0168 5D000000 		.4byte	.LVL14-1
 1577 016c 0100     		.2byte	0x1
 1578 016e 52       		.byte	0x52
 1579 016f 5D000000 		.4byte	.LVL14-1
 1580 0173 6E000000 		.4byte	.LVL16
 1581 0177 0400     		.2byte	0x4
 1582 0179 F3       		.byte	0xf3
 1583 017a 01       		.uleb128 0x1
 1584 017b 52       		.byte	0x52
 1585 017c 9F       		.byte	0x9f
 1586 017d 7A000000 		.4byte	.LVL18
 1587 0181 7D000000 		.4byte	.LVL19-1
 1588 0185 0100     		.2byte	0x1
 1589 0187 52       		.byte	0x52
 1590 0188 7D000000 		.4byte	.LVL19-1
 1591 018c B0000000 		.4byte	.LVL25
 1592 0190 0400     		.2byte	0x4
 1593 0192 F3       		.byte	0xf3
 1594 0193 01       		.uleb128 0x1
 1595 0194 52       		.byte	0x52
 1596 0195 9F       		.byte	0x9f
 1597 0196 B0000000 		.4byte	.LVL25
 1598 019a BE000000 		.4byte	.LVL26
 1599 019e 0100     		.2byte	0x1
 1600 01a0 55       		.byte	0x55
ARM GAS  C:\Users\jesse\AppData\Local\Temp\ccBPJICn.s 			page 33


 1601 01a1 C2000000 		.4byte	.LVL27
 1602 01a5 C6000000 		.4byte	.LVL28
 1603 01a9 0100     		.2byte	0x1
 1604 01ab 55       		.byte	0x55
 1605 01ac CA000000 		.4byte	.LVL29
 1606 01b0 E8000000 		.4byte	.LFE0
 1607 01b4 0100     		.2byte	0x1
 1608 01b6 52       		.byte	0x52
 1609 01b7 00000000 		.4byte	0
 1610 01bb 00000000 		.4byte	0
 1611              	.LLST3:
 1612 01bf 00000000 		.4byte	.LVL0
 1613 01c3 14000000 		.4byte	.LVL2
 1614 01c7 0100     		.2byte	0x1
 1615 01c9 53       		.byte	0x53
 1616 01ca 14000000 		.4byte	.LVL2
 1617 01ce D0000000 		.4byte	.LVL31
 1618 01d2 0100     		.2byte	0x1
 1619 01d4 57       		.byte	0x57
 1620 01d5 D0000000 		.4byte	.LVL31
 1621 01d9 E8000000 		.4byte	.LFE0
 1622 01dd 0400     		.2byte	0x4
 1623 01df F3       		.byte	0xf3
 1624 01e0 01       		.uleb128 0x1
 1625 01e1 53       		.byte	0x53
 1626 01e2 9F       		.byte	0x9f
 1627 01e3 00000000 		.4byte	0
 1628 01e7 00000000 		.4byte	0
 1629              	.LLST4:
 1630 01eb 84000000 		.4byte	.LVL20
 1631 01ef 8C000000 		.4byte	.LVL21
 1632 01f3 0800     		.2byte	0x8
 1633 01f5 76       		.byte	0x76
 1634 01f6 00       		.sleb128 0
 1635 01f7 33       		.byte	0x33
 1636 01f8 24       		.byte	0x24
 1637 01f9 08       		.byte	0x8
 1638 01fa F8       		.byte	0xf8
 1639 01fb 1A       		.byte	0x1a
 1640 01fc 9F       		.byte	0x9f
 1641 01fd 8C000000 		.4byte	.LVL21
 1642 0201 90000000 		.4byte	.LVL22
 1643 0205 0D00     		.2byte	0xd
 1644 0207 77       		.byte	0x77
 1645 0208 05       		.sleb128 5
 1646 0209 94       		.byte	0x94
 1647 020a 01       		.byte	0x1
 1648 020b 08       		.byte	0x8
 1649 020c FF       		.byte	0xff
 1650 020d 1A       		.byte	0x1a
 1651 020e 33       		.byte	0x33
 1652 020f 24       		.byte	0x24
 1653 0210 08       		.byte	0x8
 1654 0211 F8       		.byte	0xf8
 1655 0212 1A       		.byte	0x1a
 1656 0213 9F       		.byte	0x9f
 1657 0214 90000000 		.4byte	.LVL22
ARM GAS  C:\Users\jesse\AppData\Local\Temp\ccBPJICn.s 			page 34


 1658 0218 CA000000 		.4byte	.LVL29
 1659 021c 0100     		.2byte	0x1
 1660 021e 56       		.byte	0x56
 1661 021f 00000000 		.4byte	0
 1662 0223 00000000 		.4byte	0
 1663              	.LLST5:
 1664 0227 B0000000 		.4byte	.LVL25
 1665 022b C1000000 		.4byte	.LVL27-1
 1666 022f 0200     		.2byte	0x2
 1667 0231 77       		.byte	0x77
 1668 0232 04       		.sleb128 4
 1669 0233 00000000 		.4byte	0
 1670 0237 00000000 		.4byte	0
 1671              	.LLST6:
 1672 023b 90000000 		.4byte	.LVL22
 1673 023f CA000000 		.4byte	.LVL29
 1674 0243 0100     		.2byte	0x1
 1675 0245 58       		.byte	0x58
 1676 0246 00000000 		.4byte	0
 1677 024a 00000000 		.4byte	0
 1678              	.LLST7:
 1679 024e B0000000 		.4byte	.LVL25
 1680 0252 C1000000 		.4byte	.LVL27-1
 1681 0256 0200     		.2byte	0x2
 1682 0258 77       		.byte	0x77
 1683 0259 00       		.sleb128 0
 1684 025a 00000000 		.4byte	0
 1685 025e 00000000 		.4byte	0
 1686              		.section	.debug_aranges,"",%progbits
 1687 0000 1C000000 		.4byte	0x1c
 1688 0004 0200     		.2byte	0x2
 1689 0006 00000000 		.4byte	.Ldebug_info0
 1690 000a 04       		.byte	0x4
 1691 000b 00       		.byte	0
 1692 000c 0000     		.2byte	0
 1693 000e 0000     		.2byte	0
 1694 0010 00000000 		.4byte	.LFB0
 1695 0014 E8000000 		.4byte	.LFE0-.LFB0
 1696 0018 00000000 		.4byte	0
 1697 001c 00000000 		.4byte	0
 1698              		.section	.debug_ranges,"",%progbits
 1699              	.Ldebug_ranges0:
 1700 0000 00000000 		.4byte	.LFB0
 1701 0004 E8000000 		.4byte	.LFE0
 1702 0008 00000000 		.4byte	0
 1703 000c 00000000 		.4byte	0
 1704              		.section	.debug_line,"",%progbits
 1705              	.Ldebug_line0:
 1706 0000 92010000 		.section	.debug_str,"MS",%progbits,1
 1706      02004501 
 1706      00000201 
 1706      FB0E0D00 
 1706      01010101 
 1707              	.LASF77:
 1708 0000 75387838 		.ascii	"u8x8_d_helper_display_init\000"
 1708      5F645F68 
 1708      656C7065 
ARM GAS  C:\Users\jesse\AppData\Local\Temp\ccBPJICn.s 			page 35


 1708      725F6469 
 1708      73706C61 
 1709              	.LASF26:
 1710 001b 785F6F66 		.ascii	"x_offset\000"
 1710      66736574 
 1710      00
 1711              	.LASF27:
 1712 0024 69735F66 		.ascii	"is_font_inverse_mode\000"
 1712      6F6E745F 
 1712      696E7665 
 1712      7273655F 
 1712      6D6F6465 
 1713              	.LASF74:
 1714 0039 75387838 		.ascii	"u8x8_d_uc1609_19264_flip1_seq\000"
 1714      5F645F75 
 1714      63313630 
 1714      395F3139 
 1714      3236345F 
 1715              	.LASF48:
 1716 0057 7370695F 		.ascii	"spi_mode\000"
 1716      6D6F6465 
 1716      00
 1717              	.LASF67:
 1718 0060 6172675F 		.ascii	"arg_ptr\000"
 1718      70747200 
 1719              	.LASF39:
 1720 0068 63686970 		.ascii	"chip_enable_level\000"
 1720      5F656E61 
 1720      626C655F 
 1720      6C657665 
 1720      6C00
 1721              	.LASF24:
 1722 007a 666F6E74 		.ascii	"font\000"
 1722      00
 1723              	.LASF35:
 1724 007f 6465626F 		.ascii	"debounce_result_msg\000"
 1724      756E6365 
 1724      5F726573 
 1724      756C745F 
 1724      6D736700 
 1725              	.LASF2:
 1726 0093 73686F72 		.ascii	"short int\000"
 1726      7420696E 
 1726      7400
 1727              	.LASF22:
 1728 009d 6770696F 		.ascii	"gpio_and_delay_cb\000"
 1728      5F616E64 
 1728      5F64656C 
 1728      61795F63 
 1728      6200
 1729              	.LASF52:
 1730 00af 74696C65 		.ascii	"tile_width\000"
 1730      5F776964 
 1730      746800
 1731              	.LASF69:
 1732 00ba 73697A65 		.ascii	"sizetype\000"
 1732      74797065 
ARM GAS  C:\Users\jesse\AppData\Local\Temp\ccBPJICn.s 			page 36


 1732      00
 1733              	.LASF45:
 1734 00c3 7364615F 		.ascii	"sda_setup_time_ns\000"
 1734      73657475 
 1734      705F7469 
 1734      6D655F6E 
 1734      7300
 1735              	.LASF44:
 1736 00d5 706F7374 		.ascii	"post_reset_wait_ms\000"
 1736      5F726573 
 1736      65745F77 
 1736      6169745F 
 1736      6D7300
 1737              	.LASF7:
 1738 00e8 5F5F7569 		.ascii	"__uint32_t\000"
 1738      6E743332 
 1738      5F7400
 1739              	.LASF4:
 1740 00f3 5F5F7569 		.ascii	"__uint16_t\000"
 1740      6E743136 
 1740      5F7400
 1741              	.LASF70:
 1742 00fe 75387838 		.ascii	"u8x8_d_uc1609_19264_init_seq\000"
 1742      5F645F75 
 1742      63313630 
 1742      395F3139 
 1742      3236345F 
 1743              	.LASF51:
 1744 011b 77726974 		.ascii	"write_pulse_width_ns\000"
 1744      655F7075 
 1744      6C73655F 
 1744      77696474 
 1744      685F6E73 
 1745              	.LASF12:
 1746 0130 75696E74 		.ascii	"uint8_t\000"
 1746      385F7400 
 1747              	.LASF41:
 1748 0138 706F7374 		.ascii	"post_chip_enable_wait_ns\000"
 1748      5F636869 
 1748      705F656E 
 1748      61626C65 
 1748      5F776169 
 1749              	.LASF65:
 1750 0151 75387838 		.ascii	"u8x8\000"
 1750      00
 1751              	.LASF60:
 1752 0156 74696C65 		.ascii	"tile_ptr\000"
 1752      5F707472 
 1752      00
 1753              	.LASF66:
 1754 015f 6172675F 		.ascii	"arg_int\000"
 1754      696E7400 
 1755              	.LASF87:
 1756 0167 75387838 		.ascii	"u8x8_d_uc1609_slg19264\000"
 1756      5F645F75 
 1756      63313630 
 1756      395F736C 
ARM GAS  C:\Users\jesse\AppData\Local\Temp\ccBPJICn.s 			page 37


 1756      67313932 
 1757              	.LASF83:
 1758 017e 75387838 		.ascii	"u8x8_cad_SendData\000"
 1758      5F636164 
 1758      5F53656E 
 1758      64446174 
 1758      6100
 1759              	.LASF23:
 1760 0190 6275735F 		.ascii	"bus_clock\000"
 1760      636C6F63 
 1760      6B00
 1761              	.LASF54:
 1762 019a 64656661 		.ascii	"default_x_offset\000"
 1762      756C745F 
 1762      785F6F66 
 1762      66736574 
 1762      00
 1763              	.LASF36:
 1764 01ab 75387838 		.ascii	"u8x8_display_info_t\000"
 1764      5F646973 
 1764      706C6179 
 1764      5F696E66 
 1764      6F5F7400 
 1765              	.LASF33:
 1766 01bf 6465626F 		.ascii	"debounce_last_pin_state\000"
 1766      756E6365 
 1766      5F6C6173 
 1766      745F7069 
 1766      6E5F7374 
 1767              	.LASF9:
 1768 01d7 6C6F6E67 		.ascii	"long long int\000"
 1768      206C6F6E 
 1768      6720696E 
 1768      7400
 1769              	.LASF31:
 1770 01e5 6770696F 		.ascii	"gpio_result\000"
 1770      5F726573 
 1770      756C7400 
 1771              	.LASF46:
 1772 01f1 73636B5F 		.ascii	"sck_pulse_width_ns\000"
 1772      70756C73 
 1772      655F7769 
 1772      6474685F 
 1772      6E7300
 1773              	.LASF80:
 1774 0204 75387838 		.ascii	"u8x8_cad_SendCmd\000"
 1774      5F636164 
 1774      5F53656E 
 1774      64436D64 
 1774      00
 1775              	.LASF68:
 1776 0215 70616765 		.ascii	"page\000"
 1776      00
 1777              	.LASF6:
 1778 021a 6C6F6E67 		.ascii	"long int\000"
 1778      20696E74 
 1778      00
ARM GAS  C:\Users\jesse\AppData\Local\Temp\ccBPJICn.s 			page 38


 1779              	.LASF82:
 1780 0223 75387838 		.ascii	"u8x8_cad_EndTransfer\000"
 1780      5F636164 
 1780      5F456E64 
 1780      5472616E 
 1780      73666572 
 1781              	.LASF61:
 1782 0238 785F706F 		.ascii	"x_pos\000"
 1782      7300
 1783              	.LASF85:
 1784 023e 2E2E5C2E 		.ascii	"..\\..\\..\\u8g2\\u8g2\\csrc\\u8x8_d_uc1609.c\000"
 1784      2E5C2E2E 
 1784      5C753867 
 1784      325C7538 
 1784      67325C63 
 1785              	.LASF3:
 1786 0266 5F5F7569 		.ascii	"__uint8_t\000"
 1786      6E74385F 
 1786      7400
 1787              	.LASF19:
 1788 0270 64697370 		.ascii	"display_cb\000"
 1788      6C61795F 
 1788      636200
 1789              	.LASF50:
 1790 027b 64617461 		.ascii	"data_setup_time_ns\000"
 1790      5F736574 
 1790      75705F74 
 1790      696D655F 
 1790      6E7300
 1791              	.LASF15:
 1792 028e 6C6F6E67 		.ascii	"long double\000"
 1792      20646F75 
 1792      626C6500 
 1793              	.LASF53:
 1794 029a 74696C65 		.ascii	"tile_height\000"
 1794      5F686569 
 1794      67687400 
 1795              	.LASF1:
 1796 02a6 756E7369 		.ascii	"unsigned char\000"
 1796      676E6564 
 1796      20636861 
 1796      7200
 1797              	.LASF0:
 1798 02b4 7369676E 		.ascii	"signed char\000"
 1798      65642063 
 1798      68617200 
 1799              	.LASF10:
 1800 02c0 6C6F6E67 		.ascii	"long long unsigned int\000"
 1800      206C6F6E 
 1800      6720756E 
 1800      7369676E 
 1800      65642069 
 1801              	.LASF14:
 1802 02d7 75696E74 		.ascii	"uint32_t\000"
 1802      33325F74 
 1802      00
 1803              	.LASF59:
ARM GAS  C:\Users\jesse\AppData\Local\Temp\ccBPJICn.s 			page 39


 1804 02e0 75387838 		.ascii	"u8x8_tile_struct\000"
 1804      5F74696C 
 1804      655F7374 
 1804      72756374 
 1804      00
 1805              	.LASF11:
 1806 02f1 756E7369 		.ascii	"unsigned int\000"
 1806      676E6564 
 1806      20696E74 
 1806      00
 1807              	.LASF13:
 1808 02fe 75696E74 		.ascii	"uint16_t\000"
 1808      31365F74 
 1808      00
 1809              	.LASF38:
 1810 0307 75387838 		.ascii	"u8x8_display_info_struct\000"
 1810      5F646973 
 1810      706C6179 
 1810      5F696E66 
 1810      6F5F7374 
 1811              	.LASF79:
 1812 0320 75387838 		.ascii	"u8x8_cad_StartTransfer\000"
 1812      5F636164 
 1812      5F537461 
 1812      72745472 
 1812      616E7366 
 1813              	.LASF43:
 1814 0337 72657365 		.ascii	"reset_pulse_width_ms\000"
 1814      745F7075 
 1814      6C73655F 
 1814      77696474 
 1814      685F6D73 
 1815              	.LASF16:
 1816 034c 75387838 		.ascii	"u8x8_t\000"
 1816      5F7400
 1817              	.LASF84:
 1818 0353 474E5520 		.ascii	"GNU C11 5.4.1 20160609 (release) [ARM/embedded-5-br"
 1818      43313120 
 1818      352E342E 
 1818      31203230 
 1818      31363036 
 1819 0386 616E6368 		.ascii	"anch revision 237715] -mcpu=cortex-m3 -mthumb -g -O"
 1819      20726576 
 1819      6973696F 
 1819      6E203233 
 1819      37373135 
 1820 03b9 73202D66 		.ascii	"s -ffunction-sections -ffat-lto-objects\000"
 1820      66756E63 
 1820      74696F6E 
 1820      2D736563 
 1820      74696F6E 
 1821              	.LASF49:
 1822 03e1 6932635F 		.ascii	"i2c_bus_clock_100kHz\000"
 1822      6275735F 
 1822      636C6F63 
 1822      6B5F3130 
 1822      306B487A 
ARM GAS  C:\Users\jesse\AppData\Local\Temp\ccBPJICn.s 			page 40


 1823              	.LASF47:
 1824 03f6 73636B5F 		.ascii	"sck_clock_hz\000"
 1824      636C6F63 
 1824      6B5F687A 
 1824      00
 1825              	.LASF86:
 1826 0403 433A5C55 		.ascii	"C:\\Users\\jesse\\OneDrive\\Bureaublad\\practice_em"
 1826      73657273 
 1826      5C6A6573 
 1826      73655C4F 
 1826      6E654472 
 1827 0431 62656464 		.ascii	"bedded\\Practice_EmbeddedProgramming\\Display_count"
 1827      65645C50 
 1827      72616374 
 1827      6963655F 
 1827      456D6265 
 1828 0462 2E637964 		.ascii	".cydsn\000"
 1828      736E00
 1829              	.LASF5:
 1830 0469 73686F72 		.ascii	"short unsigned int\000"
 1830      7420756E 
 1830      7369676E 
 1830      65642069 
 1830      6E7400
 1831              	.LASF64:
 1832 047c 75387838 		.ascii	"u8x8_char_cb\000"
 1832      5F636861 
 1832      725F6362 
 1832      00
 1833              	.LASF34:
 1834 0489 6465626F 		.ascii	"debounce_state\000"
 1834      756E6365 
 1834      5F737461 
 1834      746500
 1835              	.LASF72:
 1836 0498 75387838 		.ascii	"u8x8_d_uc1609_19264_powersave1_seq\000"
 1836      5F645F75 
 1836      63313630 
 1836      395F3139 
 1836      3236345F 
 1837              	.LASF17:
 1838 04bb 64697370 		.ascii	"display_info\000"
 1838      6C61795F 
 1838      696E666F 
 1838      00
 1839              	.LASF57:
 1840 04c8 70697865 		.ascii	"pixel_height\000"
 1840      6C5F6865 
 1840      69676874 
 1840      00
 1841              	.LASF73:
 1842 04d5 75387838 		.ascii	"u8x8_d_uc1609_19264_flip0_seq\000"
 1842      5F645F75 
 1842      63313630 
 1842      395F3139 
 1842      3236345F 
 1843              	.LASF56:
ARM GAS  C:\Users\jesse\AppData\Local\Temp\ccBPJICn.s 			page 41


 1844 04f3 70697865 		.ascii	"pixel_width\000"
 1844      6C5F7769 
 1844      64746800 
 1845              	.LASF30:
 1846 04ff 75746638 		.ascii	"utf8_state\000"
 1846      5F737461 
 1846      746500
 1847              	.LASF37:
 1848 050a 75387838 		.ascii	"u8x8_struct\000"
 1848      5F737472 
 1848      75637400 
 1849              	.LASF62:
 1850 0516 795F706F 		.ascii	"y_pos\000"
 1850      7300
 1851              	.LASF78:
 1852 051c 75387838 		.ascii	"u8x8_cad_SendSequence\000"
 1852      5F636164 
 1852      5F53656E 
 1852      64536571 
 1852      75656E63 
 1853              	.LASF8:
 1854 0532 6C6F6E67 		.ascii	"long unsigned int\000"
 1854      20756E73 
 1854      69676E65 
 1854      6420696E 
 1854      7400
 1855              	.LASF21:
 1856 0544 62797465 		.ascii	"byte_cb\000"
 1856      5F636200 
 1857              	.LASF40:
 1858 054c 63686970 		.ascii	"chip_disable_level\000"
 1858      5F646973 
 1858      61626C65 
 1858      5F6C6576 
 1858      656C00
 1859              	.LASF28:
 1860 055f 6932635F 		.ascii	"i2c_address\000"
 1860      61646472 
 1860      65737300 
 1861              	.LASF55:
 1862 056b 666C6970 		.ascii	"flipmode_x_offset\000"
 1862      6D6F6465 
 1862      5F785F6F 
 1862      66667365 
 1862      7400
 1863              	.LASF25:
 1864 057d 656E636F 		.ascii	"encoding\000"
 1864      64696E67 
 1864      00
 1865              	.LASF29:
 1866 0586 6932635F 		.ascii	"i2c_started\000"
 1866      73746172 
 1866      74656400 
 1867              	.LASF76:
 1868 0592 75387838 		.ascii	"u8x8_d_helper_display_setup_memory\000"
 1868      5F645F68 
 1868      656C7065 
ARM GAS  C:\Users\jesse\AppData\Local\Temp\ccBPJICn.s 			page 42


 1868      725F6469 
 1868      73706C61 
 1869              	.LASF20:
 1870 05b5 6361645F 		.ascii	"cad_cb\000"
 1870      636200
 1871              	.LASF58:
 1872 05bc 75387838 		.ascii	"u8x8_tile_t\000"
 1872      5F74696C 
 1872      655F7400 
 1873              	.LASF71:
 1874 05c8 75387838 		.ascii	"u8x8_d_uc1609_19264_powersave0_seq\000"
 1874      5F645F75 
 1874      63313630 
 1874      395F3139 
 1874      3236345F 
 1875              	.LASF81:
 1876 05eb 75387838 		.ascii	"u8x8_cad_SendArg\000"
 1876      5F636164 
 1876      5F53656E 
 1876      64417267 
 1876      00
 1877              	.LASF32:
 1878 05fc 6465626F 		.ascii	"debounce_default_pin_state\000"
 1878      756E6365 
 1878      5F646566 
 1878      61756C74 
 1878      5F70696E 
 1879              	.LASF63:
 1880 0617 75387838 		.ascii	"u8x8_msg_cb\000"
 1880      5F6D7367 
 1880      5F636200 
 1881              	.LASF18:
 1882 0623 6E657874 		.ascii	"next_cb\000"
 1882      5F636200 
 1883              	.LASF75:
 1884 062b 75387838 		.ascii	"u8x8_uc1609_19264_display_info\000"
 1884      5F756331 
 1884      3630395F 
 1884      31393236 
 1884      345F6469 
 1885              	.LASF42:
 1886 064a 7072655F 		.ascii	"pre_chip_disable_wait_ns\000"
 1886      63686970 
 1886      5F646973 
 1886      61626C65 
 1886      5F776169 
 1887              		.ident	"GCC: (GNU Tools for ARM Embedded Processors) 5.4.1 20160609 (release) [ARM/embedded-5-bran
