ARM GAS  C:\Users\jesse\AppData\Local\Temp\cchZY6C9.s 			page 1


   1              		.syntax unified
   2              		.cpu cortex-m3
   3              		.fpu softvfp
   4              		.eabi_attribute 20, 1
   5              		.eabi_attribute 21, 1
   6              		.eabi_attribute 23, 3
   7              		.eabi_attribute 24, 1
   8              		.eabi_attribute 25, 1
   9              		.eabi_attribute 26, 1
  10              		.eabi_attribute 30, 4
  11              		.eabi_attribute 34, 1
  12              		.eabi_attribute 18, 4
  13              		.thumb
  14              		.syntax unified
  15              		.file	"u8x8_message.c"
  16              		.text
  17              	.Ltext0:
  18              		.cfi_sections	.debug_frame
  19              		.section	.text.u8x8_draw_button_line,"ax",%progbits
  20              		.align	1
  21              		.global	u8x8_draw_button_line
  22              		.thumb
  23              		.thumb_func
  24              		.type	u8x8_draw_button_line, %function
  25              	u8x8_draw_button_line:
  26              	.LFB0:
  27              		.file 1 "..\\..\\..\\u8g2\\u8g2\\csrc\\u8x8_message.c"
   1:..\..\..\u8g2\u8g2\csrc/u8x8_message.c **** /*
   2:..\..\..\u8g2\u8g2\csrc/u8x8_message.c **** 
   3:..\..\..\u8g2\u8g2\csrc/u8x8_message.c ****   u8x8_message.c
   4:..\..\..\u8g2\u8g2\csrc/u8x8_message.c ****   
   5:..\..\..\u8g2\u8g2\csrc/u8x8_message.c ****   Universal 8bit Graphics Library (https://github.com/olikraus/u8g2/)
   6:..\..\..\u8g2\u8g2\csrc/u8x8_message.c **** 
   7:..\..\..\u8g2\u8g2\csrc/u8x8_message.c ****   Copyright (c) 2016, olikraus@gmail.com
   8:..\..\..\u8g2\u8g2\csrc/u8x8_message.c ****   All rights reserved.
   9:..\..\..\u8g2\u8g2\csrc/u8x8_message.c **** 
  10:..\..\..\u8g2\u8g2\csrc/u8x8_message.c ****   Redistribution and use in source and binary forms, with or without modification, 
  11:..\..\..\u8g2\u8g2\csrc/u8x8_message.c ****   are permitted provided that the following conditions are met:
  12:..\..\..\u8g2\u8g2\csrc/u8x8_message.c **** 
  13:..\..\..\u8g2\u8g2\csrc/u8x8_message.c ****   * Redistributions of source code must retain the above copyright notice, this list 
  14:..\..\..\u8g2\u8g2\csrc/u8x8_message.c ****     of conditions and the following disclaimer.
  15:..\..\..\u8g2\u8g2\csrc/u8x8_message.c ****     
  16:..\..\..\u8g2\u8g2\csrc/u8x8_message.c ****   * Redistributions in binary form must reproduce the above copyright notice, this 
  17:..\..\..\u8g2\u8g2\csrc/u8x8_message.c ****     list of conditions and the following disclaimer in the documentation and/or other 
  18:..\..\..\u8g2\u8g2\csrc/u8x8_message.c ****     materials provided with the distribution.
  19:..\..\..\u8g2\u8g2\csrc/u8x8_message.c **** 
  20:..\..\..\u8g2\u8g2\csrc/u8x8_message.c ****   THIS SOFTWARE IS PROVIDED BY THE COPYRIGHT HOLDERS AND 
  21:..\..\..\u8g2\u8g2\csrc/u8x8_message.c ****   CONTRIBUTORS "AS IS" AND ANY EXPRESS OR IMPLIED WARRANTIES, 
  22:..\..\..\u8g2\u8g2\csrc/u8x8_message.c ****   INCLUDING, BUT NOT LIMITED TO, THE IMPLIED WARRANTIES OF 
  23:..\..\..\u8g2\u8g2\csrc/u8x8_message.c ****   MERCHANTABILITY AND FITNESS FOR A PARTICULAR PURPOSE ARE 
  24:..\..\..\u8g2\u8g2\csrc/u8x8_message.c ****   DISCLAIMED. IN NO EVENT SHALL THE COPYRIGHT HOLDER OR 
  25:..\..\..\u8g2\u8g2\csrc/u8x8_message.c ****   CONTRIBUTORS BE LIABLE FOR ANY DIRECT, INDIRECT, INCIDENTAL, 
  26:..\..\..\u8g2\u8g2\csrc/u8x8_message.c ****   SPECIAL, EXEMPLARY, OR CONSEQUENTIAL DAMAGES (INCLUDING, BUT 
  27:..\..\..\u8g2\u8g2\csrc/u8x8_message.c ****   NOT LIMITED TO, PROCUREMENT OF SUBSTITUTE GOODS OR SERVICES; 
  28:..\..\..\u8g2\u8g2\csrc/u8x8_message.c ****   LOSS OF USE, DATA, OR PROFITS; OR BUSINESS INTERRUPTION) HOWEVER 
  29:..\..\..\u8g2\u8g2\csrc/u8x8_message.c ****   CAUSED AND ON ANY THEORY OF LIABILITY, WHETHER IN CONTRACT, 
  30:..\..\..\u8g2\u8g2\csrc/u8x8_message.c ****   STRICT LIABILITY, OR TORT (INCLUDING NEGLIGENCE OR OTHERWISE) 
ARM GAS  C:\Users\jesse\AppData\Local\Temp\cchZY6C9.s 			page 2


  31:..\..\..\u8g2\u8g2\csrc/u8x8_message.c ****   ARISING IN ANY WAY OUT OF THE USE OF THIS SOFTWARE, EVEN IF 
  32:..\..\..\u8g2\u8g2\csrc/u8x8_message.c ****   ADVISED OF THE POSSIBILITY OF SUCH DAMAGE.  
  33:..\..\..\u8g2\u8g2\csrc/u8x8_message.c ****   
  34:..\..\..\u8g2\u8g2\csrc/u8x8_message.c **** */
  35:..\..\..\u8g2\u8g2\csrc/u8x8_message.c **** 
  36:..\..\..\u8g2\u8g2\csrc/u8x8_message.c **** #include "u8x8.h"
  37:..\..\..\u8g2\u8g2\csrc/u8x8_message.c **** 
  38:..\..\..\u8g2\u8g2\csrc/u8x8_message.c **** uint8_t u8x8_draw_button_line(u8x8_t *u8x8, uint8_t y, uint8_t w, uint8_t cursor, const char *s)
  39:..\..\..\u8g2\u8g2\csrc/u8x8_message.c **** {
  28              		.loc 1 39 0
  29              		.cfi_startproc
  30              		@ args = 4, pretend = 0, frame = 0
  31              		@ frame_needed = 0, uses_anonymous_args = 0
  32              	.LVL0:
  33 0000 2DE9F84F 		push	{r3, r4, r5, r6, r7, r8, r9, r10, fp, lr}
  34              		.cfi_def_cfa_offset 40
  35              		.cfi_offset 3, -40
  36              		.cfi_offset 4, -36
  37              		.cfi_offset 5, -32
  38              		.cfi_offset 6, -28
  39              		.cfi_offset 7, -24
  40              		.cfi_offset 8, -20
  41              		.cfi_offset 9, -16
  42              		.cfi_offset 10, -12
  43              		.cfi_offset 11, -8
  44              		.cfi_offset 14, -4
  45              		.loc 1 39 0
  46 0004 0646     		mov	r6, r0
  40:..\..\..\u8g2\u8g2\csrc/u8x8_message.c ****   uint8_t i;
  41:..\..\..\u8g2\u8g2\csrc/u8x8_message.c ****   uint8_t cnt;
  42:..\..\..\u8g2\u8g2\csrc/u8x8_message.c ****   uint8_t total;
  43:..\..\..\u8g2\u8g2\csrc/u8x8_message.c ****   uint8_t d;
  44:..\..\..\u8g2\u8g2\csrc/u8x8_message.c ****   uint8_t x;
  45:..\..\..\u8g2\u8g2\csrc/u8x8_message.c ****   cnt = u8x8_GetStringLineCnt(s);
  47              		.loc 1 45 0
  48 0006 0A98     		ldr	r0, [sp, #40]
  49              	.LVL1:
  39:..\..\..\u8g2\u8g2\csrc/u8x8_message.c ****   uint8_t i;
  50              		.loc 1 39 0
  51 0008 8846     		mov	r8, r1
  52 000a 1546     		mov	r5, r2
  53 000c 9946     		mov	r9, r3
  54              		.loc 1 45 0
  55 000e FFF7FEFF 		bl	u8x8_GetStringLineCnt
  56              	.LVL2:
  46:..\..\..\u8g2\u8g2\csrc/u8x8_message.c ****   
  47:..\..\..\u8g2\u8g2\csrc/u8x8_message.c ****   /* calculate the width of the button */
  48:..\..\..\u8g2\u8g2\csrc/u8x8_message.c ****   total = 0;
  49:..\..\..\u8g2\u8g2\csrc/u8x8_message.c ****   for( i = 0; i < cnt; i++ )
  57              		.loc 1 49 0
  58 0012 4FF0000A 		mov	r10, #0
  45:..\..\..\u8g2\u8g2\csrc/u8x8_message.c ****   
  59              		.loc 1 45 0
  60 0016 0746     		mov	r7, r0
  61              	.LVL3:
  48:..\..\..\u8g2\u8g2\csrc/u8x8_message.c ****   for( i = 0; i < cnt; i++ )
  62              		.loc 1 48 0
ARM GAS  C:\Users\jesse\AppData\Local\Temp\cchZY6C9.s 			page 3


  63 0018 5446     		mov	r4, r10
  64              	.LVL4:
  65              	.L2:
  66 001a 5FFA8AF0 		uxtb	r0, r10
  67              	.LVL5:
  68              		.loc 1 49 0 discriminator 1
  69 001e B842     		cmp	r0, r7
  70 0020 0BD2     		bcs	.L10
  50:..\..\..\u8g2\u8g2\csrc/u8x8_message.c ****   {
  51:..\..\..\u8g2\u8g2\csrc/u8x8_message.c ****     total += u8x8_GetUTF8Len(u8x8, u8x8_GetStringLineStart(i, s));
  71              		.loc 1 51 0 discriminator 3
  72 0022 0A99     		ldr	r1, [sp, #40]
  73 0024 FFF7FEFF 		bl	u8x8_GetStringLineStart
  74              	.LVL6:
  75 0028 0146     		mov	r1, r0
  76 002a 3046     		mov	r0, r6
  77 002c FFF7FEFF 		bl	u8x8_GetUTF8Len
  78              	.LVL7:
  79 0030 2044     		add	r0, r0, r4
  80 0032 C4B2     		uxtb	r4, r0
  81              	.LVL8:
  82 0034 0AF1010A 		add	r10, r10, #1
  83              	.LVL9:
  84 0038 EFE7     		b	.L2
  85              	.LVL10:
  86              	.L10:
  52:..\..\..\u8g2\u8g2\csrc/u8x8_message.c ****   }
  53:..\..\..\u8g2\u8g2\csrc/u8x8_message.c ****   total += (cnt-1);	/* had one space between the buttons */
  87              		.loc 1 53 0
  88 003a 781E     		subs	r0, r7, #1
  89              	.LVL11:
  90 003c 0444     		add	r4, r4, r0
  91              	.LVL12:
  92 003e E4B2     		uxtb	r4, r4
  93              	.LVL13:
  54:..\..\..\u8g2\u8g2\csrc/u8x8_message.c ****   
  55:..\..\..\u8g2\u8g2\csrc/u8x8_message.c ****   /* calculate the left offset */
  56:..\..\..\u8g2\u8g2\csrc/u8x8_message.c ****   d = 0;
  57:..\..\..\u8g2\u8g2\csrc/u8x8_message.c ****   if ( total < w )
  94              		.loc 1 57 0
  95 0040 AC42     		cmp	r4, r5
  96              	.LVL14:
  58:..\..\..\u8g2\u8g2\csrc/u8x8_message.c ****   {
  59:..\..\..\u8g2\u8g2\csrc/u8x8_message.c ****     d = w;
  60:..\..\..\u8g2\u8g2\csrc/u8x8_message.c ****     d -= total;
  61:..\..\..\u8g2\u8g2\csrc/u8x8_message.c ****     d /= 2;
  97              		.loc 1 61 0
  98 0042 38BF     		it	cc
  99 0044 2C1B     		subcc	r4, r5, r4
 100              	.LVL15:
  62:..\..\..\u8g2\u8g2\csrc/u8x8_message.c ****   }
  63:..\..\..\u8g2\u8g2\csrc/u8x8_message.c ****   
  64:..\..\..\u8g2\u8g2\csrc/u8x8_message.c ****   /* draw the buttons */
  65:..\..\..\u8g2\u8g2\csrc/u8x8_message.c ****   x = d;
  66:..\..\..\u8g2\u8g2\csrc/u8x8_message.c ****   u8x8_SetInverseFont(u8x8, 0);
 101              		.loc 1 66 0
 102 0046 4FF00005 		mov	r5, #0
ARM GAS  C:\Users\jesse\AppData\Local\Temp\cchZY6C9.s 			page 4


  67:..\..\..\u8g2\u8g2\csrc/u8x8_message.c ****   for( i = 0; i < cnt; i++ )
  68:..\..\..\u8g2\u8g2\csrc/u8x8_message.c ****   {
  69:..\..\..\u8g2\u8g2\csrc/u8x8_message.c ****     if ( i == cursor )
  70:..\..\..\u8g2\u8g2\csrc/u8x8_message.c ****       u8x8_SetInverseFont(u8x8, 1);
  71:..\..\..\u8g2\u8g2\csrc/u8x8_message.c ****       
  72:..\..\..\u8g2\u8g2\csrc/u8x8_message.c ****     x+=u8x8_DrawUTF8(u8x8, x, y, u8x8_GetStringLineStart(i, s));
  73:..\..\..\u8g2\u8g2\csrc/u8x8_message.c ****     u8x8_SetInverseFont(u8x8, 0);
 103              		.loc 1 73 0
 104 004a AB46     		mov	fp, r5
  61:..\..\..\u8g2\u8g2\csrc/u8x8_message.c ****   }
 105              		.loc 1 61 0
 106 004c 34BF     		ite	cc
 107 004e C4F34604 		ubfxcc	r4, r4, #1, #7
 108              	.LVL16:
  56:..\..\..\u8g2\u8g2\csrc/u8x8_message.c ****   if ( total < w )
 109              		.loc 1 56 0
 110 0052 0024     		movcs	r4, #0
 111              	.LVL17:
  66:..\..\..\u8g2\u8g2\csrc/u8x8_message.c ****   for( i = 0; i < cnt; i++ )
 112              		.loc 1 66 0
 113 0054 86F82350 		strb	r5, [r6, #35]
 114              	.LVL18:
  70:..\..\..\u8g2\u8g2\csrc/u8x8_message.c ****       
 115              		.loc 1 70 0
 116 0058 4FF0010A 		mov	r10, #1
 117              	.LVL19:
 118              	.L5:
 119 005c E8B2     		uxtb	r0, r5
 120              	.LVL20:
  67:..\..\..\u8g2\u8g2\csrc/u8x8_message.c ****   {
 121              		.loc 1 67 0 discriminator 1
 122 005e B842     		cmp	r0, r7
 123 0060 1AD2     		bcs	.L11
  69:..\..\..\u8g2\u8g2\csrc/u8x8_message.c ****       u8x8_SetInverseFont(u8x8, 1);
 124              		.loc 1 69 0
 125 0062 4845     		cmp	r0, r9
  70:..\..\..\u8g2\u8g2\csrc/u8x8_message.c ****       
 126              		.loc 1 70 0
 127 0064 08BF     		it	eq
 128 0066 86F823A0 		strbeq	r10, [r6, #35]
  72:..\..\..\u8g2\u8g2\csrc/u8x8_message.c ****     u8x8_SetInverseFont(u8x8, 0);
 129              		.loc 1 72 0
 130 006a 0A99     		ldr	r1, [sp, #40]
 131 006c FFF7FEFF 		bl	u8x8_GetStringLineStart
 132              	.LVL21:
 133 0070 2146     		mov	r1, r4
 134 0072 0346     		mov	r3, r0
 135 0074 4246     		mov	r2, r8
 136 0076 3046     		mov	r0, r6
 137 0078 FFF7FEFF 		bl	u8x8_DrawUTF8
 138              	.LVL22:
 139 007c 2044     		add	r0, r0, r4
 140 007e C4B2     		uxtb	r4, r0
 141              	.LVL23:
  74:..\..\..\u8g2\u8g2\csrc/u8x8_message.c ****     x+=u8x8_DrawUTF8(u8x8, x, y, " ");
 142              		.loc 1 74 0
 143 0080 2146     		mov	r1, r4
ARM GAS  C:\Users\jesse\AppData\Local\Temp\cchZY6C9.s 			page 5


  73:..\..\..\u8g2\u8g2\csrc/u8x8_message.c ****     x+=u8x8_DrawUTF8(u8x8, x, y, " ");
 144              		.loc 1 73 0
 145 0082 86F823B0 		strb	fp, [r6, #35]
 146              		.loc 1 74 0
 147 0086 064B     		ldr	r3, .L12
 148 0088 4246     		mov	r2, r8
 149 008a 3046     		mov	r0, r6
 150 008c FFF7FEFF 		bl	u8x8_DrawUTF8
 151              	.LVL24:
 152 0090 2044     		add	r0, r0, r4
 153 0092 C4B2     		uxtb	r4, r0
 154              	.LVL25:
 155 0094 0135     		adds	r5, r5, #1
 156              	.LVL26:
 157 0096 E1E7     		b	.L5
 158              	.LVL27:
 159              	.L11:
  75:..\..\..\u8g2\u8g2\csrc/u8x8_message.c ****   }
  76:..\..\..\u8g2\u8g2\csrc/u8x8_message.c ****   
  77:..\..\..\u8g2\u8g2\csrc/u8x8_message.c ****   /* return the number of buttons */
  78:..\..\..\u8g2\u8g2\csrc/u8x8_message.c ****   return cnt;
  79:..\..\..\u8g2\u8g2\csrc/u8x8_message.c **** }
 160              		.loc 1 79 0
 161 0098 3846     		mov	r0, r7
 162              	.LVL28:
 163 009a BDE8F88F 		pop	{r3, r4, r5, r6, r7, r8, r9, r10, fp, pc}
 164              	.LVL29:
 165              	.L13:
 166 009e 00BF     		.align	2
 167              	.L12:
 168 00a0 00000000 		.word	.LC0
 169              		.cfi_endproc
 170              	.LFE0:
 171              		.size	u8x8_draw_button_line, .-u8x8_draw_button_line
 172              		.section	.text.u8x8_UserInterfaceMessage,"ax",%progbits
 173              		.align	1
 174              		.global	u8x8_UserInterfaceMessage
 175              		.thumb
 176              		.thumb_func
 177              		.type	u8x8_UserInterfaceMessage, %function
 178              	u8x8_UserInterfaceMessage:
 179              	.LFB1:
  80:..\..\..\u8g2\u8g2\csrc/u8x8_message.c **** 
  81:..\..\..\u8g2\u8g2\csrc/u8x8_message.c **** /*
  82:..\..\..\u8g2\u8g2\csrc/u8x8_message.c ****   title1:	Multiple lines,separated by '\n'
  83:..\..\..\u8g2\u8g2\csrc/u8x8_message.c ****   title2:	A single line/string which is terminated by '\0' or '\n' . "title2" accepts the return va
  84:..\..\..\u8g2\u8g2\csrc/u8x8_message.c ****   title3:	Multiple lines,separated by '\n'
  85:..\..\..\u8g2\u8g2\csrc/u8x8_message.c ****   buttons:	one more more buttons separated by '\n' and terminated with '\0'
  86:..\..\..\u8g2\u8g2\csrc/u8x8_message.c **** */
  87:..\..\..\u8g2\u8g2\csrc/u8x8_message.c **** 
  88:..\..\..\u8g2\u8g2\csrc/u8x8_message.c **** uint8_t u8x8_UserInterfaceMessage(u8x8_t *u8x8, const char *title1, const char *title2, const char 
  89:..\..\..\u8g2\u8g2\csrc/u8x8_message.c **** {
 180              		.loc 1 89 0
 181              		.cfi_startproc
 182              		@ args = 4, pretend = 0, frame = 0
 183              		@ frame_needed = 0, uses_anonymous_args = 0
 184              	.LVL30:
ARM GAS  C:\Users\jesse\AppData\Local\Temp\cchZY6C9.s 			page 6


 185 0000 2DE9F743 		push	{r0, r1, r2, r4, r5, r6, r7, r8, r9, lr}
 186              		.cfi_def_cfa_offset 40
 187              		.cfi_offset 4, -28
 188              		.cfi_offset 5, -24
 189              		.cfi_offset 6, -20
 190              		.cfi_offset 7, -16
 191              		.cfi_offset 8, -12
 192              		.cfi_offset 9, -8
 193              		.cfi_offset 14, -4
 194              		.loc 1 89 0
 195 0004 1546     		mov	r5, r2
 196 0006 9846     		mov	r8, r3
  90:..\..\..\u8g2\u8g2\csrc/u8x8_message.c ****   uint8_t height;
  91:..\..\..\u8g2\u8g2\csrc/u8x8_message.c ****   uint8_t y;
  92:..\..\..\u8g2\u8g2\csrc/u8x8_message.c ****   uint8_t cursor = 0;
  93:..\..\..\u8g2\u8g2\csrc/u8x8_message.c ****   uint8_t button_cnt;
  94:..\..\..\u8g2\u8g2\csrc/u8x8_message.c ****   uint8_t event;
  95:..\..\..\u8g2\u8g2\csrc/u8x8_message.c **** 
  96:..\..\..\u8g2\u8g2\csrc/u8x8_message.c ****   u8x8_SetInverseFont(u8x8, 0);
 197              		.loc 1 96 0
 198 0008 0023     		movs	r3, #0
 199              	.LVL31:
  89:..\..\..\u8g2\u8g2\csrc/u8x8_message.c ****   uint8_t height;
 200              		.loc 1 89 0
 201 000a 0646     		mov	r6, r0
 202              		.loc 1 96 0
 203 000c 80F82330 		strb	r3, [r0, #35]
 204              	.LVL32:
  97:..\..\..\u8g2\u8g2\csrc/u8x8_message.c ****   
  98:..\..\..\u8g2\u8g2\csrc/u8x8_message.c ****   /* calculate overall height of the message box */
  99:..\..\..\u8g2\u8g2\csrc/u8x8_message.c ****   height = 1;	/* button line */
 100:..\..\..\u8g2\u8g2\csrc/u8x8_message.c ****   height += u8x8_GetStringLineCnt(title1);
 205              		.loc 1 100 0
 206 0010 0846     		mov	r0, r1
 207              	.LVL33:
  89:..\..\..\u8g2\u8g2\csrc/u8x8_message.c ****   uint8_t height;
 208              		.loc 1 89 0
 209 0012 8946     		mov	r9, r1
 210 0014 0A9F     		ldr	r7, [sp, #40]
 211              		.loc 1 100 0
 212 0016 FFF7FEFF 		bl	u8x8_GetStringLineCnt
 213              	.LVL34:
 101:..\..\..\u8g2\u8g2\csrc/u8x8_message.c ****   if ( title2 != NULL )
 214              		.loc 1 101 0
 215 001a 0DB9     		cbnz	r5, .L15
 100:..\..\..\u8g2\u8g2\csrc/u8x8_message.c ****   if ( title2 != NULL )
 216              		.loc 1 100 0
 217 001c 0130     		adds	r0, r0, #1
 218              	.LVL35:
 219 001e 00E0     		b	.L39
 220              	.LVL36:
 221              	.L15:
 102:..\..\..\u8g2\u8g2\csrc/u8x8_message.c ****     height ++;
 222              		.loc 1 102 0
 223 0020 0230     		adds	r0, r0, #2
 224              	.LVL37:
 225              	.L39:
ARM GAS  C:\Users\jesse\AppData\Local\Temp\cchZY6C9.s 			page 7


 226 0022 C4B2     		uxtb	r4, r0
 227              	.LVL38:
 103:..\..\..\u8g2\u8g2\csrc/u8x8_message.c ****   height += u8x8_GetStringLineCnt(title3);
 228              		.loc 1 103 0
 229 0024 4046     		mov	r0, r8
 230 0026 FFF7FEFF 		bl	u8x8_GetStringLineCnt
 231              	.LVL39:
 104:..\..\..\u8g2\u8g2\csrc/u8x8_message.c ****   
 105:..\..\..\u8g2\u8g2\csrc/u8x8_message.c ****   /* calculate offset from top */
 106:..\..\..\u8g2\u8g2\csrc/u8x8_message.c ****   y = 0;
 107:..\..\..\u8g2\u8g2\csrc/u8x8_message.c ****   if ( height < u8x8_GetRows(u8x8)  )
 232              		.loc 1 107 0
 233 002a 3368     		ldr	r3, [r6]
 103:..\..\..\u8g2\u8g2\csrc/u8x8_message.c ****   height += u8x8_GetStringLineCnt(title3);
 234              		.loc 1 103 0
 235 002c 2044     		add	r0, r0, r4
 236              		.loc 1 107 0
 237 002e 5C7C     		ldrb	r4, [r3, #17]	@ zero_extendqisi2
 238              	.LVL40:
 103:..\..\..\u8g2\u8g2\csrc/u8x8_message.c ****   height += u8x8_GetStringLineCnt(title3);
 239              		.loc 1 103 0
 240 0030 C0B2     		uxtb	r0, r0
 241              	.LVL41:
 242              		.loc 1 107 0
 243 0032 A042     		cmp	r0, r4
 244              	.LVL42:
 108:..\..\..\u8g2\u8g2\csrc/u8x8_message.c ****   {
 109:..\..\..\u8g2\u8g2\csrc/u8x8_message.c ****     y = u8x8_GetRows(u8x8);
 110:..\..\..\u8g2\u8g2\csrc/u8x8_message.c ****     y -= height;
 245              		.loc 1 110 0
 246 0034 38BF     		it	cc
 247 0036 241A     		subcc	r4, r4, r0
 248              	.LVL43:
 111:..\..\..\u8g2\u8g2\csrc/u8x8_message.c ****     y /= 2;
 112:..\..\..\u8g2\u8g2\csrc/u8x8_message.c ****   }
 113:..\..\..\u8g2\u8g2\csrc/u8x8_message.c **** 
 114:..\..\..\u8g2\u8g2\csrc/u8x8_message.c ****   /* draw message box */
 115:..\..\..\u8g2\u8g2\csrc/u8x8_message.c ****   
 116:..\..\..\u8g2\u8g2\csrc/u8x8_message.c ****   u8x8_ClearDisplay(u8x8);   /* required, because not everything is filled */
 249              		.loc 1 116 0
 250 0038 3046     		mov	r0, r6
 251              	.LVL44:
 111:..\..\..\u8g2\u8g2\csrc/u8x8_message.c ****     y /= 2;
 252              		.loc 1 111 0
 253 003a 34BF     		ite	cc
 254 003c C4F34604 		ubfxcc	r4, r4, #1, #7
 255              	.LVL45:
 106:..\..\..\u8g2\u8g2\csrc/u8x8_message.c ****   if ( height < u8x8_GetRows(u8x8)  )
 256              		.loc 1 106 0
 257 0040 0024     		movcs	r4, #0
 258              	.LVL46:
 259              		.loc 1 116 0
 260 0042 FFF7FEFF 		bl	u8x8_ClearDisplay
 261              	.LVL47:
 117:..\..\..\u8g2\u8g2\csrc/u8x8_message.c ****   
 118:..\..\..\u8g2\u8g2\csrc/u8x8_message.c ****   y += u8x8_DrawUTF8Lines(u8x8, 0, y, u8x8_GetCols(u8x8), title1);
 262              		.loc 1 118 0
ARM GAS  C:\Users\jesse\AppData\Local\Temp\cchZY6C9.s 			page 8


 263 0046 3368     		ldr	r3, [r6]
 264 0048 2246     		mov	r2, r4
 265 004a 1B7C     		ldrb	r3, [r3, #16]	@ zero_extendqisi2
 266 004c 0021     		movs	r1, #0
 267 004e CDF80090 		str	r9, [sp]
 268 0052 3046     		mov	r0, r6
 269 0054 FFF7FEFF 		bl	u8x8_DrawUTF8Lines
 270              	.LVL48:
 271 0058 2044     		add	r0, r0, r4
 272 005a C4B2     		uxtb	r4, r0
 273              	.LVL49:
 119:..\..\..\u8g2\u8g2\csrc/u8x8_message.c ****   if ( title2 != NULL )
 274              		.loc 1 119 0
 275 005c 4DB1     		cbz	r5, .L18
 120:..\..\..\u8g2\u8g2\csrc/u8x8_message.c ****   {
 121:..\..\..\u8g2\u8g2\csrc/u8x8_message.c ****     u8x8_DrawUTF8Line(u8x8, 0, y, u8x8_GetCols(u8x8), title2);
 276              		.loc 1 121 0
 277 005e 3368     		ldr	r3, [r6]
 278 0060 2246     		mov	r2, r4
 279 0062 1B7C     		ldrb	r3, [r3, #16]	@ zero_extendqisi2
 280 0064 0021     		movs	r1, #0
 281 0066 0095     		str	r5, [sp]
 282 0068 3046     		mov	r0, r6
 283 006a FFF7FEFF 		bl	u8x8_DrawUTF8Line
 284              	.LVL50:
 122:..\..\..\u8g2\u8g2\csrc/u8x8_message.c ****     y++;
 285              		.loc 1 122 0
 286 006e 0134     		adds	r4, r4, #1
 287              	.LVL51:
 288 0070 E4B2     		uxtb	r4, r4
 289              	.LVL52:
 290              	.L18:
 123:..\..\..\u8g2\u8g2\csrc/u8x8_message.c ****   }
 124:..\..\..\u8g2\u8g2\csrc/u8x8_message.c ****   y += u8x8_DrawUTF8Lines(u8x8, 0, y, u8x8_GetCols(u8x8), title3);
 291              		.loc 1 124 0
 292 0072 3368     		ldr	r3, [r6]
 293 0074 2246     		mov	r2, r4
 294 0076 1B7C     		ldrb	r3, [r3, #16]	@ zero_extendqisi2
 295 0078 0021     		movs	r1, #0
 296 007a CDF80080 		str	r8, [sp]
 297 007e 3046     		mov	r0, r6
 298 0080 FFF7FEFF 		bl	u8x8_DrawUTF8Lines
 299              	.LVL53:
 125:..\..\..\u8g2\u8g2\csrc/u8x8_message.c **** 
 126:..\..\..\u8g2\u8g2\csrc/u8x8_message.c ****   button_cnt = u8x8_draw_button_line(u8x8, y, u8x8_GetCols(u8x8), cursor, buttons);
 300              		.loc 1 126 0
 301 0084 3368     		ldr	r3, [r6]
 124:..\..\..\u8g2\u8g2\csrc/u8x8_message.c **** 
 302              		.loc 1 124 0
 303 0086 2044     		add	r0, r0, r4
 304 0088 C5B2     		uxtb	r5, r0
 305              	.LVL54:
 306              		.loc 1 126 0
 307 008a 1A7C     		ldrb	r2, [r3, #16]	@ zero_extendqisi2
 308 008c 2946     		mov	r1, r5
 309 008e 0097     		str	r7, [sp]
 310 0090 0023     		movs	r3, #0
ARM GAS  C:\Users\jesse\AppData\Local\Temp\cchZY6C9.s 			page 9


 311 0092 3046     		mov	r0, r6
 312 0094 FFF7FEFF 		bl	u8x8_draw_button_line
 313              	.LVL55:
 314 0098 8046     		mov	r8, r0
 315              	.LVL56:
  92:..\..\..\u8g2\u8g2\csrc/u8x8_message.c ****   uint8_t button_cnt;
 316              		.loc 1 92 0
 317 009a 0024     		movs	r4, #0
 318              	.LVL57:
 319              	.L19:
 127:..\..\..\u8g2\u8g2\csrc/u8x8_message.c ****   
 128:..\..\..\u8g2\u8g2\csrc/u8x8_message.c ****   for(;;)
 129:..\..\..\u8g2\u8g2\csrc/u8x8_message.c ****   {
 130:..\..\..\u8g2\u8g2\csrc/u8x8_message.c ****     event = u8x8_GetMenuEvent(u8x8);
 320              		.loc 1 130 0
 321 009c 3046     		mov	r0, r6
 322 009e FFF7FEFF 		bl	u8x8_GetMenuEvent
 323              	.LVL58:
 131:..\..\..\u8g2\u8g2\csrc/u8x8_message.c ****     if ( event == U8X8_MSG_GPIO_MENU_SELECT )
 324              		.loc 1 131 0
 325 00a2 5028     		cmp	r0, #80
 326 00a4 02D1     		bne	.L20
 132:..\..\..\u8g2\u8g2\csrc/u8x8_message.c ****       return cursor+1;
 327              		.loc 1 132 0
 328 00a6 601C     		adds	r0, r4, #1
 329              	.LVL59:
 330 00a8 C0B2     		uxtb	r0, r0
 331 00aa 1EE0     		b	.L21
 332              	.LVL60:
 333              	.L20:
 133:..\..\..\u8g2\u8g2\csrc/u8x8_message.c ****     else if ( event == U8X8_MSG_GPIO_MENU_HOME )
 334              		.loc 1 133 0
 335 00ac 5328     		cmp	r0, #83
 336 00ae 1BD0     		beq	.L29
 134:..\..\..\u8g2\u8g2\csrc/u8x8_message.c ****       break;
 135:..\..\..\u8g2\u8g2\csrc/u8x8_message.c ****     else if ( event == U8X8_MSG_GPIO_MENU_NEXT || event == U8X8_MSG_GPIO_MENU_UP )
 337              		.loc 1 135 0
 338 00b0 5128     		cmp	r0, #81
 339 00b2 01D0     		beq	.L22
 340              		.loc 1 135 0 is_stmt 0 discriminator 1
 341 00b4 5428     		cmp	r0, #84
 342 00b6 05D1     		bne	.L23
 343              	.L22:
 136:..\..\..\u8g2\u8g2\csrc/u8x8_message.c ****     {
 137:..\..\..\u8g2\u8g2\csrc/u8x8_message.c ****       cursor++;
 344              		.loc 1 137 0 is_stmt 1
 345 00b8 0134     		adds	r4, r4, #1
 346              	.LVL61:
 347 00ba E4B2     		uxtb	r4, r4
 348              	.LVL62:
 138:..\..\..\u8g2\u8g2\csrc/u8x8_message.c ****       if ( cursor >= button_cnt )
 139:..\..\..\u8g2\u8g2\csrc/u8x8_message.c **** 	cursor = 0;
 349              		.loc 1 139 0
 350 00bc A045     		cmp	r8, r4
 351 00be 98BF     		it	ls
 352 00c0 0024     		movls	r4, #0
 353              	.LVL63:
ARM GAS  C:\Users\jesse\AppData\Local\Temp\cchZY6C9.s 			page 10


 354 00c2 08E0     		b	.L40
 355              	.L23:
 140:..\..\..\u8g2\u8g2\csrc/u8x8_message.c ****       u8x8_draw_button_line(u8x8, y, u8x8_GetCols(u8x8), cursor, buttons);
 141:..\..\..\u8g2\u8g2\csrc/u8x8_message.c ****     }
 142:..\..\..\u8g2\u8g2\csrc/u8x8_message.c ****     else if ( event == U8X8_MSG_GPIO_MENU_PREV || event == U8X8_MSG_GPIO_MENU_DOWN  )
 356              		.loc 1 142 0
 357 00c4 5228     		cmp	r0, #82
 358 00c6 01D0     		beq	.L26
 359              		.loc 1 142 0 is_stmt 0 discriminator 1
 360 00c8 5528     		cmp	r0, #85
 361 00ca E7D1     		bne	.L19
 362              	.L26:
 143:..\..\..\u8g2\u8g2\csrc/u8x8_message.c ****     {
 144:..\..\..\u8g2\u8g2\csrc/u8x8_message.c ****       if ( cursor == 0 )
 145:..\..\..\u8g2\u8g2\csrc/u8x8_message.c **** 	cursor = button_cnt;
 363              		.loc 1 145 0 is_stmt 1
 364 00cc 002C     		cmp	r4, #0
 365 00ce 08BF     		it	eq
 366 00d0 4446     		moveq	r4, r8
 367              	.LVL64:
 146:..\..\..\u8g2\u8g2\csrc/u8x8_message.c ****       cursor--;
 368              		.loc 1 146 0
 369 00d2 013C     		subs	r4, r4, #1
 370              	.LVL65:
 371 00d4 E4B2     		uxtb	r4, r4
 372              	.LVL66:
 373              	.L40:
 147:..\..\..\u8g2\u8g2\csrc/u8x8_message.c ****       u8x8_draw_button_line(u8x8, y, u8x8_GetCols(u8x8), cursor, buttons);
 374              		.loc 1 147 0
 375 00d6 3368     		ldr	r3, [r6]
 376 00d8 2946     		mov	r1, r5
 377 00da 1A7C     		ldrb	r2, [r3, #16]	@ zero_extendqisi2
 378 00dc 3046     		mov	r0, r6
 379              	.LVL67:
 380 00de 0097     		str	r7, [sp]
 381 00e0 2346     		mov	r3, r4
 382 00e2 FFF7FEFF 		bl	u8x8_draw_button_line
 383              	.LVL68:
 384 00e6 D9E7     		b	.L19
 385              	.LVL69:
 386              	.L29:
 148:..\..\..\u8g2\u8g2\csrc/u8x8_message.c ****     }    
 149:..\..\..\u8g2\u8g2\csrc/u8x8_message.c ****   }  
 150:..\..\..\u8g2\u8g2\csrc/u8x8_message.c ****   return 0;
 387              		.loc 1 150 0
 388 00e8 0020     		movs	r0, #0
 389              	.LVL70:
 390              	.L21:
 151:..\..\..\u8g2\u8g2\csrc/u8x8_message.c **** }
 391              		.loc 1 151 0
 392 00ea 03B0     		add	sp, sp, #12
 393              		.cfi_def_cfa_offset 28
 394              		@ sp needed
 395 00ec BDE8F083 		pop	{r4, r5, r6, r7, r8, r9, pc}
 396              		.cfi_endproc
 397              	.LFE1:
 398              		.size	u8x8_UserInterfaceMessage, .-u8x8_UserInterfaceMessage
ARM GAS  C:\Users\jesse\AppData\Local\Temp\cchZY6C9.s 			page 11


 399              		.section	.rodata.str1.1,"aMS",%progbits,1
 400              	.LC0:
 401 0000 2000     		.ascii	" \000"
 402              		.text
 403              	.Letext0:
 404              		.file 2 "c:\\program files (x86)\\cypress\\psoc creator\\4.4\\psoc creator\\import\\gnu\\arm\\5.4.
 405              		.file 3 "c:\\program files (x86)\\cypress\\psoc creator\\4.4\\psoc creator\\import\\gnu\\arm\\5.4.
 406              		.file 4 "..\\..\\..\\u8g2\\u8g2\\csrc\\u8x8.h"
 407              		.section	.debug_info,"",%progbits
 408              	.Ldebug_info0:
 409 0000 AB060000 		.4byte	0x6ab
 410 0004 0400     		.2byte	0x4
 411 0006 00000000 		.4byte	.Ldebug_abbrev0
 412 000a 04       		.byte	0x4
 413 000b 01       		.uleb128 0x1
 414 000c DE020000 		.4byte	.LASF81
 415 0010 0C       		.byte	0xc
 416 0011 62040000 		.4byte	.LASF82
 417 0015 8E030000 		.4byte	.LASF83
 418 0019 00000000 		.4byte	.Ldebug_ranges0+0
 419 001d 00000000 		.4byte	0
 420 0021 00000000 		.4byte	.Ldebug_line0
 421 0025 02       		.uleb128 0x2
 422 0026 01       		.byte	0x1
 423 0027 06       		.byte	0x6
 424 0028 52020000 		.4byte	.LASF0
 425 002c 03       		.uleb128 0x3
 426 002d C4010000 		.4byte	.LASF3
 427 0031 02       		.byte	0x2
 428 0032 1D       		.byte	0x1d
 429 0033 37000000 		.4byte	0x37
 430 0037 02       		.uleb128 0x2
 431 0038 01       		.byte	0x1
 432 0039 08       		.byte	0x8
 433 003a 3D020000 		.4byte	.LASF1
 434 003e 02       		.uleb128 0x2
 435 003f 02       		.byte	0x2
 436 0040 05       		.byte	0x5
 437 0041 52000000 		.4byte	.LASF2
 438 0045 03       		.uleb128 0x3
 439 0046 C1000000 		.4byte	.LASF4
 440 004a 02       		.byte	0x2
 441 004b 2B       		.byte	0x2b
 442 004c 50000000 		.4byte	0x50
 443 0050 02       		.uleb128 0x2
 444 0051 02       		.byte	0x2
 445 0052 07       		.byte	0x7
 446 0053 F4030000 		.4byte	.LASF5
 447 0057 02       		.uleb128 0x2
 448 0058 04       		.byte	0x4
 449 0059 05       		.byte	0x5
 450 005a BB010000 		.4byte	.LASF6
 451 005e 03       		.uleb128 0x3
 452 005f B0000000 		.4byte	.LASF7
 453 0063 02       		.byte	0x2
 454 0064 41       		.byte	0x41
 455 0065 69000000 		.4byte	0x69
ARM GAS  C:\Users\jesse\AppData\Local\Temp\cchZY6C9.s 			page 12


 456 0069 02       		.uleb128 0x2
 457 006a 04       		.byte	0x4
 458 006b 07       		.byte	0x7
 459 006c AC040000 		.4byte	.LASF8
 460 0070 02       		.uleb128 0x2
 461 0071 08       		.byte	0x8
 462 0072 05       		.byte	0x5
 463 0073 8E010000 		.4byte	.LASF9
 464 0077 02       		.uleb128 0x2
 465 0078 08       		.byte	0x8
 466 0079 07       		.byte	0x7
 467 007a 5E020000 		.4byte	.LASF10
 468 007e 04       		.uleb128 0x4
 469 007f 04       		.byte	0x4
 470 0080 05       		.byte	0x5
 471 0081 696E7400 		.ascii	"int\000"
 472 0085 02       		.uleb128 0x2
 473 0086 04       		.byte	0x4
 474 0087 07       		.byte	0x7
 475 0088 85020000 		.4byte	.LASF11
 476 008c 03       		.uleb128 0x3
 477 008d F9000000 		.4byte	.LASF12
 478 0091 03       		.byte	0x3
 479 0092 18       		.byte	0x18
 480 0093 2C000000 		.4byte	0x2c
 481 0097 03       		.uleb128 0x3
 482 0098 92020000 		.4byte	.LASF13
 483 009c 03       		.byte	0x3
 484 009d 24       		.byte	0x24
 485 009e 45000000 		.4byte	0x45
 486 00a2 03       		.uleb128 0x3
 487 00a3 75020000 		.4byte	.LASF14
 488 00a7 03       		.byte	0x3
 489 00a8 30       		.byte	0x30
 490 00a9 5E000000 		.4byte	0x5e
 491 00ad 05       		.uleb128 0x5
 492 00ae 04       		.byte	0x4
 493 00af 02       		.uleb128 0x2
 494 00b0 08       		.byte	0x8
 495 00b1 04       		.byte	0x4
 496 00b2 0F020000 		.4byte	.LASF15
 497 00b6 03       		.uleb128 0x3
 498 00b7 D7020000 		.4byte	.LASF16
 499 00bb 04       		.byte	0x4
 500 00bc D3       		.byte	0xd3
 501 00bd C1000000 		.4byte	0xc1
 502 00c1 06       		.uleb128 0x6
 503 00c2 A0040000 		.4byte	.LASF37
 504 00c6 2C       		.byte	0x2c
 505 00c7 04       		.byte	0x4
 506 00c8 5601     		.2byte	0x156
 507 00ca C6010000 		.4byte	0x1c6
 508 00ce 07       		.uleb128 0x7
 509 00cf 35040000 		.4byte	.LASF17
 510 00d3 04       		.byte	0x4
 511 00d4 5801     		.2byte	0x158
 512 00d6 28030000 		.4byte	0x328
ARM GAS  C:\Users\jesse\AppData\Local\Temp\cchZY6C9.s 			page 13


 513 00da 00       		.byte	0
 514 00db 07       		.uleb128 0x7
 515 00dc 66050000 		.4byte	.LASF18
 516 00e0 04       		.byte	0x4
 517 00e1 5901     		.2byte	0x159
 518 00e3 03030000 		.4byte	0x303
 519 00e7 04       		.byte	0x4
 520 00e8 07       		.uleb128 0x7
 521 00e9 D9010000 		.4byte	.LASF19
 522 00ed 04       		.byte	0x4
 523 00ee 5A01     		.2byte	0x15a
 524 00f0 CE020000 		.4byte	0x2ce
 525 00f4 08       		.byte	0x8
 526 00f5 07       		.uleb128 0x7
 527 00f6 0C050000 		.4byte	.LASF20
 528 00fa 04       		.byte	0x4
 529 00fb 5B01     		.2byte	0x15b
 530 00fd CE020000 		.4byte	0x2ce
 531 0101 0C       		.byte	0xc
 532 0102 07       		.uleb128 0x7
 533 0103 BE040000 		.4byte	.LASF21
 534 0107 04       		.byte	0x4
 535 0108 5C01     		.2byte	0x15c
 536 010a CE020000 		.4byte	0x2ce
 537 010e 10       		.byte	0x10
 538 010f 07       		.uleb128 0x7
 539 0110 5C000000 		.4byte	.LASF22
 540 0114 04       		.byte	0x4
 541 0115 5D01     		.2byte	0x15d
 542 0117 CE020000 		.4byte	0x2ce
 543 011b 14       		.byte	0x14
 544 011c 07       		.uleb128 0x7
 545 011d 47010000 		.4byte	.LASF23
 546 0121 04       		.byte	0x4
 547 0122 5E01     		.2byte	0x15e
 548 0124 A2000000 		.4byte	0xa2
 549 0128 18       		.byte	0x18
 550 0129 07       		.uleb128 0x7
 551 012a 39000000 		.4byte	.LASF24
 552 012e 04       		.byte	0x4
 553 012f 5F01     		.2byte	0x15f
 554 0131 33030000 		.4byte	0x333
 555 0135 1C       		.byte	0x1c
 556 0136 07       		.uleb128 0x7
 557 0137 F7040000 		.4byte	.LASF25
 558 013b 04       		.byte	0x4
 559 013c 6001     		.2byte	0x160
 560 013e 97000000 		.4byte	0x97
 561 0142 20       		.byte	0x20
 562 0143 07       		.uleb128 0x7
 563 0144 00000000 		.4byte	.LASF26
 564 0148 04       		.byte	0x4
 565 0149 6101     		.2byte	0x161
 566 014b 8C000000 		.4byte	0x8c
 567 014f 22       		.byte	0x22
 568 0150 07       		.uleb128 0x7
 569 0151 09000000 		.4byte	.LASF27
ARM GAS  C:\Users\jesse\AppData\Local\Temp\cchZY6C9.s 			page 14


 570 0155 04       		.byte	0x4
 571 0156 6201     		.2byte	0x162
 572 0158 8C000000 		.4byte	0x8c
 573 015c 23       		.byte	0x23
 574 015d 07       		.uleb128 0x7
 575 015e D9040000 		.4byte	.LASF28
 576 0162 04       		.byte	0x4
 577 0163 6301     		.2byte	0x163
 578 0165 8C000000 		.4byte	0x8c
 579 0169 24       		.byte	0x24
 580 016a 07       		.uleb128 0x7
 581 016b 00050000 		.4byte	.LASF29
 582 016f 04       		.byte	0x4
 583 0170 6601     		.2byte	0x166
 584 0172 8C000000 		.4byte	0x8c
 585 0176 25       		.byte	0x25
 586 0177 07       		.uleb128 0x7
 587 0178 95040000 		.4byte	.LASF30
 588 017c 04       		.byte	0x4
 589 017d 6801     		.2byte	0x168
 590 017f 8C000000 		.4byte	0x8c
 591 0183 26       		.byte	0x26
 592 0184 07       		.uleb128 0x7
 593 0185 9C010000 		.4byte	.LASF31
 594 0189 04       		.byte	0x4
 595 018a 6901     		.2byte	0x169
 596 018c 8C000000 		.4byte	0x8c
 597 0190 27       		.byte	0x27
 598 0191 07       		.uleb128 0x7
 599 0192 3F050000 		.4byte	.LASF32
 600 0196 04       		.byte	0x4
 601 0197 6A01     		.2byte	0x16a
 602 0199 8C000000 		.4byte	0x8c
 603 019d 28       		.byte	0x28
 604 019e 07       		.uleb128 0x7
 605 019f 76010000 		.4byte	.LASF33
 606 01a3 04       		.byte	0x4
 607 01a4 6B01     		.2byte	0x16b
 608 01a6 8C000000 		.4byte	0x8c
 609 01aa 29       		.byte	0x29
 610 01ab 07       		.uleb128 0x7
 611 01ac 26040000 		.4byte	.LASF34
 612 01b0 04       		.byte	0x4
 613 01b1 6C01     		.2byte	0x16c
 614 01b3 8C000000 		.4byte	0x8c
 615 01b7 2A       		.byte	0x2a
 616 01b8 07       		.uleb128 0x7
 617 01b9 3E000000 		.4byte	.LASF35
 618 01bd 04       		.byte	0x4
 619 01be 6D01     		.2byte	0x16d
 620 01c0 8C000000 		.4byte	0x8c
 621 01c4 2B       		.byte	0x2b
 622 01c5 00       		.byte	0
 623 01c6 03       		.uleb128 0x3
 624 01c7 62010000 		.4byte	.LASF36
 625 01cb 04       		.byte	0x4
 626 01cc D4       		.byte	0xd4
ARM GAS  C:\Users\jesse\AppData\Local\Temp\cchZY6C9.s 			page 15


 627 01cd D1010000 		.4byte	0x1d1
 628 01d1 08       		.uleb128 0x8
 629 01d2 9B020000 		.4byte	.LASF38
 630 01d6 18       		.byte	0x18
 631 01d7 04       		.byte	0x4
 632 01d8 ED       		.byte	0xed
 633 01d9 CE020000 		.4byte	0x2ce
 634 01dd 09       		.uleb128 0x9
 635 01de 27000000 		.4byte	.LASF39
 636 01e2 04       		.byte	0x4
 637 01e3 F1       		.byte	0xf1
 638 01e4 8C000000 		.4byte	0x8c
 639 01e8 00       		.byte	0
 640 01e9 09       		.uleb128 0x9
 641 01ea C6040000 		.4byte	.LASF40
 642 01ee 04       		.byte	0x4
 643 01ef F2       		.byte	0xf2
 644 01f0 8C000000 		.4byte	0x8c
 645 01f4 01       		.byte	0x1
 646 01f5 09       		.uleb128 0x9
 647 01f6 01010000 		.4byte	.LASF41
 648 01fa 04       		.byte	0x4
 649 01fb F4       		.byte	0xf4
 650 01fc 8C000000 		.4byte	0x8c
 651 0200 02       		.byte	0x2
 652 0201 09       		.uleb128 0x9
 653 0202 7C050000 		.4byte	.LASF42
 654 0206 04       		.byte	0x4
 655 0207 F5       		.byte	0xf5
 656 0208 8C000000 		.4byte	0x8c
 657 020c 03       		.byte	0x3
 658 020d 09       		.uleb128 0x9
 659 020e C2020000 		.4byte	.LASF43
 660 0212 04       		.byte	0x4
 661 0213 F6       		.byte	0xf6
 662 0214 8C000000 		.4byte	0x8c
 663 0218 04       		.byte	0x4
 664 0219 09       		.uleb128 0x9
 665 021a 9D000000 		.4byte	.LASF44
 666 021e 04       		.byte	0x4
 667 021f F7       		.byte	0xf7
 668 0220 8C000000 		.4byte	0x8c
 669 0224 05       		.byte	0x5
 670 0225 09       		.uleb128 0x9
 671 0226 8B000000 		.4byte	.LASF45
 672 022a 04       		.byte	0x4
 673 022b FE       		.byte	0xfe
 674 022c 8C000000 		.4byte	0x8c
 675 0230 06       		.byte	0x6
 676 0231 07       		.uleb128 0x7
 677 0232 A8010000 		.4byte	.LASF46
 678 0236 04       		.byte	0x4
 679 0237 0201     		.2byte	0x102
 680 0239 8C000000 		.4byte	0x8c
 681 023d 07       		.byte	0x7
 682 023e 07       		.uleb128 0x7
 683 023f 81030000 		.4byte	.LASF47
ARM GAS  C:\Users\jesse\AppData\Local\Temp\cchZY6C9.s 			page 16


 684 0243 04       		.byte	0x4
 685 0244 0501     		.2byte	0x105
 686 0246 A2000000 		.4byte	0xa2
 687 024a 08       		.byte	0x8
 688 024b 07       		.uleb128 0x7
 689 024c 1E000000 		.4byte	.LASF48
 690 0250 04       		.byte	0x4
 691 0251 0F01     		.2byte	0x10f
 692 0253 8C000000 		.4byte	0x8c
 693 0257 0C       		.byte	0xc
 694 0258 07       		.uleb128 0x7
 695 0259 6C030000 		.4byte	.LASF49
 696 025d 04       		.byte	0x4
 697 025e 1201     		.2byte	0x112
 698 0260 8C000000 		.4byte	0x8c
 699 0264 0D       		.byte	0xd
 700 0265 07       		.uleb128 0x7
 701 0266 E4010000 		.4byte	.LASF50
 702 026a 04       		.byte	0x4
 703 026b 1801     		.2byte	0x118
 704 026d 8C000000 		.4byte	0x8c
 705 0271 0E       		.byte	0xe
 706 0272 07       		.uleb128 0x7
 707 0273 E4000000 		.4byte	.LASF51
 708 0277 04       		.byte	0x4
 709 0278 1A01     		.2byte	0x11a
 710 027a 8C000000 		.4byte	0x8c
 711 027e 0F       		.byte	0xf
 712 027f 07       		.uleb128 0x7
 713 0280 6E000000 		.4byte	.LASF52
 714 0284 04       		.byte	0x4
 715 0285 1D01     		.2byte	0x11d
 716 0287 8C000000 		.4byte	0x8c
 717 028b 10       		.byte	0x10
 718 028c 07       		.uleb128 0x7
 719 028d 1B020000 		.4byte	.LASF53
 720 0291 04       		.byte	0x4
 721 0292 1E01     		.2byte	0x11e
 722 0294 8C000000 		.4byte	0x8c
 723 0298 11       		.byte	0x11
 724 0299 07       		.uleb128 0x7
 725 029a 51010000 		.4byte	.LASF54
 726 029e 04       		.byte	0x4
 727 029f 2001     		.2byte	0x120
 728 02a1 8C000000 		.4byte	0x8c
 729 02a5 12       		.byte	0x12
 730 02a6 07       		.uleb128 0x7
 731 02a7 E5040000 		.4byte	.LASF55
 732 02ab 04       		.byte	0x4
 733 02ac 2101     		.2byte	0x121
 734 02ae 8C000000 		.4byte	0x8c
 735 02b2 13       		.byte	0x13
 736 02b3 07       		.uleb128 0x7
 737 02b4 89040000 		.4byte	.LASF56
 738 02b8 04       		.byte	0x4
 739 02b9 2901     		.2byte	0x129
 740 02bb 97000000 		.4byte	0x97
ARM GAS  C:\Users\jesse\AppData\Local\Temp\cchZY6C9.s 			page 17


 741 02bf 14       		.byte	0x14
 742 02c0 07       		.uleb128 0x7
 743 02c1 42040000 		.4byte	.LASF57
 744 02c5 04       		.byte	0x4
 745 02c6 2A01     		.2byte	0x12a
 746 02c8 97000000 		.4byte	0x97
 747 02cc 16       		.byte	0x16
 748 02cd 00       		.byte	0
 749 02ce 03       		.uleb128 0x3
 750 02cf 5A050000 		.4byte	.LASF58
 751 02d3 04       		.byte	0x4
 752 02d4 D7       		.byte	0xd7
 753 02d5 D9020000 		.4byte	0x2d9
 754 02d9 0A       		.uleb128 0xa
 755 02da 04       		.byte	0x4
 756 02db DF020000 		.4byte	0x2df
 757 02df 0B       		.uleb128 0xb
 758 02e0 8C000000 		.4byte	0x8c
 759 02e4 FD020000 		.4byte	0x2fd
 760 02e8 0C       		.uleb128 0xc
 761 02e9 FD020000 		.4byte	0x2fd
 762 02ed 0C       		.uleb128 0xc
 763 02ee 8C000000 		.4byte	0x8c
 764 02f2 0C       		.uleb128 0xc
 765 02f3 8C000000 		.4byte	0x8c
 766 02f7 0C       		.uleb128 0xc
 767 02f8 AD000000 		.4byte	0xad
 768 02fc 00       		.byte	0
 769 02fd 0A       		.uleb128 0xa
 770 02fe 04       		.byte	0x4
 771 02ff B6000000 		.4byte	0xb6
 772 0303 03       		.uleb128 0x3
 773 0304 07040000 		.4byte	.LASF59
 774 0308 04       		.byte	0x4
 775 0309 D8       		.byte	0xd8
 776 030a 0E030000 		.4byte	0x30e
 777 030e 0A       		.uleb128 0xa
 778 030f 04       		.byte	0x4
 779 0310 14030000 		.4byte	0x314
 780 0314 0B       		.uleb128 0xb
 781 0315 97000000 		.4byte	0x97
 782 0319 28030000 		.4byte	0x328
 783 031d 0C       		.uleb128 0xc
 784 031e FD020000 		.4byte	0x2fd
 785 0322 0C       		.uleb128 0xc
 786 0323 8C000000 		.4byte	0x8c
 787 0327 00       		.byte	0
 788 0328 0A       		.uleb128 0xa
 789 0329 04       		.byte	0x4
 790 032a 2E030000 		.4byte	0x32e
 791 032e 0D       		.uleb128 0xd
 792 032f C6010000 		.4byte	0x1c6
 793 0333 0A       		.uleb128 0xa
 794 0334 04       		.byte	0x4
 795 0335 39030000 		.4byte	0x339
 796 0339 0D       		.uleb128 0xd
 797 033a 8C000000 		.4byte	0x8c
ARM GAS  C:\Users\jesse\AppData\Local\Temp\cchZY6C9.s 			page 18


 798 033e 0E       		.uleb128 0xe
 799 033f 27020000 		.4byte	.LASF64
 800 0343 01       		.byte	0x1
 801 0344 26       		.byte	0x26
 802 0345 8C000000 		.4byte	0x8c
 803 0349 00000000 		.4byte	.LFB0
 804 034d A4000000 		.4byte	.LFE0-.LFB0
 805 0351 01       		.uleb128 0x1
 806 0352 9C       		.byte	0x9c
 807 0353 86040000 		.4byte	0x486
 808 0357 0F       		.uleb128 0xf
 809 0358 1A010000 		.4byte	.LASF60
 810 035c 01       		.byte	0x1
 811 035d 26       		.byte	0x26
 812 035e FD020000 		.4byte	0x2fd
 813 0362 00000000 		.4byte	.LLST0
 814 0366 10       		.uleb128 0x10
 815 0367 7900     		.ascii	"y\000"
 816 0369 01       		.byte	0x1
 817 036a 26       		.byte	0x26
 818 036b 8C000000 		.4byte	0x8c
 819 036f 2C000000 		.4byte	.LLST1
 820 0373 10       		.uleb128 0x10
 821 0374 7700     		.ascii	"w\000"
 822 0376 01       		.byte	0x1
 823 0377 26       		.byte	0x26
 824 0378 8C000000 		.4byte	0x8c
 825 037c 4D000000 		.4byte	.LLST2
 826 0380 0F       		.uleb128 0xf
 827 0381 4B020000 		.4byte	.LASF61
 828 0385 01       		.byte	0x1
 829 0386 26       		.byte	0x26
 830 0387 8C000000 		.4byte	0x8c
 831 038b 6E000000 		.4byte	.LLST3
 832 038f 10       		.uleb128 0x10
 833 0390 7300     		.ascii	"s\000"
 834 0392 01       		.byte	0x1
 835 0393 26       		.byte	0x26
 836 0394 86040000 		.4byte	0x486
 837 0398 8F000000 		.4byte	.LLST4
 838 039c 11       		.uleb128 0x11
 839 039d 6900     		.ascii	"i\000"
 840 039f 01       		.byte	0x1
 841 03a0 28       		.byte	0x28
 842 03a1 8C000000 		.4byte	0x8c
 843 03a5 AF000000 		.4byte	.LLST5
 844 03a9 11       		.uleb128 0x11
 845 03aa 636E7400 		.ascii	"cnt\000"
 846 03ae 01       		.byte	0x1
 847 03af 29       		.byte	0x29
 848 03b0 8C000000 		.4byte	0x8c
 849 03b4 41010000 		.4byte	.LLST6
 850 03b8 12       		.uleb128 0x12
 851 03b9 20040000 		.4byte	.LASF62
 852 03bd 01       		.byte	0x1
 853 03be 2A       		.byte	0x2a
 854 03bf 8C000000 		.4byte	0x8c
ARM GAS  C:\Users\jesse\AppData\Local\Temp\cchZY6C9.s 			page 19


 855 03c3 54010000 		.4byte	.LLST7
 856 03c7 11       		.uleb128 0x11
 857 03c8 6400     		.ascii	"d\000"
 858 03ca 01       		.byte	0x1
 859 03cb 2B       		.byte	0x2b
 860 03cc 8C000000 		.4byte	0x8c
 861 03d0 7E010000 		.4byte	.LLST8
 862 03d4 11       		.uleb128 0x11
 863 03d5 7800     		.ascii	"x\000"
 864 03d7 01       		.byte	0x1
 865 03d8 2C       		.byte	0x2c
 866 03d9 8C000000 		.4byte	0x8c
 867 03dd AD010000 		.4byte	.LLST9
 868 03e1 13       		.uleb128 0x13
 869 03e2 12000000 		.4byte	.LVL2
 870 03e6 4E060000 		.4byte	0x64e
 871 03ea F6030000 		.4byte	0x3f6
 872 03ee 14       		.uleb128 0x14
 873 03ef 01       		.uleb128 0x1
 874 03f0 50       		.byte	0x50
 875 03f1 03       		.uleb128 0x3
 876 03f2 91       		.byte	0x91
 877 03f3 00       		.sleb128 0
 878 03f4 06       		.byte	0x6
 879 03f5 00       		.byte	0
 880 03f6 13       		.uleb128 0x13
 881 03f7 28000000 		.4byte	.LVL6
 882 03fb 5A060000 		.4byte	0x65a
 883 03ff 11040000 		.4byte	0x411
 884 0403 14       		.uleb128 0x14
 885 0404 01       		.uleb128 0x1
 886 0405 50       		.byte	0x50
 887 0406 02       		.uleb128 0x2
 888 0407 7A       		.byte	0x7a
 889 0408 00       		.sleb128 0
 890 0409 14       		.uleb128 0x14
 891 040a 01       		.uleb128 0x1
 892 040b 51       		.byte	0x51
 893 040c 03       		.uleb128 0x3
 894 040d 91       		.byte	0x91
 895 040e 00       		.sleb128 0
 896 040f 06       		.byte	0x6
 897 0410 00       		.byte	0
 898 0411 13       		.uleb128 0x13
 899 0412 30000000 		.4byte	.LVL7
 900 0416 66060000 		.4byte	0x666
 901 041a 25040000 		.4byte	0x425
 902 041e 14       		.uleb128 0x14
 903 041f 01       		.uleb128 0x1
 904 0420 50       		.byte	0x50
 905 0421 02       		.uleb128 0x2
 906 0422 76       		.byte	0x76
 907 0423 00       		.sleb128 0
 908 0424 00       		.byte	0
 909 0425 13       		.uleb128 0x13
 910 0426 70000000 		.4byte	.LVL21
 911 042a 5A060000 		.4byte	0x65a
ARM GAS  C:\Users\jesse\AppData\Local\Temp\cchZY6C9.s 			page 20


 912 042e 40040000 		.4byte	0x440
 913 0432 14       		.uleb128 0x14
 914 0433 01       		.uleb128 0x1
 915 0434 50       		.byte	0x50
 916 0435 02       		.uleb128 0x2
 917 0436 75       		.byte	0x75
 918 0437 00       		.sleb128 0
 919 0438 14       		.uleb128 0x14
 920 0439 01       		.uleb128 0x1
 921 043a 51       		.byte	0x51
 922 043b 03       		.uleb128 0x3
 923 043c 91       		.byte	0x91
 924 043d 00       		.sleb128 0
 925 043e 06       		.byte	0x6
 926 043f 00       		.byte	0
 927 0440 13       		.uleb128 0x13
 928 0441 7C000000 		.4byte	.LVL22
 929 0445 72060000 		.4byte	0x672
 930 0449 60040000 		.4byte	0x460
 931 044d 14       		.uleb128 0x14
 932 044e 01       		.uleb128 0x1
 933 044f 50       		.byte	0x50
 934 0450 02       		.uleb128 0x2
 935 0451 76       		.byte	0x76
 936 0452 00       		.sleb128 0
 937 0453 14       		.uleb128 0x14
 938 0454 01       		.uleb128 0x1
 939 0455 51       		.byte	0x51
 940 0456 02       		.uleb128 0x2
 941 0457 74       		.byte	0x74
 942 0458 00       		.sleb128 0
 943 0459 14       		.uleb128 0x14
 944 045a 01       		.uleb128 0x1
 945 045b 52       		.byte	0x52
 946 045c 02       		.uleb128 0x2
 947 045d 78       		.byte	0x78
 948 045e 00       		.sleb128 0
 949 045f 00       		.byte	0
 950 0460 15       		.uleb128 0x15
 951 0461 90000000 		.4byte	.LVL24
 952 0465 72060000 		.4byte	0x672
 953 0469 14       		.uleb128 0x14
 954 046a 01       		.uleb128 0x1
 955 046b 50       		.byte	0x50
 956 046c 02       		.uleb128 0x2
 957 046d 76       		.byte	0x76
 958 046e 00       		.sleb128 0
 959 046f 14       		.uleb128 0x14
 960 0470 01       		.uleb128 0x1
 961 0471 51       		.byte	0x51
 962 0472 02       		.uleb128 0x2
 963 0473 74       		.byte	0x74
 964 0474 00       		.sleb128 0
 965 0475 14       		.uleb128 0x14
 966 0476 01       		.uleb128 0x1
 967 0477 52       		.byte	0x52
 968 0478 02       		.uleb128 0x2
ARM GAS  C:\Users\jesse\AppData\Local\Temp\cchZY6C9.s 			page 21


 969 0479 78       		.byte	0x78
 970 047a 00       		.sleb128 0
 971 047b 14       		.uleb128 0x14
 972 047c 01       		.uleb128 0x1
 973 047d 53       		.byte	0x53
 974 047e 05       		.uleb128 0x5
 975 047f 03       		.byte	0x3
 976 0480 00000000 		.4byte	.LC0
 977 0484 00       		.byte	0
 978 0485 00       		.byte	0
 979 0486 0A       		.uleb128 0xa
 980 0487 04       		.byte	0x4
 981 0488 93040000 		.4byte	0x493
 982 048c 02       		.uleb128 0x2
 983 048d 01       		.byte	0x1
 984 048e 08       		.byte	0x8
 985 048f 1B040000 		.4byte	.LASF63
 986 0493 0D       		.uleb128 0xd
 987 0494 8C040000 		.4byte	0x48c
 988 0498 0E       		.uleb128 0xe
 989 0499 25050000 		.4byte	.LASF65
 990 049d 01       		.byte	0x1
 991 049e 58       		.byte	0x58
 992 049f 8C000000 		.4byte	0x8c
 993 04a3 00000000 		.4byte	.LFB1
 994 04a7 F0000000 		.4byte	.LFE1-.LFB1
 995 04ab 01       		.uleb128 0x1
 996 04ac 9C       		.byte	0x9c
 997 04ad 4E060000 		.4byte	0x64e
 998 04b1 0F       		.uleb128 0xf
 999 04b2 1A010000 		.4byte	.LASF60
 1000 04b6 01       		.byte	0x1
 1001 04b7 58       		.byte	0x58
 1002 04b8 FD020000 		.4byte	0x2fd
 1003 04bc C0010000 		.4byte	.LLST10
 1004 04c0 0F       		.uleb128 0xf
 1005 04c1 BB020000 		.4byte	.LASF66
 1006 04c5 01       		.byte	0x1
 1007 04c6 58       		.byte	0x58
 1008 04c7 86040000 		.4byte	0x486
 1009 04cb DE010000 		.4byte	.LLST11
 1010 04cf 0F       		.uleb128 0xf
 1011 04d0 B4020000 		.4byte	.LASF67
 1012 04d4 01       		.byte	0x1
 1013 04d5 58       		.byte	0x58
 1014 04d6 86040000 		.4byte	0x486
 1015 04da FC010000 		.4byte	.LLST12
 1016 04de 0F       		.uleb128 0xf
 1017 04df 14040000 		.4byte	.LASF68
 1018 04e3 01       		.byte	0x1
 1019 04e4 58       		.byte	0x58
 1020 04e5 86040000 		.4byte	0x486
 1021 04e9 28020000 		.4byte	.LLST13
 1022 04ed 16       		.uleb128 0x16
 1023 04ee F7010000 		.4byte	.LASF69
 1024 04f2 01       		.byte	0x1
 1025 04f3 58       		.byte	0x58
ARM GAS  C:\Users\jesse\AppData\Local\Temp\cchZY6C9.s 			page 22


 1026 04f4 86040000 		.4byte	0x486
 1027 04f8 02       		.uleb128 0x2
 1028 04f9 91       		.byte	0x91
 1029 04fa 00       		.sleb128 0
 1030 04fb 12       		.uleb128 0x12
 1031 04fc 7E020000 		.4byte	.LASF70
 1032 0500 01       		.byte	0x1
 1033 0501 5A       		.byte	0x5a
 1034 0502 8C000000 		.4byte	0x8c
 1035 0506 54020000 		.4byte	.LLST14
 1036 050a 11       		.uleb128 0x11
 1037 050b 7900     		.ascii	"y\000"
 1038 050d 01       		.byte	0x1
 1039 050e 5B       		.byte	0x5b
 1040 050f 8C000000 		.4byte	0x8c
 1041 0513 98020000 		.4byte	.LLST15
 1042 0517 12       		.uleb128 0x12
 1043 0518 4B020000 		.4byte	.LASF61
 1044 051c 01       		.byte	0x1
 1045 051d 5C       		.byte	0x5c
 1046 051e 8C000000 		.4byte	0x8c
 1047 0522 DA020000 		.4byte	.LLST16
 1048 0526 17       		.uleb128 0x17
 1049 0527 CE010000 		.4byte	.LASF71
 1050 052b 01       		.byte	0x1
 1051 052c 5D       		.byte	0x5d
 1052 052d 8C000000 		.4byte	0x8c
 1053 0531 01       		.uleb128 0x1
 1054 0532 58       		.byte	0x58
 1055 0533 12       		.uleb128 0x12
 1056 0534 BB000000 		.4byte	.LASF72
 1057 0538 01       		.byte	0x1
 1058 0539 5E       		.byte	0x5e
 1059 053a 8C000000 		.4byte	0x8c
 1060 053e 1C030000 		.4byte	.LLST17
 1061 0542 13       		.uleb128 0x13
 1062 0543 1A000000 		.4byte	.LVL34
 1063 0547 4E060000 		.4byte	0x64e
 1064 054b 56050000 		.4byte	0x556
 1065 054f 14       		.uleb128 0x14
 1066 0550 01       		.uleb128 0x1
 1067 0551 50       		.byte	0x50
 1068 0552 02       		.uleb128 0x2
 1069 0553 79       		.byte	0x79
 1070 0554 00       		.sleb128 0
 1071 0555 00       		.byte	0
 1072 0556 13       		.uleb128 0x13
 1073 0557 2A000000 		.4byte	.LVL39
 1074 055b 4E060000 		.4byte	0x64e
 1075 055f 6A050000 		.4byte	0x56a
 1076 0563 14       		.uleb128 0x14
 1077 0564 01       		.uleb128 0x1
 1078 0565 50       		.byte	0x50
 1079 0566 02       		.uleb128 0x2
 1080 0567 78       		.byte	0x78
 1081 0568 00       		.sleb128 0
 1082 0569 00       		.byte	0
ARM GAS  C:\Users\jesse\AppData\Local\Temp\cchZY6C9.s 			page 23


 1083 056a 13       		.uleb128 0x13
 1084 056b 46000000 		.4byte	.LVL47
 1085 056f 7E060000 		.4byte	0x67e
 1086 0573 7E050000 		.4byte	0x57e
 1087 0577 14       		.uleb128 0x14
 1088 0578 01       		.uleb128 0x1
 1089 0579 50       		.byte	0x50
 1090 057a 02       		.uleb128 0x2
 1091 057b 76       		.byte	0x76
 1092 057c 00       		.sleb128 0
 1093 057d 00       		.byte	0
 1094 057e 13       		.uleb128 0x13
 1095 057f 58000000 		.4byte	.LVL48
 1096 0583 8A060000 		.4byte	0x68a
 1097 0587 A4050000 		.4byte	0x5a4
 1098 058b 14       		.uleb128 0x14
 1099 058c 01       		.uleb128 0x1
 1100 058d 50       		.byte	0x50
 1101 058e 02       		.uleb128 0x2
 1102 058f 76       		.byte	0x76
 1103 0590 00       		.sleb128 0
 1104 0591 14       		.uleb128 0x14
 1105 0592 01       		.uleb128 0x1
 1106 0593 51       		.byte	0x51
 1107 0594 01       		.uleb128 0x1
 1108 0595 30       		.byte	0x30
 1109 0596 14       		.uleb128 0x14
 1110 0597 01       		.uleb128 0x1
 1111 0598 52       		.byte	0x52
 1112 0599 02       		.uleb128 0x2
 1113 059a 74       		.byte	0x74
 1114 059b 00       		.sleb128 0
 1115 059c 14       		.uleb128 0x14
 1116 059d 02       		.uleb128 0x2
 1117 059e 7D       		.byte	0x7d
 1118 059f 00       		.sleb128 0
 1119 05a0 02       		.uleb128 0x2
 1120 05a1 79       		.byte	0x79
 1121 05a2 00       		.sleb128 0
 1122 05a3 00       		.byte	0
 1123 05a4 13       		.uleb128 0x13
 1124 05a5 6E000000 		.4byte	.LVL50
 1125 05a9 96060000 		.4byte	0x696
 1126 05ad CA050000 		.4byte	0x5ca
 1127 05b1 14       		.uleb128 0x14
 1128 05b2 01       		.uleb128 0x1
 1129 05b3 50       		.byte	0x50
 1130 05b4 02       		.uleb128 0x2
 1131 05b5 76       		.byte	0x76
 1132 05b6 00       		.sleb128 0
 1133 05b7 14       		.uleb128 0x14
 1134 05b8 01       		.uleb128 0x1
 1135 05b9 51       		.byte	0x51
 1136 05ba 01       		.uleb128 0x1
 1137 05bb 30       		.byte	0x30
 1138 05bc 14       		.uleb128 0x14
 1139 05bd 01       		.uleb128 0x1
ARM GAS  C:\Users\jesse\AppData\Local\Temp\cchZY6C9.s 			page 24


 1140 05be 52       		.byte	0x52
 1141 05bf 02       		.uleb128 0x2
 1142 05c0 74       		.byte	0x74
 1143 05c1 00       		.sleb128 0
 1144 05c2 14       		.uleb128 0x14
 1145 05c3 02       		.uleb128 0x2
 1146 05c4 7D       		.byte	0x7d
 1147 05c5 00       		.sleb128 0
 1148 05c6 02       		.uleb128 0x2
 1149 05c7 75       		.byte	0x75
 1150 05c8 00       		.sleb128 0
 1151 05c9 00       		.byte	0
 1152 05ca 13       		.uleb128 0x13
 1153 05cb 84000000 		.4byte	.LVL53
 1154 05cf 8A060000 		.4byte	0x68a
 1155 05d3 F0050000 		.4byte	0x5f0
 1156 05d7 14       		.uleb128 0x14
 1157 05d8 01       		.uleb128 0x1
 1158 05d9 50       		.byte	0x50
 1159 05da 02       		.uleb128 0x2
 1160 05db 76       		.byte	0x76
 1161 05dc 00       		.sleb128 0
 1162 05dd 14       		.uleb128 0x14
 1163 05de 01       		.uleb128 0x1
 1164 05df 51       		.byte	0x51
 1165 05e0 01       		.uleb128 0x1
 1166 05e1 30       		.byte	0x30
 1167 05e2 14       		.uleb128 0x14
 1168 05e3 01       		.uleb128 0x1
 1169 05e4 52       		.byte	0x52
 1170 05e5 02       		.uleb128 0x2
 1171 05e6 74       		.byte	0x74
 1172 05e7 00       		.sleb128 0
 1173 05e8 14       		.uleb128 0x14
 1174 05e9 02       		.uleb128 0x2
 1175 05ea 7D       		.byte	0x7d
 1176 05eb 00       		.sleb128 0
 1177 05ec 02       		.uleb128 0x2
 1178 05ed 78       		.byte	0x78
 1179 05ee 00       		.sleb128 0
 1180 05ef 00       		.byte	0
 1181 05f0 13       		.uleb128 0x13
 1182 05f1 98000000 		.4byte	.LVL55
 1183 05f5 3E030000 		.4byte	0x33e
 1184 05f9 16060000 		.4byte	0x616
 1185 05fd 14       		.uleb128 0x14
 1186 05fe 01       		.uleb128 0x1
 1187 05ff 50       		.byte	0x50
 1188 0600 02       		.uleb128 0x2
 1189 0601 76       		.byte	0x76
 1190 0602 00       		.sleb128 0
 1191 0603 14       		.uleb128 0x14
 1192 0604 01       		.uleb128 0x1
 1193 0605 51       		.byte	0x51
 1194 0606 02       		.uleb128 0x2
 1195 0607 75       		.byte	0x75
 1196 0608 00       		.sleb128 0
ARM GAS  C:\Users\jesse\AppData\Local\Temp\cchZY6C9.s 			page 25


 1197 0609 14       		.uleb128 0x14
 1198 060a 01       		.uleb128 0x1
 1199 060b 53       		.byte	0x53
 1200 060c 01       		.uleb128 0x1
 1201 060d 30       		.byte	0x30
 1202 060e 14       		.uleb128 0x14
 1203 060f 02       		.uleb128 0x2
 1204 0610 7D       		.byte	0x7d
 1205 0611 00       		.sleb128 0
 1206 0612 02       		.uleb128 0x2
 1207 0613 77       		.byte	0x77
 1208 0614 00       		.sleb128 0
 1209 0615 00       		.byte	0
 1210 0616 13       		.uleb128 0x13
 1211 0617 A2000000 		.4byte	.LVL58
 1212 061b A2060000 		.4byte	0x6a2
 1213 061f 2A060000 		.4byte	0x62a
 1214 0623 14       		.uleb128 0x14
 1215 0624 01       		.uleb128 0x1
 1216 0625 50       		.byte	0x50
 1217 0626 02       		.uleb128 0x2
 1218 0627 76       		.byte	0x76
 1219 0628 00       		.sleb128 0
 1220 0629 00       		.byte	0
 1221 062a 15       		.uleb128 0x15
 1222 062b E6000000 		.4byte	.LVL68
 1223 062f 3E030000 		.4byte	0x33e
 1224 0633 14       		.uleb128 0x14
 1225 0634 01       		.uleb128 0x1
 1226 0635 50       		.byte	0x50
 1227 0636 02       		.uleb128 0x2
 1228 0637 76       		.byte	0x76
 1229 0638 00       		.sleb128 0
 1230 0639 14       		.uleb128 0x14
 1231 063a 01       		.uleb128 0x1
 1232 063b 51       		.byte	0x51
 1233 063c 02       		.uleb128 0x2
 1234 063d 75       		.byte	0x75
 1235 063e 00       		.sleb128 0
 1236 063f 14       		.uleb128 0x14
 1237 0640 01       		.uleb128 0x1
 1238 0641 53       		.byte	0x53
 1239 0642 02       		.uleb128 0x2
 1240 0643 74       		.byte	0x74
 1241 0644 00       		.sleb128 0
 1242 0645 14       		.uleb128 0x14
 1243 0646 02       		.uleb128 0x2
 1244 0647 7D       		.byte	0x7d
 1245 0648 00       		.sleb128 0
 1246 0649 02       		.uleb128 0x2
 1247 064a 77       		.byte	0x77
 1248 064b 00       		.sleb128 0
 1249 064c 00       		.byte	0
 1250 064d 00       		.byte	0
 1251 064e 18       		.uleb128 0x18
 1252 064f 31010000 		.4byte	.LASF73
 1253 0653 31010000 		.4byte	.LASF73
ARM GAS  C:\Users\jesse\AppData\Local\Temp\cchZY6C9.s 			page 26


 1254 0657 04       		.byte	0x4
 1255 0658 1604     		.2byte	0x416
 1256 065a 18       		.uleb128 0x18
 1257 065b CC000000 		.4byte	.LASF74
 1258 065f CC000000 		.4byte	.LASF74
 1259 0663 04       		.byte	0x4
 1260 0664 1704     		.2byte	0x417
 1261 0666 18       		.uleb128 0x18
 1262 0667 FF010000 		.4byte	.LASF75
 1263 066b FF010000 		.4byte	.LASF75
 1264 066f 04       		.byte	0x4
 1265 0670 0904     		.2byte	0x409
 1266 0672 18       		.uleb128 0x18
 1267 0673 6E050000 		.4byte	.LASF76
 1268 0677 6E050000 		.4byte	.LASF76
 1269 067b 04       		.byte	0x4
 1270 067c 0404     		.2byte	0x404
 1271 067e 18       		.uleb128 0x18
 1272 067f 79000000 		.4byte	.LASF77
 1273 0683 79000000 		.4byte	.LASF77
 1274 0687 04       		.byte	0x4
 1275 0688 4702     		.2byte	0x247
 1276 068a 18       		.uleb128 0x18
 1277 068b 4F040000 		.4byte	.LASF78
 1278 068f 4F040000 		.4byte	.LASF78
 1279 0693 04       		.byte	0x4
 1280 0694 1C04     		.2byte	0x41c
 1281 0696 18       		.uleb128 0x18
 1282 0697 13050000 		.4byte	.LASF79
 1283 069b 13050000 		.4byte	.LASF79
 1284 069f 04       		.byte	0x4
 1285 06a0 1A04     		.2byte	0x41a
 1286 06a2 18       		.uleb128 0x18
 1287 06a3 1F010000 		.4byte	.LASF80
 1288 06a7 1F010000 		.4byte	.LASF80
 1289 06ab 04       		.byte	0x4
 1290 06ac 1903     		.2byte	0x319
 1291 06ae 00       		.byte	0
 1292              		.section	.debug_abbrev,"",%progbits
 1293              	.Ldebug_abbrev0:
 1294 0000 01       		.uleb128 0x1
 1295 0001 11       		.uleb128 0x11
 1296 0002 01       		.byte	0x1
 1297 0003 25       		.uleb128 0x25
 1298 0004 0E       		.uleb128 0xe
 1299 0005 13       		.uleb128 0x13
 1300 0006 0B       		.uleb128 0xb
 1301 0007 03       		.uleb128 0x3
 1302 0008 0E       		.uleb128 0xe
 1303 0009 1B       		.uleb128 0x1b
 1304 000a 0E       		.uleb128 0xe
 1305 000b 55       		.uleb128 0x55
 1306 000c 17       		.uleb128 0x17
 1307 000d 11       		.uleb128 0x11
 1308 000e 01       		.uleb128 0x1
 1309 000f 10       		.uleb128 0x10
 1310 0010 17       		.uleb128 0x17
ARM GAS  C:\Users\jesse\AppData\Local\Temp\cchZY6C9.s 			page 27


 1311 0011 00       		.byte	0
 1312 0012 00       		.byte	0
 1313 0013 02       		.uleb128 0x2
 1314 0014 24       		.uleb128 0x24
 1315 0015 00       		.byte	0
 1316 0016 0B       		.uleb128 0xb
 1317 0017 0B       		.uleb128 0xb
 1318 0018 3E       		.uleb128 0x3e
 1319 0019 0B       		.uleb128 0xb
 1320 001a 03       		.uleb128 0x3
 1321 001b 0E       		.uleb128 0xe
 1322 001c 00       		.byte	0
 1323 001d 00       		.byte	0
 1324 001e 03       		.uleb128 0x3
 1325 001f 16       		.uleb128 0x16
 1326 0020 00       		.byte	0
 1327 0021 03       		.uleb128 0x3
 1328 0022 0E       		.uleb128 0xe
 1329 0023 3A       		.uleb128 0x3a
 1330 0024 0B       		.uleb128 0xb
 1331 0025 3B       		.uleb128 0x3b
 1332 0026 0B       		.uleb128 0xb
 1333 0027 49       		.uleb128 0x49
 1334 0028 13       		.uleb128 0x13
 1335 0029 00       		.byte	0
 1336 002a 00       		.byte	0
 1337 002b 04       		.uleb128 0x4
 1338 002c 24       		.uleb128 0x24
 1339 002d 00       		.byte	0
 1340 002e 0B       		.uleb128 0xb
 1341 002f 0B       		.uleb128 0xb
 1342 0030 3E       		.uleb128 0x3e
 1343 0031 0B       		.uleb128 0xb
 1344 0032 03       		.uleb128 0x3
 1345 0033 08       		.uleb128 0x8
 1346 0034 00       		.byte	0
 1347 0035 00       		.byte	0
 1348 0036 05       		.uleb128 0x5
 1349 0037 0F       		.uleb128 0xf
 1350 0038 00       		.byte	0
 1351 0039 0B       		.uleb128 0xb
 1352 003a 0B       		.uleb128 0xb
 1353 003b 00       		.byte	0
 1354 003c 00       		.byte	0
 1355 003d 06       		.uleb128 0x6
 1356 003e 13       		.uleb128 0x13
 1357 003f 01       		.byte	0x1
 1358 0040 03       		.uleb128 0x3
 1359 0041 0E       		.uleb128 0xe
 1360 0042 0B       		.uleb128 0xb
 1361 0043 0B       		.uleb128 0xb
 1362 0044 3A       		.uleb128 0x3a
 1363 0045 0B       		.uleb128 0xb
 1364 0046 3B       		.uleb128 0x3b
 1365 0047 05       		.uleb128 0x5
 1366 0048 01       		.uleb128 0x1
 1367 0049 13       		.uleb128 0x13
ARM GAS  C:\Users\jesse\AppData\Local\Temp\cchZY6C9.s 			page 28


 1368 004a 00       		.byte	0
 1369 004b 00       		.byte	0
 1370 004c 07       		.uleb128 0x7
 1371 004d 0D       		.uleb128 0xd
 1372 004e 00       		.byte	0
 1373 004f 03       		.uleb128 0x3
 1374 0050 0E       		.uleb128 0xe
 1375 0051 3A       		.uleb128 0x3a
 1376 0052 0B       		.uleb128 0xb
 1377 0053 3B       		.uleb128 0x3b
 1378 0054 05       		.uleb128 0x5
 1379 0055 49       		.uleb128 0x49
 1380 0056 13       		.uleb128 0x13
 1381 0057 38       		.uleb128 0x38
 1382 0058 0B       		.uleb128 0xb
 1383 0059 00       		.byte	0
 1384 005a 00       		.byte	0
 1385 005b 08       		.uleb128 0x8
 1386 005c 13       		.uleb128 0x13
 1387 005d 01       		.byte	0x1
 1388 005e 03       		.uleb128 0x3
 1389 005f 0E       		.uleb128 0xe
 1390 0060 0B       		.uleb128 0xb
 1391 0061 0B       		.uleb128 0xb
 1392 0062 3A       		.uleb128 0x3a
 1393 0063 0B       		.uleb128 0xb
 1394 0064 3B       		.uleb128 0x3b
 1395 0065 0B       		.uleb128 0xb
 1396 0066 01       		.uleb128 0x1
 1397 0067 13       		.uleb128 0x13
 1398 0068 00       		.byte	0
 1399 0069 00       		.byte	0
 1400 006a 09       		.uleb128 0x9
 1401 006b 0D       		.uleb128 0xd
 1402 006c 00       		.byte	0
 1403 006d 03       		.uleb128 0x3
 1404 006e 0E       		.uleb128 0xe
 1405 006f 3A       		.uleb128 0x3a
 1406 0070 0B       		.uleb128 0xb
 1407 0071 3B       		.uleb128 0x3b
 1408 0072 0B       		.uleb128 0xb
 1409 0073 49       		.uleb128 0x49
 1410 0074 13       		.uleb128 0x13
 1411 0075 38       		.uleb128 0x38
 1412 0076 0B       		.uleb128 0xb
 1413 0077 00       		.byte	0
 1414 0078 00       		.byte	0
 1415 0079 0A       		.uleb128 0xa
 1416 007a 0F       		.uleb128 0xf
 1417 007b 00       		.byte	0
 1418 007c 0B       		.uleb128 0xb
 1419 007d 0B       		.uleb128 0xb
 1420 007e 49       		.uleb128 0x49
 1421 007f 13       		.uleb128 0x13
 1422 0080 00       		.byte	0
 1423 0081 00       		.byte	0
 1424 0082 0B       		.uleb128 0xb
ARM GAS  C:\Users\jesse\AppData\Local\Temp\cchZY6C9.s 			page 29


 1425 0083 15       		.uleb128 0x15
 1426 0084 01       		.byte	0x1
 1427 0085 27       		.uleb128 0x27
 1428 0086 19       		.uleb128 0x19
 1429 0087 49       		.uleb128 0x49
 1430 0088 13       		.uleb128 0x13
 1431 0089 01       		.uleb128 0x1
 1432 008a 13       		.uleb128 0x13
 1433 008b 00       		.byte	0
 1434 008c 00       		.byte	0
 1435 008d 0C       		.uleb128 0xc
 1436 008e 05       		.uleb128 0x5
 1437 008f 00       		.byte	0
 1438 0090 49       		.uleb128 0x49
 1439 0091 13       		.uleb128 0x13
 1440 0092 00       		.byte	0
 1441 0093 00       		.byte	0
 1442 0094 0D       		.uleb128 0xd
 1443 0095 26       		.uleb128 0x26
 1444 0096 00       		.byte	0
 1445 0097 49       		.uleb128 0x49
 1446 0098 13       		.uleb128 0x13
 1447 0099 00       		.byte	0
 1448 009a 00       		.byte	0
 1449 009b 0E       		.uleb128 0xe
 1450 009c 2E       		.uleb128 0x2e
 1451 009d 01       		.byte	0x1
 1452 009e 3F       		.uleb128 0x3f
 1453 009f 19       		.uleb128 0x19
 1454 00a0 03       		.uleb128 0x3
 1455 00a1 0E       		.uleb128 0xe
 1456 00a2 3A       		.uleb128 0x3a
 1457 00a3 0B       		.uleb128 0xb
 1458 00a4 3B       		.uleb128 0x3b
 1459 00a5 0B       		.uleb128 0xb
 1460 00a6 27       		.uleb128 0x27
 1461 00a7 19       		.uleb128 0x19
 1462 00a8 49       		.uleb128 0x49
 1463 00a9 13       		.uleb128 0x13
 1464 00aa 11       		.uleb128 0x11
 1465 00ab 01       		.uleb128 0x1
 1466 00ac 12       		.uleb128 0x12
 1467 00ad 06       		.uleb128 0x6
 1468 00ae 40       		.uleb128 0x40
 1469 00af 18       		.uleb128 0x18
 1470 00b0 9742     		.uleb128 0x2117
 1471 00b2 19       		.uleb128 0x19
 1472 00b3 01       		.uleb128 0x1
 1473 00b4 13       		.uleb128 0x13
 1474 00b5 00       		.byte	0
 1475 00b6 00       		.byte	0
 1476 00b7 0F       		.uleb128 0xf
 1477 00b8 05       		.uleb128 0x5
 1478 00b9 00       		.byte	0
 1479 00ba 03       		.uleb128 0x3
 1480 00bb 0E       		.uleb128 0xe
 1481 00bc 3A       		.uleb128 0x3a
ARM GAS  C:\Users\jesse\AppData\Local\Temp\cchZY6C9.s 			page 30


 1482 00bd 0B       		.uleb128 0xb
 1483 00be 3B       		.uleb128 0x3b
 1484 00bf 0B       		.uleb128 0xb
 1485 00c0 49       		.uleb128 0x49
 1486 00c1 13       		.uleb128 0x13
 1487 00c2 02       		.uleb128 0x2
 1488 00c3 17       		.uleb128 0x17
 1489 00c4 00       		.byte	0
 1490 00c5 00       		.byte	0
 1491 00c6 10       		.uleb128 0x10
 1492 00c7 05       		.uleb128 0x5
 1493 00c8 00       		.byte	0
 1494 00c9 03       		.uleb128 0x3
 1495 00ca 08       		.uleb128 0x8
 1496 00cb 3A       		.uleb128 0x3a
 1497 00cc 0B       		.uleb128 0xb
 1498 00cd 3B       		.uleb128 0x3b
 1499 00ce 0B       		.uleb128 0xb
 1500 00cf 49       		.uleb128 0x49
 1501 00d0 13       		.uleb128 0x13
 1502 00d1 02       		.uleb128 0x2
 1503 00d2 17       		.uleb128 0x17
 1504 00d3 00       		.byte	0
 1505 00d4 00       		.byte	0
 1506 00d5 11       		.uleb128 0x11
 1507 00d6 34       		.uleb128 0x34
 1508 00d7 00       		.byte	0
 1509 00d8 03       		.uleb128 0x3
 1510 00d9 08       		.uleb128 0x8
 1511 00da 3A       		.uleb128 0x3a
 1512 00db 0B       		.uleb128 0xb
 1513 00dc 3B       		.uleb128 0x3b
 1514 00dd 0B       		.uleb128 0xb
 1515 00de 49       		.uleb128 0x49
 1516 00df 13       		.uleb128 0x13
 1517 00e0 02       		.uleb128 0x2
 1518 00e1 17       		.uleb128 0x17
 1519 00e2 00       		.byte	0
 1520 00e3 00       		.byte	0
 1521 00e4 12       		.uleb128 0x12
 1522 00e5 34       		.uleb128 0x34
 1523 00e6 00       		.byte	0
 1524 00e7 03       		.uleb128 0x3
 1525 00e8 0E       		.uleb128 0xe
 1526 00e9 3A       		.uleb128 0x3a
 1527 00ea 0B       		.uleb128 0xb
 1528 00eb 3B       		.uleb128 0x3b
 1529 00ec 0B       		.uleb128 0xb
 1530 00ed 49       		.uleb128 0x49
 1531 00ee 13       		.uleb128 0x13
 1532 00ef 02       		.uleb128 0x2
 1533 00f0 17       		.uleb128 0x17
 1534 00f1 00       		.byte	0
 1535 00f2 00       		.byte	0
 1536 00f3 13       		.uleb128 0x13
 1537 00f4 898201   		.uleb128 0x4109
 1538 00f7 01       		.byte	0x1
ARM GAS  C:\Users\jesse\AppData\Local\Temp\cchZY6C9.s 			page 31


 1539 00f8 11       		.uleb128 0x11
 1540 00f9 01       		.uleb128 0x1
 1541 00fa 31       		.uleb128 0x31
 1542 00fb 13       		.uleb128 0x13
 1543 00fc 01       		.uleb128 0x1
 1544 00fd 13       		.uleb128 0x13
 1545 00fe 00       		.byte	0
 1546 00ff 00       		.byte	0
 1547 0100 14       		.uleb128 0x14
 1548 0101 8A8201   		.uleb128 0x410a
 1549 0104 00       		.byte	0
 1550 0105 02       		.uleb128 0x2
 1551 0106 18       		.uleb128 0x18
 1552 0107 9142     		.uleb128 0x2111
 1553 0109 18       		.uleb128 0x18
 1554 010a 00       		.byte	0
 1555 010b 00       		.byte	0
 1556 010c 15       		.uleb128 0x15
 1557 010d 898201   		.uleb128 0x4109
 1558 0110 01       		.byte	0x1
 1559 0111 11       		.uleb128 0x11
 1560 0112 01       		.uleb128 0x1
 1561 0113 31       		.uleb128 0x31
 1562 0114 13       		.uleb128 0x13
 1563 0115 00       		.byte	0
 1564 0116 00       		.byte	0
 1565 0117 16       		.uleb128 0x16
 1566 0118 05       		.uleb128 0x5
 1567 0119 00       		.byte	0
 1568 011a 03       		.uleb128 0x3
 1569 011b 0E       		.uleb128 0xe
 1570 011c 3A       		.uleb128 0x3a
 1571 011d 0B       		.uleb128 0xb
 1572 011e 3B       		.uleb128 0x3b
 1573 011f 0B       		.uleb128 0xb
 1574 0120 49       		.uleb128 0x49
 1575 0121 13       		.uleb128 0x13
 1576 0122 02       		.uleb128 0x2
 1577 0123 18       		.uleb128 0x18
 1578 0124 00       		.byte	0
 1579 0125 00       		.byte	0
 1580 0126 17       		.uleb128 0x17
 1581 0127 34       		.uleb128 0x34
 1582 0128 00       		.byte	0
 1583 0129 03       		.uleb128 0x3
 1584 012a 0E       		.uleb128 0xe
 1585 012b 3A       		.uleb128 0x3a
 1586 012c 0B       		.uleb128 0xb
 1587 012d 3B       		.uleb128 0x3b
 1588 012e 0B       		.uleb128 0xb
 1589 012f 49       		.uleb128 0x49
 1590 0130 13       		.uleb128 0x13
 1591 0131 02       		.uleb128 0x2
 1592 0132 18       		.uleb128 0x18
 1593 0133 00       		.byte	0
 1594 0134 00       		.byte	0
 1595 0135 18       		.uleb128 0x18
ARM GAS  C:\Users\jesse\AppData\Local\Temp\cchZY6C9.s 			page 32


 1596 0136 2E       		.uleb128 0x2e
 1597 0137 00       		.byte	0
 1598 0138 3F       		.uleb128 0x3f
 1599 0139 19       		.uleb128 0x19
 1600 013a 3C       		.uleb128 0x3c
 1601 013b 19       		.uleb128 0x19
 1602 013c 6E       		.uleb128 0x6e
 1603 013d 0E       		.uleb128 0xe
 1604 013e 03       		.uleb128 0x3
 1605 013f 0E       		.uleb128 0xe
 1606 0140 3A       		.uleb128 0x3a
 1607 0141 0B       		.uleb128 0xb
 1608 0142 3B       		.uleb128 0x3b
 1609 0143 05       		.uleb128 0x5
 1610 0144 00       		.byte	0
 1611 0145 00       		.byte	0
 1612 0146 00       		.byte	0
 1613              		.section	.debug_loc,"",%progbits
 1614              	.Ldebug_loc0:
 1615              	.LLST0:
 1616 0000 00000000 		.4byte	.LVL0
 1617 0004 08000000 		.4byte	.LVL1
 1618 0008 0100     		.2byte	0x1
 1619 000a 50       		.byte	0x50
 1620 000b 08000000 		.4byte	.LVL1
 1621 000f 9E000000 		.4byte	.LVL29
 1622 0013 0100     		.2byte	0x1
 1623 0015 56       		.byte	0x56
 1624 0016 9E000000 		.4byte	.LVL29
 1625 001a A4000000 		.4byte	.LFE0
 1626 001e 0400     		.2byte	0x4
 1627 0020 F3       		.byte	0xf3
 1628 0021 01       		.uleb128 0x1
 1629 0022 50       		.byte	0x50
 1630 0023 9F       		.byte	0x9f
 1631 0024 00000000 		.4byte	0
 1632 0028 00000000 		.4byte	0
 1633              	.LLST1:
 1634 002c 00000000 		.4byte	.LVL0
 1635 0030 11000000 		.4byte	.LVL2-1
 1636 0034 0100     		.2byte	0x1
 1637 0036 51       		.byte	0x51
 1638 0037 11000000 		.4byte	.LVL2-1
 1639 003b A4000000 		.4byte	.LFE0
 1640 003f 0400     		.2byte	0x4
 1641 0041 F3       		.byte	0xf3
 1642 0042 01       		.uleb128 0x1
 1643 0043 51       		.byte	0x51
 1644 0044 9F       		.byte	0x9f
 1645 0045 00000000 		.4byte	0
 1646 0049 00000000 		.4byte	0
 1647              	.LLST2:
 1648 004d 00000000 		.4byte	.LVL0
 1649 0051 11000000 		.4byte	.LVL2-1
 1650 0055 0100     		.2byte	0x1
 1651 0057 52       		.byte	0x52
 1652 0058 11000000 		.4byte	.LVL2-1
ARM GAS  C:\Users\jesse\AppData\Local\Temp\cchZY6C9.s 			page 33


 1653 005c A4000000 		.4byte	.LFE0
 1654 0060 0400     		.2byte	0x4
 1655 0062 F3       		.byte	0xf3
 1656 0063 01       		.uleb128 0x1
 1657 0064 52       		.byte	0x52
 1658 0065 9F       		.byte	0x9f
 1659 0066 00000000 		.4byte	0
 1660 006a 00000000 		.4byte	0
 1661              	.LLST3:
 1662 006e 00000000 		.4byte	.LVL0
 1663 0072 11000000 		.4byte	.LVL2-1
 1664 0076 0100     		.2byte	0x1
 1665 0078 53       		.byte	0x53
 1666 0079 11000000 		.4byte	.LVL2-1
 1667 007d A4000000 		.4byte	.LFE0
 1668 0081 0400     		.2byte	0x4
 1669 0083 F3       		.byte	0xf3
 1670 0084 01       		.uleb128 0x1
 1671 0085 53       		.byte	0x53
 1672 0086 9F       		.byte	0x9f
 1673 0087 00000000 		.4byte	0
 1674 008b 00000000 		.4byte	0
 1675              	.LLST4:
 1676 008f 00000000 		.4byte	.LVL0
 1677 0093 9E000000 		.4byte	.LVL29
 1678 0097 0200     		.2byte	0x2
 1679 0099 91       		.byte	0x91
 1680 009a 00       		.sleb128 0
 1681 009b 9E000000 		.4byte	.LVL29
 1682 009f A4000000 		.4byte	.LFE0
 1683 00a3 0200     		.2byte	0x2
 1684 00a5 7D       		.byte	0x7d
 1685 00a6 00       		.sleb128 0
 1686 00a7 00000000 		.4byte	0
 1687 00ab 00000000 		.4byte	0
 1688              	.LLST5:
 1689 00af 18000000 		.4byte	.LVL3
 1690 00b3 1A000000 		.4byte	.LVL4
 1691 00b7 0200     		.2byte	0x2
 1692 00b9 30       		.byte	0x30
 1693 00ba 9F       		.byte	0x9f
 1694 00bb 1E000000 		.4byte	.LVL5
 1695 00bf 27000000 		.4byte	.LVL6-1
 1696 00c3 0100     		.2byte	0x1
 1697 00c5 50       		.byte	0x50
 1698 00c6 27000000 		.4byte	.LVL6-1
 1699 00ca 34000000 		.4byte	.LVL8
 1700 00ce 0100     		.2byte	0x1
 1701 00d0 5A       		.byte	0x5a
 1702 00d1 34000000 		.4byte	.LVL8
 1703 00d5 38000000 		.4byte	.LVL9
 1704 00d9 0300     		.2byte	0x3
 1705 00db 7A       		.byte	0x7a
 1706 00dc 01       		.sleb128 1
 1707 00dd 9F       		.byte	0x9f
 1708 00de 3A000000 		.4byte	.LVL10
 1709 00e2 3C000000 		.4byte	.LVL11
ARM GAS  C:\Users\jesse\AppData\Local\Temp\cchZY6C9.s 			page 34


 1710 00e6 0100     		.2byte	0x1
 1711 00e8 50       		.byte	0x50
 1712 00e9 3C000000 		.4byte	.LVL11
 1713 00ed 58000000 		.4byte	.LVL18
 1714 00f1 0100     		.2byte	0x1
 1715 00f3 5A       		.byte	0x5a
 1716 00f4 58000000 		.4byte	.LVL18
 1717 00f8 5C000000 		.4byte	.LVL19
 1718 00fc 0200     		.2byte	0x2
 1719 00fe 30       		.byte	0x30
 1720 00ff 9F       		.byte	0x9f
 1721 0100 5E000000 		.4byte	.LVL20
 1722 0104 6F000000 		.4byte	.LVL21-1
 1723 0108 0100     		.2byte	0x1
 1724 010a 50       		.byte	0x50
 1725 010b 6F000000 		.4byte	.LVL21-1
 1726 010f 94000000 		.4byte	.LVL25
 1727 0113 0100     		.2byte	0x1
 1728 0115 55       		.byte	0x55
 1729 0116 94000000 		.4byte	.LVL25
 1730 011a 96000000 		.4byte	.LVL26
 1731 011e 0300     		.2byte	0x3
 1732 0120 75       		.byte	0x75
 1733 0121 01       		.sleb128 1
 1734 0122 9F       		.byte	0x9f
 1735 0123 98000000 		.4byte	.LVL27
 1736 0127 9A000000 		.4byte	.LVL28
 1737 012b 0100     		.2byte	0x1
 1738 012d 50       		.byte	0x50
 1739 012e 9A000000 		.4byte	.LVL28
 1740 0132 9E000000 		.4byte	.LVL29
 1741 0136 0100     		.2byte	0x1
 1742 0138 55       		.byte	0x55
 1743 0139 00000000 		.4byte	0
 1744 013d 00000000 		.4byte	0
 1745              	.LLST6:
 1746 0141 18000000 		.4byte	.LVL3
 1747 0145 9E000000 		.4byte	.LVL29
 1748 0149 0100     		.2byte	0x1
 1749 014b 57       		.byte	0x57
 1750 014c 00000000 		.4byte	0
 1751 0150 00000000 		.4byte	0
 1752              	.LLST7:
 1753 0154 18000000 		.4byte	.LVL3
 1754 0158 1A000000 		.4byte	.LVL4
 1755 015c 0200     		.2byte	0x2
 1756 015e 30       		.byte	0x30
 1757 015f 9F       		.byte	0x9f
 1758 0160 1E000000 		.4byte	.LVL5
 1759 0164 3E000000 		.4byte	.LVL12
 1760 0168 0100     		.2byte	0x1
 1761 016a 54       		.byte	0x54
 1762 016b 40000000 		.4byte	.LVL13
 1763 016f 46000000 		.4byte	.LVL15
 1764 0173 0100     		.2byte	0x1
 1765 0175 54       		.byte	0x54
 1766 0176 00000000 		.4byte	0
ARM GAS  C:\Users\jesse\AppData\Local\Temp\cchZY6C9.s 			page 35


 1767 017a 00000000 		.4byte	0
 1768              	.LLST8:
 1769 017e 40000000 		.4byte	.LVL13
 1770 0182 42000000 		.4byte	.LVL14
 1771 0186 0200     		.2byte	0x2
 1772 0188 30       		.byte	0x30
 1773 0189 9F       		.byte	0x9f
 1774 018a 42000000 		.4byte	.LVL14
 1775 018e 46000000 		.4byte	.LVL15
 1776 0192 0600     		.2byte	0x6
 1777 0194 75       		.byte	0x75
 1778 0195 00       		.sleb128 0
 1779 0196 74       		.byte	0x74
 1780 0197 00       		.sleb128 0
 1781 0198 1C       		.byte	0x1c
 1782 0199 9F       		.byte	0x9f
 1783 019a 52000000 		.4byte	.LVL16
 1784 019e 5C000000 		.4byte	.LVL19
 1785 01a2 0100     		.2byte	0x1
 1786 01a4 54       		.byte	0x54
 1787 01a5 00000000 		.4byte	0
 1788 01a9 00000000 		.4byte	0
 1789              	.LLST9:
 1790 01ad 54000000 		.4byte	.LVL17
 1791 01b1 9E000000 		.4byte	.LVL29
 1792 01b5 0100     		.2byte	0x1
 1793 01b7 54       		.byte	0x54
 1794 01b8 00000000 		.4byte	0
 1795 01bc 00000000 		.4byte	0
 1796              	.LLST10:
 1797 01c0 00000000 		.4byte	.LVL30
 1798 01c4 12000000 		.4byte	.LVL33
 1799 01c8 0100     		.2byte	0x1
 1800 01ca 50       		.byte	0x50
 1801 01cb 12000000 		.4byte	.LVL33
 1802 01cf F0000000 		.4byte	.LFE1
 1803 01d3 0100     		.2byte	0x1
 1804 01d5 56       		.byte	0x56
 1805 01d6 00000000 		.4byte	0
 1806 01da 00000000 		.4byte	0
 1807              	.LLST11:
 1808 01de 00000000 		.4byte	.LVL30
 1809 01e2 19000000 		.4byte	.LVL34-1
 1810 01e6 0100     		.2byte	0x1
 1811 01e8 51       		.byte	0x51
 1812 01e9 19000000 		.4byte	.LVL34-1
 1813 01ed F0000000 		.4byte	.LFE1
 1814 01f1 0100     		.2byte	0x1
 1815 01f3 59       		.byte	0x59
 1816 01f4 00000000 		.4byte	0
 1817 01f8 00000000 		.4byte	0
 1818              	.LLST12:
 1819 01fc 00000000 		.4byte	.LVL30
 1820 0200 19000000 		.4byte	.LVL34-1
 1821 0204 0100     		.2byte	0x1
 1822 0206 52       		.byte	0x52
 1823 0207 19000000 		.4byte	.LVL34-1
ARM GAS  C:\Users\jesse\AppData\Local\Temp\cchZY6C9.s 			page 36


 1824 020b 8A000000 		.4byte	.LVL54
 1825 020f 0100     		.2byte	0x1
 1826 0211 55       		.byte	0x55
 1827 0212 8A000000 		.4byte	.LVL54
 1828 0216 F0000000 		.4byte	.LFE1
 1829 021a 0400     		.2byte	0x4
 1830 021c F3       		.byte	0xf3
 1831 021d 01       		.uleb128 0x1
 1832 021e 52       		.byte	0x52
 1833 021f 9F       		.byte	0x9f
 1834 0220 00000000 		.4byte	0
 1835 0224 00000000 		.4byte	0
 1836              	.LLST13:
 1837 0228 00000000 		.4byte	.LVL30
 1838 022c 0A000000 		.4byte	.LVL31
 1839 0230 0100     		.2byte	0x1
 1840 0232 53       		.byte	0x53
 1841 0233 0A000000 		.4byte	.LVL31
 1842 0237 9A000000 		.4byte	.LVL56
 1843 023b 0100     		.2byte	0x1
 1844 023d 58       		.byte	0x58
 1845 023e 9A000000 		.4byte	.LVL56
 1846 0242 F0000000 		.4byte	.LFE1
 1847 0246 0400     		.2byte	0x4
 1848 0248 F3       		.byte	0xf3
 1849 0249 01       		.uleb128 0x1
 1850 024a 53       		.byte	0x53
 1851 024b 9F       		.byte	0x9f
 1852 024c 00000000 		.4byte	0
 1853 0250 00000000 		.4byte	0
 1854              	.LLST14:
 1855 0254 10000000 		.4byte	.LVL32
 1856 0258 1A000000 		.4byte	.LVL34
 1857 025c 0200     		.2byte	0x2
 1858 025e 31       		.byte	0x31
 1859 025f 9F       		.byte	0x9f
 1860 0260 1A000000 		.4byte	.LVL34
 1861 0264 1E000000 		.4byte	.LVL35
 1862 0268 0300     		.2byte	0x3
 1863 026a 70       		.byte	0x70
 1864 026b 01       		.sleb128 1
 1865 026c 9F       		.byte	0x9f
 1866 026d 20000000 		.4byte	.LVL36
 1867 0271 22000000 		.4byte	.LVL37
 1868 0275 0300     		.2byte	0x3
 1869 0277 70       		.byte	0x70
 1870 0278 01       		.sleb128 1
 1871 0279 9F       		.byte	0x9f
 1872 027a 24000000 		.4byte	.LVL38
 1873 027e 30000000 		.4byte	.LVL40
 1874 0282 0100     		.2byte	0x1
 1875 0284 54       		.byte	0x54
 1876 0285 32000000 		.4byte	.LVL41
 1877 0289 3A000000 		.4byte	.LVL44
 1878 028d 0100     		.2byte	0x1
 1879 028f 50       		.byte	0x50
 1880 0290 00000000 		.4byte	0
ARM GAS  C:\Users\jesse\AppData\Local\Temp\cchZY6C9.s 			page 37


 1881 0294 00000000 		.4byte	0
 1882              	.LLST15:
 1883 0298 32000000 		.4byte	.LVL41
 1884 029c 34000000 		.4byte	.LVL42
 1885 02a0 0200     		.2byte	0x2
 1886 02a2 30       		.byte	0x30
 1887 02a3 9F       		.byte	0x9f
 1888 02a4 34000000 		.4byte	.LVL42
 1889 02a8 70000000 		.4byte	.LVL51
 1890 02ac 0100     		.2byte	0x1
 1891 02ae 54       		.byte	0x54
 1892 02af 70000000 		.4byte	.LVL51
 1893 02b3 72000000 		.4byte	.LVL52
 1894 02b7 0300     		.2byte	0x3
 1895 02b9 74       		.byte	0x74
 1896 02ba 7F       		.sleb128 -1
 1897 02bb 9F       		.byte	0x9f
 1898 02bc 72000000 		.4byte	.LVL52
 1899 02c0 8A000000 		.4byte	.LVL54
 1900 02c4 0100     		.2byte	0x1
 1901 02c6 54       		.byte	0x54
 1902 02c7 8A000000 		.4byte	.LVL54
 1903 02cb F0000000 		.4byte	.LFE1
 1904 02cf 0100     		.2byte	0x1
 1905 02d1 55       		.byte	0x55
 1906 02d2 00000000 		.4byte	0
 1907 02d6 00000000 		.4byte	0
 1908              	.LLST16:
 1909 02da 00000000 		.4byte	.LVL30
 1910 02de 9C000000 		.4byte	.LVL57
 1911 02e2 0200     		.2byte	0x2
 1912 02e4 30       		.byte	0x30
 1913 02e5 9F       		.byte	0x9f
 1914 02e6 9C000000 		.4byte	.LVL57
 1915 02ea BA000000 		.4byte	.LVL61
 1916 02ee 0100     		.2byte	0x1
 1917 02f0 54       		.byte	0x54
 1918 02f1 BC000000 		.4byte	.LVL62
 1919 02f5 D4000000 		.4byte	.LVL65
 1920 02f9 0100     		.2byte	0x1
 1921 02fb 54       		.byte	0x54
 1922 02fc D4000000 		.4byte	.LVL65
 1923 0300 D6000000 		.4byte	.LVL66
 1924 0304 0300     		.2byte	0x3
 1925 0306 74       		.byte	0x74
 1926 0307 01       		.sleb128 1
 1927 0308 9F       		.byte	0x9f
 1928 0309 D6000000 		.4byte	.LVL66
 1929 030d F0000000 		.4byte	.LFE1
 1930 0311 0100     		.2byte	0x1
 1931 0313 54       		.byte	0x54
 1932 0314 00000000 		.4byte	0
 1933 0318 00000000 		.4byte	0
 1934              	.LLST17:
 1935 031c A2000000 		.4byte	.LVL58
 1936 0320 A8000000 		.4byte	.LVL59
 1937 0324 0100     		.2byte	0x1
ARM GAS  C:\Users\jesse\AppData\Local\Temp\cchZY6C9.s 			page 38


 1938 0326 50       		.byte	0x50
 1939 0327 AC000000 		.4byte	.LVL60
 1940 032b DE000000 		.4byte	.LVL67
 1941 032f 0100     		.2byte	0x1
 1942 0331 50       		.byte	0x50
 1943 0332 E8000000 		.4byte	.LVL69
 1944 0336 EA000000 		.4byte	.LVL70
 1945 033a 0100     		.2byte	0x1
 1946 033c 50       		.byte	0x50
 1947 033d 00000000 		.4byte	0
 1948 0341 00000000 		.4byte	0
 1949              		.section	.debug_aranges,"",%progbits
 1950 0000 24000000 		.4byte	0x24
 1951 0004 0200     		.2byte	0x2
 1952 0006 00000000 		.4byte	.Ldebug_info0
 1953 000a 04       		.byte	0x4
 1954 000b 00       		.byte	0
 1955 000c 0000     		.2byte	0
 1956 000e 0000     		.2byte	0
 1957 0010 00000000 		.4byte	.LFB0
 1958 0014 A4000000 		.4byte	.LFE0-.LFB0
 1959 0018 00000000 		.4byte	.LFB1
 1960 001c F0000000 		.4byte	.LFE1-.LFB1
 1961 0020 00000000 		.4byte	0
 1962 0024 00000000 		.4byte	0
 1963              		.section	.debug_ranges,"",%progbits
 1964              	.Ldebug_ranges0:
 1965 0000 00000000 		.4byte	.LFB0
 1966 0004 A4000000 		.4byte	.LFE0
 1967 0008 00000000 		.4byte	.LFB1
 1968 000c F0000000 		.4byte	.LFE1
 1969 0010 00000000 		.4byte	0
 1970 0014 00000000 		.4byte	0
 1971              		.section	.debug_line,"",%progbits
 1972              	.Ldebug_line0:
 1973 0000 DA010000 		.section	.debug_str,"MS",%progbits,1
 1973      02004401 
 1973      00000201 
 1973      FB0E0D00 
 1973      01010101 
 1974              	.LASF26:
 1975 0000 785F6F66 		.ascii	"x_offset\000"
 1975      66736574 
 1975      00
 1976              	.LASF27:
 1977 0009 69735F66 		.ascii	"is_font_inverse_mode\000"
 1977      6F6E745F 
 1977      696E7665 
 1977      7273655F 
 1977      6D6F6465 
 1978              	.LASF48:
 1979 001e 7370695F 		.ascii	"spi_mode\000"
 1979      6D6F6465 
 1979      00
 1980              	.LASF39:
 1981 0027 63686970 		.ascii	"chip_enable_level\000"
 1981      5F656E61 
ARM GAS  C:\Users\jesse\AppData\Local\Temp\cchZY6C9.s 			page 39


 1981      626C655F 
 1981      6C657665 
 1981      6C00
 1982              	.LASF24:
 1983 0039 666F6E74 		.ascii	"font\000"
 1983      00
 1984              	.LASF35:
 1985 003e 6465626F 		.ascii	"debounce_result_msg\000"
 1985      756E6365 
 1985      5F726573 
 1985      756C745F 
 1985      6D736700 
 1986              	.LASF2:
 1987 0052 73686F72 		.ascii	"short int\000"
 1987      7420696E 
 1987      7400
 1988              	.LASF22:
 1989 005c 6770696F 		.ascii	"gpio_and_delay_cb\000"
 1989      5F616E64 
 1989      5F64656C 
 1989      61795F63 
 1989      6200
 1990              	.LASF52:
 1991 006e 74696C65 		.ascii	"tile_width\000"
 1991      5F776964 
 1991      746800
 1992              	.LASF77:
 1993 0079 75387838 		.ascii	"u8x8_ClearDisplay\000"
 1993      5F436C65 
 1993      61724469 
 1993      73706C61 
 1993      7900
 1994              	.LASF45:
 1995 008b 7364615F 		.ascii	"sda_setup_time_ns\000"
 1995      73657475 
 1995      705F7469 
 1995      6D655F6E 
 1995      7300
 1996              	.LASF44:
 1997 009d 706F7374 		.ascii	"post_reset_wait_ms\000"
 1997      5F726573 
 1997      65745F77 
 1997      6169745F 
 1997      6D7300
 1998              	.LASF7:
 1999 00b0 5F5F7569 		.ascii	"__uint32_t\000"
 1999      6E743332 
 1999      5F7400
 2000              	.LASF72:
 2001 00bb 6576656E 		.ascii	"event\000"
 2001      7400
 2002              	.LASF4:
 2003 00c1 5F5F7569 		.ascii	"__uint16_t\000"
 2003      6E743136 
 2003      5F7400
 2004              	.LASF74:
 2005 00cc 75387838 		.ascii	"u8x8_GetStringLineStart\000"
ARM GAS  C:\Users\jesse\AppData\Local\Temp\cchZY6C9.s 			page 40


 2005      5F476574 
 2005      53747269 
 2005      6E674C69 
 2005      6E655374 
 2006              	.LASF51:
 2007 00e4 77726974 		.ascii	"write_pulse_width_ns\000"
 2007      655F7075 
 2007      6C73655F 
 2007      77696474 
 2007      685F6E73 
 2008              	.LASF12:
 2009 00f9 75696E74 		.ascii	"uint8_t\000"
 2009      385F7400 
 2010              	.LASF41:
 2011 0101 706F7374 		.ascii	"post_chip_enable_wait_ns\000"
 2011      5F636869 
 2011      705F656E 
 2011      61626C65 
 2011      5F776169 
 2012              	.LASF60:
 2013 011a 75387838 		.ascii	"u8x8\000"
 2013      00
 2014              	.LASF80:
 2015 011f 75387838 		.ascii	"u8x8_GetMenuEvent\000"
 2015      5F476574 
 2015      4D656E75 
 2015      4576656E 
 2015      7400
 2016              	.LASF73:
 2017 0131 75387838 		.ascii	"u8x8_GetStringLineCnt\000"
 2017      5F476574 
 2017      53747269 
 2017      6E674C69 
 2017      6E65436E 
 2018              	.LASF23:
 2019 0147 6275735F 		.ascii	"bus_clock\000"
 2019      636C6F63 
 2019      6B00
 2020              	.LASF54:
 2021 0151 64656661 		.ascii	"default_x_offset\000"
 2021      756C745F 
 2021      785F6F66 
 2021      66736574 
 2021      00
 2022              	.LASF36:
 2023 0162 75387838 		.ascii	"u8x8_display_info_t\000"
 2023      5F646973 
 2023      706C6179 
 2023      5F696E66 
 2023      6F5F7400 
 2024              	.LASF33:
 2025 0176 6465626F 		.ascii	"debounce_last_pin_state\000"
 2025      756E6365 
 2025      5F6C6173 
 2025      745F7069 
 2025      6E5F7374 
 2026              	.LASF9:
ARM GAS  C:\Users\jesse\AppData\Local\Temp\cchZY6C9.s 			page 41


 2027 018e 6C6F6E67 		.ascii	"long long int\000"
 2027      206C6F6E 
 2027      6720696E 
 2027      7400
 2028              	.LASF31:
 2029 019c 6770696F 		.ascii	"gpio_result\000"
 2029      5F726573 
 2029      756C7400 
 2030              	.LASF46:
 2031 01a8 73636B5F 		.ascii	"sck_pulse_width_ns\000"
 2031      70756C73 
 2031      655F7769 
 2031      6474685F 
 2031      6E7300
 2032              	.LASF6:
 2033 01bb 6C6F6E67 		.ascii	"long int\000"
 2033      20696E74 
 2033      00
 2034              	.LASF3:
 2035 01c4 5F5F7569 		.ascii	"__uint8_t\000"
 2035      6E74385F 
 2035      7400
 2036              	.LASF71:
 2037 01ce 62757474 		.ascii	"button_cnt\000"
 2037      6F6E5F63 
 2037      6E7400
 2038              	.LASF19:
 2039 01d9 64697370 		.ascii	"display_cb\000"
 2039      6C61795F 
 2039      636200
 2040              	.LASF50:
 2041 01e4 64617461 		.ascii	"data_setup_time_ns\000"
 2041      5F736574 
 2041      75705F74 
 2041      696D655F 
 2041      6E7300
 2042              	.LASF69:
 2043 01f7 62757474 		.ascii	"buttons\000"
 2043      6F6E7300 
 2044              	.LASF75:
 2045 01ff 75387838 		.ascii	"u8x8_GetUTF8Len\000"
 2045      5F476574 
 2045      55544638 
 2045      4C656E00 
 2046              	.LASF15:
 2047 020f 6C6F6E67 		.ascii	"long double\000"
 2047      20646F75 
 2047      626C6500 
 2048              	.LASF53:
 2049 021b 74696C65 		.ascii	"tile_height\000"
 2049      5F686569 
 2049      67687400 
 2050              	.LASF64:
 2051 0227 75387838 		.ascii	"u8x8_draw_button_line\000"
 2051      5F647261 
 2051      775F6275 
 2051      74746F6E 
ARM GAS  C:\Users\jesse\AppData\Local\Temp\cchZY6C9.s 			page 42


 2051      5F6C696E 
 2052              	.LASF1:
 2053 023d 756E7369 		.ascii	"unsigned char\000"
 2053      676E6564 
 2053      20636861 
 2053      7200
 2054              	.LASF61:
 2055 024b 63757273 		.ascii	"cursor\000"
 2055      6F7200
 2056              	.LASF0:
 2057 0252 7369676E 		.ascii	"signed char\000"
 2057      65642063 
 2057      68617200 
 2058              	.LASF10:
 2059 025e 6C6F6E67 		.ascii	"long long unsigned int\000"
 2059      206C6F6E 
 2059      6720756E 
 2059      7369676E 
 2059      65642069 
 2060              	.LASF14:
 2061 0275 75696E74 		.ascii	"uint32_t\000"
 2061      33325F74 
 2061      00
 2062              	.LASF70:
 2063 027e 68656967 		.ascii	"height\000"
 2063      687400
 2064              	.LASF11:
 2065 0285 756E7369 		.ascii	"unsigned int\000"
 2065      676E6564 
 2065      20696E74 
 2065      00
 2066              	.LASF13:
 2067 0292 75696E74 		.ascii	"uint16_t\000"
 2067      31365F74 
 2067      00
 2068              	.LASF38:
 2069 029b 75387838 		.ascii	"u8x8_display_info_struct\000"
 2069      5F646973 
 2069      706C6179 
 2069      5F696E66 
 2069      6F5F7374 
 2070              	.LASF67:
 2071 02b4 7469746C 		.ascii	"title2\000"
 2071      653200
 2072              	.LASF66:
 2073 02bb 7469746C 		.ascii	"title1\000"
 2073      653100
 2074              	.LASF43:
 2075 02c2 72657365 		.ascii	"reset_pulse_width_ms\000"
 2075      745F7075 
 2075      6C73655F 
 2075      77696474 
 2075      685F6D73 
 2076              	.LASF16:
 2077 02d7 75387838 		.ascii	"u8x8_t\000"
 2077      5F7400
 2078              	.LASF81:
ARM GAS  C:\Users\jesse\AppData\Local\Temp\cchZY6C9.s 			page 43


 2079 02de 474E5520 		.ascii	"GNU C11 5.4.1 20160609 (release) [ARM/embedded-5-br"
 2079      43313120 
 2079      352E342E 
 2079      31203230 
 2079      31363036 
 2080 0311 616E6368 		.ascii	"anch revision 237715] -mcpu=cortex-m3 -mthumb -g -O"
 2080      20726576 
 2080      6973696F 
 2080      6E203233 
 2080      37373135 
 2081 0344 73202D66 		.ascii	"s -ffunction-sections -ffat-lto-objects\000"
 2081      66756E63 
 2081      74696F6E 
 2081      2D736563 
 2081      74696F6E 
 2082              	.LASF49:
 2083 036c 6932635F 		.ascii	"i2c_bus_clock_100kHz\000"
 2083      6275735F 
 2083      636C6F63 
 2083      6B5F3130 
 2083      306B487A 
 2084              	.LASF47:
 2085 0381 73636B5F 		.ascii	"sck_clock_hz\000"
 2085      636C6F63 
 2085      6B5F687A 
 2085      00
 2086              	.LASF83:
 2087 038e 433A5C55 		.ascii	"C:\\Users\\jesse\\OneDrive\\Bureaublad\\practice_em"
 2087      73657273 
 2087      5C6A6573 
 2087      73655C4F 
 2087      6E654472 
 2088 03bc 62656464 		.ascii	"bedded\\Practice_EmbeddedProgramming\\Display_count"
 2088      65645C50 
 2088      72616374 
 2088      6963655F 
 2088      456D6265 
 2089 03ed 2E637964 		.ascii	".cydsn\000"
 2089      736E00
 2090              	.LASF5:
 2091 03f4 73686F72 		.ascii	"short unsigned int\000"
 2091      7420756E 
 2091      7369676E 
 2091      65642069 
 2091      6E7400
 2092              	.LASF59:
 2093 0407 75387838 		.ascii	"u8x8_char_cb\000"
 2093      5F636861 
 2093      725F6362 
 2093      00
 2094              	.LASF68:
 2095 0414 7469746C 		.ascii	"title3\000"
 2095      653300
 2096              	.LASF63:
 2097 041b 63686172 		.ascii	"char\000"
 2097      00
 2098              	.LASF62:
ARM GAS  C:\Users\jesse\AppData\Local\Temp\cchZY6C9.s 			page 44


 2099 0420 746F7461 		.ascii	"total\000"
 2099      6C00
 2100              	.LASF34:
 2101 0426 6465626F 		.ascii	"debounce_state\000"
 2101      756E6365 
 2101      5F737461 
 2101      746500
 2102              	.LASF17:
 2103 0435 64697370 		.ascii	"display_info\000"
 2103      6C61795F 
 2103      696E666F 
 2103      00
 2104              	.LASF57:
 2105 0442 70697865 		.ascii	"pixel_height\000"
 2105      6C5F6865 
 2105      69676874 
 2105      00
 2106              	.LASF78:
 2107 044f 75387838 		.ascii	"u8x8_DrawUTF8Lines\000"
 2107      5F447261 
 2107      77555446 
 2107      384C696E 
 2107      657300
 2108              	.LASF82:
 2109 0462 2E2E5C2E 		.ascii	"..\\..\\..\\u8g2\\u8g2\\csrc\\u8x8_message.c\000"
 2109      2E5C2E2E 
 2109      5C753867 
 2109      325C7538 
 2109      67325C63 
 2110              	.LASF56:
 2111 0489 70697865 		.ascii	"pixel_width\000"
 2111      6C5F7769 
 2111      64746800 
 2112              	.LASF30:
 2113 0495 75746638 		.ascii	"utf8_state\000"
 2113      5F737461 
 2113      746500
 2114              	.LASF37:
 2115 04a0 75387838 		.ascii	"u8x8_struct\000"
 2115      5F737472 
 2115      75637400 
 2116              	.LASF8:
 2117 04ac 6C6F6E67 		.ascii	"long unsigned int\000"
 2117      20756E73 
 2117      69676E65 
 2117      6420696E 
 2117      7400
 2118              	.LASF21:
 2119 04be 62797465 		.ascii	"byte_cb\000"
 2119      5F636200 
 2120              	.LASF40:
 2121 04c6 63686970 		.ascii	"chip_disable_level\000"
 2121      5F646973 
 2121      61626C65 
 2121      5F6C6576 
 2121      656C00
 2122              	.LASF28:
ARM GAS  C:\Users\jesse\AppData\Local\Temp\cchZY6C9.s 			page 45


 2123 04d9 6932635F 		.ascii	"i2c_address\000"
 2123      61646472 
 2123      65737300 
 2124              	.LASF55:
 2125 04e5 666C6970 		.ascii	"flipmode_x_offset\000"
 2125      6D6F6465 
 2125      5F785F6F 
 2125      66667365 
 2125      7400
 2126              	.LASF25:
 2127 04f7 656E636F 		.ascii	"encoding\000"
 2127      64696E67 
 2127      00
 2128              	.LASF29:
 2129 0500 6932635F 		.ascii	"i2c_started\000"
 2129      73746172 
 2129      74656400 
 2130              	.LASF20:
 2131 050c 6361645F 		.ascii	"cad_cb\000"
 2131      636200
 2132              	.LASF79:
 2133 0513 75387838 		.ascii	"u8x8_DrawUTF8Line\000"
 2133      5F447261 
 2133      77555446 
 2133      384C696E 
 2133      6500
 2134              	.LASF65:
 2135 0525 75387838 		.ascii	"u8x8_UserInterfaceMessage\000"
 2135      5F557365 
 2135      72496E74 
 2135      65726661 
 2135      63654D65 
 2136              	.LASF32:
 2137 053f 6465626F 		.ascii	"debounce_default_pin_state\000"
 2137      756E6365 
 2137      5F646566 
 2137      61756C74 
 2137      5F70696E 
 2138              	.LASF58:
 2139 055a 75387838 		.ascii	"u8x8_msg_cb\000"
 2139      5F6D7367 
 2139      5F636200 
 2140              	.LASF18:
 2141 0566 6E657874 		.ascii	"next_cb\000"
 2141      5F636200 
 2142              	.LASF76:
 2143 056e 75387838 		.ascii	"u8x8_DrawUTF8\000"
 2143      5F447261 
 2143      77555446 
 2143      3800
 2144              	.LASF42:
 2145 057c 7072655F 		.ascii	"pre_chip_disable_wait_ns\000"
 2145      63686970 
 2145      5F646973 
 2145      61626C65 
 2145      5F776169 
 2146              		.ident	"GCC: (GNU Tools for ARM Embedded Processors) 5.4.1 20160609 (release) [ARM/embedded-5-bran
ARM GAS  C:\Users\jesse\AppData\Local\Temp\cchZY6C9.s 			page 46


