ARM GAS  C:\Users\jesse\AppData\Local\Temp\ccIZjto7.s 			page 1


   1              		.syntax unified
   2              		.cpu cortex-m3
   3              		.fpu softvfp
   4              		.eabi_attribute 20, 1
   5              		.eabi_attribute 21, 1
   6              		.eabi_attribute 23, 3
   7              		.eabi_attribute 24, 1
   8              		.eabi_attribute 25, 1
   9              		.eabi_attribute 26, 1
  10              		.eabi_attribute 30, 4
  11              		.eabi_attribute 34, 1
  12              		.eabi_attribute 18, 4
  13              		.thumb
  14              		.syntax unified
  15              		.file	"u8x8_d_stdio.c"
  16              		.text
  17              	.Ltext0:
  18              		.cfi_sections	.debug_frame
  19              		.section	.text.bitmap_place_tile,"ax",%progbits
  20              		.align	1
  21              		.global	bitmap_place_tile
  22              		.thumb
  23              		.thumb_func
  24              		.type	bitmap_place_tile, %function
  25              	bitmap_place_tile:
  26              	.LFB1:
  27              		.file 1 "..\\..\\..\\u8g2\\u8g2\\csrc\\u8x8_d_stdio.c"
   1:..\..\..\u8g2\u8g2\csrc/u8x8_d_stdio.c **** /*
   2:..\..\..\u8g2\u8g2\csrc/u8x8_d_stdio.c **** 
   3:..\..\..\u8g2\u8g2\csrc/u8x8_d_stdio.c ****   u8x8_d_stdio.c
   4:..\..\..\u8g2\u8g2\csrc/u8x8_d_stdio.c **** 
   5:..\..\..\u8g2\u8g2\csrc/u8x8_d_stdio.c ****   Universal 8bit Graphics Library (https://github.com/olikraus/u8g2/)
   6:..\..\..\u8g2\u8g2\csrc/u8x8_d_stdio.c **** 
   7:..\..\..\u8g2\u8g2\csrc/u8x8_d_stdio.c ****   Copyright (c) 2016, olikraus@gmail.com
   8:..\..\..\u8g2\u8g2\csrc/u8x8_d_stdio.c ****   All rights reserved.
   9:..\..\..\u8g2\u8g2\csrc/u8x8_d_stdio.c **** 
  10:..\..\..\u8g2\u8g2\csrc/u8x8_d_stdio.c ****   Redistribution and use in source and binary forms, with or without modification, 
  11:..\..\..\u8g2\u8g2\csrc/u8x8_d_stdio.c ****   are permitted provided that the following conditions are met:
  12:..\..\..\u8g2\u8g2\csrc/u8x8_d_stdio.c **** 
  13:..\..\..\u8g2\u8g2\csrc/u8x8_d_stdio.c ****   * Redistributions of source code must retain the above copyright notice, this list 
  14:..\..\..\u8g2\u8g2\csrc/u8x8_d_stdio.c ****     of conditions and the following disclaimer.
  15:..\..\..\u8g2\u8g2\csrc/u8x8_d_stdio.c ****     
  16:..\..\..\u8g2\u8g2\csrc/u8x8_d_stdio.c ****   * Redistributions in binary form must reproduce the above copyright notice, this 
  17:..\..\..\u8g2\u8g2\csrc/u8x8_d_stdio.c ****     list of conditions and the following disclaimer in the documentation and/or other 
  18:..\..\..\u8g2\u8g2\csrc/u8x8_d_stdio.c ****     materials provided with the distribution.
  19:..\..\..\u8g2\u8g2\csrc/u8x8_d_stdio.c **** 
  20:..\..\..\u8g2\u8g2\csrc/u8x8_d_stdio.c ****   THIS SOFTWARE IS PROVIDED BY THE COPYRIGHT HOLDERS AND 
  21:..\..\..\u8g2\u8g2\csrc/u8x8_d_stdio.c ****   CONTRIBUTORS "AS IS" AND ANY EXPRESS OR IMPLIED WARRANTIES, 
  22:..\..\..\u8g2\u8g2\csrc/u8x8_d_stdio.c ****   INCLUDING, BUT NOT LIMITED TO, THE IMPLIED WARRANTIES OF 
  23:..\..\..\u8g2\u8g2\csrc/u8x8_d_stdio.c ****   MERCHANTABILITY AND FITNESS FOR A PARTICULAR PURPOSE ARE 
  24:..\..\..\u8g2\u8g2\csrc/u8x8_d_stdio.c ****   DISCLAIMED. IN NO EVENT SHALL THE COPYRIGHT HOLDER OR 
  25:..\..\..\u8g2\u8g2\csrc/u8x8_d_stdio.c ****   CONTRIBUTORS BE LIABLE FOR ANY DIRECT, INDIRECT, INCIDENTAL, 
  26:..\..\..\u8g2\u8g2\csrc/u8x8_d_stdio.c ****   SPECIAL, EXEMPLARY, OR CONSEQUENTIAL DAMAGES (INCLUDING, BUT 
  27:..\..\..\u8g2\u8g2\csrc/u8x8_d_stdio.c ****   NOT LIMITED TO, PROCUREMENT OF SUBSTITUTE GOODS OR SERVICES; 
  28:..\..\..\u8g2\u8g2\csrc/u8x8_d_stdio.c ****   LOSS OF USE, DATA, OR PROFITS; OR BUSINESS INTERRUPTION) HOWEVER 
  29:..\..\..\u8g2\u8g2\csrc/u8x8_d_stdio.c ****   CAUSED AND ON ANY THEORY OF LIABILITY, WHETHER IN CONTRACT, 
  30:..\..\..\u8g2\u8g2\csrc/u8x8_d_stdio.c ****   STRICT LIABILITY, OR TORT (INCLUDING NEGLIGENCE OR OTHERWISE) 
ARM GAS  C:\Users\jesse\AppData\Local\Temp\ccIZjto7.s 			page 2


  31:..\..\..\u8g2\u8g2\csrc/u8x8_d_stdio.c ****   ARISING IN ANY WAY OUT OF THE USE OF THIS SOFTWARE, EVEN IF 
  32:..\..\..\u8g2\u8g2\csrc/u8x8_d_stdio.c ****   ADVISED OF THE POSSIBILITY OF SUCH DAMAGE.  
  33:..\..\..\u8g2\u8g2\csrc/u8x8_d_stdio.c **** 
  34:..\..\..\u8g2\u8g2\csrc/u8x8_d_stdio.c **** */
  35:..\..\..\u8g2\u8g2\csrc/u8x8_d_stdio.c **** 
  36:..\..\..\u8g2\u8g2\csrc/u8x8_d_stdio.c **** #include "u8x8.h"
  37:..\..\..\u8g2\u8g2\csrc/u8x8_d_stdio.c **** 
  38:..\..\..\u8g2\u8g2\csrc/u8x8_d_stdio.c **** #include <stdio.h>
  39:..\..\..\u8g2\u8g2\csrc/u8x8_d_stdio.c **** 
  40:..\..\..\u8g2\u8g2\csrc/u8x8_d_stdio.c **** #define W 8
  41:..\..\..\u8g2\u8g2\csrc/u8x8_d_stdio.c **** #define H 2
  42:..\..\..\u8g2\u8g2\csrc/u8x8_d_stdio.c **** 
  43:..\..\..\u8g2\u8g2\csrc/u8x8_d_stdio.c **** uint8_t bitmap[W*H*8];
  44:..\..\..\u8g2\u8g2\csrc/u8x8_d_stdio.c **** 
  45:..\..\..\u8g2\u8g2\csrc/u8x8_d_stdio.c **** void bitmap_place_tile(uint8_t x, uint8_t y, uint8_t *tile)
  46:..\..\..\u8g2\u8g2\csrc/u8x8_d_stdio.c **** {
  28              		.loc 1 46 0
  29              		.cfi_startproc
  30              		@ args = 0, pretend = 0, frame = 0
  31              		@ frame_needed = 0, uses_anonymous_args = 0
  32              	.LVL0:
  33 0000 074B     		ldr	r3, .L5
  34 0002 00EBC101 		add	r1, r0, r1, lsl #3
  35              	.LVL1:
  36 0006 10B5     		push	{r4, lr}
  37              		.cfi_def_cfa_offset 8
  38              		.cfi_offset 4, -8
  39              		.cfi_offset 14, -4
  40 0008 03EBC101 		add	r1, r3, r1, lsl #3
  41 000c 541E     		subs	r4, r2, #1
  42 000e 0732     		adds	r2, r2, #7
  43              	.LVL2:
  44              	.L2:
  47:..\..\..\u8g2\u8g2\csrc/u8x8_d_stdio.c ****   uint8_t i;
  48:..\..\..\u8g2\u8g2\csrc/u8x8_d_stdio.c ****   for(i = 0; i < 8; i++ )
  49:..\..\..\u8g2\u8g2\csrc/u8x8_d_stdio.c ****     bitmap[x*8+y*W*8+i] = tile[i];
  45              		.loc 1 49 0 discriminator 3
  46 0010 14F8013F 		ldrb	r3, [r4, #1]!	@ zero_extendqisi2
  47              	.LVL3:
  48:..\..\..\u8g2\u8g2\csrc/u8x8_d_stdio.c ****     bitmap[x*8+y*W*8+i] = tile[i];
  48              		.loc 1 48 0 discriminator 3
  49 0014 9442     		cmp	r4, r2
  50              		.loc 1 49 0 discriminator 3
  51 0016 01F8013F 		strb	r3, [r1, #1]!
  52              	.LVL4:
  48:..\..\..\u8g2\u8g2\csrc/u8x8_d_stdio.c ****     bitmap[x*8+y*W*8+i] = tile[i];
  53              		.loc 1 48 0 discriminator 3
  54 001a F9D1     		bne	.L2
  50:..\..\..\u8g2\u8g2\csrc/u8x8_d_stdio.c **** }
  55              		.loc 1 50 0
  56 001c 10BD     		pop	{r4, pc}
  57              	.LVL5:
  58              	.L6:
  59 001e 00BF     		.align	2
  60              	.L5:
  61 0020 FFFFFFFF 		.word	bitmap-1
  62              		.cfi_endproc
ARM GAS  C:\Users\jesse\AppData\Local\Temp\ccIZjto7.s 			page 3


  63              	.LFE1:
  64              		.size	bitmap_place_tile, .-bitmap_place_tile
  65              		.section	.text.bitmap_show,"ax",%progbits
  66              		.align	1
  67              		.global	bitmap_show
  68              		.thumb
  69              		.thumb_func
  70              		.type	bitmap_show, %function
  71              	bitmap_show:
  72              	.LFB2:
  51:..\..\..\u8g2\u8g2\csrc/u8x8_d_stdio.c **** 
  52:..\..\..\u8g2\u8g2\csrc/u8x8_d_stdio.c **** void bitmap_show(void)
  53:..\..\..\u8g2\u8g2\csrc/u8x8_d_stdio.c **** {
  73              		.loc 1 53 0
  74              		.cfi_startproc
  75              		@ args = 0, pretend = 0, frame = 0
  76              		@ frame_needed = 0, uses_anonymous_args = 0
  77              	.LVL6:
  78 0000 2DE9F843 		push	{r3, r4, r5, r6, r7, r8, r9, lr}
  79              		.cfi_def_cfa_offset 32
  80              		.cfi_offset 3, -32
  81              		.cfi_offset 4, -28
  82              		.cfi_offset 5, -24
  83              		.cfi_offset 6, -20
  84              		.cfi_offset 7, -16
  85              		.cfi_offset 8, -12
  86              		.cfi_offset 9, -8
  87              		.cfi_offset 14, -4
  54:..\..\..\u8g2\u8g2\csrc/u8x8_d_stdio.c ****   int x, y;
  55:..\..\..\u8g2\u8g2\csrc/u8x8_d_stdio.c ****   for( y = 0; y < H*8; y++ )
  56:..\..\..\u8g2\u8g2\csrc/u8x8_d_stdio.c ****   {
  57:..\..\..\u8g2\u8g2\csrc/u8x8_d_stdio.c ****     for( x = 0; x < W*8; x++ )
  58:..\..\..\u8g2\u8g2\csrc/u8x8_d_stdio.c ****     {
  59:..\..\..\u8g2\u8g2\csrc/u8x8_d_stdio.c ****       if ( (bitmap[x+(y/8)*W*8] & (1<<((y&7)))) != 0 )
  88              		.loc 1 59 0
  89 0004 DFF83C80 		ldr	r8, .L15
  55:..\..\..\u8g2\u8g2\csrc/u8x8_d_stdio.c ****   {
  90              		.loc 1 55 0
  91 0008 0025     		movs	r5, #0
  92 000a 4FF00109 		mov	r9, #1
  93              	.LVL7:
  94              	.L8:
  95              		.loc 1 59 0
  96 000e EC10     		asrs	r4, r5, #3
  97 0010 05F00707 		and	r7, r5, #7
  98 0014 09FA07F7 		lsl	r7, r9, r7
  99 0018 0026     		movs	r6, #0
 100 001a 08EB8414 		add	r4, r8, r4, lsl #6
 101              	.LVL8:
 102              	.L11:
 103 001e A35D     		ldrb	r3, [r4, r6]	@ zero_extendqisi2
  57:..\..\..\u8g2\u8g2\csrc/u8x8_d_stdio.c ****     {
 104              		.loc 1 57 0
 105 0020 0136     		adds	r6, r6, #1
 106              	.LVL9:
 107              		.loc 1 59 0
 108 0022 3B42     		tst	r3, r7
ARM GAS  C:\Users\jesse\AppData\Local\Temp\ccIZjto7.s 			page 4


  60:..\..\..\u8g2\u8g2\csrc/u8x8_d_stdio.c ****       {
  61:..\..\..\u8g2\u8g2\csrc/u8x8_d_stdio.c **** 	printf("*");
 109              		.loc 1 61 0
 110 0024 14BF     		ite	ne
 111 0026 2A20     		movne	r0, #42
  62:..\..\..\u8g2\u8g2\csrc/u8x8_d_stdio.c ****       }
  63:..\..\..\u8g2\u8g2\csrc/u8x8_d_stdio.c ****       else
  64:..\..\..\u8g2\u8g2\csrc/u8x8_d_stdio.c ****       {
  65:..\..\..\u8g2\u8g2\csrc/u8x8_d_stdio.c **** 	printf(".");
 112              		.loc 1 65 0
 113 0028 2E20     		moveq	r0, #46
 114 002a FFF7FEFF 		bl	putchar
 115              	.LVL10:
  57:..\..\..\u8g2\u8g2\csrc/u8x8_d_stdio.c ****     {
 116              		.loc 1 57 0
 117 002e 402E     		cmp	r6, #64
 118 0030 F5D1     		bne	.L11
  66:..\..\..\u8g2\u8g2\csrc/u8x8_d_stdio.c ****       }
  67:..\..\..\u8g2\u8g2\csrc/u8x8_d_stdio.c ****     }
  68:..\..\..\u8g2\u8g2\csrc/u8x8_d_stdio.c ****     printf("\n");
 119              		.loc 1 68 0 discriminator 2
 120 0032 0A20     		movs	r0, #10
  55:..\..\..\u8g2\u8g2\csrc/u8x8_d_stdio.c ****   {
 121              		.loc 1 55 0 discriminator 2
 122 0034 0135     		adds	r5, r5, #1
 123              	.LVL11:
 124              		.loc 1 68 0 discriminator 2
 125 0036 FFF7FEFF 		bl	putchar
 126              	.LVL12:
  55:..\..\..\u8g2\u8g2\csrc/u8x8_d_stdio.c ****   {
 127              		.loc 1 55 0 discriminator 2
 128 003a 102D     		cmp	r5, #16
 129 003c E7D1     		bne	.L8
 130 003e BDE8F883 		pop	{r3, r4, r5, r6, r7, r8, r9, pc}
 131              	.LVL13:
 132              	.L16:
 133 0042 00BF     		.align	2
 134              	.L15:
 135 0044 00000000 		.word	bitmap
 136              		.cfi_endproc
 137              	.LFE2:
 138              		.size	bitmap_show, .-bitmap_show
 139              		.section	.text.u8x8_d_stdio,"ax",%progbits
 140              		.align	1
 141              		.global	u8x8_d_stdio
 142              		.thumb
 143              		.thumb_func
 144              		.type	u8x8_d_stdio, %function
 145              	u8x8_d_stdio:
 146              	.LFB3:
  69:..\..\..\u8g2\u8g2\csrc/u8x8_d_stdio.c ****   }
  70:..\..\..\u8g2\u8g2\csrc/u8x8_d_stdio.c **** }
  71:..\..\..\u8g2\u8g2\csrc/u8x8_d_stdio.c **** 
  72:..\..\..\u8g2\u8g2\csrc/u8x8_d_stdio.c **** 
  73:..\..\..\u8g2\u8g2\csrc/u8x8_d_stdio.c **** uint8_t u8x8_d_stdio(U8X8_UNUSED u8x8_t *u8x8, uint8_t msg, uint8_t arg_int, void *arg_ptr)
  74:..\..\..\u8g2\u8g2\csrc/u8x8_d_stdio.c **** {
 147              		.loc 1 74 0
ARM GAS  C:\Users\jesse\AppData\Local\Temp\ccIZjto7.s 			page 5


 148              		.cfi_startproc
 149              		@ args = 0, pretend = 0, frame = 0
 150              		@ frame_needed = 0, uses_anonymous_args = 0
 151              	.LVL14:
  75:..\..\..\u8g2\u8g2\csrc/u8x8_d_stdio.c ****   switch(msg)
 152              		.loc 1 75 0
 153 0000 0B29     		cmp	r1, #11
  74:..\..\..\u8g2\u8g2\csrc/u8x8_d_stdio.c ****   switch(msg)
 154              		.loc 1 74 0
 155 0002 08B5     		push	{r3, lr}
 156              		.cfi_def_cfa_offset 8
 157              		.cfi_offset 3, -8
 158              		.cfi_offset 14, -4
 159              		.loc 1 75 0
 160 0004 07D0     		beq	.L19
 161 0006 0F29     		cmp	r1, #15
 162 0008 08D1     		bne	.L18
 163              	.LVL15:
 164              	.LBB4:
 165              	.LBB5:
  76:..\..\..\u8g2\u8g2\csrc/u8x8_d_stdio.c ****   {
  77:..\..\..\u8g2\u8g2\csrc/u8x8_d_stdio.c ****     case U8X8_MSG_DISPLAY_INIT:
  78:..\..\..\u8g2\u8g2\csrc/u8x8_d_stdio.c ****       break;
  79:..\..\..\u8g2\u8g2\csrc/u8x8_d_stdio.c ****     case U8X8_MSG_DISPLAY_SET_POWER_SAVE:
  80:..\..\..\u8g2\u8g2\csrc/u8x8_d_stdio.c ****       if ( arg_int == 0 )
  81:..\..\..\u8g2\u8g2\csrc/u8x8_d_stdio.c **** 	bitmap_show();
  82:..\..\..\u8g2\u8g2\csrc/u8x8_d_stdio.c ****       break;
  83:..\..\..\u8g2\u8g2\csrc/u8x8_d_stdio.c ****     case U8X8_MSG_DISPLAY_SET_CONTRAST:
  84:..\..\..\u8g2\u8g2\csrc/u8x8_d_stdio.c ****       break;
  85:..\..\..\u8g2\u8g2\csrc/u8x8_d_stdio.c ****     case U8X8_MSG_DISPLAY_DRAW_TILE:      
  86:..\..\..\u8g2\u8g2\csrc/u8x8_d_stdio.c ****       bitmap_place_tile(((u8x8_tile_t *)arg_ptr)->x_pos, ((u8x8_tile_t *)arg_ptr)->y_pos, ((u8x8_ti
 166              		.loc 1 86 0
 167 000a 1A68     		ldr	r2, [r3]
 168              	.LVL16:
 169 000c 9979     		ldrb	r1, [r3, #6]	@ zero_extendqisi2
 170              	.LVL17:
 171 000e 5879     		ldrb	r0, [r3, #5]	@ zero_extendqisi2
 172              	.LVL18:
 173 0010 FFF7FEFF 		bl	bitmap_place_tile
 174              	.LVL19:
 175 0014 02E0     		b	.L18
 176              	.LVL20:
 177              	.L19:
 178              	.LBE5:
 179              	.LBE4:
  80:..\..\..\u8g2\u8g2\csrc/u8x8_d_stdio.c **** 	bitmap_show();
 180              		.loc 1 80 0
 181 0016 0AB9     		cbnz	r2, .L18
  81:..\..\..\u8g2\u8g2\csrc/u8x8_d_stdio.c ****       break;
 182              		.loc 1 81 0
 183 0018 FFF7FEFF 		bl	bitmap_show
 184              	.LVL21:
 185              	.L18:
  87:..\..\..\u8g2\u8g2\csrc/u8x8_d_stdio.c ****       break;
  88:..\..\..\u8g2\u8g2\csrc/u8x8_d_stdio.c ****     default:
  89:..\..\..\u8g2\u8g2\csrc/u8x8_d_stdio.c ****       break;
  90:..\..\..\u8g2\u8g2\csrc/u8x8_d_stdio.c ****   }
ARM GAS  C:\Users\jesse\AppData\Local\Temp\ccIZjto7.s 			page 6


  91:..\..\..\u8g2\u8g2\csrc/u8x8_d_stdio.c ****   return 1;
  92:..\..\..\u8g2\u8g2\csrc/u8x8_d_stdio.c **** }
 186              		.loc 1 92 0
 187 001c 0120     		movs	r0, #1
 188 001e 08BD     		pop	{r3, pc}
 189              		.cfi_endproc
 190              	.LFE3:
 191              		.size	u8x8_d_stdio, .-u8x8_d_stdio
 192              		.section	.text.u8x8_SetupStdio,"ax",%progbits
 193              		.align	1
 194              		.global	u8x8_SetupStdio
 195              		.thumb
 196              		.thumb_func
 197              		.type	u8x8_SetupStdio, %function
 198              	u8x8_SetupStdio:
 199              	.LFB4:
  93:..\..\..\u8g2\u8g2\csrc/u8x8_d_stdio.c **** 
  94:..\..\..\u8g2\u8g2\csrc/u8x8_d_stdio.c **** 
  95:..\..\..\u8g2\u8g2\csrc/u8x8_d_stdio.c **** 
  96:..\..\..\u8g2\u8g2\csrc/u8x8_d_stdio.c **** void u8x8_SetupStdio(u8x8_t *u8x8)
  97:..\..\..\u8g2\u8g2\csrc/u8x8_d_stdio.c **** {
 200              		.loc 1 97 0
 201              		.cfi_startproc
 202              		@ args = 0, pretend = 0, frame = 0
 203              		@ frame_needed = 0, uses_anonymous_args = 0
 204              	.LVL22:
 205 0000 10B5     		push	{r4, lr}
 206              		.cfi_def_cfa_offset 8
 207              		.cfi_offset 4, -8
 208              		.cfi_offset 14, -4
 209              		.loc 1 97 0
 210 0002 0446     		mov	r4, r0
  98:..\..\..\u8g2\u8g2\csrc/u8x8_d_stdio.c ****   u8x8_SetupDefaults(u8x8);
 211              		.loc 1 98 0
 212 0004 FFF7FEFF 		bl	u8x8_SetupDefaults
 213              	.LVL23:
  99:..\..\..\u8g2\u8g2\csrc/u8x8_d_stdio.c ****   u8x8->display_cb = u8x8_d_stdio;
 214              		.loc 1 99 0
 215 0008 014B     		ldr	r3, .L22
 216 000a A360     		str	r3, [r4, #8]
 217 000c 10BD     		pop	{r4, pc}
 218              	.LVL24:
 219              	.L23:
 220 000e 00BF     		.align	2
 221              	.L22:
 222 0010 00000000 		.word	u8x8_d_stdio
 223              		.cfi_endproc
 224              	.LFE4:
 225              		.size	u8x8_SetupStdio, .-u8x8_SetupStdio
 226              		.comm	bitmap,128,1
 227              		.text
 228              	.Letext0:
 229              		.file 2 "c:\\program files (x86)\\cypress\\psoc creator\\4.4\\psoc creator\\import\\gnu\\arm\\5.4.
 230              		.file 3 "c:\\program files (x86)\\cypress\\psoc creator\\4.4\\psoc creator\\import\\gnu\\arm\\5.4.
 231              		.file 4 "..\\..\\..\\u8g2\\u8g2\\csrc\\u8x8.h"
 232              		.file 5 "<built-in>"
 233              		.section	.debug_info,"",%progbits
ARM GAS  C:\Users\jesse\AppData\Local\Temp\ccIZjto7.s 			page 7


 234              	.Ldebug_info0:
 235 0000 53050000 		.4byte	0x553
 236 0004 0400     		.2byte	0x4
 237 0006 00000000 		.4byte	.Ldebug_abbrev0
 238 000a 04       		.byte	0x4
 239 000b 01       		.uleb128 0x1
 240 000c A3000000 		.4byte	.LASF74
 241 0010 0C       		.byte	0xc
 242 0011 0C050000 		.4byte	.LASF75
 243 0015 BF010000 		.4byte	.LASF76
 244 0019 00000000 		.4byte	.Ldebug_ranges0+0
 245 001d 00000000 		.4byte	0
 246 0021 00000000 		.4byte	.Ldebug_line0
 247 0025 02       		.uleb128 0x2
 248 0026 01       		.byte	0x1
 249 0027 06       		.byte	0x6
 250 0028 97000000 		.4byte	.LASF0
 251 002c 03       		.uleb128 0x3
 252 002d 25000000 		.4byte	.LASF3
 253 0031 02       		.byte	0x2
 254 0032 1D       		.byte	0x1d
 255 0033 37000000 		.4byte	0x37
 256 0037 02       		.uleb128 0x2
 257 0038 01       		.byte	0x1
 258 0039 08       		.byte	0x8
 259 003a A6030000 		.4byte	.LASF1
 260 003e 02       		.uleb128 0x2
 261 003f 02       		.byte	0x2
 262 0040 05       		.byte	0x5
 263 0041 B4030000 		.4byte	.LASF2
 264 0045 03       		.uleb128 0x3
 265 0046 3C040000 		.4byte	.LASF4
 266 004a 02       		.byte	0x2
 267 004b 2B       		.byte	0x2b
 268 004c 50000000 		.4byte	0x50
 269 0050 02       		.uleb128 0x2
 270 0051 02       		.byte	0x2
 271 0052 07       		.byte	0x7
 272 0053 C0020000 		.4byte	.LASF5
 273 0057 02       		.uleb128 0x2
 274 0058 04       		.byte	0x4
 275 0059 05       		.byte	0x5
 276 005a 6A010000 		.4byte	.LASF6
 277 005e 03       		.uleb128 0x3
 278 005f 25020000 		.4byte	.LASF7
 279 0063 02       		.byte	0x2
 280 0064 41       		.byte	0x41
 281 0065 69000000 		.4byte	0x69
 282 0069 02       		.uleb128 0x2
 283 006a 04       		.byte	0x4
 284 006b 07       		.byte	0x7
 285 006c 9C020000 		.4byte	.LASF8
 286 0070 02       		.uleb128 0x2
 287 0071 08       		.byte	0x8
 288 0072 05       		.byte	0x5
 289 0073 89000000 		.4byte	.LASF9
 290 0077 02       		.uleb128 0x2
ARM GAS  C:\Users\jesse\AppData\Local\Temp\ccIZjto7.s 			page 8


 291 0078 08       		.byte	0x8
 292 0079 07       		.byte	0x7
 293 007a 48000000 		.4byte	.LASF10
 294 007e 04       		.uleb128 0x4
 295 007f 04       		.byte	0x4
 296 0080 05       		.byte	0x5
 297 0081 696E7400 		.ascii	"int\000"
 298 0085 02       		.uleb128 0x2
 299 0086 04       		.byte	0x4
 300 0087 07       		.byte	0x7
 301 0088 7B020000 		.4byte	.LASF11
 302 008c 03       		.uleb128 0x3
 303 008d A0040000 		.4byte	.LASF12
 304 0091 03       		.byte	0x3
 305 0092 18       		.byte	0x18
 306 0093 2C000000 		.4byte	0x2c
 307 0097 03       		.uleb128 0x3
 308 0098 7B010000 		.4byte	.LASF13
 309 009c 03       		.byte	0x3
 310 009d 24       		.byte	0x24
 311 009e 45000000 		.4byte	0x45
 312 00a2 03       		.uleb128 0x3
 313 00a3 FD030000 		.4byte	.LASF14
 314 00a7 03       		.byte	0x3
 315 00a8 30       		.byte	0x30
 316 00a9 5E000000 		.4byte	0x5e
 317 00ad 05       		.uleb128 0x5
 318 00ae 04       		.byte	0x4
 319 00af 02       		.uleb128 0x2
 320 00b0 08       		.byte	0x8
 321 00b1 04       		.byte	0x4
 322 00b2 5D030000 		.4byte	.LASF15
 323 00b6 03       		.uleb128 0x3
 324 00b7 60040000 		.4byte	.LASF16
 325 00bb 04       		.byte	0x4
 326 00bc D3       		.byte	0xd3
 327 00bd C1000000 		.4byte	0xc1
 328 00c1 06       		.uleb128 0x6
 329 00c2 1C030000 		.4byte	.LASF37
 330 00c6 2C       		.byte	0x2c
 331 00c7 04       		.byte	0x4
 332 00c8 5601     		.2byte	0x156
 333 00ca C6010000 		.4byte	0x1c6
 334 00ce 07       		.uleb128 0x7
 335 00cf F7020000 		.4byte	.LASF17
 336 00d3 04       		.byte	0x4
 337 00d4 5801     		.2byte	0x158
 338 00d6 76030000 		.4byte	0x376
 339 00da 00       		.byte	0
 340 00db 07       		.uleb128 0x7
 341 00dc 84010000 		.4byte	.LASF18
 342 00e0 04       		.byte	0x4
 343 00e1 5901     		.2byte	0x159
 344 00e3 4B030000 		.4byte	0x34b
 345 00e7 04       		.byte	0x4
 346 00e8 07       		.uleb128 0x7
 347 00e9 46010000 		.4byte	.LASF19
ARM GAS  C:\Users\jesse\AppData\Local\Temp\ccIZjto7.s 			page 9


 348 00ed 04       		.byte	0x4
 349 00ee 5A01     		.2byte	0x15a
 350 00f0 16030000 		.4byte	0x316
 351 00f4 08       		.byte	0x8
 352 00f5 07       		.uleb128 0x7
 353 00f6 69030000 		.4byte	.LASF20
 354 00fa 04       		.byte	0x4
 355 00fb 5B01     		.2byte	0x15b
 356 00fd 16030000 		.4byte	0x316
 357 0101 0C       		.byte	0xc
 358 0102 07       		.uleb128 0x7
 359 0103 2F000000 		.4byte	.LASF21
 360 0107 04       		.byte	0x4
 361 0108 5C01     		.2byte	0x15c
 362 010a 16030000 		.4byte	0x316
 363 010e 10       		.byte	0x10
 364 010f 07       		.uleb128 0x7
 365 0110 99010000 		.4byte	.LASF22
 366 0114 04       		.byte	0x4
 367 0115 5D01     		.2byte	0x15d
 368 0117 16030000 		.4byte	0x316
 369 011b 14       		.byte	0x14
 370 011c 07       		.uleb128 0x7
 371 011d 67040000 		.4byte	.LASF23
 372 0121 04       		.byte	0x4
 373 0122 5E01     		.2byte	0x15e
 374 0124 A2000000 		.4byte	0xa2
 375 0128 18       		.byte	0x18
 376 0129 07       		.uleb128 0x7
 377 012a 9B040000 		.4byte	.LASF24
 378 012e 04       		.byte	0x4
 379 012f 5F01     		.2byte	0x15f
 380 0131 81030000 		.4byte	0x381
 381 0135 1C       		.byte	0x1c
 382 0136 07       		.uleb128 0x7
 383 0137 39030000 		.4byte	.LASF25
 384 013b 04       		.byte	0x4
 385 013c 6001     		.2byte	0x160
 386 013e 97000000 		.4byte	0x97
 387 0142 20       		.byte	0x20
 388 0143 07       		.uleb128 0x7
 389 0144 85030000 		.4byte	.LASF26
 390 0148 04       		.byte	0x4
 391 0149 6101     		.2byte	0x161
 392 014b 8C000000 		.4byte	0x8c
 393 014f 22       		.byte	0x22
 394 0150 07       		.uleb128 0x7
 395 0151 31010000 		.4byte	.LASF27
 396 0155 04       		.byte	0x4
 397 0156 6201     		.2byte	0x162
 398 0158 8C000000 		.4byte	0x8c
 399 015c 23       		.byte	0x23
 400 015d 07       		.uleb128 0x7
 401 015e 90020000 		.4byte	.LASF28
 402 0162 04       		.byte	0x4
 403 0163 6301     		.2byte	0x163
 404 0165 8C000000 		.4byte	0x8c
ARM GAS  C:\Users\jesse\AppData\Local\Temp\ccIZjto7.s 			page 10


 405 0169 24       		.byte	0x24
 406 016a 07       		.uleb128 0x7
 407 016b A8040000 		.4byte	.LASF29
 408 016f 04       		.byte	0x4
 409 0170 6601     		.2byte	0x166
 410 0172 8C000000 		.4byte	0x8c
 411 0176 25       		.byte	0x25
 412 0177 07       		.uleb128 0x7
 413 0178 72000000 		.4byte	.LASF30
 414 017c 04       		.byte	0x4
 415 017d 6801     		.2byte	0x168
 416 017f 8C000000 		.4byte	0x8c
 417 0183 26       		.byte	0x26
 418 0184 07       		.uleb128 0x7
 419 0185 7D000000 		.4byte	.LASF31
 420 0189 04       		.byte	0x4
 421 018a 6901     		.2byte	0x169
 422 018c 8C000000 		.4byte	0x8c
 423 0190 27       		.byte	0x27
 424 0191 07       		.uleb128 0x7
 425 0192 D2040000 		.4byte	.LASF32
 426 0196 04       		.byte	0x4
 427 0197 6A01     		.2byte	0x16a
 428 0199 8C000000 		.4byte	0x8c
 429 019d 28       		.byte	0x28
 430 019e 07       		.uleb128 0x7
 431 019f DF020000 		.4byte	.LASF33
 432 01a3 04       		.byte	0x4
 433 01a4 6B01     		.2byte	0x16b
 434 01a6 8C000000 		.4byte	0x8c
 435 01aa 29       		.byte	0x29
 436 01ab 07       		.uleb128 0x7
 437 01ac 71040000 		.4byte	.LASF34
 438 01b0 04       		.byte	0x4
 439 01b1 6C01     		.2byte	0x16c
 440 01b3 8C000000 		.4byte	0x8c
 441 01b7 2A       		.byte	0x2a
 442 01b8 07       		.uleb128 0x7
 443 01b9 67020000 		.4byte	.LASF35
 444 01bd 04       		.byte	0x4
 445 01be 6D01     		.2byte	0x16d
 446 01c0 8C000000 		.4byte	0x8c
 447 01c4 2B       		.byte	0x2b
 448 01c5 00       		.byte	0
 449 01c6 03       		.uleb128 0x3
 450 01c7 AB010000 		.4byte	.LASF36
 451 01cb 04       		.byte	0x4
 452 01cc D4       		.byte	0xd4
 453 01cd D1010000 		.4byte	0x1d1
 454 01d1 08       		.uleb128 0x8
 455 01d2 F3040000 		.4byte	.LASF38
 456 01d6 18       		.byte	0x18
 457 01d7 04       		.byte	0x4
 458 01d8 ED       		.byte	0xed
 459 01d9 CE020000 		.4byte	0x2ce
 460 01dd 09       		.uleb128 0x9
 461 01de 0F040000 		.4byte	.LASF39
ARM GAS  C:\Users\jesse\AppData\Local\Temp\ccIZjto7.s 			page 11


 462 01e2 04       		.byte	0x4
 463 01e3 F1       		.byte	0xf1
 464 01e4 8C000000 		.4byte	0x8c
 465 01e8 00       		.byte	0
 466 01e9 09       		.uleb128 0x9
 467 01ea 88040000 		.4byte	.LASF40
 468 01ee 04       		.byte	0x4
 469 01ef F2       		.byte	0xf2
 470 01f0 8C000000 		.4byte	0x8c
 471 01f4 01       		.byte	0x1
 472 01f5 09       		.uleb128 0x9
 473 01f6 47040000 		.4byte	.LASF41
 474 01fa 04       		.byte	0x4
 475 01fb F4       		.byte	0xf4
 476 01fc 8C000000 		.4byte	0x8c
 477 0200 02       		.byte	0x2
 478 0201 09       		.uleb128 0x9
 479 0202 51010000 		.4byte	.LASF42
 480 0206 04       		.byte	0x4
 481 0207 F5       		.byte	0xf5
 482 0208 8C000000 		.4byte	0x8c
 483 020c 03       		.byte	0x3
 484 020d 09       		.uleb128 0x9
 485 020e 00000000 		.4byte	.LASF43
 486 0212 04       		.byte	0x4
 487 0213 F6       		.byte	0xf6
 488 0214 8C000000 		.4byte	0x8c
 489 0218 04       		.byte	0x4
 490 0219 09       		.uleb128 0x9
 491 021a 5F000000 		.4byte	.LASF44
 492 021e 04       		.byte	0x4
 493 021f F7       		.byte	0xf7
 494 0220 8C000000 		.4byte	0x8c
 495 0224 05       		.byte	0x5
 496 0225 09       		.uleb128 0x9
 497 0226 30020000 		.4byte	.LASF45
 498 022a 04       		.byte	0x4
 499 022b FE       		.byte	0xfe
 500 022c 8C000000 		.4byte	0x8c
 501 0230 06       		.byte	0x6
 502 0231 07       		.uleb128 0x7
 503 0232 09030000 		.4byte	.LASF46
 504 0236 04       		.byte	0x4
 505 0237 0201     		.2byte	0x102
 506 0239 8C000000 		.4byte	0x8c
 507 023d 07       		.byte	0x7
 508 023e 07       		.uleb128 0x7
 509 023f 40050000 		.4byte	.LASF47
 510 0243 04       		.byte	0x4
 511 0244 0501     		.2byte	0x105
 512 0246 A2000000 		.4byte	0xa2
 513 024a 08       		.byte	0x8
 514 024b 07       		.uleb128 0x7
 515 024c 06040000 		.4byte	.LASF48
 516 0250 04       		.byte	0x4
 517 0251 0F01     		.2byte	0x10f
 518 0253 8C000000 		.4byte	0x8c
ARM GAS  C:\Users\jesse\AppData\Local\Temp\ccIZjto7.s 			page 12


 519 0257 0C       		.byte	0xc
 520 0258 07       		.uleb128 0x7
 521 0259 E8030000 		.4byte	.LASF49
 522 025d 04       		.byte	0x4
 523 025e 1201     		.2byte	0x112
 524 0260 8C000000 		.4byte	0x8c
 525 0264 0D       		.byte	0xd
 526 0265 07       		.uleb128 0x7
 527 0266 D5030000 		.4byte	.LASF50
 528 026a 04       		.byte	0x4
 529 026b 1801     		.2byte	0x118
 530 026d 8C000000 		.4byte	0x8c
 531 0271 0E       		.byte	0xe
 532 0272 07       		.uleb128 0x7
 533 0273 70030000 		.4byte	.LASF51
 534 0277 04       		.byte	0x4
 535 0278 1A01     		.2byte	0x11a
 536 027a 8C000000 		.4byte	0x8c
 537 027e 0F       		.byte	0xf
 538 027f 07       		.uleb128 0x7
 539 0280 C7040000 		.4byte	.LASF52
 540 0284 04       		.byte	0x4
 541 0285 1D01     		.2byte	0x11d
 542 0287 8C000000 		.4byte	0x8c
 543 028b 10       		.byte	0x10
 544 028c 07       		.uleb128 0x7
 545 028d 8E030000 		.4byte	.LASF53
 546 0291 04       		.byte	0x4
 547 0292 1E01     		.2byte	0x11e
 548 0294 8C000000 		.4byte	0x8c
 549 0298 11       		.byte	0x11
 550 0299 07       		.uleb128 0x7
 551 029a 28030000 		.4byte	.LASF54
 552 029e 04       		.byte	0x4
 553 029f 2001     		.2byte	0x120
 554 02a1 8C000000 		.4byte	0x8c
 555 02a5 12       		.byte	0x12
 556 02a6 07       		.uleb128 0x7
 557 02a7 42030000 		.4byte	.LASF55
 558 02ab 04       		.byte	0x4
 559 02ac 2101     		.2byte	0x121
 560 02ae 8C000000 		.4byte	0x8c
 561 02b2 13       		.byte	0x13
 562 02b3 07       		.uleb128 0x7
 563 02b4 B4040000 		.4byte	.LASF56
 564 02b8 04       		.byte	0x4
 565 02b9 2901     		.2byte	0x129
 566 02bb 97000000 		.4byte	0x97
 567 02bf 14       		.byte	0x14
 568 02c0 07       		.uleb128 0x7
 569 02c1 33050000 		.4byte	.LASF57
 570 02c5 04       		.byte	0x4
 571 02c6 2A01     		.2byte	0x12a
 572 02c8 97000000 		.4byte	0x97
 573 02cc 16       		.byte	0x16
 574 02cd 00       		.byte	0
 575 02ce 03       		.uleb128 0x3
ARM GAS  C:\Users\jesse\AppData\Local\Temp\ccIZjto7.s 			page 13


 576 02cf 48020000 		.4byte	.LASF58
 577 02d3 04       		.byte	0x4
 578 02d4 D5       		.byte	0xd5
 579 02d5 D9020000 		.4byte	0x2d9
 580 02d9 08       		.uleb128 0x8
 581 02da 37000000 		.4byte	.LASF59
 582 02de 08       		.byte	0x8
 583 02df 04       		.byte	0x4
 584 02e0 E4       		.byte	0xe4
 585 02e1 16030000 		.4byte	0x316
 586 02e5 09       		.uleb128 0x9
 587 02e6 33040000 		.4byte	.LASF60
 588 02ea 04       		.byte	0x4
 589 02eb E6       		.byte	0xe6
 590 02ec 70030000 		.4byte	0x370
 591 02f0 00       		.byte	0
 592 02f1 0A       		.uleb128 0xa
 593 02f2 636E7400 		.ascii	"cnt\000"
 594 02f6 04       		.byte	0x4
 595 02f7 E7       		.byte	0xe7
 596 02f8 8C000000 		.4byte	0x8c
 597 02fc 04       		.byte	0x4
 598 02fd 09       		.uleb128 0x9
 599 02fe 42020000 		.4byte	.LASF61
 600 0302 04       		.byte	0x4
 601 0303 E8       		.byte	0xe8
 602 0304 8C000000 		.4byte	0x8c
 603 0308 05       		.byte	0x5
 604 0309 09       		.uleb128 0x9
 605 030a ED040000 		.4byte	.LASF62
 606 030e 04       		.byte	0x4
 607 030f E9       		.byte	0xe9
 608 0310 8C000000 		.4byte	0x8c
 609 0314 06       		.byte	0x6
 610 0315 00       		.byte	0
 611 0316 03       		.uleb128 0x3
 612 0317 9A030000 		.4byte	.LASF63
 613 031b 04       		.byte	0x4
 614 031c D7       		.byte	0xd7
 615 031d 21030000 		.4byte	0x321
 616 0321 0B       		.uleb128 0xb
 617 0322 04       		.byte	0x4
 618 0323 27030000 		.4byte	0x327
 619 0327 0C       		.uleb128 0xc
 620 0328 8C000000 		.4byte	0x8c
 621 032c 45030000 		.4byte	0x345
 622 0330 0D       		.uleb128 0xd
 623 0331 45030000 		.4byte	0x345
 624 0335 0D       		.uleb128 0xd
 625 0336 8C000000 		.4byte	0x8c
 626 033a 0D       		.uleb128 0xd
 627 033b 8C000000 		.4byte	0x8c
 628 033f 0D       		.uleb128 0xd
 629 0340 AD000000 		.4byte	0xad
 630 0344 00       		.byte	0
 631 0345 0B       		.uleb128 0xb
 632 0346 04       		.byte	0x4
ARM GAS  C:\Users\jesse\AppData\Local\Temp\ccIZjto7.s 			page 14


 633 0347 B6000000 		.4byte	0xb6
 634 034b 03       		.uleb128 0x3
 635 034c 8C010000 		.4byte	.LASF64
 636 0350 04       		.byte	0x4
 637 0351 D8       		.byte	0xd8
 638 0352 56030000 		.4byte	0x356
 639 0356 0B       		.uleb128 0xb
 640 0357 04       		.byte	0x4
 641 0358 5C030000 		.4byte	0x35c
 642 035c 0C       		.uleb128 0xc
 643 035d 97000000 		.4byte	0x97
 644 0361 70030000 		.4byte	0x370
 645 0365 0D       		.uleb128 0xd
 646 0366 45030000 		.4byte	0x345
 647 036a 0D       		.uleb128 0xd
 648 036b 8C000000 		.4byte	0x8c
 649 036f 00       		.byte	0
 650 0370 0B       		.uleb128 0xb
 651 0371 04       		.byte	0x4
 652 0372 8C000000 		.4byte	0x8c
 653 0376 0B       		.uleb128 0xb
 654 0377 04       		.byte	0x4
 655 0378 7C030000 		.4byte	0x37c
 656 037c 0E       		.uleb128 0xe
 657 037d C6010000 		.4byte	0x1c6
 658 0381 0B       		.uleb128 0xb
 659 0382 04       		.byte	0x4
 660 0383 87030000 		.4byte	0x387
 661 0387 0E       		.uleb128 0xe
 662 0388 8C000000 		.4byte	0x8c
 663 038c 02       		.uleb128 0x2
 664 038d 04       		.byte	0x4
 665 038e 07       		.byte	0x7
 666 038f 54030000 		.4byte	.LASF65
 667 0393 02       		.uleb128 0x2
 668 0394 01       		.byte	0x1
 669 0395 08       		.byte	0x8
 670 0396 2E040000 		.4byte	.LASF66
 671 039a 0F       		.uleb128 0xf
 672 039b 21040000 		.4byte	.LASF77
 673 039f 01       		.byte	0x1
 674 03a0 49       		.byte	0x49
 675 03a1 8C000000 		.4byte	0x8c
 676 03a5 01       		.byte	0x1
 677 03a6 D7030000 		.4byte	0x3d7
 678 03aa 10       		.uleb128 0x10
 679 03ab BE030000 		.4byte	.LASF67
 680 03af 01       		.byte	0x1
 681 03b0 49       		.byte	0x49
 682 03b1 45030000 		.4byte	0x345
 683 03b5 11       		.uleb128 0x11
 684 03b6 6D736700 		.ascii	"msg\000"
 685 03ba 01       		.byte	0x1
 686 03bb 49       		.byte	0x49
 687 03bc 8C000000 		.4byte	0x8c
 688 03c0 10       		.uleb128 0x10
 689 03c1 88020000 		.4byte	.LASF68
ARM GAS  C:\Users\jesse\AppData\Local\Temp\ccIZjto7.s 			page 15


 690 03c5 01       		.byte	0x1
 691 03c6 49       		.byte	0x49
 692 03c7 8C000000 		.4byte	0x8c
 693 03cb 10       		.uleb128 0x10
 694 03cc 80040000 		.4byte	.LASF69
 695 03d0 01       		.byte	0x1
 696 03d1 49       		.byte	0x49
 697 03d2 AD000000 		.4byte	0xad
 698 03d6 00       		.byte	0
 699 03d7 12       		.uleb128 0x12
 700 03d8 C3030000 		.4byte	.LASF71
 701 03dc 01       		.byte	0x1
 702 03dd 2D       		.byte	0x2d
 703 03de 00000000 		.4byte	.LFB1
 704 03e2 24000000 		.4byte	.LFE1-.LFB1
 705 03e6 01       		.uleb128 0x1
 706 03e7 9C       		.byte	0x9c
 707 03e8 21040000 		.4byte	0x421
 708 03ec 13       		.uleb128 0x13
 709 03ed 7800     		.ascii	"x\000"
 710 03ef 01       		.byte	0x1
 711 03f0 2D       		.byte	0x2d
 712 03f1 8C000000 		.4byte	0x8c
 713 03f5 01       		.uleb128 0x1
 714 03f6 50       		.byte	0x50
 715 03f7 14       		.uleb128 0x14
 716 03f8 7900     		.ascii	"y\000"
 717 03fa 01       		.byte	0x1
 718 03fb 2D       		.byte	0x2d
 719 03fc 8C000000 		.4byte	0x8c
 720 0400 00000000 		.4byte	.LLST0
 721 0404 15       		.uleb128 0x15
 722 0405 04030000 		.4byte	.LASF70
 723 0409 01       		.byte	0x1
 724 040a 2D       		.byte	0x2d
 725 040b 70030000 		.4byte	0x370
 726 040f 21000000 		.4byte	.LLST1
 727 0413 16       		.uleb128 0x16
 728 0414 6900     		.ascii	"i\000"
 729 0416 01       		.byte	0x1
 730 0417 2F       		.byte	0x2f
 731 0418 8C000000 		.4byte	0x8c
 732 041c 41000000 		.4byte	.LLST2
 733 0420 00       		.byte	0
 734 0421 12       		.uleb128 0x12
 735 0422 D3020000 		.4byte	.LASF72
 736 0426 01       		.byte	0x1
 737 0427 34       		.byte	0x34
 738 0428 00000000 		.4byte	.LFB2
 739 042c 48000000 		.4byte	.LFE2-.LFB2
 740 0430 01       		.uleb128 0x1
 741 0431 9C       		.byte	0x9c
 742 0432 69040000 		.4byte	0x469
 743 0436 16       		.uleb128 0x16
 744 0437 7800     		.ascii	"x\000"
 745 0439 01       		.byte	0x1
 746 043a 36       		.byte	0x36
ARM GAS  C:\Users\jesse\AppData\Local\Temp\ccIZjto7.s 			page 16


 747 043b 7E000000 		.4byte	0x7e
 748 043f 75000000 		.4byte	.LLST3
 749 0443 16       		.uleb128 0x16
 750 0444 7900     		.ascii	"y\000"
 751 0446 01       		.byte	0x1
 752 0447 36       		.byte	0x36
 753 0448 7E000000 		.4byte	0x7e
 754 044c AC000000 		.4byte	.LLST4
 755 0450 17       		.uleb128 0x17
 756 0451 2E000000 		.4byte	.LVL10
 757 0455 3B050000 		.4byte	0x53b
 758 0459 18       		.uleb128 0x18
 759 045a 3A000000 		.4byte	.LVL12
 760 045e 3B050000 		.4byte	0x53b
 761 0462 19       		.uleb128 0x19
 762 0463 01       		.uleb128 0x1
 763 0464 50       		.byte	0x50
 764 0465 01       		.uleb128 0x1
 765 0466 3A       		.byte	0x3a
 766 0467 00       		.byte	0
 767 0468 00       		.byte	0
 768 0469 1A       		.uleb128 0x1a
 769 046a 9A030000 		.4byte	0x39a
 770 046e 00000000 		.4byte	.LFB3
 771 0472 20000000 		.4byte	.LFE3-.LFB3
 772 0476 01       		.uleb128 0x1
 773 0477 9C       		.byte	0x9c
 774 0478 E5040000 		.4byte	0x4e5
 775 047c 1B       		.uleb128 0x1b
 776 047d AA030000 		.4byte	0x3aa
 777 0481 E3000000 		.4byte	.LLST5
 778 0485 1B       		.uleb128 0x1b
 779 0486 B5030000 		.4byte	0x3b5
 780 048a 1D010000 		.4byte	.LLST6
 781 048e 1B       		.uleb128 0x1b
 782 048f C0030000 		.4byte	0x3c0
 783 0493 57010000 		.4byte	.LLST7
 784 0497 1B       		.uleb128 0x1b
 785 0498 CB030000 		.4byte	0x3cb
 786 049c 91010000 		.4byte	.LLST8
 787 04a0 1C       		.uleb128 0x1c
 788 04a1 0A000000 		.4byte	.LBB4
 789 04a5 0C000000 		.4byte	.LBE4-.LBB4
 790 04a9 DB040000 		.4byte	0x4db
 791 04ad 1B       		.uleb128 0x1b
 792 04ae AA030000 		.4byte	0x3aa
 793 04b2 CB010000 		.4byte	.LLST9
 794 04b6 1B       		.uleb128 0x1b
 795 04b7 B5030000 		.4byte	0x3b5
 796 04bb EC010000 		.4byte	.LLST10
 797 04bf 1B       		.uleb128 0x1b
 798 04c0 C0030000 		.4byte	0x3c0
 799 04c4 00020000 		.4byte	.LLST11
 800 04c8 1B       		.uleb128 0x1b
 801 04c9 CB030000 		.4byte	0x3cb
 802 04cd 13020000 		.4byte	.LLST12
 803 04d1 17       		.uleb128 0x17
ARM GAS  C:\Users\jesse\AppData\Local\Temp\ccIZjto7.s 			page 17


 804 04d2 14000000 		.4byte	.LVL19
 805 04d6 D7030000 		.4byte	0x3d7
 806 04da 00       		.byte	0
 807 04db 17       		.uleb128 0x17
 808 04dc 1C000000 		.4byte	.LVL21
 809 04e0 21040000 		.4byte	0x421
 810 04e4 00       		.byte	0
 811 04e5 12       		.uleb128 0x12
 812 04e6 15000000 		.4byte	.LASF73
 813 04ea 01       		.byte	0x1
 814 04eb 60       		.byte	0x60
 815 04ec 00000000 		.4byte	.LFB4
 816 04f0 14000000 		.4byte	.LFE4-.LFB4
 817 04f4 01       		.uleb128 0x1
 818 04f5 9C       		.byte	0x9c
 819 04f6 1A050000 		.4byte	0x51a
 820 04fa 15       		.uleb128 0x15
 821 04fb BE030000 		.4byte	.LASF67
 822 04ff 01       		.byte	0x1
 823 0500 60       		.byte	0x60
 824 0501 45030000 		.4byte	0x345
 825 0505 34020000 		.4byte	.LLST13
 826 0509 18       		.uleb128 0x18
 827 050a 08000000 		.4byte	.LVL23
 828 050e 4A050000 		.4byte	0x54a
 829 0512 19       		.uleb128 0x19
 830 0513 01       		.uleb128 0x1
 831 0514 50       		.byte	0x50
 832 0515 02       		.uleb128 0x2
 833 0516 74       		.byte	0x74
 834 0517 00       		.sleb128 0
 835 0518 00       		.byte	0
 836 0519 00       		.byte	0
 837 051a 1D       		.uleb128 0x1d
 838 051b 8C000000 		.4byte	0x8c
 839 051f 2A050000 		.4byte	0x52a
 840 0523 1E       		.uleb128 0x1e
 841 0524 8C030000 		.4byte	0x38c
 842 0528 7F       		.byte	0x7f
 843 0529 00       		.byte	0
 844 052a 1F       		.uleb128 0x1f
 845 052b C0040000 		.4byte	.LASF78
 846 052f 01       		.byte	0x1
 847 0530 2B       		.byte	0x2b
 848 0531 1A050000 		.4byte	0x51a
 849 0535 05       		.uleb128 0x5
 850 0536 03       		.byte	0x3
 851 0537 00000000 		.4byte	bitmap
 852 053b 20       		.uleb128 0x20
 853 053c 73010000 		.4byte	.LASF79
 854 0540 AE020000 		.4byte	.LASF80
 855 0544 05       		.byte	0x5
 856 0545 00       		.byte	0
 857 0546 73010000 		.4byte	.LASF79
 858 054a 21       		.uleb128 0x21
 859 054b 54020000 		.4byte	.LASF81
 860 054f 54020000 		.4byte	.LASF81
ARM GAS  C:\Users\jesse\AppData\Local\Temp\ccIZjto7.s 			page 18


 861 0553 04       		.byte	0x4
 862 0554 2302     		.2byte	0x223
 863 0556 00       		.byte	0
 864              		.section	.debug_abbrev,"",%progbits
 865              	.Ldebug_abbrev0:
 866 0000 01       		.uleb128 0x1
 867 0001 11       		.uleb128 0x11
 868 0002 01       		.byte	0x1
 869 0003 25       		.uleb128 0x25
 870 0004 0E       		.uleb128 0xe
 871 0005 13       		.uleb128 0x13
 872 0006 0B       		.uleb128 0xb
 873 0007 03       		.uleb128 0x3
 874 0008 0E       		.uleb128 0xe
 875 0009 1B       		.uleb128 0x1b
 876 000a 0E       		.uleb128 0xe
 877 000b 55       		.uleb128 0x55
 878 000c 17       		.uleb128 0x17
 879 000d 11       		.uleb128 0x11
 880 000e 01       		.uleb128 0x1
 881 000f 10       		.uleb128 0x10
 882 0010 17       		.uleb128 0x17
 883 0011 00       		.byte	0
 884 0012 00       		.byte	0
 885 0013 02       		.uleb128 0x2
 886 0014 24       		.uleb128 0x24
 887 0015 00       		.byte	0
 888 0016 0B       		.uleb128 0xb
 889 0017 0B       		.uleb128 0xb
 890 0018 3E       		.uleb128 0x3e
 891 0019 0B       		.uleb128 0xb
 892 001a 03       		.uleb128 0x3
 893 001b 0E       		.uleb128 0xe
 894 001c 00       		.byte	0
 895 001d 00       		.byte	0
 896 001e 03       		.uleb128 0x3
 897 001f 16       		.uleb128 0x16
 898 0020 00       		.byte	0
 899 0021 03       		.uleb128 0x3
 900 0022 0E       		.uleb128 0xe
 901 0023 3A       		.uleb128 0x3a
 902 0024 0B       		.uleb128 0xb
 903 0025 3B       		.uleb128 0x3b
 904 0026 0B       		.uleb128 0xb
 905 0027 49       		.uleb128 0x49
 906 0028 13       		.uleb128 0x13
 907 0029 00       		.byte	0
 908 002a 00       		.byte	0
 909 002b 04       		.uleb128 0x4
 910 002c 24       		.uleb128 0x24
 911 002d 00       		.byte	0
 912 002e 0B       		.uleb128 0xb
 913 002f 0B       		.uleb128 0xb
 914 0030 3E       		.uleb128 0x3e
 915 0031 0B       		.uleb128 0xb
 916 0032 03       		.uleb128 0x3
 917 0033 08       		.uleb128 0x8
ARM GAS  C:\Users\jesse\AppData\Local\Temp\ccIZjto7.s 			page 19


 918 0034 00       		.byte	0
 919 0035 00       		.byte	0
 920 0036 05       		.uleb128 0x5
 921 0037 0F       		.uleb128 0xf
 922 0038 00       		.byte	0
 923 0039 0B       		.uleb128 0xb
 924 003a 0B       		.uleb128 0xb
 925 003b 00       		.byte	0
 926 003c 00       		.byte	0
 927 003d 06       		.uleb128 0x6
 928 003e 13       		.uleb128 0x13
 929 003f 01       		.byte	0x1
 930 0040 03       		.uleb128 0x3
 931 0041 0E       		.uleb128 0xe
 932 0042 0B       		.uleb128 0xb
 933 0043 0B       		.uleb128 0xb
 934 0044 3A       		.uleb128 0x3a
 935 0045 0B       		.uleb128 0xb
 936 0046 3B       		.uleb128 0x3b
 937 0047 05       		.uleb128 0x5
 938 0048 01       		.uleb128 0x1
 939 0049 13       		.uleb128 0x13
 940 004a 00       		.byte	0
 941 004b 00       		.byte	0
 942 004c 07       		.uleb128 0x7
 943 004d 0D       		.uleb128 0xd
 944 004e 00       		.byte	0
 945 004f 03       		.uleb128 0x3
 946 0050 0E       		.uleb128 0xe
 947 0051 3A       		.uleb128 0x3a
 948 0052 0B       		.uleb128 0xb
 949 0053 3B       		.uleb128 0x3b
 950 0054 05       		.uleb128 0x5
 951 0055 49       		.uleb128 0x49
 952 0056 13       		.uleb128 0x13
 953 0057 38       		.uleb128 0x38
 954 0058 0B       		.uleb128 0xb
 955 0059 00       		.byte	0
 956 005a 00       		.byte	0
 957 005b 08       		.uleb128 0x8
 958 005c 13       		.uleb128 0x13
 959 005d 01       		.byte	0x1
 960 005e 03       		.uleb128 0x3
 961 005f 0E       		.uleb128 0xe
 962 0060 0B       		.uleb128 0xb
 963 0061 0B       		.uleb128 0xb
 964 0062 3A       		.uleb128 0x3a
 965 0063 0B       		.uleb128 0xb
 966 0064 3B       		.uleb128 0x3b
 967 0065 0B       		.uleb128 0xb
 968 0066 01       		.uleb128 0x1
 969 0067 13       		.uleb128 0x13
 970 0068 00       		.byte	0
 971 0069 00       		.byte	0
 972 006a 09       		.uleb128 0x9
 973 006b 0D       		.uleb128 0xd
 974 006c 00       		.byte	0
ARM GAS  C:\Users\jesse\AppData\Local\Temp\ccIZjto7.s 			page 20


 975 006d 03       		.uleb128 0x3
 976 006e 0E       		.uleb128 0xe
 977 006f 3A       		.uleb128 0x3a
 978 0070 0B       		.uleb128 0xb
 979 0071 3B       		.uleb128 0x3b
 980 0072 0B       		.uleb128 0xb
 981 0073 49       		.uleb128 0x49
 982 0074 13       		.uleb128 0x13
 983 0075 38       		.uleb128 0x38
 984 0076 0B       		.uleb128 0xb
 985 0077 00       		.byte	0
 986 0078 00       		.byte	0
 987 0079 0A       		.uleb128 0xa
 988 007a 0D       		.uleb128 0xd
 989 007b 00       		.byte	0
 990 007c 03       		.uleb128 0x3
 991 007d 08       		.uleb128 0x8
 992 007e 3A       		.uleb128 0x3a
 993 007f 0B       		.uleb128 0xb
 994 0080 3B       		.uleb128 0x3b
 995 0081 0B       		.uleb128 0xb
 996 0082 49       		.uleb128 0x49
 997 0083 13       		.uleb128 0x13
 998 0084 38       		.uleb128 0x38
 999 0085 0B       		.uleb128 0xb
 1000 0086 00       		.byte	0
 1001 0087 00       		.byte	0
 1002 0088 0B       		.uleb128 0xb
 1003 0089 0F       		.uleb128 0xf
 1004 008a 00       		.byte	0
 1005 008b 0B       		.uleb128 0xb
 1006 008c 0B       		.uleb128 0xb
 1007 008d 49       		.uleb128 0x49
 1008 008e 13       		.uleb128 0x13
 1009 008f 00       		.byte	0
 1010 0090 00       		.byte	0
 1011 0091 0C       		.uleb128 0xc
 1012 0092 15       		.uleb128 0x15
 1013 0093 01       		.byte	0x1
 1014 0094 27       		.uleb128 0x27
 1015 0095 19       		.uleb128 0x19
 1016 0096 49       		.uleb128 0x49
 1017 0097 13       		.uleb128 0x13
 1018 0098 01       		.uleb128 0x1
 1019 0099 13       		.uleb128 0x13
 1020 009a 00       		.byte	0
 1021 009b 00       		.byte	0
 1022 009c 0D       		.uleb128 0xd
 1023 009d 05       		.uleb128 0x5
 1024 009e 00       		.byte	0
 1025 009f 49       		.uleb128 0x49
 1026 00a0 13       		.uleb128 0x13
 1027 00a1 00       		.byte	0
 1028 00a2 00       		.byte	0
 1029 00a3 0E       		.uleb128 0xe
 1030 00a4 26       		.uleb128 0x26
 1031 00a5 00       		.byte	0
ARM GAS  C:\Users\jesse\AppData\Local\Temp\ccIZjto7.s 			page 21


 1032 00a6 49       		.uleb128 0x49
 1033 00a7 13       		.uleb128 0x13
 1034 00a8 00       		.byte	0
 1035 00a9 00       		.byte	0
 1036 00aa 0F       		.uleb128 0xf
 1037 00ab 2E       		.uleb128 0x2e
 1038 00ac 01       		.byte	0x1
 1039 00ad 3F       		.uleb128 0x3f
 1040 00ae 19       		.uleb128 0x19
 1041 00af 03       		.uleb128 0x3
 1042 00b0 0E       		.uleb128 0xe
 1043 00b1 3A       		.uleb128 0x3a
 1044 00b2 0B       		.uleb128 0xb
 1045 00b3 3B       		.uleb128 0x3b
 1046 00b4 0B       		.uleb128 0xb
 1047 00b5 27       		.uleb128 0x27
 1048 00b6 19       		.uleb128 0x19
 1049 00b7 49       		.uleb128 0x49
 1050 00b8 13       		.uleb128 0x13
 1051 00b9 20       		.uleb128 0x20
 1052 00ba 0B       		.uleb128 0xb
 1053 00bb 01       		.uleb128 0x1
 1054 00bc 13       		.uleb128 0x13
 1055 00bd 00       		.byte	0
 1056 00be 00       		.byte	0
 1057 00bf 10       		.uleb128 0x10
 1058 00c0 05       		.uleb128 0x5
 1059 00c1 00       		.byte	0
 1060 00c2 03       		.uleb128 0x3
 1061 00c3 0E       		.uleb128 0xe
 1062 00c4 3A       		.uleb128 0x3a
 1063 00c5 0B       		.uleb128 0xb
 1064 00c6 3B       		.uleb128 0x3b
 1065 00c7 0B       		.uleb128 0xb
 1066 00c8 49       		.uleb128 0x49
 1067 00c9 13       		.uleb128 0x13
 1068 00ca 00       		.byte	0
 1069 00cb 00       		.byte	0
 1070 00cc 11       		.uleb128 0x11
 1071 00cd 05       		.uleb128 0x5
 1072 00ce 00       		.byte	0
 1073 00cf 03       		.uleb128 0x3
 1074 00d0 08       		.uleb128 0x8
 1075 00d1 3A       		.uleb128 0x3a
 1076 00d2 0B       		.uleb128 0xb
 1077 00d3 3B       		.uleb128 0x3b
 1078 00d4 0B       		.uleb128 0xb
 1079 00d5 49       		.uleb128 0x49
 1080 00d6 13       		.uleb128 0x13
 1081 00d7 00       		.byte	0
 1082 00d8 00       		.byte	0
 1083 00d9 12       		.uleb128 0x12
 1084 00da 2E       		.uleb128 0x2e
 1085 00db 01       		.byte	0x1
 1086 00dc 3F       		.uleb128 0x3f
 1087 00dd 19       		.uleb128 0x19
 1088 00de 03       		.uleb128 0x3
ARM GAS  C:\Users\jesse\AppData\Local\Temp\ccIZjto7.s 			page 22


 1089 00df 0E       		.uleb128 0xe
 1090 00e0 3A       		.uleb128 0x3a
 1091 00e1 0B       		.uleb128 0xb
 1092 00e2 3B       		.uleb128 0x3b
 1093 00e3 0B       		.uleb128 0xb
 1094 00e4 27       		.uleb128 0x27
 1095 00e5 19       		.uleb128 0x19
 1096 00e6 11       		.uleb128 0x11
 1097 00e7 01       		.uleb128 0x1
 1098 00e8 12       		.uleb128 0x12
 1099 00e9 06       		.uleb128 0x6
 1100 00ea 40       		.uleb128 0x40
 1101 00eb 18       		.uleb128 0x18
 1102 00ec 9742     		.uleb128 0x2117
 1103 00ee 19       		.uleb128 0x19
 1104 00ef 01       		.uleb128 0x1
 1105 00f0 13       		.uleb128 0x13
 1106 00f1 00       		.byte	0
 1107 00f2 00       		.byte	0
 1108 00f3 13       		.uleb128 0x13
 1109 00f4 05       		.uleb128 0x5
 1110 00f5 00       		.byte	0
 1111 00f6 03       		.uleb128 0x3
 1112 00f7 08       		.uleb128 0x8
 1113 00f8 3A       		.uleb128 0x3a
 1114 00f9 0B       		.uleb128 0xb
 1115 00fa 3B       		.uleb128 0x3b
 1116 00fb 0B       		.uleb128 0xb
 1117 00fc 49       		.uleb128 0x49
 1118 00fd 13       		.uleb128 0x13
 1119 00fe 02       		.uleb128 0x2
 1120 00ff 18       		.uleb128 0x18
 1121 0100 00       		.byte	0
 1122 0101 00       		.byte	0
 1123 0102 14       		.uleb128 0x14
 1124 0103 05       		.uleb128 0x5
 1125 0104 00       		.byte	0
 1126 0105 03       		.uleb128 0x3
 1127 0106 08       		.uleb128 0x8
 1128 0107 3A       		.uleb128 0x3a
 1129 0108 0B       		.uleb128 0xb
 1130 0109 3B       		.uleb128 0x3b
 1131 010a 0B       		.uleb128 0xb
 1132 010b 49       		.uleb128 0x49
 1133 010c 13       		.uleb128 0x13
 1134 010d 02       		.uleb128 0x2
 1135 010e 17       		.uleb128 0x17
 1136 010f 00       		.byte	0
 1137 0110 00       		.byte	0
 1138 0111 15       		.uleb128 0x15
 1139 0112 05       		.uleb128 0x5
 1140 0113 00       		.byte	0
 1141 0114 03       		.uleb128 0x3
 1142 0115 0E       		.uleb128 0xe
 1143 0116 3A       		.uleb128 0x3a
 1144 0117 0B       		.uleb128 0xb
 1145 0118 3B       		.uleb128 0x3b
ARM GAS  C:\Users\jesse\AppData\Local\Temp\ccIZjto7.s 			page 23


 1146 0119 0B       		.uleb128 0xb
 1147 011a 49       		.uleb128 0x49
 1148 011b 13       		.uleb128 0x13
 1149 011c 02       		.uleb128 0x2
 1150 011d 17       		.uleb128 0x17
 1151 011e 00       		.byte	0
 1152 011f 00       		.byte	0
 1153 0120 16       		.uleb128 0x16
 1154 0121 34       		.uleb128 0x34
 1155 0122 00       		.byte	0
 1156 0123 03       		.uleb128 0x3
 1157 0124 08       		.uleb128 0x8
 1158 0125 3A       		.uleb128 0x3a
 1159 0126 0B       		.uleb128 0xb
 1160 0127 3B       		.uleb128 0x3b
 1161 0128 0B       		.uleb128 0xb
 1162 0129 49       		.uleb128 0x49
 1163 012a 13       		.uleb128 0x13
 1164 012b 02       		.uleb128 0x2
 1165 012c 17       		.uleb128 0x17
 1166 012d 00       		.byte	0
 1167 012e 00       		.byte	0
 1168 012f 17       		.uleb128 0x17
 1169 0130 898201   		.uleb128 0x4109
 1170 0133 00       		.byte	0
 1171 0134 11       		.uleb128 0x11
 1172 0135 01       		.uleb128 0x1
 1173 0136 31       		.uleb128 0x31
 1174 0137 13       		.uleb128 0x13
 1175 0138 00       		.byte	0
 1176 0139 00       		.byte	0
 1177 013a 18       		.uleb128 0x18
 1178 013b 898201   		.uleb128 0x4109
 1179 013e 01       		.byte	0x1
 1180 013f 11       		.uleb128 0x11
 1181 0140 01       		.uleb128 0x1
 1182 0141 31       		.uleb128 0x31
 1183 0142 13       		.uleb128 0x13
 1184 0143 00       		.byte	0
 1185 0144 00       		.byte	0
 1186 0145 19       		.uleb128 0x19
 1187 0146 8A8201   		.uleb128 0x410a
 1188 0149 00       		.byte	0
 1189 014a 02       		.uleb128 0x2
 1190 014b 18       		.uleb128 0x18
 1191 014c 9142     		.uleb128 0x2111
 1192 014e 18       		.uleb128 0x18
 1193 014f 00       		.byte	0
 1194 0150 00       		.byte	0
 1195 0151 1A       		.uleb128 0x1a
 1196 0152 2E       		.uleb128 0x2e
 1197 0153 01       		.byte	0x1
 1198 0154 31       		.uleb128 0x31
 1199 0155 13       		.uleb128 0x13
 1200 0156 11       		.uleb128 0x11
 1201 0157 01       		.uleb128 0x1
 1202 0158 12       		.uleb128 0x12
ARM GAS  C:\Users\jesse\AppData\Local\Temp\ccIZjto7.s 			page 24


 1203 0159 06       		.uleb128 0x6
 1204 015a 40       		.uleb128 0x40
 1205 015b 18       		.uleb128 0x18
 1206 015c 9742     		.uleb128 0x2117
 1207 015e 19       		.uleb128 0x19
 1208 015f 01       		.uleb128 0x1
 1209 0160 13       		.uleb128 0x13
 1210 0161 00       		.byte	0
 1211 0162 00       		.byte	0
 1212 0163 1B       		.uleb128 0x1b
 1213 0164 05       		.uleb128 0x5
 1214 0165 00       		.byte	0
 1215 0166 31       		.uleb128 0x31
 1216 0167 13       		.uleb128 0x13
 1217 0168 02       		.uleb128 0x2
 1218 0169 17       		.uleb128 0x17
 1219 016a 00       		.byte	0
 1220 016b 00       		.byte	0
 1221 016c 1C       		.uleb128 0x1c
 1222 016d 0B       		.uleb128 0xb
 1223 016e 01       		.byte	0x1
 1224 016f 11       		.uleb128 0x11
 1225 0170 01       		.uleb128 0x1
 1226 0171 12       		.uleb128 0x12
 1227 0172 06       		.uleb128 0x6
 1228 0173 01       		.uleb128 0x1
 1229 0174 13       		.uleb128 0x13
 1230 0175 00       		.byte	0
 1231 0176 00       		.byte	0
 1232 0177 1D       		.uleb128 0x1d
 1233 0178 01       		.uleb128 0x1
 1234 0179 01       		.byte	0x1
 1235 017a 49       		.uleb128 0x49
 1236 017b 13       		.uleb128 0x13
 1237 017c 01       		.uleb128 0x1
 1238 017d 13       		.uleb128 0x13
 1239 017e 00       		.byte	0
 1240 017f 00       		.byte	0
 1241 0180 1E       		.uleb128 0x1e
 1242 0181 21       		.uleb128 0x21
 1243 0182 00       		.byte	0
 1244 0183 49       		.uleb128 0x49
 1245 0184 13       		.uleb128 0x13
 1246 0185 2F       		.uleb128 0x2f
 1247 0186 0B       		.uleb128 0xb
 1248 0187 00       		.byte	0
 1249 0188 00       		.byte	0
 1250 0189 1F       		.uleb128 0x1f
 1251 018a 34       		.uleb128 0x34
 1252 018b 00       		.byte	0
 1253 018c 03       		.uleb128 0x3
 1254 018d 0E       		.uleb128 0xe
 1255 018e 3A       		.uleb128 0x3a
 1256 018f 0B       		.uleb128 0xb
 1257 0190 3B       		.uleb128 0x3b
 1258 0191 0B       		.uleb128 0xb
 1259 0192 49       		.uleb128 0x49
ARM GAS  C:\Users\jesse\AppData\Local\Temp\ccIZjto7.s 			page 25


 1260 0193 13       		.uleb128 0x13
 1261 0194 3F       		.uleb128 0x3f
 1262 0195 19       		.uleb128 0x19
 1263 0196 02       		.uleb128 0x2
 1264 0197 18       		.uleb128 0x18
 1265 0198 00       		.byte	0
 1266 0199 00       		.byte	0
 1267 019a 20       		.uleb128 0x20
 1268 019b 2E       		.uleb128 0x2e
 1269 019c 00       		.byte	0
 1270 019d 3F       		.uleb128 0x3f
 1271 019e 19       		.uleb128 0x19
 1272 019f 3C       		.uleb128 0x3c
 1273 01a0 19       		.uleb128 0x19
 1274 01a1 6E       		.uleb128 0x6e
 1275 01a2 0E       		.uleb128 0xe
 1276 01a3 03       		.uleb128 0x3
 1277 01a4 0E       		.uleb128 0xe
 1278 01a5 3A       		.uleb128 0x3a
 1279 01a6 0B       		.uleb128 0xb
 1280 01a7 3B       		.uleb128 0x3b
 1281 01a8 0B       		.uleb128 0xb
 1282 01a9 6E       		.uleb128 0x6e
 1283 01aa 0E       		.uleb128 0xe
 1284 01ab 00       		.byte	0
 1285 01ac 00       		.byte	0
 1286 01ad 21       		.uleb128 0x21
 1287 01ae 2E       		.uleb128 0x2e
 1288 01af 00       		.byte	0
 1289 01b0 3F       		.uleb128 0x3f
 1290 01b1 19       		.uleb128 0x19
 1291 01b2 3C       		.uleb128 0x3c
 1292 01b3 19       		.uleb128 0x19
 1293 01b4 6E       		.uleb128 0x6e
 1294 01b5 0E       		.uleb128 0xe
 1295 01b6 03       		.uleb128 0x3
 1296 01b7 0E       		.uleb128 0xe
 1297 01b8 3A       		.uleb128 0x3a
 1298 01b9 0B       		.uleb128 0xb
 1299 01ba 3B       		.uleb128 0x3b
 1300 01bb 05       		.uleb128 0x5
 1301 01bc 00       		.byte	0
 1302 01bd 00       		.byte	0
 1303 01be 00       		.byte	0
 1304              		.section	.debug_loc,"",%progbits
 1305              	.Ldebug_loc0:
 1306              	.LLST0:
 1307 0000 00000000 		.4byte	.LVL0
 1308 0004 06000000 		.4byte	.LVL1
 1309 0008 0100     		.2byte	0x1
 1310 000a 51       		.byte	0x51
 1311 000b 06000000 		.4byte	.LVL1
 1312 000f 24000000 		.4byte	.LFE1
 1313 0013 0400     		.2byte	0x4
 1314 0015 F3       		.byte	0xf3
 1315 0016 01       		.uleb128 0x1
 1316 0017 51       		.byte	0x51
ARM GAS  C:\Users\jesse\AppData\Local\Temp\ccIZjto7.s 			page 26


 1317 0018 9F       		.byte	0x9f
 1318 0019 00000000 		.4byte	0
 1319 001d 00000000 		.4byte	0
 1320              	.LLST1:
 1321 0021 00000000 		.4byte	.LVL0
 1322 0025 10000000 		.4byte	.LVL2
 1323 0029 0100     		.2byte	0x1
 1324 002b 52       		.byte	0x52
 1325 002c 10000000 		.4byte	.LVL2
 1326 0030 24000000 		.4byte	.LFE1
 1327 0034 0300     		.2byte	0x3
 1328 0036 72       		.byte	0x72
 1329 0037 79       		.sleb128 -7
 1330 0038 9F       		.byte	0x9f
 1331 0039 00000000 		.4byte	0
 1332 003d 00000000 		.4byte	0
 1333              	.LLST2:
 1334 0041 00000000 		.4byte	.LVL0
 1335 0045 10000000 		.4byte	.LVL2
 1336 0049 0200     		.2byte	0x2
 1337 004b 30       		.byte	0x30
 1338 004c 9F       		.byte	0x9f
 1339 004d 10000000 		.4byte	.LVL2
 1340 0051 14000000 		.4byte	.LVL3
 1341 0055 0600     		.2byte	0x6
 1342 0057 74       		.byte	0x74
 1343 0058 00       		.sleb128 0
 1344 0059 72       		.byte	0x72
 1345 005a 78       		.sleb128 -8
 1346 005b 1C       		.byte	0x1c
 1347 005c 9F       		.byte	0x9f
 1348 005d 1A000000 		.4byte	.LVL4
 1349 0061 1E000000 		.4byte	.LVL5
 1350 0065 0600     		.2byte	0x6
 1351 0067 74       		.byte	0x74
 1352 0068 00       		.sleb128 0
 1353 0069 72       		.byte	0x72
 1354 006a 78       		.sleb128 -8
 1355 006b 1C       		.byte	0x1c
 1356 006c 9F       		.byte	0x9f
 1357 006d 00000000 		.4byte	0
 1358 0071 00000000 		.4byte	0
 1359              	.LLST3:
 1360 0075 0E000000 		.4byte	.LVL7
 1361 0079 1E000000 		.4byte	.LVL8
 1362 007d 0200     		.2byte	0x2
 1363 007f 30       		.byte	0x30
 1364 0080 9F       		.byte	0x9f
 1365 0081 1E000000 		.4byte	.LVL8
 1366 0085 22000000 		.4byte	.LVL9
 1367 0089 0100     		.2byte	0x1
 1368 008b 56       		.byte	0x56
 1369 008c 22000000 		.4byte	.LVL9
 1370 0090 2E000000 		.4byte	.LVL10
 1371 0094 0300     		.2byte	0x3
 1372 0096 76       		.byte	0x76
 1373 0097 7F       		.sleb128 -1
ARM GAS  C:\Users\jesse\AppData\Local\Temp\ccIZjto7.s 			page 27


 1374 0098 9F       		.byte	0x9f
 1375 0099 2E000000 		.4byte	.LVL10
 1376 009d 42000000 		.4byte	.LVL13
 1377 00a1 0100     		.2byte	0x1
 1378 00a3 56       		.byte	0x56
 1379 00a4 00000000 		.4byte	0
 1380 00a8 00000000 		.4byte	0
 1381              	.LLST4:
 1382 00ac 00000000 		.4byte	.LVL6
 1383 00b0 0E000000 		.4byte	.LVL7
 1384 00b4 0200     		.2byte	0x2
 1385 00b6 30       		.byte	0x30
 1386 00b7 9F       		.byte	0x9f
 1387 00b8 0E000000 		.4byte	.LVL7
 1388 00bc 36000000 		.4byte	.LVL11
 1389 00c0 0100     		.2byte	0x1
 1390 00c2 55       		.byte	0x55
 1391 00c3 36000000 		.4byte	.LVL11
 1392 00c7 3A000000 		.4byte	.LVL12
 1393 00cb 0300     		.2byte	0x3
 1394 00cd 75       		.byte	0x75
 1395 00ce 7F       		.sleb128 -1
 1396 00cf 9F       		.byte	0x9f
 1397 00d0 3A000000 		.4byte	.LVL12
 1398 00d4 42000000 		.4byte	.LVL13
 1399 00d8 0100     		.2byte	0x1
 1400 00da 55       		.byte	0x55
 1401 00db 00000000 		.4byte	0
 1402 00df 00000000 		.4byte	0
 1403              	.LLST5:
 1404 00e3 00000000 		.4byte	.LVL14
 1405 00e7 10000000 		.4byte	.LVL18
 1406 00eb 0100     		.2byte	0x1
 1407 00ed 50       		.byte	0x50
 1408 00ee 10000000 		.4byte	.LVL18
 1409 00f2 16000000 		.4byte	.LVL20
 1410 00f6 0400     		.2byte	0x4
 1411 00f8 F3       		.byte	0xf3
 1412 00f9 01       		.uleb128 0x1
 1413 00fa 50       		.byte	0x50
 1414 00fb 9F       		.byte	0x9f
 1415 00fc 16000000 		.4byte	.LVL20
 1416 0100 1B000000 		.4byte	.LVL21-1
 1417 0104 0100     		.2byte	0x1
 1418 0106 50       		.byte	0x50
 1419 0107 1B000000 		.4byte	.LVL21-1
 1420 010b 20000000 		.4byte	.LFE3
 1421 010f 0400     		.2byte	0x4
 1422 0111 F3       		.byte	0xf3
 1423 0112 01       		.uleb128 0x1
 1424 0113 50       		.byte	0x50
 1425 0114 9F       		.byte	0x9f
 1426 0115 00000000 		.4byte	0
 1427 0119 00000000 		.4byte	0
 1428              	.LLST6:
 1429 011d 00000000 		.4byte	.LVL14
 1430 0121 0E000000 		.4byte	.LVL17
ARM GAS  C:\Users\jesse\AppData\Local\Temp\ccIZjto7.s 			page 28


 1431 0125 0100     		.2byte	0x1
 1432 0127 51       		.byte	0x51
 1433 0128 0E000000 		.4byte	.LVL17
 1434 012c 16000000 		.4byte	.LVL20
 1435 0130 0400     		.2byte	0x4
 1436 0132 F3       		.byte	0xf3
 1437 0133 01       		.uleb128 0x1
 1438 0134 51       		.byte	0x51
 1439 0135 9F       		.byte	0x9f
 1440 0136 16000000 		.4byte	.LVL20
 1441 013a 1B000000 		.4byte	.LVL21-1
 1442 013e 0100     		.2byte	0x1
 1443 0140 51       		.byte	0x51
 1444 0141 1B000000 		.4byte	.LVL21-1
 1445 0145 20000000 		.4byte	.LFE3
 1446 0149 0400     		.2byte	0x4
 1447 014b F3       		.byte	0xf3
 1448 014c 01       		.uleb128 0x1
 1449 014d 51       		.byte	0x51
 1450 014e 9F       		.byte	0x9f
 1451 014f 00000000 		.4byte	0
 1452 0153 00000000 		.4byte	0
 1453              	.LLST7:
 1454 0157 00000000 		.4byte	.LVL14
 1455 015b 0C000000 		.4byte	.LVL16
 1456 015f 0100     		.2byte	0x1
 1457 0161 52       		.byte	0x52
 1458 0162 0C000000 		.4byte	.LVL16
 1459 0166 16000000 		.4byte	.LVL20
 1460 016a 0400     		.2byte	0x4
 1461 016c F3       		.byte	0xf3
 1462 016d 01       		.uleb128 0x1
 1463 016e 52       		.byte	0x52
 1464 016f 9F       		.byte	0x9f
 1465 0170 16000000 		.4byte	.LVL20
 1466 0174 1B000000 		.4byte	.LVL21-1
 1467 0178 0100     		.2byte	0x1
 1468 017a 52       		.byte	0x52
 1469 017b 1B000000 		.4byte	.LVL21-1
 1470 017f 20000000 		.4byte	.LFE3
 1471 0183 0400     		.2byte	0x4
 1472 0185 F3       		.byte	0xf3
 1473 0186 01       		.uleb128 0x1
 1474 0187 52       		.byte	0x52
 1475 0188 9F       		.byte	0x9f
 1476 0189 00000000 		.4byte	0
 1477 018d 00000000 		.4byte	0
 1478              	.LLST8:
 1479 0191 00000000 		.4byte	.LVL14
 1480 0195 13000000 		.4byte	.LVL19-1
 1481 0199 0100     		.2byte	0x1
 1482 019b 53       		.byte	0x53
 1483 019c 13000000 		.4byte	.LVL19-1
 1484 01a0 16000000 		.4byte	.LVL20
 1485 01a4 0400     		.2byte	0x4
 1486 01a6 F3       		.byte	0xf3
 1487 01a7 01       		.uleb128 0x1
ARM GAS  C:\Users\jesse\AppData\Local\Temp\ccIZjto7.s 			page 29


 1488 01a8 53       		.byte	0x53
 1489 01a9 9F       		.byte	0x9f
 1490 01aa 16000000 		.4byte	.LVL20
 1491 01ae 1B000000 		.4byte	.LVL21-1
 1492 01b2 0100     		.2byte	0x1
 1493 01b4 53       		.byte	0x53
 1494 01b5 1B000000 		.4byte	.LVL21-1
 1495 01b9 20000000 		.4byte	.LFE3
 1496 01bd 0400     		.2byte	0x4
 1497 01bf F3       		.byte	0xf3
 1498 01c0 01       		.uleb128 0x1
 1499 01c1 53       		.byte	0x53
 1500 01c2 9F       		.byte	0x9f
 1501 01c3 00000000 		.4byte	0
 1502 01c7 00000000 		.4byte	0
 1503              	.LLST9:
 1504 01cb 0A000000 		.4byte	.LVL15
 1505 01cf 10000000 		.4byte	.LVL18
 1506 01d3 0100     		.2byte	0x1
 1507 01d5 50       		.byte	0x50
 1508 01d6 10000000 		.4byte	.LVL18
 1509 01da 16000000 		.4byte	.LVL20
 1510 01de 0400     		.2byte	0x4
 1511 01e0 F3       		.byte	0xf3
 1512 01e1 01       		.uleb128 0x1
 1513 01e2 50       		.byte	0x50
 1514 01e3 9F       		.byte	0x9f
 1515 01e4 00000000 		.4byte	0
 1516 01e8 00000000 		.4byte	0
 1517              	.LLST10:
 1518 01ec 0A000000 		.4byte	.LVL15
 1519 01f0 16000000 		.4byte	.LVL20
 1520 01f4 0200     		.2byte	0x2
 1521 01f6 3F       		.byte	0x3f
 1522 01f7 9F       		.byte	0x9f
 1523 01f8 00000000 		.4byte	0
 1524 01fc 00000000 		.4byte	0
 1525              	.LLST11:
 1526 0200 0A000000 		.4byte	.LVL15
 1527 0204 0C000000 		.4byte	.LVL16
 1528 0208 0100     		.2byte	0x1
 1529 020a 52       		.byte	0x52
 1530 020b 00000000 		.4byte	0
 1531 020f 00000000 		.4byte	0
 1532              	.LLST12:
 1533 0213 0A000000 		.4byte	.LVL15
 1534 0217 13000000 		.4byte	.LVL19-1
 1535 021b 0100     		.2byte	0x1
 1536 021d 53       		.byte	0x53
 1537 021e 13000000 		.4byte	.LVL19-1
 1538 0222 16000000 		.4byte	.LVL20
 1539 0226 0400     		.2byte	0x4
 1540 0228 F3       		.byte	0xf3
 1541 0229 01       		.uleb128 0x1
 1542 022a 53       		.byte	0x53
 1543 022b 9F       		.byte	0x9f
 1544 022c 00000000 		.4byte	0
ARM GAS  C:\Users\jesse\AppData\Local\Temp\ccIZjto7.s 			page 30


 1545 0230 00000000 		.4byte	0
 1546              	.LLST13:
 1547 0234 00000000 		.4byte	.LVL22
 1548 0238 07000000 		.4byte	.LVL23-1
 1549 023c 0100     		.2byte	0x1
 1550 023e 50       		.byte	0x50
 1551 023f 07000000 		.4byte	.LVL23-1
 1552 0243 0E000000 		.4byte	.LVL24
 1553 0247 0100     		.2byte	0x1
 1554 0249 54       		.byte	0x54
 1555 024a 0E000000 		.4byte	.LVL24
 1556 024e 14000000 		.4byte	.LFE4
 1557 0252 0400     		.2byte	0x4
 1558 0254 F3       		.byte	0xf3
 1559 0255 01       		.uleb128 0x1
 1560 0256 50       		.byte	0x50
 1561 0257 9F       		.byte	0x9f
 1562 0258 00000000 		.4byte	0
 1563 025c 00000000 		.4byte	0
 1564              		.section	.debug_aranges,"",%progbits
 1565 0000 34000000 		.4byte	0x34
 1566 0004 0200     		.2byte	0x2
 1567 0006 00000000 		.4byte	.Ldebug_info0
 1568 000a 04       		.byte	0x4
 1569 000b 00       		.byte	0
 1570 000c 0000     		.2byte	0
 1571 000e 0000     		.2byte	0
 1572 0010 00000000 		.4byte	.LFB1
 1573 0014 24000000 		.4byte	.LFE1-.LFB1
 1574 0018 00000000 		.4byte	.LFB2
 1575 001c 48000000 		.4byte	.LFE2-.LFB2
 1576 0020 00000000 		.4byte	.LFB3
 1577 0024 20000000 		.4byte	.LFE3-.LFB3
 1578 0028 00000000 		.4byte	.LFB4
 1579 002c 14000000 		.4byte	.LFE4-.LFB4
 1580 0030 00000000 		.4byte	0
 1581 0034 00000000 		.4byte	0
 1582              		.section	.debug_ranges,"",%progbits
 1583              	.Ldebug_ranges0:
 1584 0000 00000000 		.4byte	.LFB1
 1585 0004 24000000 		.4byte	.LFE1
 1586 0008 00000000 		.4byte	.LFB2
 1587 000c 48000000 		.4byte	.LFE2
 1588 0010 00000000 		.4byte	.LFB3
 1589 0014 20000000 		.4byte	.LFE3
 1590 0018 00000000 		.4byte	.LFB4
 1591 001c 14000000 		.4byte	.LFE4
 1592 0020 00000000 		.4byte	0
 1593 0024 00000000 		.4byte	0
 1594              		.section	.debug_line,"",%progbits
 1595              	.Ldebug_line0:
 1596 0000 E1010000 		.section	.debug_str,"MS",%progbits,1
 1596      02005201 
 1596      00000201 
 1596      FB0E0D00 
 1596      01010101 
 1597              	.LASF43:
ARM GAS  C:\Users\jesse\AppData\Local\Temp\ccIZjto7.s 			page 31


 1598 0000 72657365 		.ascii	"reset_pulse_width_ms\000"
 1598      745F7075 
 1598      6C73655F 
 1598      77696474 
 1598      685F6D73 
 1599              	.LASF73:
 1600 0015 75387838 		.ascii	"u8x8_SetupStdio\000"
 1600      5F536574 
 1600      75705374 
 1600      64696F00 
 1601              	.LASF3:
 1602 0025 5F5F7569 		.ascii	"__uint8_t\000"
 1602      6E74385F 
 1602      7400
 1603              	.LASF21:
 1604 002f 62797465 		.ascii	"byte_cb\000"
 1604      5F636200 
 1605              	.LASF59:
 1606 0037 75387838 		.ascii	"u8x8_tile_struct\000"
 1606      5F74696C 
 1606      655F7374 
 1606      72756374 
 1606      00
 1607              	.LASF10:
 1608 0048 6C6F6E67 		.ascii	"long long unsigned int\000"
 1608      206C6F6E 
 1608      6720756E 
 1608      7369676E 
 1608      65642069 
 1609              	.LASF44:
 1610 005f 706F7374 		.ascii	"post_reset_wait_ms\000"
 1610      5F726573 
 1610      65745F77 
 1610      6169745F 
 1610      6D7300
 1611              	.LASF30:
 1612 0072 75746638 		.ascii	"utf8_state\000"
 1612      5F737461 
 1612      746500
 1613              	.LASF31:
 1614 007d 6770696F 		.ascii	"gpio_result\000"
 1614      5F726573 
 1614      756C7400 
 1615              	.LASF9:
 1616 0089 6C6F6E67 		.ascii	"long long int\000"
 1616      206C6F6E 
 1616      6720696E 
 1616      7400
 1617              	.LASF0:
 1618 0097 7369676E 		.ascii	"signed char\000"
 1618      65642063 
 1618      68617200 
 1619              	.LASF74:
 1620 00a3 474E5520 		.ascii	"GNU C11 5.4.1 20160609 (release) [ARM/embedded-5-br"
 1620      43313120 
 1620      352E342E 
 1620      31203230 
ARM GAS  C:\Users\jesse\AppData\Local\Temp\ccIZjto7.s 			page 32


 1620      31363036 
 1621 00d6 616E6368 		.ascii	"anch revision 237715] -mcpu=cortex-m3 -mthumb -g -O"
 1621      20726576 
 1621      6973696F 
 1621      6E203233 
 1621      37373135 
 1622 0109 73202D66 		.ascii	"s -ffunction-sections -ffat-lto-objects\000"
 1622      66756E63 
 1622      74696F6E 
 1622      2D736563 
 1622      74696F6E 
 1623              	.LASF27:
 1624 0131 69735F66 		.ascii	"is_font_inverse_mode\000"
 1624      6F6E745F 
 1624      696E7665 
 1624      7273655F 
 1624      6D6F6465 
 1625              	.LASF19:
 1626 0146 64697370 		.ascii	"display_cb\000"
 1626      6C61795F 
 1626      636200
 1627              	.LASF42:
 1628 0151 7072655F 		.ascii	"pre_chip_disable_wait_ns\000"
 1628      63686970 
 1628      5F646973 
 1628      61626C65 
 1628      5F776169 
 1629              	.LASF6:
 1630 016a 6C6F6E67 		.ascii	"long int\000"
 1630      20696E74 
 1630      00
 1631              	.LASF79:
 1632 0173 70757463 		.ascii	"putchar\000"
 1632      68617200 
 1633              	.LASF13:
 1634 017b 75696E74 		.ascii	"uint16_t\000"
 1634      31365F74 
 1634      00
 1635              	.LASF18:
 1636 0184 6E657874 		.ascii	"next_cb\000"
 1636      5F636200 
 1637              	.LASF64:
 1638 018c 75387838 		.ascii	"u8x8_char_cb\000"
 1638      5F636861 
 1638      725F6362 
 1638      00
 1639              	.LASF22:
 1640 0199 6770696F 		.ascii	"gpio_and_delay_cb\000"
 1640      5F616E64 
 1640      5F64656C 
 1640      61795F63 
 1640      6200
 1641              	.LASF36:
 1642 01ab 75387838 		.ascii	"u8x8_display_info_t\000"
 1642      5F646973 
 1642      706C6179 
 1642      5F696E66 
ARM GAS  C:\Users\jesse\AppData\Local\Temp\ccIZjto7.s 			page 33


 1642      6F5F7400 
 1643              	.LASF76:
 1644 01bf 433A5C55 		.ascii	"C:\\Users\\jesse\\OneDrive\\Bureaublad\\practice_em"
 1644      73657273 
 1644      5C6A6573 
 1644      73655C4F 
 1644      6E654472 
 1645 01ed 62656464 		.ascii	"bedded\\Practice_EmbeddedProgramming\\Display_count"
 1645      65645C50 
 1645      72616374 
 1645      6963655F 
 1645      456D6265 
 1646 021e 2E637964 		.ascii	".cydsn\000"
 1646      736E00
 1647              	.LASF7:
 1648 0225 5F5F7569 		.ascii	"__uint32_t\000"
 1648      6E743332 
 1648      5F7400
 1649              	.LASF45:
 1650 0230 7364615F 		.ascii	"sda_setup_time_ns\000"
 1650      73657475 
 1650      705F7469 
 1650      6D655F6E 
 1650      7300
 1651              	.LASF61:
 1652 0242 785F706F 		.ascii	"x_pos\000"
 1652      7300
 1653              	.LASF58:
 1654 0248 75387838 		.ascii	"u8x8_tile_t\000"
 1654      5F74696C 
 1654      655F7400 
 1655              	.LASF81:
 1656 0254 75387838 		.ascii	"u8x8_SetupDefaults\000"
 1656      5F536574 
 1656      75704465 
 1656      6661756C 
 1656      747300
 1657              	.LASF35:
 1658 0267 6465626F 		.ascii	"debounce_result_msg\000"
 1658      756E6365 
 1658      5F726573 
 1658      756C745F 
 1658      6D736700 
 1659              	.LASF11:
 1660 027b 756E7369 		.ascii	"unsigned int\000"
 1660      676E6564 
 1660      20696E74 
 1660      00
 1661              	.LASF68:
 1662 0288 6172675F 		.ascii	"arg_int\000"
 1662      696E7400 
 1663              	.LASF28:
 1664 0290 6932635F 		.ascii	"i2c_address\000"
 1664      61646472 
 1664      65737300 
 1665              	.LASF8:
 1666 029c 6C6F6E67 		.ascii	"long unsigned int\000"
ARM GAS  C:\Users\jesse\AppData\Local\Temp\ccIZjto7.s 			page 34


 1666      20756E73 
 1666      69676E65 
 1666      6420696E 
 1666      7400
 1667              	.LASF80:
 1668 02ae 5F5F6275 		.ascii	"__builtin_putchar\000"
 1668      696C7469 
 1668      6E5F7075 
 1668      74636861 
 1668      7200
 1669              	.LASF5:
 1670 02c0 73686F72 		.ascii	"short unsigned int\000"
 1670      7420756E 
 1670      7369676E 
 1670      65642069 
 1670      6E7400
 1671              	.LASF72:
 1672 02d3 6269746D 		.ascii	"bitmap_show\000"
 1672      61705F73 
 1672      686F7700 
 1673              	.LASF33:
 1674 02df 6465626F 		.ascii	"debounce_last_pin_state\000"
 1674      756E6365 
 1674      5F6C6173 
 1674      745F7069 
 1674      6E5F7374 
 1675              	.LASF17:
 1676 02f7 64697370 		.ascii	"display_info\000"
 1676      6C61795F 
 1676      696E666F 
 1676      00
 1677              	.LASF70:
 1678 0304 74696C65 		.ascii	"tile\000"
 1678      00
 1679              	.LASF46:
 1680 0309 73636B5F 		.ascii	"sck_pulse_width_ns\000"
 1680      70756C73 
 1680      655F7769 
 1680      6474685F 
 1680      6E7300
 1681              	.LASF37:
 1682 031c 75387838 		.ascii	"u8x8_struct\000"
 1682      5F737472 
 1682      75637400 
 1683              	.LASF54:
 1684 0328 64656661 		.ascii	"default_x_offset\000"
 1684      756C745F 
 1684      785F6F66 
 1684      66736574 
 1684      00
 1685              	.LASF25:
 1686 0339 656E636F 		.ascii	"encoding\000"
 1686      64696E67 
 1686      00
 1687              	.LASF55:
 1688 0342 666C6970 		.ascii	"flipmode_x_offset\000"
 1688      6D6F6465 
ARM GAS  C:\Users\jesse\AppData\Local\Temp\ccIZjto7.s 			page 35


 1688      5F785F6F 
 1688      66667365 
 1688      7400
 1689              	.LASF65:
 1690 0354 73697A65 		.ascii	"sizetype\000"
 1690      74797065 
 1690      00
 1691              	.LASF15:
 1692 035d 6C6F6E67 		.ascii	"long double\000"
 1692      20646F75 
 1692      626C6500 
 1693              	.LASF20:
 1694 0369 6361645F 		.ascii	"cad_cb\000"
 1694      636200
 1695              	.LASF51:
 1696 0370 77726974 		.ascii	"write_pulse_width_ns\000"
 1696      655F7075 
 1696      6C73655F 
 1696      77696474 
 1696      685F6E73 
 1697              	.LASF26:
 1698 0385 785F6F66 		.ascii	"x_offset\000"
 1698      66736574 
 1698      00
 1699              	.LASF53:
 1700 038e 74696C65 		.ascii	"tile_height\000"
 1700      5F686569 
 1700      67687400 
 1701              	.LASF63:
 1702 039a 75387838 		.ascii	"u8x8_msg_cb\000"
 1702      5F6D7367 
 1702      5F636200 
 1703              	.LASF1:
 1704 03a6 756E7369 		.ascii	"unsigned char\000"
 1704      676E6564 
 1704      20636861 
 1704      7200
 1705              	.LASF2:
 1706 03b4 73686F72 		.ascii	"short int\000"
 1706      7420696E 
 1706      7400
 1707              	.LASF67:
 1708 03be 75387838 		.ascii	"u8x8\000"
 1708      00
 1709              	.LASF71:
 1710 03c3 6269746D 		.ascii	"bitmap_place_tile\000"
 1710      61705F70 
 1710      6C616365 
 1710      5F74696C 
 1710      6500
 1711              	.LASF50:
 1712 03d5 64617461 		.ascii	"data_setup_time_ns\000"
 1712      5F736574 
 1712      75705F74 
 1712      696D655F 
 1712      6E7300
 1713              	.LASF49:
ARM GAS  C:\Users\jesse\AppData\Local\Temp\ccIZjto7.s 			page 36


 1714 03e8 6932635F 		.ascii	"i2c_bus_clock_100kHz\000"
 1714      6275735F 
 1714      636C6F63 
 1714      6B5F3130 
 1714      306B487A 
 1715              	.LASF14:
 1716 03fd 75696E74 		.ascii	"uint32_t\000"
 1716      33325F74 
 1716      00
 1717              	.LASF48:
 1718 0406 7370695F 		.ascii	"spi_mode\000"
 1718      6D6F6465 
 1718      00
 1719              	.LASF39:
 1720 040f 63686970 		.ascii	"chip_enable_level\000"
 1720      5F656E61 
 1720      626C655F 
 1720      6C657665 
 1720      6C00
 1721              	.LASF77:
 1722 0421 75387838 		.ascii	"u8x8_d_stdio\000"
 1722      5F645F73 
 1722      7464696F 
 1722      00
 1723              	.LASF66:
 1724 042e 63686172 		.ascii	"char\000"
 1724      00
 1725              	.LASF60:
 1726 0433 74696C65 		.ascii	"tile_ptr\000"
 1726      5F707472 
 1726      00
 1727              	.LASF4:
 1728 043c 5F5F7569 		.ascii	"__uint16_t\000"
 1728      6E743136 
 1728      5F7400
 1729              	.LASF41:
 1730 0447 706F7374 		.ascii	"post_chip_enable_wait_ns\000"
 1730      5F636869 
 1730      705F656E 
 1730      61626C65 
 1730      5F776169 
 1731              	.LASF16:
 1732 0460 75387838 		.ascii	"u8x8_t\000"
 1732      5F7400
 1733              	.LASF23:
 1734 0467 6275735F 		.ascii	"bus_clock\000"
 1734      636C6F63 
 1734      6B00
 1735              	.LASF34:
 1736 0471 6465626F 		.ascii	"debounce_state\000"
 1736      756E6365 
 1736      5F737461 
 1736      746500
 1737              	.LASF69:
 1738 0480 6172675F 		.ascii	"arg_ptr\000"
 1738      70747200 
 1739              	.LASF40:
ARM GAS  C:\Users\jesse\AppData\Local\Temp\ccIZjto7.s 			page 37


 1740 0488 63686970 		.ascii	"chip_disable_level\000"
 1740      5F646973 
 1740      61626C65 
 1740      5F6C6576 
 1740      656C00
 1741              	.LASF24:
 1742 049b 666F6E74 		.ascii	"font\000"
 1742      00
 1743              	.LASF12:
 1744 04a0 75696E74 		.ascii	"uint8_t\000"
 1744      385F7400 
 1745              	.LASF29:
 1746 04a8 6932635F 		.ascii	"i2c_started\000"
 1746      73746172 
 1746      74656400 
 1747              	.LASF56:
 1748 04b4 70697865 		.ascii	"pixel_width\000"
 1748      6C5F7769 
 1748      64746800 
 1749              	.LASF78:
 1750 04c0 6269746D 		.ascii	"bitmap\000"
 1750      617000
 1751              	.LASF52:
 1752 04c7 74696C65 		.ascii	"tile_width\000"
 1752      5F776964 
 1752      746800
 1753              	.LASF32:
 1754 04d2 6465626F 		.ascii	"debounce_default_pin_state\000"
 1754      756E6365 
 1754      5F646566 
 1754      61756C74 
 1754      5F70696E 
 1755              	.LASF62:
 1756 04ed 795F706F 		.ascii	"y_pos\000"
 1756      7300
 1757              	.LASF38:
 1758 04f3 75387838 		.ascii	"u8x8_display_info_struct\000"
 1758      5F646973 
 1758      706C6179 
 1758      5F696E66 
 1758      6F5F7374 
 1759              	.LASF75:
 1760 050c 2E2E5C2E 		.ascii	"..\\..\\..\\u8g2\\u8g2\\csrc\\u8x8_d_stdio.c\000"
 1760      2E5C2E2E 
 1760      5C753867 
 1760      325C7538 
 1760      67325C63 
 1761              	.LASF57:
 1762 0533 70697865 		.ascii	"pixel_height\000"
 1762      6C5F6865 
 1762      69676874 
 1762      00
 1763              	.LASF47:
 1764 0540 73636B5F 		.ascii	"sck_clock_hz\000"
 1764      636C6F63 
 1764      6B5F687A 
 1764      00
ARM GAS  C:\Users\jesse\AppData\Local\Temp\ccIZjto7.s 			page 38


 1765              		.ident	"GCC: (GNU Tools for ARM Embedded Processors) 5.4.1 20160609 (release) [ARM/embedded-5-bran
