ARM GAS  C:\Users\jesse\AppData\Local\Temp\cciz8Qlr.s 			page 1


   1              		.syntax unified
   2              		.cpu cortex-m3
   3              		.fpu softvfp
   4              		.eabi_attribute 20, 1
   5              		.eabi_attribute 21, 1
   6              		.eabi_attribute 23, 3
   7              		.eabi_attribute 24, 1
   8              		.eabi_attribute 25, 1
   9              		.eabi_attribute 26, 1
  10              		.eabi_attribute 30, 4
  11              		.eabi_attribute 34, 1
  12              		.eabi_attribute 18, 4
  13              		.thumb
  14              		.syntax unified
  15              		.file	"u8x8_fontDisplay.c"
  16              		.text
  17              	.Ltext0:
  18              		.cfi_sections	.debug_frame
  19              		.global	u8x8_font_amstrad_cpc_extended_f
  20              		.section	.rodata
  21              		.type	u8x8_font_amstrad_cpc_extended_f, %object
  22              		.size	u8x8_font_amstrad_cpc_extended_f, 1796
  23              	u8x8_font_amstrad_cpc_extended_f:
  24 0000 20FF0101 		.ascii	" \377\001\001\000\000\000\000\000\000\000\000\000\000"
  24      00000000 
  24      00000000 
  24      0000
  25 000e 005F5F00 		.ascii	"\000__\000\000\000\000\007\007\000\007\007\000\000\024"
  25      00000007 
  25      07000707 
  25      000014
  26 001d 7F7F1C7F 		.ascii	"\177\177\034\177\177\024\000\000$*\177\177*\022\000"
  26      7F140000 
  26      242A7F7F 
  26      2A1200
  27 002c 46663018 		.ascii	"Ff0\030\014fb\0000zO]7zH\000\000\000\000\007\007\000"
  27      0C666200 
  27      307A4F5D 
  27      377A4800 
  27      00000007 
  28 0042 00000000 		.ascii	"\000\000\000\000\034>cA\000\000\000\000Ac>\034\000\000"
  28      1C3E6341 
  28      00000000 
  28      41633E1C 
  28      0000
  29 0054 082A3E1C 		.ascii	"\010*>\034\034>*\010\000\010\010>>\010\010\000\000\000"
  29      1C3E2A08 
  29      0008083E 
  29      3E080800 
  29      0000
  30 0066 80E06000 		.ascii	"\200\340`\000\000\000\000\010\010\010\010\010\010\000"
  30      00000008 
  30      08080808 
  30      0800
  31 0074 00000060 		.ascii	"\000\000\000``\000\000\000`0\030\014\006\003\001\000"
  31      60000000 
  31      6030180C 
ARM GAS  C:\Users\jesse\AppData\Local\Temp\cciz8Qlr.s 			page 2


  31      06030100 
  32 0084 3E7F5149 		.ascii	">\177QIE\177>\000\000@B\177\177@@\000\000r{IIof\000"
  32      457F3E00 
  32      0040427F 
  32      7F404000 
  32      00727B49 
  33 009c 00226149 		.ascii	"\000\"aII\1776\000\030\024R\177\177P\020\000\000'oI"
  33      497F3600 
  33      1814527F 
  33      7F501000 
  33      00276F49 
  34 00b0 49793300 		.ascii	"Iy3\000\000>\177II{2\000\000\003\001q}\017\007\000\000"
  34      003E7F49 
  34      497B3200 
  34      00030171 
  34      7D0F0700 
  35 00c5 367F4949 		.ascii	"6\177II\1776\000\000&oII\177>\000\000\000\000ll\000"
  35      7F360000 
  35      266F4949 
  35      7F3E0000 
  35      00006C6C 
  36 00da 00000000 		.ascii	"\000\000\000\000\200\354l\000\000\000\000\010\0346c"
  36      80EC6C00 
  36      00000008 
  36      1C3663
  37 00e9 41000000 		.ascii	"A\000\000\000$$$$$$\000\000Ac6\034\010\000\000\000\002"
  37      24242424 
  37      24240000 
  37      4163361C 
  37      08000000 
  38 00fe 0351590F 		.ascii	"\003QY\017\006\000>\177A]]_\036\000\000|~\023\023~|"
  38      06003E7F 
  38      415D5D5F 
  38      1E00007C 
  38      7E13137E 
  39 0113 00417F7F 		.ascii	"\000A\177\177II\1776\000\034>cAAc\"\000A\177\177Ac>"
  39      49497F36 
  39      001C3E63 
  39      41416322 
  39      00417F7F 
  40 012a 1C00417F 		.ascii	"\034\000A\177\177I]Ac\000A\177\177I\035\001\003\000"
  40      7F495D41 
  40      6300417F 
  40      7F491D01 
  40      0300
  41 013c 3C7E4341 		.ascii	"<~CAQsr\000\000\177\177\010\010\177\177\000\000AA\177"
  41      51737200 
  41      007F7F08 
  41      087F7F00 
  41      0041417F 
  42 0150 7F414100 		.ascii	"\177AA\0000p@A\177?\001\000A\177\177\010\034wc\000A"
  42      30704041 
  42      7F3F0100 
  42      417F7F08 
  42      1C776300 
  43 0165 7F7F4140 		.ascii	"\177\177A@`p\000\177\177\016\034\016\177\177\000\177"
  43      6070007F 
ARM GAS  C:\Users\jesse\AppData\Local\Temp\cciz8Qlr.s 			page 3


  43      7F0E1C0E 
  43      7F7F007F 
  44 0175 7F060C18 		.ascii	"\177\006\014\030\177\177\000\034>cAc>\034\000A\177\177"
  44      7F7F001C 
  44      3E634163 
  44      3E1C0041 
  44      7F7F
  45 0187 49090706 		.ascii	"I\011\007\006\000<~CQ3n\\\000A\177\177\011\031?f\000"
  45      003C7E43 
  45      51336E5C 
  45      00417F7F 
  45      09193F66 
  46 019c 00266F49 		.ascii	"\000&oII{2\000\000\003A\177\177A\003\000\000?\177@@"
  46      497B3200 
  46      0003417F 
  46      7F410300 
  46      003F7F40 
  47 01b1 7F3F0000 		.ascii	"\177?\000\000\037?``?\037\000\177\1770\0300\177\177"
  47      1F3F6060 
  47      3F1F007F 
  47      7F301830 
  47      7F7F
  48 01c3 0061731E 		.ascii	"\000as\036\014\036sa\000\000\007OxxO\007\000GcqYMgs"
  48      0C1E7361 
  48      0000074F 
  48      78784F07 
  48      00476371 
  49 01db 0000007F 		.ascii	"\000\000\000\177\177AA\000\000\001\003\006\014\0300"
  49      7F414100 
  49      00010306 
  49      0C1830
  50 01ea 60000000 		.ascii	"`\000\000\000AA\177\177\000\000\010\014\006\003\006"
  50      41417F7F 
  50      0000080C 
  50      060306
  51 01f9 0C080080 		.ascii	"\014\010\000\200\200\200\200\200\200\200\200\000\000"
  51      80808080 
  51      80808000 
  51      00
  52 0206 02060C08 		.ascii	"\002\006\014\010\000\000 tTT<x@\000C?\177DD|8\000\000"
  52      00002074 
  52      54543C78 
  52      4000433F 
  52      7F44447C 
  53 021d 387C4444 		.ascii	"8|DDl(\0008|DE?\177@\000\0008|TT\\\030\000\000H~\177"
  53      6C280038 
  53      7C44453F 
  53      7F400000 
  53      387C5454 
  54 0238 49030200 		.ascii	"I\003\002\000\000\230\274\244\244\374|\000A\177\177"
  54      0098BCA4 
  54      A4FC7C00 
  54      417F7F
  55 0247 08047C78 		.ascii	"\010\004|x\000\000\000D}}@\000\000\000`\340\200\204"
  55      00000044 
  55      7D7D4000 
  55      000060E0 
ARM GAS  C:\Users\jesse\AppData\Local\Temp\cciz8Qlr.s 			page 4


  55      8084
  56 0259 FC7D0041 		.ascii	"\374}\000A\177\177\0208lD\000\000\000A\177\177@\000"
  56      7F7F1038 
  56      6C440000 
  56      00417F7F 
  56      4000
  57 026b 00787C0C 		.ascii	"\000x|\0148\014|x\000\004|x\004\004xx\000\0008|DD|8"
  57      380C7C78 
  57      00047C78 
  57      04047878 
  57      0000387C 
  58 0283 0084FCF8 		.ascii	"\000\204\374\370\244$<\030\000\030<$\244\370\374\204"
  58      A4243C18 
  58      00183C24 
  58      A4F8FC84 
  59 0293 00447C78 		.ascii	"\000D|xD\014\010\000\000\000H\\TTt \000\000\004?\177"
  59      440C0800 
  59      0000485C 
  59      54547420 
  59      0000043F 
  60 02a8 44642000 		.ascii	"Dd \000\000<|@@||\000\000\034<``<\034\000<|`8`|<\000"
  60      003C7C40 
  60      407C7C00 
  60      001C3C60 
  60      603C1C00 
  61 02c4 446C3810 		.ascii	"Dl8\0208lD\000\000\234\274\240\240\374|\000\000Ldt\\"
  61      386C4400 
  61      009CBCA0 
  61      A0FC7C00 
  61      004C6474 
  62 02d9 4C440000 		.ascii	"LD\000\000AAw>\010\010\000\000\000\000\177\177\000\000"
  62      4141773E 
  62      08080000 
  62      00007F7F 
  62      0000
  63 02eb 00000808 		.ascii	"\000\000\010\010>wAA\000\002\003\001\003\002\001\001"
  63      3E774141 
  63      00020301 
  63      03020101 
  64 02fb 00000000 		.ascii	"\000\000\000\000\000\000\000\000\000\000\000\000\377"
  64      00000000 
  64      00000000 
  64      FF
  65 0308 FF000000 		.ascii	"\377\000\000\000\030\030\030\030\030\030\030\030\000"
  65      18181818 
  65      18181818 
  65      00
  66 0315 00001F1F 		.ascii	"\000\000\037\037\030\030\030\000\000\000\370\370\030"
  66      18181800 
  66      0000F8F8 
  66      18
  67 0322 18181818 		.ascii	"\030\030\030\030\030\370\370\000\000\000\030\030\030"
  67      18F8F800 
  67      00001818 
  67      18
  68 032f 1F1F0000 		.ascii	"\037\037\000\000\000\030\030\030\037\037\030\030\030"
  68      00181818 
ARM GAS  C:\Users\jesse\AppData\Local\Temp\cciz8Qlr.s 			page 5


  68      1F1F1818 
  68      18
  69 033c 000000FF 		.ascii	"\000\000\000\377\377\030\030\030\030\030\030\370\370"
  69      FF181818 
  69      181818F8 
  69      F8
  70 0349 18181818 		.ascii	"\030\030\030\030\030\030\377\377\000\000\000\030\030"
  70      1818FFFF 
  70      00000018 
  70      18
  71 0356 18FFFF18 		.ascii	"\030\377\377\030\030\030\000\010\034>\010\010\010\000"
  71      18180008 
  71      1C3E0808 
  71      0800
  72 0364 00080C3E 		.ascii	"\000\010\014>\014\010\000\000\000\010\010\010>\034\010"
  72      0C080000 
  72      00080808 
  72      3E1C08
  73 0373 00000818 		.ascii	"\000\000\010\030>\030\010\000\000\000\000\000\000\360"
  73      3E180800 
  73      00000000 
  73      00F0
  74 0381 F0F0F0F0 		.ascii	"\360\360\360\360\360\360\360\000\000\000\000\360\360"
  74      F0F0F000 
  74      000000F0 
  74      F0
  75 038e F0F0F0F0 		.ascii	"\360\360\360\360\360\360\000\000\000\000\017\017\017"
  75      F0F00000 
  75      00000F0F 
  75      0F
  76 039b 0F000000 		.ascii	"\017\000\000\000\000\377\377\377\377\360\360\360\360"
  76      00FFFFFF 
  76      FFF0F0F0 
  76      F0
  77 03a8 0F0F0F0F 		.ascii	"\017\017\017\017\360\360\360\360\377\377\377\377\017"
  77      F0F0F0F0 
  77      FFFFFFFF 
  77      0F
  78 03b5 0F0F0F00 		.ascii	"\017\017\017\000\000\000\000\017\017\017\017\360\360"
  78      0000000F 
  78      0F0F0FF0 
  78      F0
  79 03c2 F0F0FFFF 		.ascii	"\360\360\377\377\377\377\000\000\000\000\377\377\377"
  79      FFFF0000 
  79      0000FFFF 
  79      FF
  80 03cf FFF0F0F0 		.ascii	"\377\360\360\360\360\017\017\017\017\017\017\017\017"
  80      F00F0F0F 
  80      0F0F0F0F 
  80      0F
  81 03dc 0F0F0F0F 		.ascii	"\017\017\017\017\377\377\377\377\377\377\377\377\017"
  81      FFFFFFFF 
  81      FFFFFFFF 
  81      0F
  82 03e9 0F0F0FFF 		.ascii	"\017\017\017\377\377\377\377\377\377\377\377\300\300"
  82      FFFFFFFF 
  82      FFFFFFC0 
ARM GAS  C:\Users\jesse\AppData\Local\Temp\cciz8Qlr.s 			page 6


  82      C0
  83 03f6 C0C0C0C0 		.ascii	"\300\300\300\300\300\300\374\374\374\374\374\374\374"
  83      C0C0FCFC 
  83      FCFCFCFC 
  83      FC
  84 0403 FC000000 		.ascii	"\374\000\000\000\000\000\000\000\000\000\000\000}}\000"
  84      00000000 
  84      00000000 
  84      7D7D00
  85 0412 0000387C 		.ascii	"\000\0008|D\376Dl(\000H~\177IIcb\000\000Z<$$<Z\000\000"
  85      44FE446C 
  85      2800487E 
  85      7F494963 
  85      6200005A 
  86 042d 15577E7E 		.ascii	"\025W~~W\025\000\000\000\000ww\000\000\000@H~w\035\011"
  86      57150000 
  86      00007777 
  86      00000040 
  86      487E771D 
  87 0442 01000003 		.ascii	"\001\000\000\003\003\000\000\003\003\000\034\"]UU\""
  87      03000003 
  87      03001C22 
  87      5D555522 
  88 0452 1C00485D 		.ascii	"\034\000H]UO^P\000\000\010\0346*\0346\"\000\000\010"
  88      554F5E50 
  88      0000081C 
  88      362A1C36 
  88      22000008 
  89 0466 08080808 		.ascii	"\010\010\010\010\030\000\000\000\020\020\020\000\000"
  89      18000000 
  89      10101000 
  89      00
  90 0473 001C225D 		.ascii	"\000\034\"]MU\"\034\000\000\000\001\001\001\001\000"
  90      4D55221C 
  90      00000001 
  90      01010100 
  91 0483 00000E1B 		.ascii	"\000\000\016\033\021\033\016\000\000\000HH~~HH\000\000"
  91      111B0E00 
  91      00004848 
  91      7E7E4848 
  91      0000
  92 0495 191D1517 		.ascii	"\031\035\025\027\022\000\000\000\021\025\025\037\012"
  92      12000000 
  92      1115151F 
  92      0A
  93 04a2 00000000 		.ascii	"\000\000\000\000\004\007\003\000\000\000\000\370\370"
  93      04070300 
  93      000000F8 
  93      F8
  94 04af 40407838 		.ascii	"@@x8\000\002\017\177\177\001\177\001\000\000\000\000"
  94      00020F7F 
  94      7F017F01 
  94      00000000 
  95 04bf 18180000 		.ascii	"\030\030\000\000\000\000\000@@`\000\000\000\000\000"
  95      00000040 
  95      40600000 
  95      000000
ARM GAS  C:\Users\jesse\AppData\Local\Temp\cciz8Qlr.s 			page 7


  96 04ce 111F1F10 		.ascii	"\021\037\037\020\000\000\000N[Q[N\000\000\"6\034*6\034"
  96      0000004E 
  96      5B515B4E 
  96      00002236 
  96      1C2A361C 
  97 04e2 0800021F 		.ascii	"\010\000\002\037\0000(| \000\002\037\000HdTH\000\021"
  97      0030287C 
  97      2000021F 
  97      00486454 
  97      480011
  98 04f5 15150A30 		.ascii	"\025\025\0120(| \0000xMEp0\000\000x}\025\024|x\000\000"
  98      287C2000 
  98      30784D45 
  98      70300000 
  98      787D1514 
  99 050d 787C1415 		.ascii	"x|\024\025}x\000\000x|\025\025|x\000\000x}\025\025}"
  99      7D780000 
  99      787C1515 
  99      7C780000 
  99      787D1515 
 100 0522 78000079 		.ascii	"x\000\000y}\024\024}y\000\000x~\025\025~x\000x|\022"
 100      7D14147D 
 100      79000078 
 100      7E15157E 
 100      7800787C 
 101 0537 7F7F496B 		.ascii	"\177\177Ik\000\014\236\263\341\3413\022\000D}}TTTD\000"
 101      000C9EB3 
 101      E1E13312 
 101      00447D7D 
 101      54545444 
 102 054c 447C7C55 		.ascii	"D||UUTD\000D|}UUUD\000D}}TUUD\000\000DE}|DD\000\000"
 102      55544400 
 102      447C7D55 
 102      55554400 
 102      447D7D54 
 103 056d 44447C7D 		.ascii	"DD|}ED\000\000DE}}ED\000\000EE||EE\000I\177\177Ic>\034"
 103      45440000 
 103      44457D7D 
 103      45440000 
 103      45457C7C 
 104 058b 00007A79 		.ascii	"\000\000zy\021\"zy\0008|EED|8\0008|DDE}8\0008|EEE|8"
 104      11227A79 
 104      00387C45 
 104      45447C38 
 104      00387C44 
 105 05ab 00387D45 		.ascii	"\0008}EEE}8\0008}EDE}8\000Bf<\030<fB\000\\>s]g>\035"
 105      45457D38 
 105      00387D45 
 105      44457D38 
 105      0042663C 
 106 05cb 01003C7D 		.ascii	"\001\000<}A@|<\000\000<|@A}<\000\000<}AA}<\000\000="
 106      41407C3C 
 106      00003C7C 
 106      40417D3C 
 106      00003C7D 
 107 05e6 7D40407D 		.ascii	"}@@}=\000\000\014]qp\\\014\000\177\177\"\"\"\034\000"
 107      3D00000C 
ARM GAS  C:\Users\jesse\AppData\Local\Temp\cciz8Qlr.s 			page 8


 107      5D71705C 
 107      0C007F7F 
 107      2222221C 
 108 05fb 007E7F49 		.ascii	"\000~\177III>6\000 uUT<x@\000 tTU=x@\000 tUU=x@\000"
 108      49493E36 
 108      00207555 
 108      543C7840 
 108      00207454 
 109 061c 20755555 		.ascii	" uUU=y@\000 uUT=y@\000 vUU>x@\000 tT|4TX\000\000\030"
 109      3D794000 
 109      20755554 
 109      3D794000 
 109      20765555 
 110 063e 3CA4E424 		.ascii	"<\244\344$(\000\0008}UT\\\030\000\0008|TU]\030\000\000"
 110      28000038 
 110      7D55545C 
 110      18000038 
 110      7C54555D 
 111 0655 387D5555 		.ascii	"8}UU]\030\000\0009}TT]\031\000\000\000I{z@\000\000\000"
 111      5D180000 
 111      397D5454 
 111      5D190000 
 111      00497B7A 
 112 066d 00487A7B 		.ascii	"\000Hz{A\000\000\000\000JyyB\000\000\000\002JxxB\002"
 112      41000000 
 112      004A7979 
 112      42000000 
 112      024A7878 
 113 0683 00003575 		.ascii	"\000\0005uKN}1\000\010zq\011\012zq\000\0000yKJx0\000"
 113      4B4E7D31 
 113      00087A71 
 113      090A7A71 
 113      00003079 
 114 069c 0030784A 		.ascii	"\0000xJKy0\000\0000zIIz0\000\0002yIJz1\000\0002zHHz"
 114      4B793000 
 114      00307A49 
 114      497A3000 
 114      00327949 
 115 06ba 32000008 		.ascii	"2\000\000\010\010kk\010\010\000\200\260xhXx4\004\000"
 115      086B6B08 
 115      080080B0 
 115      78685878 
 115      340400
 116 06cd 38794342 		.ascii	"8yCBxx\000\0008xBCyx\000\0008zAAzx\000\000:z@@zz\000"
 116      78780000 
 116      38784243 
 116      79780000 
 116      387A4141 
 117 06ec 0098B8A2 		.ascii	"\000\230\270\242\243\371x\000\000~$$$\030\000\000\000"
 117      A3F97800 
 117      007E2424 
 117      24180000 
 117      00
 118 06fd 9ABAA0A0 		.ascii	"\232\272\240\240\372z\000"
 118      FA7A00
 119              		.text
 120              	.Letext0:
ARM GAS  C:\Users\jesse\AppData\Local\Temp\cciz8Qlr.s 			page 9


 121              		.file 1 "c:\\program files (x86)\\cypress\\psoc creator\\4.4\\psoc creator\\import\\gnu\\arm\\5.4.
 122              		.file 2 "c:\\program files (x86)\\cypress\\psoc creator\\4.4\\psoc creator\\import\\gnu\\arm\\5.4.
 123              		.file 3 "..\\..\\..\\u8g2\\u8g2\\csrc\\u8x8_fontDisplay.c"
 124              		.section	.debug_info,"",%progbits
 125              	.Ldebug_info0:
 126 0000 B0000000 		.4byte	0xb0
 127 0004 0400     		.2byte	0x4
 128 0006 00000000 		.4byte	.Ldebug_abbrev0
 129 000a 04       		.byte	0x4
 130 000b 01       		.uleb128 0x1
 131 000c FE000000 		.4byte	.LASF13
 132 0010 0C       		.byte	0xc
 133 0011 1B000000 		.4byte	.LASF14
 134 0015 79000000 		.4byte	.LASF15
 135 0019 00000000 		.4byte	.Ldebug_line0
 136 001d 02       		.uleb128 0x2
 137 001e 01       		.byte	0x1
 138 001f 06       		.byte	0x6
 139 0020 9F010000 		.4byte	.LASF0
 140 0024 03       		.uleb128 0x3
 141 0025 6F000000 		.4byte	.LASF9
 142 0029 01       		.byte	0x1
 143 002a 1D       		.byte	0x1d
 144 002b 2F000000 		.4byte	0x2f
 145 002f 02       		.uleb128 0x2
 146 0030 01       		.byte	0x1
 147 0031 08       		.byte	0x8
 148 0032 E7000000 		.4byte	.LASF1
 149 0036 02       		.uleb128 0x2
 150 0037 02       		.byte	0x2
 151 0038 05       		.byte	0x5
 152 0039 D8010000 		.4byte	.LASF2
 153 003d 02       		.uleb128 0x2
 154 003e 02       		.byte	0x2
 155 003f 07       		.byte	0x7
 156 0040 8C010000 		.4byte	.LASF3
 157 0044 02       		.uleb128 0x2
 158 0045 04       		.byte	0x4
 159 0046 05       		.byte	0x5
 160 0047 F5000000 		.4byte	.LASF4
 161 004b 02       		.uleb128 0x2
 162 004c 04       		.byte	0x4
 163 004d 07       		.byte	0x7
 164 004e 46000000 		.4byte	.LASF5
 165 0052 02       		.uleb128 0x2
 166 0053 08       		.byte	0x8
 167 0054 05       		.byte	0x5
 168 0055 00000000 		.4byte	.LASF6
 169 0059 02       		.uleb128 0x2
 170 005a 08       		.byte	0x8
 171 005b 07       		.byte	0x7
 172 005c 58000000 		.4byte	.LASF7
 173 0060 04       		.uleb128 0x4
 174 0061 04       		.byte	0x4
 175 0062 05       		.byte	0x5
 176 0063 696E7400 		.ascii	"int\000"
 177 0067 02       		.uleb128 0x2
ARM GAS  C:\Users\jesse\AppData\Local\Temp\cciz8Qlr.s 			page 10


 178 0068 04       		.byte	0x4
 179 0069 07       		.byte	0x7
 180 006a 0E000000 		.4byte	.LASF8
 181 006e 03       		.uleb128 0x3
 182 006f DF000000 		.4byte	.LASF10
 183 0073 02       		.byte	0x2
 184 0074 18       		.byte	0x18
 185 0075 24000000 		.4byte	0x24
 186 0079 02       		.uleb128 0x2
 187 007a 08       		.byte	0x8
 188 007b 04       		.byte	0x4
 189 007c CC010000 		.4byte	.LASF11
 190 0080 05       		.uleb128 0x5
 191 0081 6E000000 		.4byte	0x6e
 192 0085 06       		.uleb128 0x6
 193 0086 80000000 		.4byte	0x80
 194 008a 96000000 		.4byte	0x96
 195 008e 07       		.uleb128 0x7
 196 008f 96000000 		.4byte	0x96
 197 0093 0307     		.2byte	0x703
 198 0095 00       		.byte	0
 199 0096 02       		.uleb128 0x2
 200 0097 04       		.byte	0x4
 201 0098 07       		.byte	0x7
 202 0099 E2010000 		.4byte	.LASF12
 203 009d 08       		.uleb128 0x8
 204 009e AB010000 		.4byte	.LASF16
 205 00a2 03       		.byte	0x3
 206 00a3 0C       		.byte	0xc
 207 00a4 AE000000 		.4byte	0xae
 208 00a8 05       		.uleb128 0x5
 209 00a9 03       		.byte	0x3
 210 00aa 00000000 		.4byte	u8x8_font_amstrad_cpc_extended_f
 211 00ae 05       		.uleb128 0x5
 212 00af 85000000 		.4byte	0x85
 213 00b3 00       		.byte	0
 214              		.section	.debug_abbrev,"",%progbits
 215              	.Ldebug_abbrev0:
 216 0000 01       		.uleb128 0x1
 217 0001 11       		.uleb128 0x11
 218 0002 01       		.byte	0x1
 219 0003 25       		.uleb128 0x25
 220 0004 0E       		.uleb128 0xe
 221 0005 13       		.uleb128 0x13
 222 0006 0B       		.uleb128 0xb
 223 0007 03       		.uleb128 0x3
 224 0008 0E       		.uleb128 0xe
 225 0009 1B       		.uleb128 0x1b
 226 000a 0E       		.uleb128 0xe
 227 000b 10       		.uleb128 0x10
 228 000c 17       		.uleb128 0x17
 229 000d 00       		.byte	0
 230 000e 00       		.byte	0
 231 000f 02       		.uleb128 0x2
 232 0010 24       		.uleb128 0x24
 233 0011 00       		.byte	0
 234 0012 0B       		.uleb128 0xb
ARM GAS  C:\Users\jesse\AppData\Local\Temp\cciz8Qlr.s 			page 11


 235 0013 0B       		.uleb128 0xb
 236 0014 3E       		.uleb128 0x3e
 237 0015 0B       		.uleb128 0xb
 238 0016 03       		.uleb128 0x3
 239 0017 0E       		.uleb128 0xe
 240 0018 00       		.byte	0
 241 0019 00       		.byte	0
 242 001a 03       		.uleb128 0x3
 243 001b 16       		.uleb128 0x16
 244 001c 00       		.byte	0
 245 001d 03       		.uleb128 0x3
 246 001e 0E       		.uleb128 0xe
 247 001f 3A       		.uleb128 0x3a
 248 0020 0B       		.uleb128 0xb
 249 0021 3B       		.uleb128 0x3b
 250 0022 0B       		.uleb128 0xb
 251 0023 49       		.uleb128 0x49
 252 0024 13       		.uleb128 0x13
 253 0025 00       		.byte	0
 254 0026 00       		.byte	0
 255 0027 04       		.uleb128 0x4
 256 0028 24       		.uleb128 0x24
 257 0029 00       		.byte	0
 258 002a 0B       		.uleb128 0xb
 259 002b 0B       		.uleb128 0xb
 260 002c 3E       		.uleb128 0x3e
 261 002d 0B       		.uleb128 0xb
 262 002e 03       		.uleb128 0x3
 263 002f 08       		.uleb128 0x8
 264 0030 00       		.byte	0
 265 0031 00       		.byte	0
 266 0032 05       		.uleb128 0x5
 267 0033 26       		.uleb128 0x26
 268 0034 00       		.byte	0
 269 0035 49       		.uleb128 0x49
 270 0036 13       		.uleb128 0x13
 271 0037 00       		.byte	0
 272 0038 00       		.byte	0
 273 0039 06       		.uleb128 0x6
 274 003a 01       		.uleb128 0x1
 275 003b 01       		.byte	0x1
 276 003c 49       		.uleb128 0x49
 277 003d 13       		.uleb128 0x13
 278 003e 01       		.uleb128 0x1
 279 003f 13       		.uleb128 0x13
 280 0040 00       		.byte	0
 281 0041 00       		.byte	0
 282 0042 07       		.uleb128 0x7
 283 0043 21       		.uleb128 0x21
 284 0044 00       		.byte	0
 285 0045 49       		.uleb128 0x49
 286 0046 13       		.uleb128 0x13
 287 0047 2F       		.uleb128 0x2f
 288 0048 05       		.uleb128 0x5
 289 0049 00       		.byte	0
 290 004a 00       		.byte	0
 291 004b 08       		.uleb128 0x8
ARM GAS  C:\Users\jesse\AppData\Local\Temp\cciz8Qlr.s 			page 12


 292 004c 34       		.uleb128 0x34
 293 004d 00       		.byte	0
 294 004e 03       		.uleb128 0x3
 295 004f 0E       		.uleb128 0xe
 296 0050 3A       		.uleb128 0x3a
 297 0051 0B       		.uleb128 0xb
 298 0052 3B       		.uleb128 0x3b
 299 0053 0B       		.uleb128 0xb
 300 0054 49       		.uleb128 0x49
 301 0055 13       		.uleb128 0x13
 302 0056 3F       		.uleb128 0x3f
 303 0057 19       		.uleb128 0x19
 304 0058 02       		.uleb128 0x2
 305 0059 18       		.uleb128 0x18
 306 005a 00       		.byte	0
 307 005b 00       		.byte	0
 308 005c 00       		.byte	0
 309              		.section	.debug_aranges,"",%progbits
 310 0000 14000000 		.4byte	0x14
 311 0004 0200     		.2byte	0x2
 312 0006 00000000 		.4byte	.Ldebug_info0
 313 000a 04       		.byte	0x4
 314 000b 00       		.byte	0
 315 000c 0000     		.2byte	0
 316 000e 0000     		.2byte	0
 317 0010 00000000 		.4byte	0
 318 0014 00000000 		.4byte	0
 319              		.section	.debug_line,"",%progbits
 320              	.Ldebug_line0:
 321 0000 44010000 		.section	.debug_str,"MS",%progbits,1
 321      02003E01 
 321      00000201 
 321      FB0E0D00 
 321      01010101 
 322              	.LASF6:
 323 0000 6C6F6E67 		.ascii	"long long int\000"
 323      206C6F6E 
 323      6720696E 
 323      7400
 324              	.LASF8:
 325 000e 756E7369 		.ascii	"unsigned int\000"
 325      676E6564 
 325      20696E74 
 325      00
 326              	.LASF14:
 327 001b 2E2E5C2E 		.ascii	"..\\..\\..\\u8g2\\u8g2\\csrc\\u8x8_fontDisplay.c\000"
 327      2E5C2E2E 
 327      5C753867 
 327      325C7538 
 327      67325C63 
 328              	.LASF5:
 329 0046 6C6F6E67 		.ascii	"long unsigned int\000"
 329      20756E73 
 329      69676E65 
 329      6420696E 
 329      7400
 330              	.LASF7:
ARM GAS  C:\Users\jesse\AppData\Local\Temp\cciz8Qlr.s 			page 13


 331 0058 6C6F6E67 		.ascii	"long long unsigned int\000"
 331      206C6F6E 
 331      6720756E 
 331      7369676E 
 331      65642069 
 332              	.LASF9:
 333 006f 5F5F7569 		.ascii	"__uint8_t\000"
 333      6E74385F 
 333      7400
 334              	.LASF15:
 335 0079 433A5C55 		.ascii	"C:\\Users\\jesse\\OneDrive\\Bureaublad\\practice_em"
 335      73657273 
 335      5C6A6573 
 335      73655C4F 
 335      6E654472 
 336 00a7 62656464 		.ascii	"bedded\\Practice_EmbeddedProgramming\\Display_count"
 336      65645C50 
 336      72616374 
 336      6963655F 
 336      456D6265 
 337 00d8 2E637964 		.ascii	".cydsn\000"
 337      736E00
 338              	.LASF10:
 339 00df 75696E74 		.ascii	"uint8_t\000"
 339      385F7400 
 340              	.LASF1:
 341 00e7 756E7369 		.ascii	"unsigned char\000"
 341      676E6564 
 341      20636861 
 341      7200
 342              	.LASF4:
 343 00f5 6C6F6E67 		.ascii	"long int\000"
 343      20696E74 
 343      00
 344              	.LASF13:
 345 00fe 474E5520 		.ascii	"GNU C11 5.4.1 20160609 (release) [ARM/embedded-5-br"
 345      43313120 
 345      352E342E 
 345      31203230 
 345      31363036 
 346 0131 616E6368 		.ascii	"anch revision 237715] -mcpu=cortex-m3 -mthumb -g -O"
 346      20726576 
 346      6973696F 
 346      6E203233 
 346      37373135 
 347 0164 73202D66 		.ascii	"s -ffunction-sections -ffat-lto-objects\000"
 347      66756E63 
 347      74696F6E 
 347      2D736563 
 347      74696F6E 
 348              	.LASF3:
 349 018c 73686F72 		.ascii	"short unsigned int\000"
 349      7420756E 
 349      7369676E 
 349      65642069 
 349      6E7400
 350              	.LASF0:
ARM GAS  C:\Users\jesse\AppData\Local\Temp\cciz8Qlr.s 			page 14


 351 019f 7369676E 		.ascii	"signed char\000"
 351      65642063 
 351      68617200 
 352              	.LASF16:
 353 01ab 75387838 		.ascii	"u8x8_font_amstrad_cpc_extended_f\000"
 353      5F666F6E 
 353      745F616D 
 353      73747261 
 353      645F6370 
 354              	.LASF11:
 355 01cc 6C6F6E67 		.ascii	"long double\000"
 355      20646F75 
 355      626C6500 
 356              	.LASF2:
 357 01d8 73686F72 		.ascii	"short int\000"
 357      7420696E 
 357      7400
 358              	.LASF12:
 359 01e2 73697A65 		.ascii	"sizetype\000"
 359      74797065 
 359      00
 360              		.ident	"GCC: (GNU Tools for ARM Embedded Processors) 5.4.1 20160609 (release) [ARM/embedded-5-bran
