ARM GAS  C:\Users\jesse\AppData\Local\Temp\ccFxDydS.s 			page 1


   1              		.syntax unified
   2              		.cpu cortex-m3
   3              		.fpu softvfp
   4              		.eabi_attribute 20, 1
   5              		.eabi_attribute 21, 1
   6              		.eabi_attribute 23, 3
   7              		.eabi_attribute 24, 1
   8              		.eabi_attribute 25, 1
   9              		.eabi_attribute 26, 1
  10              		.eabi_attribute 30, 4
  11              		.eabi_attribute 34, 1
  12              		.eabi_attribute 18, 4
  13              		.thumb
  14              		.syntax unified
  15              		.file	"u8x8_d_uc1701_mini12864.c"
  16              		.text
  17              	.Ltext0:
  18              		.cfi_sections	.debug_frame
  19              		.section	.text.u8x8_d_uc1701_mini12864,"ax",%progbits
  20              		.align	1
  21              		.global	u8x8_d_uc1701_mini12864
  22              		.thumb
  23              		.thumb_func
  24              		.type	u8x8_d_uc1701_mini12864, %function
  25              	u8x8_d_uc1701_mini12864:
  26              	.LFB0:
  27              		.file 1 "..\\..\\..\\u8g2\\u8g2\\csrc\\u8x8_d_uc1701_mini12864.c"
   1:..\..\..\u8g2\u8g2\csrc/u8x8_d_uc1701_mini12864.c **** /*
   2:..\..\..\u8g2\u8g2\csrc/u8x8_d_uc1701_mini12864.c **** 
   3:..\..\..\u8g2\u8g2\csrc/u8x8_d_uc1701_mini12864.c ****   u8x8_d_uc1701_mini12864.c (dealextreme, displays from ebay MP3 players)
   4:..\..\..\u8g2\u8g2\csrc/u8x8_d_uc1701_mini12864.c ****   
   5:..\..\..\u8g2\u8g2\csrc/u8x8_d_uc1701_mini12864.c ****   Universal 8bit Graphics Library (https://github.com/olikraus/u8g2/)
   6:..\..\..\u8g2\u8g2\csrc/u8x8_d_uc1701_mini12864.c **** 
   7:..\..\..\u8g2\u8g2\csrc/u8x8_d_uc1701_mini12864.c ****   Copyright (c) 2016, olikraus@gmail.com
   8:..\..\..\u8g2\u8g2\csrc/u8x8_d_uc1701_mini12864.c ****   All rights reserved.
   9:..\..\..\u8g2\u8g2\csrc/u8x8_d_uc1701_mini12864.c **** 
  10:..\..\..\u8g2\u8g2\csrc/u8x8_d_uc1701_mini12864.c ****   Redistribution and use in source and binary forms, with or without modification, 
  11:..\..\..\u8g2\u8g2\csrc/u8x8_d_uc1701_mini12864.c ****   are permitted provided that the following conditions are met:
  12:..\..\..\u8g2\u8g2\csrc/u8x8_d_uc1701_mini12864.c **** 
  13:..\..\..\u8g2\u8g2\csrc/u8x8_d_uc1701_mini12864.c ****   * Redistributions of source code must retain the above copyright notice, this list 
  14:..\..\..\u8g2\u8g2\csrc/u8x8_d_uc1701_mini12864.c ****     of conditions and the following disclaimer.
  15:..\..\..\u8g2\u8g2\csrc/u8x8_d_uc1701_mini12864.c ****     
  16:..\..\..\u8g2\u8g2\csrc/u8x8_d_uc1701_mini12864.c ****   * Redistributions in binary form must reproduce the above copyright notice, this 
  17:..\..\..\u8g2\u8g2\csrc/u8x8_d_uc1701_mini12864.c ****     list of conditions and the following disclaimer in the documentation and/or other 
  18:..\..\..\u8g2\u8g2\csrc/u8x8_d_uc1701_mini12864.c ****     materials provided with the distribution.
  19:..\..\..\u8g2\u8g2\csrc/u8x8_d_uc1701_mini12864.c **** 
  20:..\..\..\u8g2\u8g2\csrc/u8x8_d_uc1701_mini12864.c ****   THIS SOFTWARE IS PROVIDED BY THE COPYRIGHT HOLDERS AND 
  21:..\..\..\u8g2\u8g2\csrc/u8x8_d_uc1701_mini12864.c ****   CONTRIBUTORS "AS IS" AND ANY EXPRESS OR IMPLIED WARRANTIES, 
  22:..\..\..\u8g2\u8g2\csrc/u8x8_d_uc1701_mini12864.c ****   INCLUDING, BUT NOT LIMITED TO, THE IMPLIED WARRANTIES OF 
  23:..\..\..\u8g2\u8g2\csrc/u8x8_d_uc1701_mini12864.c ****   MERCHANTABILITY AND FITNESS FOR A PARTICULAR PURPOSE ARE 
  24:..\..\..\u8g2\u8g2\csrc/u8x8_d_uc1701_mini12864.c ****   DISCLAIMED. IN NO EVENT SHALL THE COPYRIGHT HOLDER OR 
  25:..\..\..\u8g2\u8g2\csrc/u8x8_d_uc1701_mini12864.c ****   CONTRIBUTORS BE LIABLE FOR ANY DIRECT, INDIRECT, INCIDENTAL, 
  26:..\..\..\u8g2\u8g2\csrc/u8x8_d_uc1701_mini12864.c ****   SPECIAL, EXEMPLARY, OR CONSEQUENTIAL DAMAGES (INCLUDING, BUT 
  27:..\..\..\u8g2\u8g2\csrc/u8x8_d_uc1701_mini12864.c ****   NOT LIMITED TO, PROCUREMENT OF SUBSTITUTE GOODS OR SERVICES; 
  28:..\..\..\u8g2\u8g2\csrc/u8x8_d_uc1701_mini12864.c ****   LOSS OF USE, DATA, OR PROFITS; OR BUSINESS INTERRUPTION) HOWEVER 
  29:..\..\..\u8g2\u8g2\csrc/u8x8_d_uc1701_mini12864.c ****   CAUSED AND ON ANY THEORY OF LIABILITY, WHETHER IN CONTRACT, 
  30:..\..\..\u8g2\u8g2\csrc/u8x8_d_uc1701_mini12864.c ****   STRICT LIABILITY, OR TORT (INCLUDING NEGLIGENCE OR OTHERWISE) 
ARM GAS  C:\Users\jesse\AppData\Local\Temp\ccFxDydS.s 			page 2


  31:..\..\..\u8g2\u8g2\csrc/u8x8_d_uc1701_mini12864.c ****   ARISING IN ANY WAY OUT OF THE USE OF THIS SOFTWARE, EVEN IF 
  32:..\..\..\u8g2\u8g2\csrc/u8x8_d_uc1701_mini12864.c ****   ADVISED OF THE POSSIBILITY OF SUCH DAMAGE.  
  33:..\..\..\u8g2\u8g2\csrc/u8x8_d_uc1701_mini12864.c **** 
  34:..\..\..\u8g2\u8g2\csrc/u8x8_d_uc1701_mini12864.c ****   
  35:..\..\..\u8g2\u8g2\csrc/u8x8_d_uc1701_mini12864.c **** */
  36:..\..\..\u8g2\u8g2\csrc/u8x8_d_uc1701_mini12864.c **** #include "u8x8.h"
  37:..\..\..\u8g2\u8g2\csrc/u8x8_d_uc1701_mini12864.c **** 
  38:..\..\..\u8g2\u8g2\csrc/u8x8_d_uc1701_mini12864.c **** 
  39:..\..\..\u8g2\u8g2\csrc/u8x8_d_uc1701_mini12864.c **** 
  40:..\..\..\u8g2\u8g2\csrc/u8x8_d_uc1701_mini12864.c **** 
  41:..\..\..\u8g2\u8g2\csrc/u8x8_d_uc1701_mini12864.c **** static const uint8_t u8x8_d_uc1701_mini12864_init_seq[] = {
  42:..\..\..\u8g2\u8g2\csrc/u8x8_d_uc1701_mini12864.c ****     
  43:..\..\..\u8g2\u8g2\csrc/u8x8_d_uc1701_mini12864.c ****   U8X8_START_TRANSFER(),             	/* enable chip, delay is part of the transfer start */
  44:..\..\..\u8g2\u8g2\csrc/u8x8_d_uc1701_mini12864.c ****   
  45:..\..\..\u8g2\u8g2\csrc/u8x8_d_uc1701_mini12864.c ****   U8X8_C(0x0e2),            			/* soft reset */
  46:..\..\..\u8g2\u8g2\csrc/u8x8_d_uc1701_mini12864.c ****   U8X8_C(0x0ae),		                /* display off */
  47:..\..\..\u8g2\u8g2\csrc/u8x8_d_uc1701_mini12864.c ****   U8X8_C(0x040),		                /* set display start line to 0 */
  48:..\..\..\u8g2\u8g2\csrc/u8x8_d_uc1701_mini12864.c ****   
  49:..\..\..\u8g2\u8g2\csrc/u8x8_d_uc1701_mini12864.c ****   U8X8_C(0x0a0),		                /* ADC set to reverse */
  50:..\..\..\u8g2\u8g2\csrc/u8x8_d_uc1701_mini12864.c ****   U8X8_C(0x0c8),		                /* common output mode */
  51:..\..\..\u8g2\u8g2\csrc/u8x8_d_uc1701_mini12864.c ****   
  52:..\..\..\u8g2\u8g2\csrc/u8x8_d_uc1701_mini12864.c ****   U8X8_C(0x0a6),		                /* display normal, bit val 0: LCD pixel off. */
  53:..\..\..\u8g2\u8g2\csrc/u8x8_d_uc1701_mini12864.c ****   U8X8_C(0x0a2),		                /* LCD bias 1/9 */
  54:..\..\..\u8g2\u8g2\csrc/u8x8_d_uc1701_mini12864.c ****   U8X8_C(0x02f),		                /* all power  control circuits on */
  55:..\..\..\u8g2\u8g2\csrc/u8x8_d_uc1701_mini12864.c ****   U8X8_C(0x0f8),		/* set booster ratio to */
  56:..\..\..\u8g2\u8g2\csrc/u8x8_d_uc1701_mini12864.c ****   U8X8_C(0x000),		/* 4x */
  57:..\..\..\u8g2\u8g2\csrc/u8x8_d_uc1701_mini12864.c ****   U8X8_C(0x023),		/* set V0 voltage resistor ratio to large */
  58:..\..\..\u8g2\u8g2\csrc/u8x8_d_uc1701_mini12864.c ****   U8X8_C(0x081),		/* set contrast */
  59:..\..\..\u8g2\u8g2\csrc/u8x8_d_uc1701_mini12864.c ****   U8X8_C(0x027),		/* contrast value */
  60:..\..\..\u8g2\u8g2\csrc/u8x8_d_uc1701_mini12864.c ****   U8X8_C(0x0ac),		/* indicator */
  61:..\..\..\u8g2\u8g2\csrc/u8x8_d_uc1701_mini12864.c ****   //  0x000,		/* disable */
  62:..\..\..\u8g2\u8g2\csrc/u8x8_d_uc1701_mini12864.c ****   
  63:..\..\..\u8g2\u8g2\csrc/u8x8_d_uc1701_mini12864.c ****   U8X8_C(0x0ae),		                /* display off */
  64:..\..\..\u8g2\u8g2\csrc/u8x8_d_uc1701_mini12864.c ****   U8X8_C(0x0a5),		                /* enter powersafe: all pixel on, issue 142 */
  65:..\..\..\u8g2\u8g2\csrc/u8x8_d_uc1701_mini12864.c ****   
  66:..\..\..\u8g2\u8g2\csrc/u8x8_d_uc1701_mini12864.c ****   U8X8_END_TRANSFER(),             	/* disable chip */
  67:..\..\..\u8g2\u8g2\csrc/u8x8_d_uc1701_mini12864.c ****   U8X8_END()             			/* end of sequence */
  68:..\..\..\u8g2\u8g2\csrc/u8x8_d_uc1701_mini12864.c **** };
  69:..\..\..\u8g2\u8g2\csrc/u8x8_d_uc1701_mini12864.c **** 
  70:..\..\..\u8g2\u8g2\csrc/u8x8_d_uc1701_mini12864.c **** static const uint8_t u8x8_d_uc1701_mini12864_powersave0_seq[] = {
  71:..\..\..\u8g2\u8g2\csrc/u8x8_d_uc1701_mini12864.c ****   U8X8_START_TRANSFER(),             	/* enable chip, delay is part of the transfer start */
  72:..\..\..\u8g2\u8g2\csrc/u8x8_d_uc1701_mini12864.c ****   U8X8_C(0x0a4),		                /* all pixel off, issue 142 */
  73:..\..\..\u8g2\u8g2\csrc/u8x8_d_uc1701_mini12864.c ****   U8X8_C(0x0af),		                /* display on */
  74:..\..\..\u8g2\u8g2\csrc/u8x8_d_uc1701_mini12864.c ****   U8X8_END_TRANSFER(),             	/* disable chip */
  75:..\..\..\u8g2\u8g2\csrc/u8x8_d_uc1701_mini12864.c ****   U8X8_END()             			/* end of sequence */
  76:..\..\..\u8g2\u8g2\csrc/u8x8_d_uc1701_mini12864.c **** };
  77:..\..\..\u8g2\u8g2\csrc/u8x8_d_uc1701_mini12864.c **** 
  78:..\..\..\u8g2\u8g2\csrc/u8x8_d_uc1701_mini12864.c **** static const uint8_t u8x8_d_uc1701_mini12864_powersave1_seq[] = {
  79:..\..\..\u8g2\u8g2\csrc/u8x8_d_uc1701_mini12864.c ****   U8X8_START_TRANSFER(),             	/* enable chip, delay is part of the transfer start */
  80:..\..\..\u8g2\u8g2\csrc/u8x8_d_uc1701_mini12864.c ****   U8X8_C(0x0ae),		                /* display off */
  81:..\..\..\u8g2\u8g2\csrc/u8x8_d_uc1701_mini12864.c ****   U8X8_C(0x0a5),		                /* enter powersafe: all pixel on, issue 142 */
  82:..\..\..\u8g2\u8g2\csrc/u8x8_d_uc1701_mini12864.c ****   U8X8_END_TRANSFER(),             	/* disable chip */
  83:..\..\..\u8g2\u8g2\csrc/u8x8_d_uc1701_mini12864.c ****   U8X8_END()             			/* end of sequence */
  84:..\..\..\u8g2\u8g2\csrc/u8x8_d_uc1701_mini12864.c **** };
  85:..\..\..\u8g2\u8g2\csrc/u8x8_d_uc1701_mini12864.c **** 
  86:..\..\..\u8g2\u8g2\csrc/u8x8_d_uc1701_mini12864.c **** static const uint8_t u8x8_d_uc1701_mini12864_flip0_seq[] = {
  87:..\..\..\u8g2\u8g2\csrc/u8x8_d_uc1701_mini12864.c ****   U8X8_START_TRANSFER(),             	/* enable chip, delay is part of the transfer start */
ARM GAS  C:\Users\jesse\AppData\Local\Temp\ccFxDydS.s 			page 3


  88:..\..\..\u8g2\u8g2\csrc/u8x8_d_uc1701_mini12864.c ****   U8X8_C(0x0a0),				/* segment remap a0/a1*/
  89:..\..\..\u8g2\u8g2\csrc/u8x8_d_uc1701_mini12864.c ****   U8X8_C(0x0c8),				/* c0: scan dir normal, c8: reverse */
  90:..\..\..\u8g2\u8g2\csrc/u8x8_d_uc1701_mini12864.c ****   U8X8_END_TRANSFER(),             	/* disable chip */
  91:..\..\..\u8g2\u8g2\csrc/u8x8_d_uc1701_mini12864.c ****   U8X8_END()             			/* end of sequence */
  92:..\..\..\u8g2\u8g2\csrc/u8x8_d_uc1701_mini12864.c **** };
  93:..\..\..\u8g2\u8g2\csrc/u8x8_d_uc1701_mini12864.c **** 
  94:..\..\..\u8g2\u8g2\csrc/u8x8_d_uc1701_mini12864.c **** static const uint8_t u8x8_d_uc1701_mini12864_flip1_seq[] = {
  95:..\..\..\u8g2\u8g2\csrc/u8x8_d_uc1701_mini12864.c ****   U8X8_START_TRANSFER(),             	/* enable chip, delay is part of the transfer start */
  96:..\..\..\u8g2\u8g2\csrc/u8x8_d_uc1701_mini12864.c ****   U8X8_C(0x0a1),				/* segment remap a0/a1*/
  97:..\..\..\u8g2\u8g2\csrc/u8x8_d_uc1701_mini12864.c ****   U8X8_C(0x0c0),				/* c0: scan dir normal, c8: reverse */
  98:..\..\..\u8g2\u8g2\csrc/u8x8_d_uc1701_mini12864.c ****   U8X8_END_TRANSFER(),             	/* disable chip */
  99:..\..\..\u8g2\u8g2\csrc/u8x8_d_uc1701_mini12864.c ****   U8X8_END()             			/* end of sequence */
 100:..\..\..\u8g2\u8g2\csrc/u8x8_d_uc1701_mini12864.c **** };
 101:..\..\..\u8g2\u8g2\csrc/u8x8_d_uc1701_mini12864.c **** 
 102:..\..\..\u8g2\u8g2\csrc/u8x8_d_uc1701_mini12864.c **** 
 103:..\..\..\u8g2\u8g2\csrc/u8x8_d_uc1701_mini12864.c **** static const u8x8_display_info_t u8x8_uc1701_display_info =
 104:..\..\..\u8g2\u8g2\csrc/u8x8_d_uc1701_mini12864.c **** {
 105:..\..\..\u8g2\u8g2\csrc/u8x8_d_uc1701_mini12864.c ****   /* chip_enable_level = */ 0,
 106:..\..\..\u8g2\u8g2\csrc/u8x8_d_uc1701_mini12864.c ****   /* chip_disable_level = */ 1,
 107:..\..\..\u8g2\u8g2\csrc/u8x8_d_uc1701_mini12864.c ****   
 108:..\..\..\u8g2\u8g2\csrc/u8x8_d_uc1701_mini12864.c ****   /* post_chip_enable_wait_ns = */ 5,
 109:..\..\..\u8g2\u8g2\csrc/u8x8_d_uc1701_mini12864.c ****   /* pre_chip_disable_wait_ns = */ 5,
 110:..\..\..\u8g2\u8g2\csrc/u8x8_d_uc1701_mini12864.c ****   /* reset_pulse_width_ms = */ 1, 
 111:..\..\..\u8g2\u8g2\csrc/u8x8_d_uc1701_mini12864.c ****   /* post_reset_wait_ms = */ 6, 
 112:..\..\..\u8g2\u8g2\csrc/u8x8_d_uc1701_mini12864.c ****   /* sda_setup_time_ns = */ 12,		
 113:..\..\..\u8g2\u8g2\csrc/u8x8_d_uc1701_mini12864.c ****   /* sck_pulse_width_ns = */ 75,	/* half of cycle time (100ns according to datasheet), AVR: below 7
 114:..\..\..\u8g2\u8g2\csrc/u8x8_d_uc1701_mini12864.c ****   /* sck_clock_hz = */ 4000000UL,	/* since Arduino 1.6.0, the SPI bus speed in Hz. Should be  10000
 115:..\..\..\u8g2\u8g2\csrc/u8x8_d_uc1701_mini12864.c ****   /* spi_mode = */ 0,		/* active high, rising edge */
 116:..\..\..\u8g2\u8g2\csrc/u8x8_d_uc1701_mini12864.c ****   /* i2c_bus_clock_100kHz = */ 4,
 117:..\..\..\u8g2\u8g2\csrc/u8x8_d_uc1701_mini12864.c ****   /* data_setup_time_ns = */ 30,
 118:..\..\..\u8g2\u8g2\csrc/u8x8_d_uc1701_mini12864.c ****   /* write_pulse_width_ns = */ 40,
 119:..\..\..\u8g2\u8g2\csrc/u8x8_d_uc1701_mini12864.c ****   /* tile_width = */ 16,		/* width of 16*8=128 pixel */
 120:..\..\..\u8g2\u8g2\csrc/u8x8_d_uc1701_mini12864.c ****   /* tile_hight = */ 8,
 121:..\..\..\u8g2\u8g2\csrc/u8x8_d_uc1701_mini12864.c ****   /* default_x_offset = */ 0,
 122:..\..\..\u8g2\u8g2\csrc/u8x8_d_uc1701_mini12864.c ****   /* flipmode_x_offset = */ 4,
 123:..\..\..\u8g2\u8g2\csrc/u8x8_d_uc1701_mini12864.c ****   /* pixel_width = */ 128,
 124:..\..\..\u8g2\u8g2\csrc/u8x8_d_uc1701_mini12864.c ****   /* pixel_height = */ 64
 125:..\..\..\u8g2\u8g2\csrc/u8x8_d_uc1701_mini12864.c **** };
 126:..\..\..\u8g2\u8g2\csrc/u8x8_d_uc1701_mini12864.c **** 
 127:..\..\..\u8g2\u8g2\csrc/u8x8_d_uc1701_mini12864.c **** uint8_t u8x8_d_uc1701_mini12864(u8x8_t *u8x8, uint8_t msg, uint8_t arg_int, void *arg_ptr)
 128:..\..\..\u8g2\u8g2\csrc/u8x8_d_uc1701_mini12864.c **** {
  28              		.loc 1 128 0
  29              		.cfi_startproc
  30              		@ args = 0, pretend = 0, frame = 0
  31              		@ frame_needed = 0, uses_anonymous_args = 0
  32              	.LVL0:
 129:..\..\..\u8g2\u8g2\csrc/u8x8_d_uc1701_mini12864.c ****   uint8_t x, c;
 130:..\..\..\u8g2\u8g2\csrc/u8x8_d_uc1701_mini12864.c ****   uint8_t *ptr;
 131:..\..\..\u8g2\u8g2\csrc/u8x8_d_uc1701_mini12864.c ****   switch(msg)
  33              		.loc 1 131 0
  34 0000 0939     		subs	r1, r1, #9
  35              	.LVL1:
 128:..\..\..\u8g2\u8g2\csrc/u8x8_d_uc1701_mini12864.c ****   uint8_t x, c;
  36              		.loc 1 128 0
  37 0002 2DE9F041 		push	{r4, r5, r6, r7, r8, lr}
  38              		.cfi_def_cfa_offset 24
  39              		.cfi_offset 4, -24
ARM GAS  C:\Users\jesse\AppData\Local\Temp\ccFxDydS.s 			page 4


  40              		.cfi_offset 5, -20
  41              		.cfi_offset 6, -16
  42              		.cfi_offset 7, -12
  43              		.cfi_offset 8, -8
  44              		.cfi_offset 14, -4
 128:..\..\..\u8g2\u8g2\csrc/u8x8_d_uc1701_mini12864.c ****   uint8_t x, c;
  45              		.loc 1 128 0
  46 0006 0446     		mov	r4, r0
  47 0008 1746     		mov	r7, r2
  48 000a 9846     		mov	r8, r3
  49              		.loc 1 131 0
  50 000c 0629     		cmp	r1, #6
  51 000e 66D8     		bhi	.L14
  52 0010 DFE801F0 		tbb	[pc, r1]
  53              	.LVL2:
  54              	.L4:
  55 0014 04       		.byte	(.L3-.L4)/2
  56 0015 08       		.byte	(.L5-.L4)/2
  57 0016 0C       		.byte	(.L6-.L4)/2
  58 0017 65       		.byte	(.L14-.L4)/2
  59 0018 14       		.byte	(.L7-.L4)/2
  60 0019 23       		.byte	(.L8-.L4)/2
  61 001a 33       		.byte	(.L9-.L4)/2
  62 001b 00       		.p2align 1
  63              	.L3:
 132:..\..\..\u8g2\u8g2\csrc/u8x8_d_uc1701_mini12864.c ****   {
 133:..\..\..\u8g2\u8g2\csrc/u8x8_d_uc1701_mini12864.c ****     case U8X8_MSG_DISPLAY_SETUP_MEMORY:
 134:..\..\..\u8g2\u8g2\csrc/u8x8_d_uc1701_mini12864.c ****       u8x8_d_helper_display_setup_memory(u8x8, &u8x8_uc1701_display_info);
  64              		.loc 1 134 0
  65 001c 3149     		ldr	r1, .L21
  66 001e FFF7FEFF 		bl	u8x8_d_helper_display_setup_memory
  67              	.LVL3:
  68 0022 27E0     		b	.L16
  69              	.LVL4:
  70              	.L5:
 135:..\..\..\u8g2\u8g2\csrc/u8x8_d_uc1701_mini12864.c ****       break;
 136:..\..\..\u8g2\u8g2\csrc/u8x8_d_uc1701_mini12864.c ****     case U8X8_MSG_DISPLAY_INIT:
 137:..\..\..\u8g2\u8g2\csrc/u8x8_d_uc1701_mini12864.c ****       u8x8_d_helper_display_init(u8x8);
  71              		.loc 1 137 0
  72 0024 FFF7FEFF 		bl	u8x8_d_helper_display_init
  73              	.LVL5:
 138:..\..\..\u8g2\u8g2\csrc/u8x8_d_uc1701_mini12864.c ****       u8x8_cad_SendSequence(u8x8, u8x8_d_uc1701_mini12864_init_seq);
  74              		.loc 1 138 0
  75 0028 2F49     		ldr	r1, .L21+4
  76 002a 03E0     		b	.L19
  77              	.LVL6:
  78              	.L6:
 139:..\..\..\u8g2\u8g2\csrc/u8x8_d_uc1701_mini12864.c ****       break;
 140:..\..\..\u8g2\u8g2\csrc/u8x8_d_uc1701_mini12864.c ****     case U8X8_MSG_DISPLAY_SET_POWER_SAVE:
 141:..\..\..\u8g2\u8g2\csrc/u8x8_d_uc1701_mini12864.c ****       if ( arg_int == 0 )
  79              		.loc 1 141 0
  80 002c 0AB9     		cbnz	r2, .L10
 142:..\..\..\u8g2\u8g2\csrc/u8x8_d_uc1701_mini12864.c **** 	u8x8_cad_SendSequence(u8x8, u8x8_d_uc1701_mini12864_powersave0_seq);
  81              		.loc 1 142 0
  82 002e 2F49     		ldr	r1, .L21+8
  83 0030 00E0     		b	.L19
  84              	.L10:
ARM GAS  C:\Users\jesse\AppData\Local\Temp\ccFxDydS.s 			page 5


 143:..\..\..\u8g2\u8g2\csrc/u8x8_d_uc1701_mini12864.c ****       else
 144:..\..\..\u8g2\u8g2\csrc/u8x8_d_uc1701_mini12864.c **** 	u8x8_cad_SendSequence(u8x8, u8x8_d_uc1701_mini12864_powersave1_seq);
  85              		.loc 1 144 0
  86 0032 2F49     		ldr	r1, .L21+12
  87              	.LVL7:
  88              	.L19:
  89 0034 2046     		mov	r0, r4
  90 0036 FFF7FEFF 		bl	u8x8_cad_SendSequence
  91              	.LVL8:
  92 003a 1BE0     		b	.L16
  93              	.LVL9:
  94              	.L7:
 145:..\..\..\u8g2\u8g2\csrc/u8x8_d_uc1701_mini12864.c ****       break;
 146:..\..\..\u8g2\u8g2\csrc/u8x8_d_uc1701_mini12864.c ****     case U8X8_MSG_DISPLAY_SET_FLIP_MODE:
 147:..\..\..\u8g2\u8g2\csrc/u8x8_d_uc1701_mini12864.c ****       if ( arg_int == 0 )
  95              		.loc 1 147 0
  96 003c 2AB9     		cbnz	r2, .L11
 148:..\..\..\u8g2\u8g2\csrc/u8x8_d_uc1701_mini12864.c ****       {
 149:..\..\..\u8g2\u8g2\csrc/u8x8_d_uc1701_mini12864.c **** 	u8x8_cad_SendSequence(u8x8, u8x8_d_uc1701_mini12864_flip0_seq);
  97              		.loc 1 149 0
  98 003e 2D49     		ldr	r1, .L21+16
  99 0040 FFF7FEFF 		bl	u8x8_cad_SendSequence
 100              	.LVL10:
 150:..\..\..\u8g2\u8g2\csrc/u8x8_d_uc1701_mini12864.c **** 	u8x8->x_offset = u8x8->display_info->default_x_offset;
 101              		.loc 1 150 0
 102 0044 2368     		ldr	r3, [r4]
 103 0046 9B7C     		ldrb	r3, [r3, #18]	@ zero_extendqisi2
 104 0048 04E0     		b	.L18
 105              	.LVL11:
 106              	.L11:
 151:..\..\..\u8g2\u8g2\csrc/u8x8_d_uc1701_mini12864.c ****       }
 152:..\..\..\u8g2\u8g2\csrc/u8x8_d_uc1701_mini12864.c ****       else
 153:..\..\..\u8g2\u8g2\csrc/u8x8_d_uc1701_mini12864.c ****       {
 154:..\..\..\u8g2\u8g2\csrc/u8x8_d_uc1701_mini12864.c **** 	u8x8_cad_SendSequence(u8x8, u8x8_d_uc1701_mini12864_flip1_seq);
 107              		.loc 1 154 0
 108 004a 2B49     		ldr	r1, .L21+20
 109 004c FFF7FEFF 		bl	u8x8_cad_SendSequence
 110              	.LVL12:
 155:..\..\..\u8g2\u8g2\csrc/u8x8_d_uc1701_mini12864.c **** 	u8x8->x_offset = u8x8->display_info->flipmode_x_offset;
 111              		.loc 1 155 0
 112 0050 2368     		ldr	r3, [r4]
 113 0052 DB7C     		ldrb	r3, [r3, #19]	@ zero_extendqisi2
 114              	.L18:
 115 0054 84F82230 		strb	r3, [r4, #34]
 116 0058 0CE0     		b	.L16
 117              	.LVL13:
 118              	.L8:
 156:..\..\..\u8g2\u8g2\csrc/u8x8_d_uc1701_mini12864.c ****       }	
 157:..\..\..\u8g2\u8g2\csrc/u8x8_d_uc1701_mini12864.c ****       break;
 158:..\..\..\u8g2\u8g2\csrc/u8x8_d_uc1701_mini12864.c **** #ifdef U8X8_WITH_SET_CONTRAST
 159:..\..\..\u8g2\u8g2\csrc/u8x8_d_uc1701_mini12864.c ****     case U8X8_MSG_DISPLAY_SET_CONTRAST:
 160:..\..\..\u8g2\u8g2\csrc/u8x8_d_uc1701_mini12864.c ****       u8x8_cad_StartTransfer(u8x8);
 119              		.loc 1 160 0
 120 005a FFF7FEFF 		bl	u8x8_cad_StartTransfer
 121              	.LVL14:
 161:..\..\..\u8g2\u8g2\csrc/u8x8_d_uc1701_mini12864.c ****       u8x8_cad_SendCmd(u8x8, 0x081 );
 122              		.loc 1 161 0
ARM GAS  C:\Users\jesse\AppData\Local\Temp\ccFxDydS.s 			page 6


 123 005e 8121     		movs	r1, #129
 124 0060 2046     		mov	r0, r4
 125 0062 FFF7FEFF 		bl	u8x8_cad_SendCmd
 126              	.LVL15:
 162:..\..\..\u8g2\u8g2\csrc/u8x8_d_uc1701_mini12864.c ****       u8x8_cad_SendArg(u8x8, arg_int >> 2 );	/* uc1701 has range from 0 to 63 */
 127              		.loc 1 162 0
 128 0066 B908     		lsrs	r1, r7, #2
 129 0068 2046     		mov	r0, r4
 130 006a FFF7FEFF 		bl	u8x8_cad_SendArg
 131              	.LVL16:
 132              	.L17:
 163:..\..\..\u8g2\u8g2\csrc/u8x8_d_uc1701_mini12864.c ****       u8x8_cad_EndTransfer(u8x8);
 133              		.loc 1 163 0
 134 006e 2046     		mov	r0, r4
 135 0070 FFF7FEFF 		bl	u8x8_cad_EndTransfer
 136              	.LVL17:
 137              	.L16:
 164:..\..\..\u8g2\u8g2\csrc/u8x8_d_uc1701_mini12864.c ****       break;
 165:..\..\..\u8g2\u8g2\csrc/u8x8_d_uc1701_mini12864.c **** #endif
 166:..\..\..\u8g2\u8g2\csrc/u8x8_d_uc1701_mini12864.c ****     case U8X8_MSG_DISPLAY_DRAW_TILE:
 167:..\..\..\u8g2\u8g2\csrc/u8x8_d_uc1701_mini12864.c ****       u8x8_cad_StartTransfer(u8x8);
 168:..\..\..\u8g2\u8g2\csrc/u8x8_d_uc1701_mini12864.c ****     
 169:..\..\..\u8g2\u8g2\csrc/u8x8_d_uc1701_mini12864.c ****       x = ((u8x8_tile_t *)arg_ptr)->x_pos;
 170:..\..\..\u8g2\u8g2\csrc/u8x8_d_uc1701_mini12864.c ****       x *= 8;
 171:..\..\..\u8g2\u8g2\csrc/u8x8_d_uc1701_mini12864.c ****       x += u8x8->x_offset;
 172:..\..\..\u8g2\u8g2\csrc/u8x8_d_uc1701_mini12864.c ****       u8x8_cad_SendCmd(u8x8, 0x010 | (x>>4) );
 173:..\..\..\u8g2\u8g2\csrc/u8x8_d_uc1701_mini12864.c ****       u8x8_cad_SendCmd(u8x8, 0x000 | ((x&15)));
 174:..\..\..\u8g2\u8g2\csrc/u8x8_d_uc1701_mini12864.c ****       u8x8_cad_SendCmd(u8x8, 0x0b0 | (((u8x8_tile_t *)arg_ptr)->y_pos));
 175:..\..\..\u8g2\u8g2\csrc/u8x8_d_uc1701_mini12864.c ****     
 176:..\..\..\u8g2\u8g2\csrc/u8x8_d_uc1701_mini12864.c ****       c = ((u8x8_tile_t *)arg_ptr)->cnt;
 177:..\..\..\u8g2\u8g2\csrc/u8x8_d_uc1701_mini12864.c ****       c *= 8;
 178:..\..\..\u8g2\u8g2\csrc/u8x8_d_uc1701_mini12864.c ****       ptr = ((u8x8_tile_t *)arg_ptr)->tile_ptr;
 179:..\..\..\u8g2\u8g2\csrc/u8x8_d_uc1701_mini12864.c ****       /* 
 180:..\..\..\u8g2\u8g2\csrc/u8x8_d_uc1701_mini12864.c **** 	The following if condition checks the hardware limits of the uc1701 
 181:..\..\..\u8g2\u8g2\csrc/u8x8_d_uc1701_mini12864.c **** 	controller: It is not allowed to write beyond the display limits.
 182:..\..\..\u8g2\u8g2\csrc/u8x8_d_uc1701_mini12864.c **** 	This is in fact an issue within flip mode.
 183:..\..\..\u8g2\u8g2\csrc/u8x8_d_uc1701_mini12864.c ****     
 184:..\..\..\u8g2\u8g2\csrc/u8x8_d_uc1701_mini12864.c **** 	bug: this check should be inside the while loop, see u8x8_d_pcd8544_84x48.c 
 185:..\..\..\u8g2\u8g2\csrc/u8x8_d_uc1701_mini12864.c ****       */
 186:..\..\..\u8g2\u8g2\csrc/u8x8_d_uc1701_mini12864.c ****       if ( c + x > 132u )
 187:..\..\..\u8g2\u8g2\csrc/u8x8_d_uc1701_mini12864.c ****       {
 188:..\..\..\u8g2\u8g2\csrc/u8x8_d_uc1701_mini12864.c **** 	c = 132u;
 189:..\..\..\u8g2\u8g2\csrc/u8x8_d_uc1701_mini12864.c **** 	c -= x;
 190:..\..\..\u8g2\u8g2\csrc/u8x8_d_uc1701_mini12864.c ****       }
 191:..\..\..\u8g2\u8g2\csrc/u8x8_d_uc1701_mini12864.c ****       do
 192:..\..\..\u8g2\u8g2\csrc/u8x8_d_uc1701_mini12864.c ****       {
 193:..\..\..\u8g2\u8g2\csrc/u8x8_d_uc1701_mini12864.c **** 	u8x8_cad_SendData(u8x8, c, ptr);	/* note: SendData can not handle more than 255 bytes */
 194:..\..\..\u8g2\u8g2\csrc/u8x8_d_uc1701_mini12864.c **** 	arg_int--;
 195:..\..\..\u8g2\u8g2\csrc/u8x8_d_uc1701_mini12864.c ****       } while( arg_int > 0 );
 196:..\..\..\u8g2\u8g2\csrc/u8x8_d_uc1701_mini12864.c ****       
 197:..\..\..\u8g2\u8g2\csrc/u8x8_d_uc1701_mini12864.c ****       u8x8_cad_EndTransfer(u8x8);
 198:..\..\..\u8g2\u8g2\csrc/u8x8_d_uc1701_mini12864.c ****       break;
 199:..\..\..\u8g2\u8g2\csrc/u8x8_d_uc1701_mini12864.c ****     default:
 200:..\..\..\u8g2\u8g2\csrc/u8x8_d_uc1701_mini12864.c ****       return 0;
 201:..\..\..\u8g2\u8g2\csrc/u8x8_d_uc1701_mini12864.c ****   }
 202:..\..\..\u8g2\u8g2\csrc/u8x8_d_uc1701_mini12864.c ****   return 1;
 138              		.loc 1 202 0
ARM GAS  C:\Users\jesse\AppData\Local\Temp\ccFxDydS.s 			page 7


 139 0074 0120     		movs	r0, #1
 164:..\..\..\u8g2\u8g2\csrc/u8x8_d_uc1701_mini12864.c ****       break;
 140              		.loc 1 164 0
 141 0076 BDE8F081 		pop	{r4, r5, r6, r7, r8, pc}
 142              	.LVL18:
 143              	.L9:
 167:..\..\..\u8g2\u8g2\csrc/u8x8_d_uc1701_mini12864.c ****     
 144              		.loc 1 167 0
 145 007a FFF7FEFF 		bl	u8x8_cad_StartTransfer
 146              	.LVL19:
 171:..\..\..\u8g2\u8g2\csrc/u8x8_d_uc1701_mini12864.c ****       u8x8_cad_SendCmd(u8x8, 0x010 | (x>>4) );
 147              		.loc 1 171 0
 148 007e 94F82230 		ldrb	r3, [r4, #34]	@ zero_extendqisi2
 169:..\..\..\u8g2\u8g2\csrc/u8x8_d_uc1701_mini12864.c ****       x *= 8;
 149              		.loc 1 169 0
 150 0082 98F80550 		ldrb	r5, [r8, #5]	@ zero_extendqisi2
 151              	.LVL20:
 172:..\..\..\u8g2\u8g2\csrc/u8x8_d_uc1701_mini12864.c ****       u8x8_cad_SendCmd(u8x8, 0x000 | ((x&15)));
 152              		.loc 1 172 0
 153 0086 2046     		mov	r0, r4
 171:..\..\..\u8g2\u8g2\csrc/u8x8_d_uc1701_mini12864.c ****       u8x8_cad_SendCmd(u8x8, 0x010 | (x>>4) );
 154              		.loc 1 171 0
 155 0088 03EBC505 		add	r5, r3, r5, lsl #3
 156              	.LVL21:
 157 008c 05F0FF05 		and	r5, r5, #255
 158              	.LVL22:
 172:..\..\..\u8g2\u8g2\csrc/u8x8_d_uc1701_mini12864.c ****       u8x8_cad_SendCmd(u8x8, 0x000 | ((x&15)));
 159              		.loc 1 172 0
 160 0090 2909     		lsrs	r1, r5, #4
 161 0092 41F01001 		orr	r1, r1, #16
 162 0096 FFF7FEFF 		bl	u8x8_cad_SendCmd
 163              	.LVL23:
 173:..\..\..\u8g2\u8g2\csrc/u8x8_d_uc1701_mini12864.c ****       u8x8_cad_SendCmd(u8x8, 0x0b0 | (((u8x8_tile_t *)arg_ptr)->y_pos));
 164              		.loc 1 173 0
 165 009a 05F00F01 		and	r1, r5, #15
 166 009e 2046     		mov	r0, r4
 167 00a0 FFF7FEFF 		bl	u8x8_cad_SendCmd
 168              	.LVL24:
 174:..\..\..\u8g2\u8g2\csrc/u8x8_d_uc1701_mini12864.c ****     
 169              		.loc 1 174 0
 170 00a4 98F80610 		ldrb	r1, [r8, #6]	@ zero_extendqisi2
 171 00a8 2046     		mov	r0, r4
 172 00aa 41F0B001 		orr	r1, r1, #176
 173 00ae FFF7FEFF 		bl	u8x8_cad_SendCmd
 174              	.LVL25:
 176:..\..\..\u8g2\u8g2\csrc/u8x8_d_uc1701_mini12864.c ****       c *= 8;
 175              		.loc 1 176 0
 176 00b2 98F80460 		ldrb	r6, [r8, #4]	@ zero_extendqisi2
 177              	.LVL26:
 178:..\..\..\u8g2\u8g2\csrc/u8x8_d_uc1701_mini12864.c ****       /* 
 178              		.loc 1 178 0
 179 00b6 D8F80080 		ldr	r8, [r8]
 180              	.LVL27:
 177:..\..\..\u8g2\u8g2\csrc/u8x8_d_uc1701_mini12864.c ****       ptr = ((u8x8_tile_t *)arg_ptr)->tile_ptr;
 181              		.loc 1 177 0
 182 00ba F600     		lsls	r6, r6, #3
 183              	.LVL28:
ARM GAS  C:\Users\jesse\AppData\Local\Temp\ccFxDydS.s 			page 8


 184 00bc F6B2     		uxtb	r6, r6
 185              	.LVL29:
 186:..\..\..\u8g2\u8g2\csrc/u8x8_d_uc1701_mini12864.c ****       {
 186              		.loc 1 186 0
 187 00be 7319     		adds	r3, r6, r5
 188 00c0 842B     		cmp	r3, #132
 189              	.LVL30:
 189:..\..\..\u8g2\u8g2\csrc/u8x8_d_uc1701_mini12864.c ****       }
 190              		.loc 1 189 0
 191 00c2 C4BF     		itt	gt
 192 00c4 C5F18405 		rsbgt	r5, r5, #132
 193              	.LVL31:
 194 00c8 EEB2     		uxtbgt	r6, r5
 195              	.LVL32:
 196              	.L13:
 193:..\..\..\u8g2\u8g2\csrc/u8x8_d_uc1701_mini12864.c **** 	arg_int--;
 197              		.loc 1 193 0 discriminator 1
 198 00ca 4246     		mov	r2, r8
 199 00cc 3146     		mov	r1, r6
 200 00ce 2046     		mov	r0, r4
 201 00d0 FFF7FEFF 		bl	u8x8_cad_SendData
 202              	.LVL33:
 194:..\..\..\u8g2\u8g2\csrc/u8x8_d_uc1701_mini12864.c ****       } while( arg_int > 0 );
 203              		.loc 1 194 0 discriminator 1
 204 00d4 7A1E     		subs	r2, r7, #1
 205              	.LVL34:
 195:..\..\..\u8g2\u8g2\csrc/u8x8_d_uc1701_mini12864.c ****       
 206              		.loc 1 195 0 discriminator 1
 207 00d6 12F0FF07 		ands	r7, r2, #255
 208 00da F6D1     		bne	.L13
 209 00dc C7E7     		b	.L17
 210              	.LVL35:
 211              	.L14:
 200:..\..\..\u8g2\u8g2\csrc/u8x8_d_uc1701_mini12864.c ****   }
 212              		.loc 1 200 0
 213 00de 0020     		movs	r0, #0
 214              	.LVL36:
 203:..\..\..\u8g2\u8g2\csrc/u8x8_d_uc1701_mini12864.c **** }
 215              		.loc 1 203 0
 216 00e0 BDE8F081 		pop	{r4, r5, r6, r7, r8, pc}
 217              	.LVL37:
 218              	.L22:
 219              		.align	2
 220              	.L21:
 221 00e4 00000000 		.word	.LANCHOR0
 222 00e8 18000000 		.word	.LANCHOR0+24
 223 00ec 3B000000 		.word	.LANCHOR0+59
 224 00f0 42000000 		.word	.LANCHOR0+66
 225 00f4 49000000 		.word	.LANCHOR0+73
 226 00f8 50000000 		.word	.LANCHOR0+80
 227              		.cfi_endproc
 228              	.LFE0:
 229              		.size	u8x8_d_uc1701_mini12864, .-u8x8_d_uc1701_mini12864
 230              		.section	.rodata
 231              		.align	2
 232              		.set	.LANCHOR0,. + 0
 233              		.type	u8x8_uc1701_display_info, %object
ARM GAS  C:\Users\jesse\AppData\Local\Temp\ccFxDydS.s 			page 9


 234              		.size	u8x8_uc1701_display_info, 24
 235              	u8x8_uc1701_display_info:
 236 0000 00       		.byte	0
 237 0001 01       		.byte	1
 238 0002 05       		.byte	5
 239 0003 05       		.byte	5
 240 0004 01       		.byte	1
 241 0005 06       		.byte	6
 242 0006 0C       		.byte	12
 243 0007 4B       		.byte	75
 244 0008 00093D00 		.word	4000000
 245 000c 00       		.byte	0
 246 000d 04       		.byte	4
 247 000e 1E       		.byte	30
 248 000f 28       		.byte	40
 249 0010 10       		.byte	16
 250 0011 08       		.byte	8
 251 0012 00       		.byte	0
 252 0013 04       		.byte	4
 253 0014 8000     		.short	128
 254 0016 4000     		.short	64
 255              		.type	u8x8_d_uc1701_mini12864_init_seq, %object
 256              		.size	u8x8_d_uc1701_mini12864_init_seq, 35
 257              	u8x8_d_uc1701_mini12864_init_seq:
 258 0018 18       		.byte	24
 259 0019 15       		.byte	21
 260 001a E2       		.byte	-30
 261 001b 15       		.byte	21
 262 001c AE       		.byte	-82
 263 001d 15       		.byte	21
 264 001e 40       		.byte	64
 265 001f 15       		.byte	21
 266 0020 A0       		.byte	-96
 267 0021 15       		.byte	21
 268 0022 C8       		.byte	-56
 269 0023 15       		.byte	21
 270 0024 A6       		.byte	-90
 271 0025 15       		.byte	21
 272 0026 A2       		.byte	-94
 273 0027 15       		.byte	21
 274 0028 2F       		.byte	47
 275 0029 15       		.byte	21
 276 002a F8       		.byte	-8
 277 002b 15       		.byte	21
 278 002c 00       		.byte	0
 279 002d 15       		.byte	21
 280 002e 23       		.byte	35
 281 002f 15       		.byte	21
 282 0030 81       		.byte	-127
 283 0031 15       		.byte	21
 284 0032 27       		.byte	39
 285 0033 15       		.byte	21
 286 0034 AC       		.byte	-84
 287 0035 15       		.byte	21
 288 0036 AE       		.byte	-82
 289 0037 15       		.byte	21
 290 0038 A5       		.byte	-91
ARM GAS  C:\Users\jesse\AppData\Local\Temp\ccFxDydS.s 			page 10


 291 0039 19       		.byte	25
 292 003a FF       		.byte	-1
 293              		.type	u8x8_d_uc1701_mini12864_powersave0_seq, %object
 294              		.size	u8x8_d_uc1701_mini12864_powersave0_seq, 7
 295              	u8x8_d_uc1701_mini12864_powersave0_seq:
 296 003b 18       		.byte	24
 297 003c 15       		.byte	21
 298 003d A4       		.byte	-92
 299 003e 15       		.byte	21
 300 003f AF       		.byte	-81
 301 0040 19       		.byte	25
 302 0041 FF       		.byte	-1
 303              		.type	u8x8_d_uc1701_mini12864_powersave1_seq, %object
 304              		.size	u8x8_d_uc1701_mini12864_powersave1_seq, 7
 305              	u8x8_d_uc1701_mini12864_powersave1_seq:
 306 0042 18       		.byte	24
 307 0043 15       		.byte	21
 308 0044 AE       		.byte	-82
 309 0045 15       		.byte	21
 310 0046 A5       		.byte	-91
 311 0047 19       		.byte	25
 312 0048 FF       		.byte	-1
 313              		.type	u8x8_d_uc1701_mini12864_flip0_seq, %object
 314              		.size	u8x8_d_uc1701_mini12864_flip0_seq, 7
 315              	u8x8_d_uc1701_mini12864_flip0_seq:
 316 0049 18       		.byte	24
 317 004a 15       		.byte	21
 318 004b A0       		.byte	-96
 319 004c 15       		.byte	21
 320 004d C8       		.byte	-56
 321 004e 19       		.byte	25
 322 004f FF       		.byte	-1
 323              		.type	u8x8_d_uc1701_mini12864_flip1_seq, %object
 324              		.size	u8x8_d_uc1701_mini12864_flip1_seq, 7
 325              	u8x8_d_uc1701_mini12864_flip1_seq:
 326 0050 18       		.byte	24
 327 0051 15       		.byte	21
 328 0052 A1       		.byte	-95
 329 0053 15       		.byte	21
 330 0054 C0       		.byte	-64
 331 0055 19       		.byte	25
 332 0056 FF       		.byte	-1
 333              		.text
 334              	.Letext0:
 335              		.file 2 "c:\\program files (x86)\\cypress\\psoc creator\\4.4\\psoc creator\\import\\gnu\\arm\\5.4.
 336              		.file 3 "c:\\program files (x86)\\cypress\\psoc creator\\4.4\\psoc creator\\import\\gnu\\arm\\5.4.
 337              		.file 4 "..\\..\\..\\u8g2\\u8g2\\csrc\\u8x8.h"
 338              		.section	.debug_info,"",%progbits
 339              	.Ldebug_info0:
 340 0000 36060000 		.4byte	0x636
 341 0004 0400     		.2byte	0x4
 342 0006 00000000 		.4byte	.Ldebug_abbrev0
 343 000a 04       		.byte	0x4
 344 000b 01       		.uleb128 0x1
 345 000c 8D030000 		.4byte	.LASF83
 346 0010 0C       		.byte	0xc
 347 0011 9F010000 		.4byte	.LASF84
ARM GAS  C:\Users\jesse\AppData\Local\Temp\ccFxDydS.s 			page 11


 348 0015 3D040000 		.4byte	.LASF85
 349 0019 00000000 		.4byte	.Ldebug_ranges0+0
 350 001d 00000000 		.4byte	0
 351 0021 00000000 		.4byte	.Ldebug_line0
 352 0025 02       		.uleb128 0x2
 353 0026 01       		.byte	0x1
 354 0027 06       		.byte	0x6
 355 0028 EE020000 		.4byte	.LASF0
 356 002c 03       		.uleb128 0x3
 357 002d 88020000 		.4byte	.LASF3
 358 0031 02       		.byte	0x2
 359 0032 1D       		.byte	0x1d
 360 0033 37000000 		.4byte	0x37
 361 0037 02       		.uleb128 0x2
 362 0038 01       		.byte	0x1
 363 0039 08       		.byte	0x8
 364 003a E0020000 		.4byte	.LASF1
 365 003e 02       		.uleb128 0x2
 366 003f 02       		.byte	0x2
 367 0040 05       		.byte	0x5
 368 0041 9A000000 		.4byte	.LASF2
 369 0045 03       		.uleb128 0x3
 370 0046 FA000000 		.4byte	.LASF4
 371 004a 02       		.byte	0x2
 372 004b 2B       		.byte	0x2b
 373 004c 50000000 		.4byte	0x50
 374 0050 02       		.uleb128 0x2
 375 0051 02       		.byte	0x2
 376 0052 07       		.byte	0x7
 377 0053 A3040000 		.4byte	.LASF5
 378 0057 02       		.uleb128 0x2
 379 0058 04       		.byte	0x4
 380 0059 05       		.byte	0x5
 381 005a 64020000 		.4byte	.LASF6
 382 005e 03       		.uleb128 0x3
 383 005f EF000000 		.4byte	.LASF7
 384 0063 02       		.byte	0x2
 385 0064 41       		.byte	0x41
 386 0065 69000000 		.4byte	0x69
 387 0069 02       		.uleb128 0x2
 388 006a 04       		.byte	0x4
 389 006b 07       		.byte	0x7
 390 006c 2B050000 		.4byte	.LASF8
 391 0070 02       		.uleb128 0x2
 392 0071 08       		.byte	0x8
 393 0072 05       		.byte	0x5
 394 0073 E9010000 		.4byte	.LASF9
 395 0077 02       		.uleb128 0x2
 396 0078 08       		.byte	0x8
 397 0079 07       		.byte	0x7
 398 007a FA020000 		.4byte	.LASF10
 399 007e 04       		.uleb128 0x4
 400 007f 04       		.byte	0x4
 401 0080 05       		.byte	0x5
 402 0081 696E7400 		.ascii	"int\000"
 403 0085 02       		.uleb128 0x2
 404 0086 04       		.byte	0x4
ARM GAS  C:\Users\jesse\AppData\Local\Temp\ccFxDydS.s 			page 12


 405 0087 07       		.byte	0x7
 406 0088 2B030000 		.4byte	.LASF11
 407 008c 03       		.uleb128 0x3
 408 008d 3B010000 		.4byte	.LASF12
 409 0091 03       		.byte	0x3
 410 0092 18       		.byte	0x18
 411 0093 2C000000 		.4byte	0x2c
 412 0097 03       		.uleb128 0x3
 413 0098 38030000 		.4byte	.LASF13
 414 009c 03       		.byte	0x3
 415 009d 24       		.byte	0x24
 416 009e 45000000 		.4byte	0x45
 417 00a2 03       		.uleb128 0x3
 418 00a3 11030000 		.4byte	.LASF14
 419 00a7 03       		.byte	0x3
 420 00a8 30       		.byte	0x30
 421 00a9 5E000000 		.4byte	0x5e
 422 00ad 05       		.uleb128 0x5
 423 00ae 04       		.byte	0x4
 424 00af 02       		.uleb128 0x2
 425 00b0 08       		.byte	0x8
 426 00b1 04       		.byte	0x4
 427 00b2 B0020000 		.4byte	.LASF15
 428 00b6 03       		.uleb128 0x3
 429 00b7 86030000 		.4byte	.LASF16
 430 00bb 04       		.byte	0x4
 431 00bc D3       		.byte	0xd3
 432 00bd C1000000 		.4byte	0xc1
 433 00c1 06       		.uleb128 0x6
 434 00c2 03050000 		.4byte	.LASF37
 435 00c6 2C       		.byte	0x2c
 436 00c7 04       		.byte	0x4
 437 00c8 5601     		.2byte	0x156
 438 00ca C6010000 		.4byte	0x1c6
 439 00ce 07       		.uleb128 0x7
 440 00cf D2040000 		.4byte	.LASF17
 441 00d3 04       		.byte	0x4
 442 00d4 5801     		.2byte	0x158
 443 00d6 76030000 		.4byte	0x376
 444 00da 00       		.byte	0
 445 00db 07       		.uleb128 0x7
 446 00dc 56060000 		.4byte	.LASF18
 447 00e0 04       		.byte	0x4
 448 00e1 5901     		.2byte	0x159
 449 00e3 4B030000 		.4byte	0x34b
 450 00e7 04       		.byte	0x4
 451 00e8 07       		.uleb128 0x7
 452 00e9 92020000 		.4byte	.LASF19
 453 00ed 04       		.byte	0x4
 454 00ee 5A01     		.2byte	0x15a
 455 00f0 16030000 		.4byte	0x316
 456 00f4 08       		.byte	0x8
 457 00f5 07       		.uleb128 0x7
 458 00f6 F7050000 		.4byte	.LASF20
 459 00fa 04       		.byte	0x4
 460 00fb 5B01     		.2byte	0x15b
 461 00fd 16030000 		.4byte	0x316
ARM GAS  C:\Users\jesse\AppData\Local\Temp\ccFxDydS.s 			page 13


 462 0101 0C       		.byte	0xc
 463 0102 07       		.uleb128 0x7
 464 0103 3D050000 		.4byte	.LASF21
 465 0107 04       		.byte	0x4
 466 0108 5C01     		.2byte	0x15c
 467 010a 16030000 		.4byte	0x316
 468 010e 10       		.byte	0x10
 469 010f 07       		.uleb128 0x7
 470 0110 A4000000 		.4byte	.LASF22
 471 0114 04       		.byte	0x4
 472 0115 5D01     		.2byte	0x15d
 473 0117 16030000 		.4byte	0x316
 474 011b 14       		.byte	0x14
 475 011c 07       		.uleb128 0x7
 476 011d 84010000 		.4byte	.LASF23
 477 0121 04       		.byte	0x4
 478 0122 5E01     		.2byte	0x15e
 479 0124 A2000000 		.4byte	0xa2
 480 0128 18       		.byte	0x18
 481 0129 07       		.uleb128 0x7
 482 012a 81000000 		.4byte	.LASF24
 483 012e 04       		.byte	0x4
 484 012f 5F01     		.2byte	0x15f
 485 0131 81030000 		.4byte	0x381
 486 0135 1C       		.byte	0x1c
 487 0136 07       		.uleb128 0x7
 488 0137 9D050000 		.4byte	.LASF25
 489 013b 04       		.byte	0x4
 490 013c 6001     		.2byte	0x160
 491 013e 97000000 		.4byte	0x97
 492 0142 20       		.byte	0x20
 493 0143 07       		.uleb128 0x7
 494 0144 40000000 		.4byte	.LASF26
 495 0148 04       		.byte	0x4
 496 0149 6101     		.2byte	0x161
 497 014b 8C000000 		.4byte	0x8c
 498 014f 22       		.byte	0x22
 499 0150 07       		.uleb128 0x7
 500 0151 49000000 		.4byte	.LASF27
 501 0155 04       		.byte	0x4
 502 0156 6201     		.2byte	0x162
 503 0158 8C000000 		.4byte	0x8c
 504 015c 23       		.byte	0x23
 505 015d 07       		.uleb128 0x7
 506 015e 58050000 		.4byte	.LASF28
 507 0162 04       		.byte	0x4
 508 0163 6301     		.2byte	0x163
 509 0165 8C000000 		.4byte	0x8c
 510 0169 24       		.byte	0x24
 511 016a 07       		.uleb128 0x7
 512 016b C8050000 		.4byte	.LASF29
 513 016f 04       		.byte	0x4
 514 0170 6601     		.2byte	0x166
 515 0172 8C000000 		.4byte	0x8c
 516 0176 25       		.byte	0x25
 517 0177 07       		.uleb128 0x7
 518 0178 F8040000 		.4byte	.LASF30
ARM GAS  C:\Users\jesse\AppData\Local\Temp\ccFxDydS.s 			page 14


 519 017c 04       		.byte	0x4
 520 017d 6801     		.2byte	0x168
 521 017f 8C000000 		.4byte	0x8c
 522 0183 26       		.byte	0x26
 523 0184 07       		.uleb128 0x7
 524 0185 F7010000 		.4byte	.LASF31
 525 0189 04       		.byte	0x4
 526 018a 6901     		.2byte	0x169
 527 018c 8C000000 		.4byte	0x8c
 528 0190 27       		.byte	0x27
 529 0191 07       		.uleb128 0x7
 530 0192 2F060000 		.4byte	.LASF32
 531 0196 04       		.byte	0x4
 532 0197 6A01     		.2byte	0x16a
 533 0199 8C000000 		.4byte	0x8c
 534 019d 28       		.byte	0x28
 535 019e 07       		.uleb128 0x7
 536 019f D1010000 		.4byte	.LASF33
 537 01a3 04       		.byte	0x4
 538 01a4 6B01     		.2byte	0x16b
 539 01a6 8C000000 		.4byte	0x8c
 540 01aa 29       		.byte	0x29
 541 01ab 07       		.uleb128 0x7
 542 01ac C3040000 		.4byte	.LASF34
 543 01b0 04       		.byte	0x4
 544 01b1 6C01     		.2byte	0x16c
 545 01b3 8C000000 		.4byte	0x8c
 546 01b7 2A       		.byte	0x2a
 547 01b8 07       		.uleb128 0x7
 548 01b9 86000000 		.4byte	.LASF35
 549 01bd 04       		.byte	0x4
 550 01be 6D01     		.2byte	0x16d
 551 01c0 8C000000 		.4byte	0x8c
 552 01c4 2B       		.byte	0x2b
 553 01c5 00       		.byte	0
 554 01c6 03       		.uleb128 0x3
 555 01c7 0A060000 		.4byte	.LASF36
 556 01cb 04       		.byte	0x4
 557 01cc D4       		.byte	0xd4
 558 01cd D1010000 		.4byte	0x1d1
 559 01d1 08       		.uleb128 0x8
 560 01d2 41030000 		.4byte	.LASF38
 561 01d6 18       		.byte	0x18
 562 01d7 04       		.byte	0x4
 563 01d8 ED       		.byte	0xed
 564 01d9 CE020000 		.4byte	0x2ce
 565 01dd 09       		.uleb128 0x9
 566 01de 6F000000 		.4byte	.LASF39
 567 01e2 04       		.byte	0x4
 568 01e3 F1       		.byte	0xf1
 569 01e4 8C000000 		.4byte	0x8c
 570 01e8 00       		.byte	0
 571 01e9 09       		.uleb128 0x9
 572 01ea 45050000 		.4byte	.LASF40
 573 01ee 04       		.byte	0x4
 574 01ef F2       		.byte	0xf2
 575 01f0 8C000000 		.4byte	0x8c
ARM GAS  C:\Users\jesse\AppData\Local\Temp\ccFxDydS.s 			page 15


 576 01f4 01       		.byte	0x1
 577 01f5 09       		.uleb128 0x9
 578 01f6 43010000 		.4byte	.LASF41
 579 01fa 04       		.byte	0x4
 580 01fb F4       		.byte	0xf4
 581 01fc 8C000000 		.4byte	0x8c
 582 0200 02       		.byte	0x2
 583 0201 09       		.uleb128 0x9
 584 0202 5E060000 		.4byte	.LASF42
 585 0206 04       		.byte	0x4
 586 0207 F5       		.byte	0xf5
 587 0208 8C000000 		.4byte	0x8c
 588 020c 03       		.byte	0x3
 589 020d 09       		.uleb128 0x9
 590 020e 71030000 		.4byte	.LASF43
 591 0212 04       		.byte	0x4
 592 0213 F6       		.byte	0xf6
 593 0214 8C000000 		.4byte	0x8c
 594 0218 04       		.byte	0x4
 595 0219 09       		.uleb128 0x9
 596 021a DC000000 		.4byte	.LASF44
 597 021e 04       		.byte	0x4
 598 021f F7       		.byte	0xf7
 599 0220 8C000000 		.4byte	0x8c
 600 0224 05       		.byte	0x5
 601 0225 09       		.uleb128 0x9
 602 0226 CA000000 		.4byte	.LASF45
 603 022a 04       		.byte	0x4
 604 022b FE       		.byte	0xfe
 605 022c 8C000000 		.4byte	0x8c
 606 0230 06       		.byte	0x6
 607 0231 07       		.uleb128 0x7
 608 0232 25020000 		.4byte	.LASF46
 609 0236 04       		.byte	0x4
 610 0237 0201     		.2byte	0x102
 611 0239 8C000000 		.4byte	0x8c
 612 023d 07       		.byte	0x7
 613 023e 07       		.uleb128 0x7
 614 023f 30040000 		.4byte	.LASF47
 615 0243 04       		.byte	0x4
 616 0244 0501     		.2byte	0x105
 617 0246 A2000000 		.4byte	0xa2
 618 024a 08       		.byte	0x8
 619 024b 07       		.uleb128 0x7
 620 024c 5E000000 		.4byte	.LASF48
 621 0250 04       		.byte	0x4
 622 0251 0F01     		.2byte	0x10f
 623 0253 8C000000 		.4byte	0x8c
 624 0257 0C       		.byte	0xc
 625 0258 07       		.uleb128 0x7
 626 0259 1B040000 		.4byte	.LASF49
 627 025d 04       		.byte	0x4
 628 025e 1201     		.2byte	0x112
 629 0260 8C000000 		.4byte	0x8c
 630 0264 0D       		.byte	0xd
 631 0265 07       		.uleb128 0x7
 632 0266 9D020000 		.4byte	.LASF50
ARM GAS  C:\Users\jesse\AppData\Local\Temp\ccFxDydS.s 			page 16


 633 026a 04       		.byte	0x4
 634 026b 1801     		.2byte	0x118
 635 026d 8C000000 		.4byte	0x8c
 636 0271 0E       		.byte	0xe
 637 0272 07       		.uleb128 0x7
 638 0273 26010000 		.4byte	.LASF51
 639 0277 04       		.byte	0x4
 640 0278 1A01     		.2byte	0x11a
 641 027a 8C000000 		.4byte	0x8c
 642 027e 0F       		.byte	0xf
 643 027f 07       		.uleb128 0x7
 644 0280 B6000000 		.4byte	.LASF52
 645 0284 04       		.byte	0x4
 646 0285 1D01     		.2byte	0x11d
 647 0287 8C000000 		.4byte	0x8c
 648 028b 10       		.byte	0x10
 649 028c 07       		.uleb128 0x7
 650 028d BC020000 		.4byte	.LASF53
 651 0291 04       		.byte	0x4
 652 0292 1E01     		.2byte	0x11e
 653 0294 8C000000 		.4byte	0x8c
 654 0298 11       		.byte	0x11
 655 0299 07       		.uleb128 0x7
 656 029a 8E010000 		.4byte	.LASF54
 657 029e 04       		.byte	0x4
 658 029f 2001     		.2byte	0x120
 659 02a1 8C000000 		.4byte	0x8c
 660 02a5 12       		.byte	0x12
 661 02a6 07       		.uleb128 0x7
 662 02a7 8B050000 		.4byte	.LASF55
 663 02ab 04       		.byte	0x4
 664 02ac 2101     		.2byte	0x121
 665 02ae 8C000000 		.4byte	0x8c
 666 02b2 13       		.byte	0x13
 667 02b3 07       		.uleb128 0x7
 668 02b4 EC040000 		.4byte	.LASF56
 669 02b8 04       		.byte	0x4
 670 02b9 2901     		.2byte	0x129
 671 02bb 97000000 		.4byte	0x97
 672 02bf 14       		.byte	0x14
 673 02c0 07       		.uleb128 0x7
 674 02c1 DF040000 		.4byte	.LASF57
 675 02c5 04       		.byte	0x4
 676 02c6 2A01     		.2byte	0x12a
 677 02c8 97000000 		.4byte	0x97
 678 02cc 16       		.byte	0x16
 679 02cd 00       		.byte	0
 680 02ce 03       		.uleb128 0x3
 681 02cf FE050000 		.4byte	.LASF58
 682 02d3 04       		.byte	0x4
 683 02d4 D5       		.byte	0xd5
 684 02d5 D9020000 		.4byte	0x2d9
 685 02d9 08       		.uleb128 0x8
 686 02da 1A030000 		.4byte	.LASF59
 687 02de 08       		.byte	0x8
 688 02df 04       		.byte	0x4
 689 02e0 E4       		.byte	0xe4
ARM GAS  C:\Users\jesse\AppData\Local\Temp\ccFxDydS.s 			page 17


 690 02e1 16030000 		.4byte	0x316
 691 02e5 09       		.uleb128 0x9
 692 02e6 61010000 		.4byte	.LASF60
 693 02ea 04       		.byte	0x4
 694 02eb E6       		.byte	0xe6
 695 02ec 70030000 		.4byte	0x370
 696 02f0 00       		.byte	0
 697 02f1 0A       		.uleb128 0xa
 698 02f2 636E7400 		.ascii	"cnt\000"
 699 02f6 04       		.byte	0x4
 700 02f7 E7       		.byte	0xe7
 701 02f8 8C000000 		.4byte	0x8c
 702 02fc 04       		.byte	0x4
 703 02fd 09       		.uleb128 0x9
 704 02fe 82020000 		.4byte	.LASF61
 705 0302 04       		.byte	0x4
 706 0303 E8       		.byte	0xe8
 707 0304 8C000000 		.4byte	0x8c
 708 0308 05       		.byte	0x5
 709 0309 09       		.uleb128 0x9
 710 030a 0F050000 		.4byte	.LASF62
 711 030e 04       		.byte	0x4
 712 030f E9       		.byte	0xe9
 713 0310 8C000000 		.4byte	0x8c
 714 0314 06       		.byte	0x6
 715 0315 00       		.byte	0
 716 0316 03       		.uleb128 0x3
 717 0317 4A060000 		.4byte	.LASF63
 718 031b 04       		.byte	0x4
 719 031c D7       		.byte	0xd7
 720 031d 21030000 		.4byte	0x321
 721 0321 0B       		.uleb128 0xb
 722 0322 04       		.byte	0x4
 723 0323 27030000 		.4byte	0x327
 724 0327 0C       		.uleb128 0xc
 725 0328 8C000000 		.4byte	0x8c
 726 032c 45030000 		.4byte	0x345
 727 0330 0D       		.uleb128 0xd
 728 0331 45030000 		.4byte	0x345
 729 0335 0D       		.uleb128 0xd
 730 0336 8C000000 		.4byte	0x8c
 731 033a 0D       		.uleb128 0xd
 732 033b 8C000000 		.4byte	0x8c
 733 033f 0D       		.uleb128 0xd
 734 0340 AD000000 		.4byte	0xad
 735 0344 00       		.byte	0
 736 0345 0B       		.uleb128 0xb
 737 0346 04       		.byte	0x4
 738 0347 B6000000 		.4byte	0xb6
 739 034b 03       		.uleb128 0x3
 740 034c B6040000 		.4byte	.LASF64
 741 0350 04       		.byte	0x4
 742 0351 D8       		.byte	0xd8
 743 0352 56030000 		.4byte	0x356
 744 0356 0B       		.uleb128 0xb
 745 0357 04       		.byte	0x4
 746 0358 5C030000 		.4byte	0x35c
ARM GAS  C:\Users\jesse\AppData\Local\Temp\ccFxDydS.s 			page 18


 747 035c 0C       		.uleb128 0xc
 748 035d 97000000 		.4byte	0x97
 749 0361 70030000 		.4byte	0x370
 750 0365 0D       		.uleb128 0xd
 751 0366 45030000 		.4byte	0x345
 752 036a 0D       		.uleb128 0xd
 753 036b 8C000000 		.4byte	0x8c
 754 036f 00       		.byte	0
 755 0370 0B       		.uleb128 0xb
 756 0371 04       		.byte	0x4
 757 0372 8C000000 		.4byte	0x8c
 758 0376 0B       		.uleb128 0xb
 759 0377 04       		.byte	0x4
 760 0378 7C030000 		.4byte	0x37c
 761 037c 0E       		.uleb128 0xe
 762 037d C6010000 		.4byte	0x1c6
 763 0381 0B       		.uleb128 0xb
 764 0382 04       		.byte	0x4
 765 0383 87030000 		.4byte	0x387
 766 0387 0E       		.uleb128 0xe
 767 0388 8C000000 		.4byte	0x8c
 768 038c 0F       		.uleb128 0xf
 769 038d C8020000 		.4byte	.LASF86
 770 0391 01       		.byte	0x1
 771 0392 7F       		.byte	0x7f
 772 0393 8C000000 		.4byte	0x8c
 773 0397 00000000 		.4byte	.LFB0
 774 039b FC000000 		.4byte	.LFE0-.LFB0
 775 039f 01       		.uleb128 0x1
 776 03a0 9C       		.byte	0x9c
 777 03a1 33050000 		.4byte	0x533
 778 03a5 10       		.uleb128 0x10
 779 03a6 5C010000 		.4byte	.LASF65
 780 03aa 01       		.byte	0x1
 781 03ab 7F       		.byte	0x7f
 782 03ac 45030000 		.4byte	0x345
 783 03b0 00000000 		.4byte	.LLST0
 784 03b4 11       		.uleb128 0x11
 785 03b5 6D736700 		.ascii	"msg\000"
 786 03b9 01       		.byte	0x1
 787 03ba 7F       		.byte	0x7f
 788 03bb 8C000000 		.4byte	0x8c
 789 03bf C6000000 		.4byte	.LLST1
 790 03c3 10       		.uleb128 0x10
 791 03c4 6A010000 		.4byte	.LASF66
 792 03c8 01       		.byte	0x1
 793 03c9 7F       		.byte	0x7f
 794 03ca 8C000000 		.4byte	0x8c
 795 03ce E7000000 		.4byte	.LLST2
 796 03d2 10       		.uleb128 0x10
 797 03d3 67000000 		.4byte	.LASF67
 798 03d7 01       		.byte	0x1
 799 03d8 7F       		.byte	0x7f
 800 03d9 AD000000 		.4byte	0xad
 801 03dd B4010000 		.4byte	.LLST3
 802 03e1 12       		.uleb128 0x12
 803 03e2 7800     		.ascii	"x\000"
ARM GAS  C:\Users\jesse\AppData\Local\Temp\ccFxDydS.s 			page 19


 804 03e4 01       		.byte	0x1
 805 03e5 81       		.byte	0x81
 806 03e6 8C000000 		.4byte	0x8c
 807 03ea 12020000 		.4byte	.LLST4
 808 03ee 12       		.uleb128 0x12
 809 03ef 6300     		.ascii	"c\000"
 810 03f1 01       		.byte	0x1
 811 03f2 81       		.byte	0x81
 812 03f3 8C000000 		.4byte	0x8c
 813 03f7 4E020000 		.4byte	.LLST5
 814 03fb 12       		.uleb128 0x12
 815 03fc 70747200 		.ascii	"ptr\000"
 816 0400 01       		.byte	0x1
 817 0401 82       		.byte	0x82
 818 0402 70030000 		.4byte	0x370
 819 0406 93020000 		.4byte	.LLST6
 820 040a 13       		.uleb128 0x13
 821 040b 22000000 		.4byte	.LVL3
 822 040f D9050000 		.4byte	0x5d9
 823 0413 21040000 		.4byte	0x421
 824 0417 14       		.uleb128 0x14
 825 0418 01       		.uleb128 0x1
 826 0419 51       		.byte	0x51
 827 041a 05       		.uleb128 0x5
 828 041b 03       		.byte	0x3
 829 041c 00000000 		.4byte	.LANCHOR0
 830 0420 00       		.byte	0
 831 0421 15       		.uleb128 0x15
 832 0422 28000000 		.4byte	.LVL5
 833 0426 E5050000 		.4byte	0x5e5
 834 042a 13       		.uleb128 0x13
 835 042b 3A000000 		.4byte	.LVL8
 836 042f F1050000 		.4byte	0x5f1
 837 0433 3E040000 		.4byte	0x43e
 838 0437 14       		.uleb128 0x14
 839 0438 01       		.uleb128 0x1
 840 0439 50       		.byte	0x50
 841 043a 02       		.uleb128 0x2
 842 043b 74       		.byte	0x74
 843 043c 00       		.sleb128 0
 844 043d 00       		.byte	0
 845 043e 13       		.uleb128 0x13
 846 043f 44000000 		.4byte	.LVL10
 847 0443 F1050000 		.4byte	0x5f1
 848 0447 55040000 		.4byte	0x455
 849 044b 14       		.uleb128 0x14
 850 044c 01       		.uleb128 0x1
 851 044d 51       		.byte	0x51
 852 044e 05       		.uleb128 0x5
 853 044f 03       		.byte	0x3
 854 0450 49000000 		.4byte	.LANCHOR0+73
 855 0454 00       		.byte	0
 856 0455 13       		.uleb128 0x13
 857 0456 50000000 		.4byte	.LVL12
 858 045a F1050000 		.4byte	0x5f1
 859 045e 6C040000 		.4byte	0x46c
 860 0462 14       		.uleb128 0x14
ARM GAS  C:\Users\jesse\AppData\Local\Temp\ccFxDydS.s 			page 20


 861 0463 01       		.uleb128 0x1
 862 0464 51       		.byte	0x51
 863 0465 05       		.uleb128 0x5
 864 0466 03       		.byte	0x3
 865 0467 50000000 		.4byte	.LANCHOR0+80
 866 046b 00       		.byte	0
 867 046c 15       		.uleb128 0x15
 868 046d 5E000000 		.4byte	.LVL14
 869 0471 FD050000 		.4byte	0x5fd
 870 0475 13       		.uleb128 0x13
 871 0476 66000000 		.4byte	.LVL15
 872 047a 09060000 		.4byte	0x609
 873 047e 8F040000 		.4byte	0x48f
 874 0482 14       		.uleb128 0x14
 875 0483 01       		.uleb128 0x1
 876 0484 50       		.byte	0x50
 877 0485 02       		.uleb128 0x2
 878 0486 74       		.byte	0x74
 879 0487 00       		.sleb128 0
 880 0488 14       		.uleb128 0x14
 881 0489 01       		.uleb128 0x1
 882 048a 51       		.byte	0x51
 883 048b 02       		.uleb128 0x2
 884 048c 09       		.byte	0x9
 885 048d 81       		.byte	0x81
 886 048e 00       		.byte	0
 887 048f 13       		.uleb128 0x13
 888 0490 6E000000 		.4byte	.LVL16
 889 0494 15060000 		.4byte	0x615
 890 0498 AB040000 		.4byte	0x4ab
 891 049c 14       		.uleb128 0x14
 892 049d 01       		.uleb128 0x1
 893 049e 50       		.byte	0x50
 894 049f 02       		.uleb128 0x2
 895 04a0 74       		.byte	0x74
 896 04a1 00       		.sleb128 0
 897 04a2 14       		.uleb128 0x14
 898 04a3 01       		.uleb128 0x1
 899 04a4 51       		.byte	0x51
 900 04a5 04       		.uleb128 0x4
 901 04a6 77       		.byte	0x77
 902 04a7 00       		.sleb128 0
 903 04a8 32       		.byte	0x32
 904 04a9 25       		.byte	0x25
 905 04aa 00       		.byte	0
 906 04ab 13       		.uleb128 0x13
 907 04ac 74000000 		.4byte	.LVL17
 908 04b0 21060000 		.4byte	0x621
 909 04b4 BF040000 		.4byte	0x4bf
 910 04b8 14       		.uleb128 0x14
 911 04b9 01       		.uleb128 0x1
 912 04ba 50       		.byte	0x50
 913 04bb 02       		.uleb128 0x2
 914 04bc 74       		.byte	0x74
 915 04bd 00       		.sleb128 0
 916 04be 00       		.byte	0
 917 04bf 15       		.uleb128 0x15
ARM GAS  C:\Users\jesse\AppData\Local\Temp\ccFxDydS.s 			page 21


 918 04c0 7E000000 		.4byte	.LVL19
 919 04c4 FD050000 		.4byte	0x5fd
 920 04c8 13       		.uleb128 0x13
 921 04c9 9A000000 		.4byte	.LVL23
 922 04cd 09060000 		.4byte	0x609
 923 04d1 E6040000 		.4byte	0x4e6
 924 04d5 14       		.uleb128 0x14
 925 04d6 01       		.uleb128 0x1
 926 04d7 50       		.byte	0x50
 927 04d8 02       		.uleb128 0x2
 928 04d9 74       		.byte	0x74
 929 04da 00       		.sleb128 0
 930 04db 14       		.uleb128 0x14
 931 04dc 01       		.uleb128 0x1
 932 04dd 51       		.byte	0x51
 933 04de 06       		.uleb128 0x6
 934 04df 75       		.byte	0x75
 935 04e0 00       		.sleb128 0
 936 04e1 34       		.byte	0x34
 937 04e2 25       		.byte	0x25
 938 04e3 40       		.byte	0x40
 939 04e4 21       		.byte	0x21
 940 04e5 00       		.byte	0
 941 04e6 13       		.uleb128 0x13
 942 04e7 A4000000 		.4byte	.LVL24
 943 04eb 09060000 		.4byte	0x609
 944 04ef 02050000 		.4byte	0x502
 945 04f3 14       		.uleb128 0x14
 946 04f4 01       		.uleb128 0x1
 947 04f5 50       		.byte	0x50
 948 04f6 02       		.uleb128 0x2
 949 04f7 74       		.byte	0x74
 950 04f8 00       		.sleb128 0
 951 04f9 14       		.uleb128 0x14
 952 04fa 01       		.uleb128 0x1
 953 04fb 51       		.byte	0x51
 954 04fc 04       		.uleb128 0x4
 955 04fd 75       		.byte	0x75
 956 04fe 00       		.sleb128 0
 957 04ff 3F       		.byte	0x3f
 958 0500 1A       		.byte	0x1a
 959 0501 00       		.byte	0
 960 0502 13       		.uleb128 0x13
 961 0503 B2000000 		.4byte	.LVL25
 962 0507 09060000 		.4byte	0x609
 963 050b 16050000 		.4byte	0x516
 964 050f 14       		.uleb128 0x14
 965 0510 01       		.uleb128 0x1
 966 0511 50       		.byte	0x50
 967 0512 02       		.uleb128 0x2
 968 0513 74       		.byte	0x74
 969 0514 00       		.sleb128 0
 970 0515 00       		.byte	0
 971 0516 16       		.uleb128 0x16
 972 0517 D4000000 		.4byte	.LVL33
 973 051b 2D060000 		.4byte	0x62d
 974 051f 14       		.uleb128 0x14
ARM GAS  C:\Users\jesse\AppData\Local\Temp\ccFxDydS.s 			page 22


 975 0520 01       		.uleb128 0x1
 976 0521 50       		.byte	0x50
 977 0522 02       		.uleb128 0x2
 978 0523 74       		.byte	0x74
 979 0524 00       		.sleb128 0
 980 0525 14       		.uleb128 0x14
 981 0526 01       		.uleb128 0x1
 982 0527 51       		.byte	0x51
 983 0528 02       		.uleb128 0x2
 984 0529 76       		.byte	0x76
 985 052a 00       		.sleb128 0
 986 052b 14       		.uleb128 0x14
 987 052c 01       		.uleb128 0x1
 988 052d 52       		.byte	0x52
 989 052e 02       		.uleb128 0x2
 990 052f 78       		.byte	0x78
 991 0530 00       		.sleb128 0
 992 0531 00       		.byte	0
 993 0532 00       		.byte	0
 994 0533 17       		.uleb128 0x17
 995 0534 87030000 		.4byte	0x387
 996 0538 43050000 		.4byte	0x543
 997 053c 18       		.uleb128 0x18
 998 053d 43050000 		.4byte	0x543
 999 0541 22       		.byte	0x22
 1000 0542 00       		.byte	0
 1001 0543 02       		.uleb128 0x2
 1002 0544 04       		.byte	0x4
 1003 0545 07       		.byte	0x7
 1004 0546 C1000000 		.4byte	.LASF68
 1005 054a 19       		.uleb128 0x19
 1006 054b 05010000 		.4byte	.LASF69
 1007 054f 01       		.byte	0x1
 1008 0550 29       		.byte	0x29
 1009 0551 5B050000 		.4byte	0x55b
 1010 0555 05       		.uleb128 0x5
 1011 0556 03       		.byte	0x3
 1012 0557 18000000 		.4byte	u8x8_d_uc1701_mini12864_init_seq
 1013 055b 0E       		.uleb128 0xe
 1014 055c 33050000 		.4byte	0x533
 1015 0560 17       		.uleb128 0x17
 1016 0561 87030000 		.4byte	0x387
 1017 0565 70050000 		.4byte	0x570
 1018 0569 18       		.uleb128 0x18
 1019 056a 43050000 		.4byte	0x543
 1020 056e 06       		.byte	0x6
 1021 056f 00       		.byte	0
 1022 0570 19       		.uleb128 0x19
 1023 0571 64050000 		.4byte	.LASF70
 1024 0575 01       		.byte	0x1
 1025 0576 46       		.byte	0x46
 1026 0577 81050000 		.4byte	0x581
 1027 057b 05       		.uleb128 0x5
 1028 057c 03       		.byte	0x3
 1029 057d 3B000000 		.4byte	u8x8_d_uc1701_mini12864_powersave0_seq
 1030 0581 0E       		.uleb128 0xe
 1031 0582 60050000 		.4byte	0x560
ARM GAS  C:\Users\jesse\AppData\Local\Temp\ccFxDydS.s 			page 23


 1032 0586 19       		.uleb128 0x19
 1033 0587 19000000 		.4byte	.LASF71
 1034 058b 01       		.byte	0x1
 1035 058c 4E       		.byte	0x4e
 1036 058d 97050000 		.4byte	0x597
 1037 0591 05       		.uleb128 0x5
 1038 0592 03       		.byte	0x3
 1039 0593 42000000 		.4byte	u8x8_d_uc1701_mini12864_powersave1_seq
 1040 0597 0E       		.uleb128 0xe
 1041 0598 60050000 		.4byte	0x560
 1042 059c 19       		.uleb128 0x19
 1043 059d 03020000 		.4byte	.LASF72
 1044 05a1 01       		.byte	0x1
 1045 05a2 56       		.byte	0x56
 1046 05a3 AD050000 		.4byte	0x5ad
 1047 05a7 05       		.uleb128 0x5
 1048 05a8 03       		.byte	0x3
 1049 05a9 49000000 		.4byte	u8x8_d_uc1701_mini12864_flip0_seq
 1050 05ad 0E       		.uleb128 0xe
 1051 05ae 60050000 		.4byte	0x560
 1052 05b2 19       		.uleb128 0x19
 1053 05b3 A6050000 		.4byte	.LASF73
 1054 05b7 01       		.byte	0x1
 1055 05b8 5E       		.byte	0x5e
 1056 05b9 C3050000 		.4byte	0x5c3
 1057 05bd 05       		.uleb128 0x5
 1058 05be 03       		.byte	0x3
 1059 05bf 50000000 		.4byte	u8x8_d_uc1701_mini12864_flip1_seq
 1060 05c3 0E       		.uleb128 0xe
 1061 05c4 60050000 		.4byte	0x560
 1062 05c8 19       		.uleb128 0x19
 1063 05c9 00000000 		.4byte	.LASF74
 1064 05cd 01       		.byte	0x1
 1065 05ce 67       		.byte	0x67
 1066 05cf 7C030000 		.4byte	0x37c
 1067 05d3 05       		.uleb128 0x5
 1068 05d4 03       		.byte	0x3
 1069 05d5 00000000 		.4byte	u8x8_uc1701_display_info
 1070 05d9 1A       		.uleb128 0x1a
 1071 05da D4050000 		.4byte	.LASF75
 1072 05de D4050000 		.4byte	.LASF75
 1073 05e2 04       		.byte	0x4
 1074 05e3 B401     		.2byte	0x1b4
 1075 05e5 1A       		.uleb128 0x1a
 1076 05e6 49020000 		.4byte	.LASF76
 1077 05ea 49020000 		.4byte	.LASF76
 1078 05ee 04       		.byte	0x4
 1079 05ef B501     		.2byte	0x1b5
 1080 05f1 1A       		.uleb128 0x1a
 1081 05f2 15050000 		.4byte	.LASF77
 1082 05f6 15050000 		.4byte	.LASF77
 1083 05fa 04       		.byte	0x4
 1084 05fb 9102     		.2byte	0x291
 1085 05fd 1A       		.uleb128 0x1a
 1086 05fe 5A030000 		.4byte	.LASF78
 1087 0602 5A030000 		.4byte	.LASF78
 1088 0606 04       		.byte	0x4
ARM GAS  C:\Users\jesse\AppData\Local\Temp\ccFxDydS.s 			page 24


 1089 0607 7102     		.2byte	0x271
 1090 0609 1A       		.uleb128 0x1a
 1091 060a 38020000 		.4byte	.LASF79
 1092 060e 38020000 		.4byte	.LASF79
 1093 0612 04       		.byte	0x4
 1094 0613 6D02     		.2byte	0x26d
 1095 0615 1A       		.uleb128 0x1a
 1096 0616 1E060000 		.4byte	.LASF80
 1097 061a 1E060000 		.4byte	.LASF80
 1098 061e 04       		.byte	0x4
 1099 061f 6E02     		.2byte	0x26e
 1100 0621 1A       		.uleb128 0x1a
 1101 0622 6D020000 		.4byte	.LASF81
 1102 0626 6D020000 		.4byte	.LASF81
 1103 062a 04       		.byte	0x4
 1104 062b 7202     		.2byte	0x272
 1105 062d 1A       		.uleb128 0x1a
 1106 062e 72010000 		.4byte	.LASF82
 1107 0632 72010000 		.4byte	.LASF82
 1108 0636 04       		.byte	0x4
 1109 0637 7002     		.2byte	0x270
 1110 0639 00       		.byte	0
 1111              		.section	.debug_abbrev,"",%progbits
 1112              	.Ldebug_abbrev0:
 1113 0000 01       		.uleb128 0x1
 1114 0001 11       		.uleb128 0x11
 1115 0002 01       		.byte	0x1
 1116 0003 25       		.uleb128 0x25
 1117 0004 0E       		.uleb128 0xe
 1118 0005 13       		.uleb128 0x13
 1119 0006 0B       		.uleb128 0xb
 1120 0007 03       		.uleb128 0x3
 1121 0008 0E       		.uleb128 0xe
 1122 0009 1B       		.uleb128 0x1b
 1123 000a 0E       		.uleb128 0xe
 1124 000b 55       		.uleb128 0x55
 1125 000c 17       		.uleb128 0x17
 1126 000d 11       		.uleb128 0x11
 1127 000e 01       		.uleb128 0x1
 1128 000f 10       		.uleb128 0x10
 1129 0010 17       		.uleb128 0x17
 1130 0011 00       		.byte	0
 1131 0012 00       		.byte	0
 1132 0013 02       		.uleb128 0x2
 1133 0014 24       		.uleb128 0x24
 1134 0015 00       		.byte	0
 1135 0016 0B       		.uleb128 0xb
 1136 0017 0B       		.uleb128 0xb
 1137 0018 3E       		.uleb128 0x3e
 1138 0019 0B       		.uleb128 0xb
 1139 001a 03       		.uleb128 0x3
 1140 001b 0E       		.uleb128 0xe
 1141 001c 00       		.byte	0
 1142 001d 00       		.byte	0
 1143 001e 03       		.uleb128 0x3
 1144 001f 16       		.uleb128 0x16
 1145 0020 00       		.byte	0
ARM GAS  C:\Users\jesse\AppData\Local\Temp\ccFxDydS.s 			page 25


 1146 0021 03       		.uleb128 0x3
 1147 0022 0E       		.uleb128 0xe
 1148 0023 3A       		.uleb128 0x3a
 1149 0024 0B       		.uleb128 0xb
 1150 0025 3B       		.uleb128 0x3b
 1151 0026 0B       		.uleb128 0xb
 1152 0027 49       		.uleb128 0x49
 1153 0028 13       		.uleb128 0x13
 1154 0029 00       		.byte	0
 1155 002a 00       		.byte	0
 1156 002b 04       		.uleb128 0x4
 1157 002c 24       		.uleb128 0x24
 1158 002d 00       		.byte	0
 1159 002e 0B       		.uleb128 0xb
 1160 002f 0B       		.uleb128 0xb
 1161 0030 3E       		.uleb128 0x3e
 1162 0031 0B       		.uleb128 0xb
 1163 0032 03       		.uleb128 0x3
 1164 0033 08       		.uleb128 0x8
 1165 0034 00       		.byte	0
 1166 0035 00       		.byte	0
 1167 0036 05       		.uleb128 0x5
 1168 0037 0F       		.uleb128 0xf
 1169 0038 00       		.byte	0
 1170 0039 0B       		.uleb128 0xb
 1171 003a 0B       		.uleb128 0xb
 1172 003b 00       		.byte	0
 1173 003c 00       		.byte	0
 1174 003d 06       		.uleb128 0x6
 1175 003e 13       		.uleb128 0x13
 1176 003f 01       		.byte	0x1
 1177 0040 03       		.uleb128 0x3
 1178 0041 0E       		.uleb128 0xe
 1179 0042 0B       		.uleb128 0xb
 1180 0043 0B       		.uleb128 0xb
 1181 0044 3A       		.uleb128 0x3a
 1182 0045 0B       		.uleb128 0xb
 1183 0046 3B       		.uleb128 0x3b
 1184 0047 05       		.uleb128 0x5
 1185 0048 01       		.uleb128 0x1
 1186 0049 13       		.uleb128 0x13
 1187 004a 00       		.byte	0
 1188 004b 00       		.byte	0
 1189 004c 07       		.uleb128 0x7
 1190 004d 0D       		.uleb128 0xd
 1191 004e 00       		.byte	0
 1192 004f 03       		.uleb128 0x3
 1193 0050 0E       		.uleb128 0xe
 1194 0051 3A       		.uleb128 0x3a
 1195 0052 0B       		.uleb128 0xb
 1196 0053 3B       		.uleb128 0x3b
 1197 0054 05       		.uleb128 0x5
 1198 0055 49       		.uleb128 0x49
 1199 0056 13       		.uleb128 0x13
 1200 0057 38       		.uleb128 0x38
 1201 0058 0B       		.uleb128 0xb
 1202 0059 00       		.byte	0
ARM GAS  C:\Users\jesse\AppData\Local\Temp\ccFxDydS.s 			page 26


 1203 005a 00       		.byte	0
 1204 005b 08       		.uleb128 0x8
 1205 005c 13       		.uleb128 0x13
 1206 005d 01       		.byte	0x1
 1207 005e 03       		.uleb128 0x3
 1208 005f 0E       		.uleb128 0xe
 1209 0060 0B       		.uleb128 0xb
 1210 0061 0B       		.uleb128 0xb
 1211 0062 3A       		.uleb128 0x3a
 1212 0063 0B       		.uleb128 0xb
 1213 0064 3B       		.uleb128 0x3b
 1214 0065 0B       		.uleb128 0xb
 1215 0066 01       		.uleb128 0x1
 1216 0067 13       		.uleb128 0x13
 1217 0068 00       		.byte	0
 1218 0069 00       		.byte	0
 1219 006a 09       		.uleb128 0x9
 1220 006b 0D       		.uleb128 0xd
 1221 006c 00       		.byte	0
 1222 006d 03       		.uleb128 0x3
 1223 006e 0E       		.uleb128 0xe
 1224 006f 3A       		.uleb128 0x3a
 1225 0070 0B       		.uleb128 0xb
 1226 0071 3B       		.uleb128 0x3b
 1227 0072 0B       		.uleb128 0xb
 1228 0073 49       		.uleb128 0x49
 1229 0074 13       		.uleb128 0x13
 1230 0075 38       		.uleb128 0x38
 1231 0076 0B       		.uleb128 0xb
 1232 0077 00       		.byte	0
 1233 0078 00       		.byte	0
 1234 0079 0A       		.uleb128 0xa
 1235 007a 0D       		.uleb128 0xd
 1236 007b 00       		.byte	0
 1237 007c 03       		.uleb128 0x3
 1238 007d 08       		.uleb128 0x8
 1239 007e 3A       		.uleb128 0x3a
 1240 007f 0B       		.uleb128 0xb
 1241 0080 3B       		.uleb128 0x3b
 1242 0081 0B       		.uleb128 0xb
 1243 0082 49       		.uleb128 0x49
 1244 0083 13       		.uleb128 0x13
 1245 0084 38       		.uleb128 0x38
 1246 0085 0B       		.uleb128 0xb
 1247 0086 00       		.byte	0
 1248 0087 00       		.byte	0
 1249 0088 0B       		.uleb128 0xb
 1250 0089 0F       		.uleb128 0xf
 1251 008a 00       		.byte	0
 1252 008b 0B       		.uleb128 0xb
 1253 008c 0B       		.uleb128 0xb
 1254 008d 49       		.uleb128 0x49
 1255 008e 13       		.uleb128 0x13
 1256 008f 00       		.byte	0
 1257 0090 00       		.byte	0
 1258 0091 0C       		.uleb128 0xc
 1259 0092 15       		.uleb128 0x15
ARM GAS  C:\Users\jesse\AppData\Local\Temp\ccFxDydS.s 			page 27


 1260 0093 01       		.byte	0x1
 1261 0094 27       		.uleb128 0x27
 1262 0095 19       		.uleb128 0x19
 1263 0096 49       		.uleb128 0x49
 1264 0097 13       		.uleb128 0x13
 1265 0098 01       		.uleb128 0x1
 1266 0099 13       		.uleb128 0x13
 1267 009a 00       		.byte	0
 1268 009b 00       		.byte	0
 1269 009c 0D       		.uleb128 0xd
 1270 009d 05       		.uleb128 0x5
 1271 009e 00       		.byte	0
 1272 009f 49       		.uleb128 0x49
 1273 00a0 13       		.uleb128 0x13
 1274 00a1 00       		.byte	0
 1275 00a2 00       		.byte	0
 1276 00a3 0E       		.uleb128 0xe
 1277 00a4 26       		.uleb128 0x26
 1278 00a5 00       		.byte	0
 1279 00a6 49       		.uleb128 0x49
 1280 00a7 13       		.uleb128 0x13
 1281 00a8 00       		.byte	0
 1282 00a9 00       		.byte	0
 1283 00aa 0F       		.uleb128 0xf
 1284 00ab 2E       		.uleb128 0x2e
 1285 00ac 01       		.byte	0x1
 1286 00ad 3F       		.uleb128 0x3f
 1287 00ae 19       		.uleb128 0x19
 1288 00af 03       		.uleb128 0x3
 1289 00b0 0E       		.uleb128 0xe
 1290 00b1 3A       		.uleb128 0x3a
 1291 00b2 0B       		.uleb128 0xb
 1292 00b3 3B       		.uleb128 0x3b
 1293 00b4 0B       		.uleb128 0xb
 1294 00b5 27       		.uleb128 0x27
 1295 00b6 19       		.uleb128 0x19
 1296 00b7 49       		.uleb128 0x49
 1297 00b8 13       		.uleb128 0x13
 1298 00b9 11       		.uleb128 0x11
 1299 00ba 01       		.uleb128 0x1
 1300 00bb 12       		.uleb128 0x12
 1301 00bc 06       		.uleb128 0x6
 1302 00bd 40       		.uleb128 0x40
 1303 00be 18       		.uleb128 0x18
 1304 00bf 9742     		.uleb128 0x2117
 1305 00c1 19       		.uleb128 0x19
 1306 00c2 01       		.uleb128 0x1
 1307 00c3 13       		.uleb128 0x13
 1308 00c4 00       		.byte	0
 1309 00c5 00       		.byte	0
 1310 00c6 10       		.uleb128 0x10
 1311 00c7 05       		.uleb128 0x5
 1312 00c8 00       		.byte	0
 1313 00c9 03       		.uleb128 0x3
 1314 00ca 0E       		.uleb128 0xe
 1315 00cb 3A       		.uleb128 0x3a
 1316 00cc 0B       		.uleb128 0xb
ARM GAS  C:\Users\jesse\AppData\Local\Temp\ccFxDydS.s 			page 28


 1317 00cd 3B       		.uleb128 0x3b
 1318 00ce 0B       		.uleb128 0xb
 1319 00cf 49       		.uleb128 0x49
 1320 00d0 13       		.uleb128 0x13
 1321 00d1 02       		.uleb128 0x2
 1322 00d2 17       		.uleb128 0x17
 1323 00d3 00       		.byte	0
 1324 00d4 00       		.byte	0
 1325 00d5 11       		.uleb128 0x11
 1326 00d6 05       		.uleb128 0x5
 1327 00d7 00       		.byte	0
 1328 00d8 03       		.uleb128 0x3
 1329 00d9 08       		.uleb128 0x8
 1330 00da 3A       		.uleb128 0x3a
 1331 00db 0B       		.uleb128 0xb
 1332 00dc 3B       		.uleb128 0x3b
 1333 00dd 0B       		.uleb128 0xb
 1334 00de 49       		.uleb128 0x49
 1335 00df 13       		.uleb128 0x13
 1336 00e0 02       		.uleb128 0x2
 1337 00e1 17       		.uleb128 0x17
 1338 00e2 00       		.byte	0
 1339 00e3 00       		.byte	0
 1340 00e4 12       		.uleb128 0x12
 1341 00e5 34       		.uleb128 0x34
 1342 00e6 00       		.byte	0
 1343 00e7 03       		.uleb128 0x3
 1344 00e8 08       		.uleb128 0x8
 1345 00e9 3A       		.uleb128 0x3a
 1346 00ea 0B       		.uleb128 0xb
 1347 00eb 3B       		.uleb128 0x3b
 1348 00ec 0B       		.uleb128 0xb
 1349 00ed 49       		.uleb128 0x49
 1350 00ee 13       		.uleb128 0x13
 1351 00ef 02       		.uleb128 0x2
 1352 00f0 17       		.uleb128 0x17
 1353 00f1 00       		.byte	0
 1354 00f2 00       		.byte	0
 1355 00f3 13       		.uleb128 0x13
 1356 00f4 898201   		.uleb128 0x4109
 1357 00f7 01       		.byte	0x1
 1358 00f8 11       		.uleb128 0x11
 1359 00f9 01       		.uleb128 0x1
 1360 00fa 31       		.uleb128 0x31
 1361 00fb 13       		.uleb128 0x13
 1362 00fc 01       		.uleb128 0x1
 1363 00fd 13       		.uleb128 0x13
 1364 00fe 00       		.byte	0
 1365 00ff 00       		.byte	0
 1366 0100 14       		.uleb128 0x14
 1367 0101 8A8201   		.uleb128 0x410a
 1368 0104 00       		.byte	0
 1369 0105 02       		.uleb128 0x2
 1370 0106 18       		.uleb128 0x18
 1371 0107 9142     		.uleb128 0x2111
 1372 0109 18       		.uleb128 0x18
 1373 010a 00       		.byte	0
ARM GAS  C:\Users\jesse\AppData\Local\Temp\ccFxDydS.s 			page 29


 1374 010b 00       		.byte	0
 1375 010c 15       		.uleb128 0x15
 1376 010d 898201   		.uleb128 0x4109
 1377 0110 00       		.byte	0
 1378 0111 11       		.uleb128 0x11
 1379 0112 01       		.uleb128 0x1
 1380 0113 31       		.uleb128 0x31
 1381 0114 13       		.uleb128 0x13
 1382 0115 00       		.byte	0
 1383 0116 00       		.byte	0
 1384 0117 16       		.uleb128 0x16
 1385 0118 898201   		.uleb128 0x4109
 1386 011b 01       		.byte	0x1
 1387 011c 11       		.uleb128 0x11
 1388 011d 01       		.uleb128 0x1
 1389 011e 31       		.uleb128 0x31
 1390 011f 13       		.uleb128 0x13
 1391 0120 00       		.byte	0
 1392 0121 00       		.byte	0
 1393 0122 17       		.uleb128 0x17
 1394 0123 01       		.uleb128 0x1
 1395 0124 01       		.byte	0x1
 1396 0125 49       		.uleb128 0x49
 1397 0126 13       		.uleb128 0x13
 1398 0127 01       		.uleb128 0x1
 1399 0128 13       		.uleb128 0x13
 1400 0129 00       		.byte	0
 1401 012a 00       		.byte	0
 1402 012b 18       		.uleb128 0x18
 1403 012c 21       		.uleb128 0x21
 1404 012d 00       		.byte	0
 1405 012e 49       		.uleb128 0x49
 1406 012f 13       		.uleb128 0x13
 1407 0130 2F       		.uleb128 0x2f
 1408 0131 0B       		.uleb128 0xb
 1409 0132 00       		.byte	0
 1410 0133 00       		.byte	0
 1411 0134 19       		.uleb128 0x19
 1412 0135 34       		.uleb128 0x34
 1413 0136 00       		.byte	0
 1414 0137 03       		.uleb128 0x3
 1415 0138 0E       		.uleb128 0xe
 1416 0139 3A       		.uleb128 0x3a
 1417 013a 0B       		.uleb128 0xb
 1418 013b 3B       		.uleb128 0x3b
 1419 013c 0B       		.uleb128 0xb
 1420 013d 49       		.uleb128 0x49
 1421 013e 13       		.uleb128 0x13
 1422 013f 02       		.uleb128 0x2
 1423 0140 18       		.uleb128 0x18
 1424 0141 00       		.byte	0
 1425 0142 00       		.byte	0
 1426 0143 1A       		.uleb128 0x1a
 1427 0144 2E       		.uleb128 0x2e
 1428 0145 00       		.byte	0
 1429 0146 3F       		.uleb128 0x3f
 1430 0147 19       		.uleb128 0x19
ARM GAS  C:\Users\jesse\AppData\Local\Temp\ccFxDydS.s 			page 30


 1431 0148 3C       		.uleb128 0x3c
 1432 0149 19       		.uleb128 0x19
 1433 014a 6E       		.uleb128 0x6e
 1434 014b 0E       		.uleb128 0xe
 1435 014c 03       		.uleb128 0x3
 1436 014d 0E       		.uleb128 0xe
 1437 014e 3A       		.uleb128 0x3a
 1438 014f 0B       		.uleb128 0xb
 1439 0150 3B       		.uleb128 0x3b
 1440 0151 05       		.uleb128 0x5
 1441 0152 00       		.byte	0
 1442 0153 00       		.byte	0
 1443 0154 00       		.byte	0
 1444              		.section	.debug_loc,"",%progbits
 1445              	.Ldebug_loc0:
 1446              	.LLST0:
 1447 0000 00000000 		.4byte	.LVL0
 1448 0004 21000000 		.4byte	.LVL3-1
 1449 0008 0100     		.2byte	0x1
 1450 000a 50       		.byte	0x50
 1451 000b 21000000 		.4byte	.LVL3-1
 1452 000f 24000000 		.4byte	.LVL4
 1453 0013 0100     		.2byte	0x1
 1454 0015 54       		.byte	0x54
 1455 0016 24000000 		.4byte	.LVL4
 1456 001a 27000000 		.4byte	.LVL5-1
 1457 001e 0100     		.2byte	0x1
 1458 0020 50       		.byte	0x50
 1459 0021 27000000 		.4byte	.LVL5-1
 1460 0025 2C000000 		.4byte	.LVL6
 1461 0029 0100     		.2byte	0x1
 1462 002b 54       		.byte	0x54
 1463 002c 2C000000 		.4byte	.LVL6
 1464 0030 34000000 		.4byte	.LVL7
 1465 0034 0100     		.2byte	0x1
 1466 0036 50       		.byte	0x50
 1467 0037 34000000 		.4byte	.LVL7
 1468 003b 3C000000 		.4byte	.LVL9
 1469 003f 0100     		.2byte	0x1
 1470 0041 54       		.byte	0x54
 1471 0042 3C000000 		.4byte	.LVL9
 1472 0046 43000000 		.4byte	.LVL10-1
 1473 004a 0100     		.2byte	0x1
 1474 004c 50       		.byte	0x50
 1475 004d 43000000 		.4byte	.LVL10-1
 1476 0051 4A000000 		.4byte	.LVL11
 1477 0055 0100     		.2byte	0x1
 1478 0057 54       		.byte	0x54
 1479 0058 4A000000 		.4byte	.LVL11
 1480 005c 4F000000 		.4byte	.LVL12-1
 1481 0060 0100     		.2byte	0x1
 1482 0062 50       		.byte	0x50
 1483 0063 4F000000 		.4byte	.LVL12-1
 1484 0067 5A000000 		.4byte	.LVL13
 1485 006b 0100     		.2byte	0x1
 1486 006d 54       		.byte	0x54
 1487 006e 5A000000 		.4byte	.LVL13
ARM GAS  C:\Users\jesse\AppData\Local\Temp\ccFxDydS.s 			page 31


 1488 0072 5D000000 		.4byte	.LVL14-1
 1489 0076 0100     		.2byte	0x1
 1490 0078 50       		.byte	0x50
 1491 0079 5D000000 		.4byte	.LVL14-1
 1492 007d 7A000000 		.4byte	.LVL18
 1493 0081 0100     		.2byte	0x1
 1494 0083 54       		.byte	0x54
 1495 0084 7A000000 		.4byte	.LVL18
 1496 0088 7D000000 		.4byte	.LVL19-1
 1497 008c 0100     		.2byte	0x1
 1498 008e 50       		.byte	0x50
 1499 008f 7D000000 		.4byte	.LVL19-1
 1500 0093 DE000000 		.4byte	.LVL35
 1501 0097 0100     		.2byte	0x1
 1502 0099 54       		.byte	0x54
 1503 009a DE000000 		.4byte	.LVL35
 1504 009e E0000000 		.4byte	.LVL36
 1505 00a2 0100     		.2byte	0x1
 1506 00a4 50       		.byte	0x50
 1507 00a5 E0000000 		.4byte	.LVL36
 1508 00a9 E4000000 		.4byte	.LVL37
 1509 00ad 0100     		.2byte	0x1
 1510 00af 54       		.byte	0x54
 1511 00b0 E4000000 		.4byte	.LVL37
 1512 00b4 FC000000 		.4byte	.LFE0
 1513 00b8 0400     		.2byte	0x4
 1514 00ba F3       		.byte	0xf3
 1515 00bb 01       		.uleb128 0x1
 1516 00bc 50       		.byte	0x50
 1517 00bd 9F       		.byte	0x9f
 1518 00be 00000000 		.4byte	0
 1519 00c2 00000000 		.4byte	0
 1520              	.LLST1:
 1521 00c6 00000000 		.4byte	.LVL0
 1522 00ca 02000000 		.4byte	.LVL1
 1523 00ce 0100     		.2byte	0x1
 1524 00d0 51       		.byte	0x51
 1525 00d1 02000000 		.4byte	.LVL1
 1526 00d5 FC000000 		.4byte	.LFE0
 1527 00d9 0400     		.2byte	0x4
 1528 00db F3       		.byte	0xf3
 1529 00dc 01       		.uleb128 0x1
 1530 00dd 51       		.byte	0x51
 1531 00de 9F       		.byte	0x9f
 1532 00df 00000000 		.4byte	0
 1533 00e3 00000000 		.4byte	0
 1534              	.LLST2:
 1535 00e7 00000000 		.4byte	.LVL0
 1536 00eb 21000000 		.4byte	.LVL3-1
 1537 00ef 0100     		.2byte	0x1
 1538 00f1 52       		.byte	0x52
 1539 00f2 21000000 		.4byte	.LVL3-1
 1540 00f6 24000000 		.4byte	.LVL4
 1541 00fa 0400     		.2byte	0x4
 1542 00fc F3       		.byte	0xf3
 1543 00fd 01       		.uleb128 0x1
 1544 00fe 52       		.byte	0x52
ARM GAS  C:\Users\jesse\AppData\Local\Temp\ccFxDydS.s 			page 32


 1545 00ff 9F       		.byte	0x9f
 1546 0100 24000000 		.4byte	.LVL4
 1547 0104 27000000 		.4byte	.LVL5-1
 1548 0108 0100     		.2byte	0x1
 1549 010a 52       		.byte	0x52
 1550 010b 27000000 		.4byte	.LVL5-1
 1551 010f 2C000000 		.4byte	.LVL6
 1552 0113 0400     		.2byte	0x4
 1553 0115 F3       		.byte	0xf3
 1554 0116 01       		.uleb128 0x1
 1555 0117 52       		.byte	0x52
 1556 0118 9F       		.byte	0x9f
 1557 0119 2C000000 		.4byte	.LVL6
 1558 011d 34000000 		.4byte	.LVL7
 1559 0121 0100     		.2byte	0x1
 1560 0123 52       		.byte	0x52
 1561 0124 34000000 		.4byte	.LVL7
 1562 0128 3C000000 		.4byte	.LVL9
 1563 012c 0400     		.2byte	0x4
 1564 012e F3       		.byte	0xf3
 1565 012f 01       		.uleb128 0x1
 1566 0130 52       		.byte	0x52
 1567 0131 9F       		.byte	0x9f
 1568 0132 3C000000 		.4byte	.LVL9
 1569 0136 43000000 		.4byte	.LVL10-1
 1570 013a 0100     		.2byte	0x1
 1571 013c 52       		.byte	0x52
 1572 013d 43000000 		.4byte	.LVL10-1
 1573 0141 4A000000 		.4byte	.LVL11
 1574 0145 0400     		.2byte	0x4
 1575 0147 F3       		.byte	0xf3
 1576 0148 01       		.uleb128 0x1
 1577 0149 52       		.byte	0x52
 1578 014a 9F       		.byte	0x9f
 1579 014b 4A000000 		.4byte	.LVL11
 1580 014f 4F000000 		.4byte	.LVL12-1
 1581 0153 0100     		.2byte	0x1
 1582 0155 52       		.byte	0x52
 1583 0156 4F000000 		.4byte	.LVL12-1
 1584 015a 5A000000 		.4byte	.LVL13
 1585 015e 0400     		.2byte	0x4
 1586 0160 F3       		.byte	0xf3
 1587 0161 01       		.uleb128 0x1
 1588 0162 52       		.byte	0x52
 1589 0163 9F       		.byte	0x9f
 1590 0164 5A000000 		.4byte	.LVL13
 1591 0168 5D000000 		.4byte	.LVL14-1
 1592 016c 0100     		.2byte	0x1
 1593 016e 52       		.byte	0x52
 1594 016f 5D000000 		.4byte	.LVL14-1
 1595 0173 6E000000 		.4byte	.LVL16
 1596 0177 0400     		.2byte	0x4
 1597 0179 F3       		.byte	0xf3
 1598 017a 01       		.uleb128 0x1
 1599 017b 52       		.byte	0x52
 1600 017c 9F       		.byte	0x9f
 1601 017d 7A000000 		.4byte	.LVL18
ARM GAS  C:\Users\jesse\AppData\Local\Temp\ccFxDydS.s 			page 33


 1602 0181 7D000000 		.4byte	.LVL19-1
 1603 0185 0100     		.2byte	0x1
 1604 0187 52       		.byte	0x52
 1605 0188 7D000000 		.4byte	.LVL19-1
 1606 018c CA000000 		.4byte	.LVL32
 1607 0190 0400     		.2byte	0x4
 1608 0192 F3       		.byte	0xf3
 1609 0193 01       		.uleb128 0x1
 1610 0194 52       		.byte	0x52
 1611 0195 9F       		.byte	0x9f
 1612 0196 CA000000 		.4byte	.LVL32
 1613 019a D6000000 		.4byte	.LVL34
 1614 019e 0100     		.2byte	0x1
 1615 01a0 57       		.byte	0x57
 1616 01a1 D6000000 		.4byte	.LVL34
 1617 01a5 FC000000 		.4byte	.LFE0
 1618 01a9 0100     		.2byte	0x1
 1619 01ab 52       		.byte	0x52
 1620 01ac 00000000 		.4byte	0
 1621 01b0 00000000 		.4byte	0
 1622              	.LLST3:
 1623 01b4 00000000 		.4byte	.LVL0
 1624 01b8 14000000 		.4byte	.LVL2
 1625 01bc 0100     		.2byte	0x1
 1626 01be 53       		.byte	0x53
 1627 01bf 14000000 		.4byte	.LVL2
 1628 01c3 6E000000 		.4byte	.LVL16
 1629 01c7 0100     		.2byte	0x1
 1630 01c9 58       		.byte	0x58
 1631 01ca 6E000000 		.4byte	.LVL16
 1632 01ce 7A000000 		.4byte	.LVL18
 1633 01d2 0400     		.2byte	0x4
 1634 01d4 F3       		.byte	0xf3
 1635 01d5 01       		.uleb128 0x1
 1636 01d6 53       		.byte	0x53
 1637 01d7 9F       		.byte	0x9f
 1638 01d8 7A000000 		.4byte	.LVL18
 1639 01dc BA000000 		.4byte	.LVL27
 1640 01e0 0100     		.2byte	0x1
 1641 01e2 58       		.byte	0x58
 1642 01e3 BA000000 		.4byte	.LVL27
 1643 01e7 DE000000 		.4byte	.LVL35
 1644 01eb 0400     		.2byte	0x4
 1645 01ed F3       		.byte	0xf3
 1646 01ee 01       		.uleb128 0x1
 1647 01ef 53       		.byte	0x53
 1648 01f0 9F       		.byte	0x9f
 1649 01f1 DE000000 		.4byte	.LVL35
 1650 01f5 E4000000 		.4byte	.LVL37
 1651 01f9 0100     		.2byte	0x1
 1652 01fb 58       		.byte	0x58
 1653 01fc E4000000 		.4byte	.LVL37
 1654 0200 FC000000 		.4byte	.LFE0
 1655 0204 0400     		.2byte	0x4
 1656 0206 F3       		.byte	0xf3
 1657 0207 01       		.uleb128 0x1
 1658 0208 53       		.byte	0x53
ARM GAS  C:\Users\jesse\AppData\Local\Temp\ccFxDydS.s 			page 34


 1659 0209 9F       		.byte	0x9f
 1660 020a 00000000 		.4byte	0
 1661 020e 00000000 		.4byte	0
 1662              	.LLST4:
 1663 0212 86000000 		.4byte	.LVL20
 1664 0216 8C000000 		.4byte	.LVL21
 1665 021a 0800     		.2byte	0x8
 1666 021c 75       		.byte	0x75
 1667 021d 00       		.sleb128 0
 1668 021e 33       		.byte	0x33
 1669 021f 24       		.byte	0x24
 1670 0220 08       		.byte	0x8
 1671 0221 F8       		.byte	0xf8
 1672 0222 1A       		.byte	0x1a
 1673 0223 9F       		.byte	0x9f
 1674 0224 8C000000 		.4byte	.LVL21
 1675 0228 90000000 		.4byte	.LVL22
 1676 022c 0D00     		.2byte	0xd
 1677 022e 78       		.byte	0x78
 1678 022f 05       		.sleb128 5
 1679 0230 94       		.byte	0x94
 1680 0231 01       		.byte	0x1
 1681 0232 08       		.byte	0x8
 1682 0233 FF       		.byte	0xff
 1683 0234 1A       		.byte	0x1a
 1684 0235 33       		.byte	0x33
 1685 0236 24       		.byte	0x24
 1686 0237 08       		.byte	0x8
 1687 0238 F8       		.byte	0xf8
 1688 0239 1A       		.byte	0x1a
 1689 023a 9F       		.byte	0x9f
 1690 023b 90000000 		.4byte	.LVL22
 1691 023f C8000000 		.4byte	.LVL31
 1692 0243 0100     		.2byte	0x1
 1693 0245 55       		.byte	0x55
 1694 0246 00000000 		.4byte	0
 1695 024a 00000000 		.4byte	0
 1696              	.LLST5:
 1697 024e B6000000 		.4byte	.LVL26
 1698 0252 BC000000 		.4byte	.LVL28
 1699 0256 0100     		.2byte	0x1
 1700 0258 56       		.byte	0x56
 1701 0259 BC000000 		.4byte	.LVL28
 1702 025d BE000000 		.4byte	.LVL29
 1703 0261 0500     		.2byte	0x5
 1704 0263 F3       		.byte	0xf3
 1705 0264 01       		.uleb128 0x1
 1706 0265 53       		.byte	0x53
 1707 0266 23       		.byte	0x23
 1708 0267 04       		.uleb128 0x4
 1709 0268 BE000000 		.4byte	.LVL29
 1710 026c C2000000 		.4byte	.LVL30
 1711 0270 0100     		.2byte	0x1
 1712 0272 56       		.byte	0x56
 1713 0273 C2000000 		.4byte	.LVL30
 1714 0277 CA000000 		.4byte	.LVL32
 1715 027b 0300     		.2byte	0x3
ARM GAS  C:\Users\jesse\AppData\Local\Temp\ccFxDydS.s 			page 35


 1716 027d 09       		.byte	0x9
 1717 027e 84       		.byte	0x84
 1718 027f 9F       		.byte	0x9f
 1719 0280 CA000000 		.4byte	.LVL32
 1720 0284 DE000000 		.4byte	.LVL35
 1721 0288 0100     		.2byte	0x1
 1722 028a 56       		.byte	0x56
 1723 028b 00000000 		.4byte	0
 1724 028f 00000000 		.4byte	0
 1725              	.LLST6:
 1726 0293 BE000000 		.4byte	.LVL29
 1727 0297 DE000000 		.4byte	.LVL35
 1728 029b 0100     		.2byte	0x1
 1729 029d 58       		.byte	0x58
 1730 029e 00000000 		.4byte	0
 1731 02a2 00000000 		.4byte	0
 1732              		.section	.debug_aranges,"",%progbits
 1733 0000 1C000000 		.4byte	0x1c
 1734 0004 0200     		.2byte	0x2
 1735 0006 00000000 		.4byte	.Ldebug_info0
 1736 000a 04       		.byte	0x4
 1737 000b 00       		.byte	0
 1738 000c 0000     		.2byte	0
 1739 000e 0000     		.2byte	0
 1740 0010 00000000 		.4byte	.LFB0
 1741 0014 FC000000 		.4byte	.LFE0-.LFB0
 1742 0018 00000000 		.4byte	0
 1743 001c 00000000 		.4byte	0
 1744              		.section	.debug_ranges,"",%progbits
 1745              	.Ldebug_ranges0:
 1746 0000 00000000 		.4byte	.LFB0
 1747 0004 FC000000 		.4byte	.LFE0
 1748 0008 00000000 		.4byte	0
 1749 000c 00000000 		.4byte	0
 1750              		.section	.debug_line,"",%progbits
 1751              	.Ldebug_line0:
 1752 0000 9E010000 		.section	.debug_str,"MS",%progbits,1
 1752      02004F01 
 1752      00000201 
 1752      FB0E0D00 
 1752      01010101 
 1753              	.LASF74:
 1754 0000 75387838 		.ascii	"u8x8_uc1701_display_info\000"
 1754      5F756331 
 1754      3730315F 
 1754      64697370 
 1754      6C61795F 
 1755              	.LASF71:
 1756 0019 75387838 		.ascii	"u8x8_d_uc1701_mini12864_powersave1_seq\000"
 1756      5F645F75 
 1756      63313730 
 1756      315F6D69 
 1756      6E693132 
 1757              	.LASF26:
 1758 0040 785F6F66 		.ascii	"x_offset\000"
 1758      66736574 
 1758      00
ARM GAS  C:\Users\jesse\AppData\Local\Temp\ccFxDydS.s 			page 36


 1759              	.LASF27:
 1760 0049 69735F66 		.ascii	"is_font_inverse_mode\000"
 1760      6F6E745F 
 1760      696E7665 
 1760      7273655F 
 1760      6D6F6465 
 1761              	.LASF48:
 1762 005e 7370695F 		.ascii	"spi_mode\000"
 1762      6D6F6465 
 1762      00
 1763              	.LASF67:
 1764 0067 6172675F 		.ascii	"arg_ptr\000"
 1764      70747200 
 1765              	.LASF39:
 1766 006f 63686970 		.ascii	"chip_enable_level\000"
 1766      5F656E61 
 1766      626C655F 
 1766      6C657665 
 1766      6C00
 1767              	.LASF24:
 1768 0081 666F6E74 		.ascii	"font\000"
 1768      00
 1769              	.LASF35:
 1770 0086 6465626F 		.ascii	"debounce_result_msg\000"
 1770      756E6365 
 1770      5F726573 
 1770      756C745F 
 1770      6D736700 
 1771              	.LASF2:
 1772 009a 73686F72 		.ascii	"short int\000"
 1772      7420696E 
 1772      7400
 1773              	.LASF22:
 1774 00a4 6770696F 		.ascii	"gpio_and_delay_cb\000"
 1774      5F616E64 
 1774      5F64656C 
 1774      61795F63 
 1774      6200
 1775              	.LASF52:
 1776 00b6 74696C65 		.ascii	"tile_width\000"
 1776      5F776964 
 1776      746800
 1777              	.LASF68:
 1778 00c1 73697A65 		.ascii	"sizetype\000"
 1778      74797065 
 1778      00
 1779              	.LASF45:
 1780 00ca 7364615F 		.ascii	"sda_setup_time_ns\000"
 1780      73657475 
 1780      705F7469 
 1780      6D655F6E 
 1780      7300
 1781              	.LASF44:
 1782 00dc 706F7374 		.ascii	"post_reset_wait_ms\000"
 1782      5F726573 
 1782      65745F77 
 1782      6169745F 
ARM GAS  C:\Users\jesse\AppData\Local\Temp\ccFxDydS.s 			page 37


 1782      6D7300
 1783              	.LASF7:
 1784 00ef 5F5F7569 		.ascii	"__uint32_t\000"
 1784      6E743332 
 1784      5F7400
 1785              	.LASF4:
 1786 00fa 5F5F7569 		.ascii	"__uint16_t\000"
 1786      6E743136 
 1786      5F7400
 1787              	.LASF69:
 1788 0105 75387838 		.ascii	"u8x8_d_uc1701_mini12864_init_seq\000"
 1788      5F645F75 
 1788      63313730 
 1788      315F6D69 
 1788      6E693132 
 1789              	.LASF51:
 1790 0126 77726974 		.ascii	"write_pulse_width_ns\000"
 1790      655F7075 
 1790      6C73655F 
 1790      77696474 
 1790      685F6E73 
 1791              	.LASF12:
 1792 013b 75696E74 		.ascii	"uint8_t\000"
 1792      385F7400 
 1793              	.LASF41:
 1794 0143 706F7374 		.ascii	"post_chip_enable_wait_ns\000"
 1794      5F636869 
 1794      705F656E 
 1794      61626C65 
 1794      5F776169 
 1795              	.LASF65:
 1796 015c 75387838 		.ascii	"u8x8\000"
 1796      00
 1797              	.LASF60:
 1798 0161 74696C65 		.ascii	"tile_ptr\000"
 1798      5F707472 
 1798      00
 1799              	.LASF66:
 1800 016a 6172675F 		.ascii	"arg_int\000"
 1800      696E7400 
 1801              	.LASF82:
 1802 0172 75387838 		.ascii	"u8x8_cad_SendData\000"
 1802      5F636164 
 1802      5F53656E 
 1802      64446174 
 1802      6100
 1803              	.LASF23:
 1804 0184 6275735F 		.ascii	"bus_clock\000"
 1804      636C6F63 
 1804      6B00
 1805              	.LASF54:
 1806 018e 64656661 		.ascii	"default_x_offset\000"
 1806      756C745F 
 1806      785F6F66 
 1806      66736574 
 1806      00
 1807              	.LASF84:
ARM GAS  C:\Users\jesse\AppData\Local\Temp\ccFxDydS.s 			page 38


 1808 019f 2E2E5C2E 		.ascii	"..\\..\\..\\u8g2\\u8g2\\csrc\\u8x8_d_uc1701_mini128"
 1808      2E5C2E2E 
 1808      5C753867 
 1808      325C7538 
 1808      67325C63 
 1809 01cc 36342E63 		.ascii	"64.c\000"
 1809      00
 1810              	.LASF33:
 1811 01d1 6465626F 		.ascii	"debounce_last_pin_state\000"
 1811      756E6365 
 1811      5F6C6173 
 1811      745F7069 
 1811      6E5F7374 
 1812              	.LASF9:
 1813 01e9 6C6F6E67 		.ascii	"long long int\000"
 1813      206C6F6E 
 1813      6720696E 
 1813      7400
 1814              	.LASF31:
 1815 01f7 6770696F 		.ascii	"gpio_result\000"
 1815      5F726573 
 1815      756C7400 
 1816              	.LASF72:
 1817 0203 75387838 		.ascii	"u8x8_d_uc1701_mini12864_flip0_seq\000"
 1817      5F645F75 
 1817      63313730 
 1817      315F6D69 
 1817      6E693132 
 1818              	.LASF46:
 1819 0225 73636B5F 		.ascii	"sck_pulse_width_ns\000"
 1819      70756C73 
 1819      655F7769 
 1819      6474685F 
 1819      6E7300
 1820              	.LASF79:
 1821 0238 75387838 		.ascii	"u8x8_cad_SendCmd\000"
 1821      5F636164 
 1821      5F53656E 
 1821      64436D64 
 1821      00
 1822              	.LASF76:
 1823 0249 75387838 		.ascii	"u8x8_d_helper_display_init\000"
 1823      5F645F68 
 1823      656C7065 
 1823      725F6469 
 1823      73706C61 
 1824              	.LASF6:
 1825 0264 6C6F6E67 		.ascii	"long int\000"
 1825      20696E74 
 1825      00
 1826              	.LASF81:
 1827 026d 75387838 		.ascii	"u8x8_cad_EndTransfer\000"
 1827      5F636164 
 1827      5F456E64 
 1827      5472616E 
 1827      73666572 
 1828              	.LASF61:
ARM GAS  C:\Users\jesse\AppData\Local\Temp\ccFxDydS.s 			page 39


 1829 0282 785F706F 		.ascii	"x_pos\000"
 1829      7300
 1830              	.LASF3:
 1831 0288 5F5F7569 		.ascii	"__uint8_t\000"
 1831      6E74385F 
 1831      7400
 1832              	.LASF19:
 1833 0292 64697370 		.ascii	"display_cb\000"
 1833      6C61795F 
 1833      636200
 1834              	.LASF50:
 1835 029d 64617461 		.ascii	"data_setup_time_ns\000"
 1835      5F736574 
 1835      75705F74 
 1835      696D655F 
 1835      6E7300
 1836              	.LASF15:
 1837 02b0 6C6F6E67 		.ascii	"long double\000"
 1837      20646F75 
 1837      626C6500 
 1838              	.LASF53:
 1839 02bc 74696C65 		.ascii	"tile_height\000"
 1839      5F686569 
 1839      67687400 
 1840              	.LASF86:
 1841 02c8 75387838 		.ascii	"u8x8_d_uc1701_mini12864\000"
 1841      5F645F75 
 1841      63313730 
 1841      315F6D69 
 1841      6E693132 
 1842              	.LASF1:
 1843 02e0 756E7369 		.ascii	"unsigned char\000"
 1843      676E6564 
 1843      20636861 
 1843      7200
 1844              	.LASF0:
 1845 02ee 7369676E 		.ascii	"signed char\000"
 1845      65642063 
 1845      68617200 
 1846              	.LASF10:
 1847 02fa 6C6F6E67 		.ascii	"long long unsigned int\000"
 1847      206C6F6E 
 1847      6720756E 
 1847      7369676E 
 1847      65642069 
 1848              	.LASF14:
 1849 0311 75696E74 		.ascii	"uint32_t\000"
 1849      33325F74 
 1849      00
 1850              	.LASF59:
 1851 031a 75387838 		.ascii	"u8x8_tile_struct\000"
 1851      5F74696C 
 1851      655F7374 
 1851      72756374 
 1851      00
 1852              	.LASF11:
 1853 032b 756E7369 		.ascii	"unsigned int\000"
ARM GAS  C:\Users\jesse\AppData\Local\Temp\ccFxDydS.s 			page 40


 1853      676E6564 
 1853      20696E74 
 1853      00
 1854              	.LASF13:
 1855 0338 75696E74 		.ascii	"uint16_t\000"
 1855      31365F74 
 1855      00
 1856              	.LASF38:
 1857 0341 75387838 		.ascii	"u8x8_display_info_struct\000"
 1857      5F646973 
 1857      706C6179 
 1857      5F696E66 
 1857      6F5F7374 
 1858              	.LASF78:
 1859 035a 75387838 		.ascii	"u8x8_cad_StartTransfer\000"
 1859      5F636164 
 1859      5F537461 
 1859      72745472 
 1859      616E7366 
 1860              	.LASF43:
 1861 0371 72657365 		.ascii	"reset_pulse_width_ms\000"
 1861      745F7075 
 1861      6C73655F 
 1861      77696474 
 1861      685F6D73 
 1862              	.LASF16:
 1863 0386 75387838 		.ascii	"u8x8_t\000"
 1863      5F7400
 1864              	.LASF83:
 1865 038d 474E5520 		.ascii	"GNU C11 5.4.1 20160609 (release) [ARM/embedded-5-br"
 1865      43313120 
 1865      352E342E 
 1865      31203230 
 1865      31363036 
 1866 03c0 616E6368 		.ascii	"anch revision 237715] -mcpu=cortex-m3 -mthumb -g -O"
 1866      20726576 
 1866      6973696F 
 1866      6E203233 
 1866      37373135 
 1867 03f3 73202D66 		.ascii	"s -ffunction-sections -ffat-lto-objects\000"
 1867      66756E63 
 1867      74696F6E 
 1867      2D736563 
 1867      74696F6E 
 1868              	.LASF49:
 1869 041b 6932635F 		.ascii	"i2c_bus_clock_100kHz\000"
 1869      6275735F 
 1869      636C6F63 
 1869      6B5F3130 
 1869      306B487A 
 1870              	.LASF47:
 1871 0430 73636B5F 		.ascii	"sck_clock_hz\000"
 1871      636C6F63 
 1871      6B5F687A 
 1871      00
 1872              	.LASF85:
 1873 043d 433A5C55 		.ascii	"C:\\Users\\jesse\\OneDrive\\Bureaublad\\practice_em"
ARM GAS  C:\Users\jesse\AppData\Local\Temp\ccFxDydS.s 			page 41


 1873      73657273 
 1873      5C6A6573 
 1873      73655C4F 
 1873      6E654472 
 1874 046b 62656464 		.ascii	"bedded\\Practice_EmbeddedProgramming\\Display_count"
 1874      65645C50 
 1874      72616374 
 1874      6963655F 
 1874      456D6265 
 1875 049c 2E637964 		.ascii	".cydsn\000"
 1875      736E00
 1876              	.LASF5:
 1877 04a3 73686F72 		.ascii	"short unsigned int\000"
 1877      7420756E 
 1877      7369676E 
 1877      65642069 
 1877      6E7400
 1878              	.LASF64:
 1879 04b6 75387838 		.ascii	"u8x8_char_cb\000"
 1879      5F636861 
 1879      725F6362 
 1879      00
 1880              	.LASF34:
 1881 04c3 6465626F 		.ascii	"debounce_state\000"
 1881      756E6365 
 1881      5F737461 
 1881      746500
 1882              	.LASF17:
 1883 04d2 64697370 		.ascii	"display_info\000"
 1883      6C61795F 
 1883      696E666F 
 1883      00
 1884              	.LASF57:
 1885 04df 70697865 		.ascii	"pixel_height\000"
 1885      6C5F6865 
 1885      69676874 
 1885      00
 1886              	.LASF56:
 1887 04ec 70697865 		.ascii	"pixel_width\000"
 1887      6C5F7769 
 1887      64746800 
 1888              	.LASF30:
 1889 04f8 75746638 		.ascii	"utf8_state\000"
 1889      5F737461 
 1889      746500
 1890              	.LASF37:
 1891 0503 75387838 		.ascii	"u8x8_struct\000"
 1891      5F737472 
 1891      75637400 
 1892              	.LASF62:
 1893 050f 795F706F 		.ascii	"y_pos\000"
 1893      7300
 1894              	.LASF77:
 1895 0515 75387838 		.ascii	"u8x8_cad_SendSequence\000"
 1895      5F636164 
 1895      5F53656E 
 1895      64536571 
ARM GAS  C:\Users\jesse\AppData\Local\Temp\ccFxDydS.s 			page 42


 1895      75656E63 
 1896              	.LASF8:
 1897 052b 6C6F6E67 		.ascii	"long unsigned int\000"
 1897      20756E73 
 1897      69676E65 
 1897      6420696E 
 1897      7400
 1898              	.LASF21:
 1899 053d 62797465 		.ascii	"byte_cb\000"
 1899      5F636200 
 1900              	.LASF40:
 1901 0545 63686970 		.ascii	"chip_disable_level\000"
 1901      5F646973 
 1901      61626C65 
 1901      5F6C6576 
 1901      656C00
 1902              	.LASF28:
 1903 0558 6932635F 		.ascii	"i2c_address\000"
 1903      61646472 
 1903      65737300 
 1904              	.LASF70:
 1905 0564 75387838 		.ascii	"u8x8_d_uc1701_mini12864_powersave0_seq\000"
 1905      5F645F75 
 1905      63313730 
 1905      315F6D69 
 1905      6E693132 
 1906              	.LASF55:
 1907 058b 666C6970 		.ascii	"flipmode_x_offset\000"
 1907      6D6F6465 
 1907      5F785F6F 
 1907      66667365 
 1907      7400
 1908              	.LASF25:
 1909 059d 656E636F 		.ascii	"encoding\000"
 1909      64696E67 
 1909      00
 1910              	.LASF73:
 1911 05a6 75387838 		.ascii	"u8x8_d_uc1701_mini12864_flip1_seq\000"
 1911      5F645F75 
 1911      63313730 
 1911      315F6D69 
 1911      6E693132 
 1912              	.LASF29:
 1913 05c8 6932635F 		.ascii	"i2c_started\000"
 1913      73746172 
 1913      74656400 
 1914              	.LASF75:
 1915 05d4 75387838 		.ascii	"u8x8_d_helper_display_setup_memory\000"
 1915      5F645F68 
 1915      656C7065 
 1915      725F6469 
 1915      73706C61 
 1916              	.LASF20:
 1917 05f7 6361645F 		.ascii	"cad_cb\000"
 1917      636200
 1918              	.LASF58:
 1919 05fe 75387838 		.ascii	"u8x8_tile_t\000"
ARM GAS  C:\Users\jesse\AppData\Local\Temp\ccFxDydS.s 			page 43


 1919      5F74696C 
 1919      655F7400 
 1920              	.LASF36:
 1921 060a 75387838 		.ascii	"u8x8_display_info_t\000"
 1921      5F646973 
 1921      706C6179 
 1921      5F696E66 
 1921      6F5F7400 
 1922              	.LASF80:
 1923 061e 75387838 		.ascii	"u8x8_cad_SendArg\000"
 1923      5F636164 
 1923      5F53656E 
 1923      64417267 
 1923      00
 1924              	.LASF32:
 1925 062f 6465626F 		.ascii	"debounce_default_pin_state\000"
 1925      756E6365 
 1925      5F646566 
 1925      61756C74 
 1925      5F70696E 
 1926              	.LASF63:
 1927 064a 75387838 		.ascii	"u8x8_msg_cb\000"
 1927      5F6D7367 
 1927      5F636200 
 1928              	.LASF18:
 1929 0656 6E657874 		.ascii	"next_cb\000"
 1929      5F636200 
 1930              	.LASF42:
 1931 065e 7072655F 		.ascii	"pre_chip_disable_wait_ns\000"
 1931      63686970 
 1931      5F646973 
 1931      61626C65 
 1931      5F776169 
 1932              		.ident	"GCC: (GNU Tools for ARM Embedded Processors) 5.4.1 20160609 (release) [ARM/embedded-5-bran
