ARM GAS  C:\Users\jesse\AppData\Local\Temp\cc7VdxJ8.s 			page 1


   1              		.syntax unified
   2              		.cpu cortex-m3
   3              		.fpu softvfp
   4              		.eabi_attribute 20, 1
   5              		.eabi_attribute 21, 1
   6              		.eabi_attribute 23, 3
   7              		.eabi_attribute 24, 1
   8              		.eabi_attribute 25, 1
   9              		.eabi_attribute 26, 1
  10              		.eabi_attribute 30, 4
  11              		.eabi_attribute 34, 1
  12              		.eabi_attribute 18, 4
  13              		.thumb
  14              		.syntax unified
  15              		.file	"u8x8_input_value.c"
  16              		.text
  17              	.Ltext0:
  18              		.cfi_sections	.debug_frame
  19              		.section	.text.u8x8_UserInterfaceInputValue,"ax",%progbits
  20              		.align	1
  21              		.global	u8x8_UserInterfaceInputValue
  22              		.thumb
  23              		.thumb_func
  24              		.type	u8x8_UserInterfaceInputValue, %function
  25              	u8x8_UserInterfaceInputValue:
  26              	.LFB0:
  27              		.file 1 "..\\..\\..\\u8g2\\u8g2\\csrc\\u8x8_input_value.c"
   1:..\..\..\u8g2\u8g2\csrc/u8x8_input_value.c **** /*
   2:..\..\..\u8g2\u8g2\csrc/u8x8_input_value.c **** 
   3:..\..\..\u8g2\u8g2\csrc/u8x8_input_value.c ****   u8x8_input_value.c
   4:..\..\..\u8g2\u8g2\csrc/u8x8_input_value.c ****   
   5:..\..\..\u8g2\u8g2\csrc/u8x8_input_value.c ****   Universal 8bit Graphics Library (https://github.com/olikraus/u8g2/)
   6:..\..\..\u8g2\u8g2\csrc/u8x8_input_value.c **** 
   7:..\..\..\u8g2\u8g2\csrc/u8x8_input_value.c ****   Copyright (c) 2016, olikraus@gmail.com
   8:..\..\..\u8g2\u8g2\csrc/u8x8_input_value.c ****   All rights reserved.
   9:..\..\..\u8g2\u8g2\csrc/u8x8_input_value.c **** 
  10:..\..\..\u8g2\u8g2\csrc/u8x8_input_value.c ****   Redistribution and use in source and binary forms, with or without modification, 
  11:..\..\..\u8g2\u8g2\csrc/u8x8_input_value.c ****   are permitted provided that the following conditions are met:
  12:..\..\..\u8g2\u8g2\csrc/u8x8_input_value.c **** 
  13:..\..\..\u8g2\u8g2\csrc/u8x8_input_value.c ****   * Redistributions of source code must retain the above copyright notice, this list 
  14:..\..\..\u8g2\u8g2\csrc/u8x8_input_value.c ****     of conditions and the following disclaimer.
  15:..\..\..\u8g2\u8g2\csrc/u8x8_input_value.c ****     
  16:..\..\..\u8g2\u8g2\csrc/u8x8_input_value.c ****   * Redistributions in binary form must reproduce the above copyright notice, this 
  17:..\..\..\u8g2\u8g2\csrc/u8x8_input_value.c ****     list of conditions and the following disclaimer in the documentation and/or other 
  18:..\..\..\u8g2\u8g2\csrc/u8x8_input_value.c ****     materials provided with the distribution.
  19:..\..\..\u8g2\u8g2\csrc/u8x8_input_value.c **** 
  20:..\..\..\u8g2\u8g2\csrc/u8x8_input_value.c ****   THIS SOFTWARE IS PROVIDED BY THE COPYRIGHT HOLDERS AND 
  21:..\..\..\u8g2\u8g2\csrc/u8x8_input_value.c ****   CONTRIBUTORS "AS IS" AND ANY EXPRESS OR IMPLIED WARRANTIES, 
  22:..\..\..\u8g2\u8g2\csrc/u8x8_input_value.c ****   INCLUDING, BUT NOT LIMITED TO, THE IMPLIED WARRANTIES OF 
  23:..\..\..\u8g2\u8g2\csrc/u8x8_input_value.c ****   MERCHANTABILITY AND FITNESS FOR A PARTICULAR PURPOSE ARE 
  24:..\..\..\u8g2\u8g2\csrc/u8x8_input_value.c ****   DISCLAIMED. IN NO EVENT SHALL THE COPYRIGHT HOLDER OR 
  25:..\..\..\u8g2\u8g2\csrc/u8x8_input_value.c ****   CONTRIBUTORS BE LIABLE FOR ANY DIRECT, INDIRECT, INCIDENTAL, 
  26:..\..\..\u8g2\u8g2\csrc/u8x8_input_value.c ****   SPECIAL, EXEMPLARY, OR CONSEQUENTIAL DAMAGES (INCLUDING, BUT 
  27:..\..\..\u8g2\u8g2\csrc/u8x8_input_value.c ****   NOT LIMITED TO, PROCUREMENT OF SUBSTITUTE GOODS OR SERVICES; 
  28:..\..\..\u8g2\u8g2\csrc/u8x8_input_value.c ****   LOSS OF USE, DATA, OR PROFITS; OR BUSINESS INTERRUPTION) HOWEVER 
  29:..\..\..\u8g2\u8g2\csrc/u8x8_input_value.c ****   CAUSED AND ON ANY THEORY OF LIABILITY, WHETHER IN CONTRACT, 
  30:..\..\..\u8g2\u8g2\csrc/u8x8_input_value.c ****   STRICT LIABILITY, OR TORT (INCLUDING NEGLIGENCE OR OTHERWISE) 
ARM GAS  C:\Users\jesse\AppData\Local\Temp\cc7VdxJ8.s 			page 2


  31:..\..\..\u8g2\u8g2\csrc/u8x8_input_value.c ****   ARISING IN ANY WAY OUT OF THE USE OF THIS SOFTWARE, EVEN IF 
  32:..\..\..\u8g2\u8g2\csrc/u8x8_input_value.c ****   ADVISED OF THE POSSIBILITY OF SUCH DAMAGE.  
  33:..\..\..\u8g2\u8g2\csrc/u8x8_input_value.c ****   
  34:..\..\..\u8g2\u8g2\csrc/u8x8_input_value.c **** */
  35:..\..\..\u8g2\u8g2\csrc/u8x8_input_value.c **** 
  36:..\..\..\u8g2\u8g2\csrc/u8x8_input_value.c **** #include "u8x8.h"
  37:..\..\..\u8g2\u8g2\csrc/u8x8_input_value.c **** 
  38:..\..\..\u8g2\u8g2\csrc/u8x8_input_value.c **** /*
  39:..\..\..\u8g2\u8g2\csrc/u8x8_input_value.c ****   return:
  40:..\..\..\u8g2\u8g2\csrc/u8x8_input_value.c ****     0: value is not changed (HOME/Break Button pressed)
  41:..\..\..\u8g2\u8g2\csrc/u8x8_input_value.c ****     1: value has been updated
  42:..\..\..\u8g2\u8g2\csrc/u8x8_input_value.c **** */
  43:..\..\..\u8g2\u8g2\csrc/u8x8_input_value.c **** 
  44:..\..\..\u8g2\u8g2\csrc/u8x8_input_value.c **** uint8_t u8x8_UserInterfaceInputValue(u8x8_t *u8x8, const char *title, const char *pre, uint8_t *val
  45:..\..\..\u8g2\u8g2\csrc/u8x8_input_value.c **** {
  28              		.loc 1 45 0
  29              		.cfi_startproc
  30              		@ args = 16, pretend = 0, frame = 8
  31              		@ frame_needed = 0, uses_anonymous_args = 0
  32              	.LVL0:
  33 0000 2DE9F04F 		push	{r4, r5, r6, r7, r8, r9, r10, fp, lr}
  34              		.cfi_def_cfa_offset 36
  35              		.cfi_offset 4, -36
  36              		.cfi_offset 5, -32
  37              		.cfi_offset 6, -28
  38              		.cfi_offset 7, -24
  39              		.cfi_offset 8, -20
  40              		.cfi_offset 9, -16
  41              		.cfi_offset 10, -12
  42              		.cfi_offset 11, -8
  43              		.cfi_offset 14, -4
  44 0004 9946     		mov	r9, r3
  45 0006 85B0     		sub	sp, sp, #20
  46              		.cfi_def_cfa_offset 56
  47              		.loc 1 45 0
  48 0008 0446     		mov	r4, r0
  49 000a 9DF83C30 		ldrb	r3, [sp, #60]	@ zero_extendqisi2
  50              	.LVL1:
  46:..\..\..\u8g2\u8g2\csrc/u8x8_input_value.c ****   uint8_t height;
  47:..\..\..\u8g2\u8g2\csrc/u8x8_input_value.c ****   uint8_t y;
  48:..\..\..\u8g2\u8g2\csrc/u8x8_input_value.c ****   uint8_t width;
  49:..\..\..\u8g2\u8g2\csrc/u8x8_input_value.c ****   uint8_t x;
  50:..\..\..\u8g2\u8g2\csrc/u8x8_input_value.c ****   uint8_t local_value = *value;
  51:..\..\..\u8g2\u8g2\csrc/u8x8_input_value.c ****   uint8_t r;
  52:..\..\..\u8g2\u8g2\csrc/u8x8_input_value.c ****   uint8_t event;
  53:..\..\..\u8g2\u8g2\csrc/u8x8_input_value.c **** 
  54:..\..\..\u8g2\u8g2\csrc/u8x8_input_value.c ****   /* calculate overall height of the input value box */
  55:..\..\..\u8g2\u8g2\csrc/u8x8_input_value.c ****   height = 1;	/* button line */
  56:..\..\..\u8g2\u8g2\csrc/u8x8_input_value.c ****   height += u8x8_GetStringLineCnt(title);
  51              		.loc 1 56 0
  52 000e 0846     		mov	r0, r1
  53              	.LVL2:
  45:..\..\..\u8g2\u8g2\csrc/u8x8_input_value.c ****   uint8_t height;
  54              		.loc 1 45 0
  55 0010 9246     		mov	r10, r2
  56 0012 9DF84080 		ldrb	r8, [sp, #64]	@ zero_extendqisi2
  57 0016 0291     		str	r1, [sp, #8]
ARM GAS  C:\Users\jesse\AppData\Local\Temp\cc7VdxJ8.s 			page 3


  58 0018 0393     		str	r3, [sp, #12]
  59 001a 9DF838B0 		ldrb	fp, [sp, #56]	@ zero_extendqisi2
  50:..\..\..\u8g2\u8g2\csrc/u8x8_input_value.c ****   uint8_t r;
  60              		.loc 1 50 0
  61 001e 99F80060 		ldrb	r6, [r9]	@ zero_extendqisi2
  62              	.LVL3:
  63              		.loc 1 56 0
  64 0022 FFF7FEFF 		bl	u8x8_GetStringLineCnt
  65              	.LVL4:
  57:..\..\..\u8g2\u8g2\csrc/u8x8_input_value.c ****   
  58:..\..\..\u8g2\u8g2\csrc/u8x8_input_value.c ****   /* calculate offset from top */
  59:..\..\..\u8g2\u8g2\csrc/u8x8_input_value.c ****   y = 0;
  60:..\..\..\u8g2\u8g2\csrc/u8x8_input_value.c ****   if ( height < u8x8_GetRows(u8x8)  )
  66              		.loc 1 60 0
  67 0026 2368     		ldr	r3, [r4]
  56:..\..\..\u8g2\u8g2\csrc/u8x8_input_value.c ****   
  68              		.loc 1 56 0
  69 0028 0130     		adds	r0, r0, #1
  70              		.loc 1 60 0
  71 002a 5B7C     		ldrb	r3, [r3, #17]	@ zero_extendqisi2
  56:..\..\..\u8g2\u8g2\csrc/u8x8_input_value.c ****   
  72              		.loc 1 56 0
  73 002c C5B2     		uxtb	r5, r0
  74              	.LVL5:
  75              		.loc 1 60 0
  76 002e 9D42     		cmp	r5, r3
  77              	.LVL6:
  61:..\..\..\u8g2\u8g2\csrc/u8x8_input_value.c ****   {
  62:..\..\..\u8g2\u8g2\csrc/u8x8_input_value.c ****     y = u8x8_GetRows(u8x8);
  63:..\..\..\u8g2\u8g2\csrc/u8x8_input_value.c ****     y -= height;
  78              		.loc 1 63 0
  79 0030 38BF     		it	cc
  80 0032 5D1B     		subcc	r5, r3, r5
  81              	.LVL7:
  64:..\..\..\u8g2\u8g2\csrc/u8x8_input_value.c ****     y /= 2;
  65:..\..\..\u8g2\u8g2\csrc/u8x8_input_value.c ****   }
  66:..\..\..\u8g2\u8g2\csrc/u8x8_input_value.c ****   
  67:..\..\..\u8g2\u8g2\csrc/u8x8_input_value.c ****   /* calculate offset from left for the label */
  68:..\..\..\u8g2\u8g2\csrc/u8x8_input_value.c ****   x = 0;
  69:..\..\..\u8g2\u8g2\csrc/u8x8_input_value.c ****   width = u8x8_GetUTF8Len(u8x8, pre);
  82              		.loc 1 69 0
  83 0034 5146     		mov	r1, r10
  84 0036 2046     		mov	r0, r4
  85              	.LVL8:
  64:..\..\..\u8g2\u8g2\csrc/u8x8_input_value.c ****     y /= 2;
  86              		.loc 1 64 0
  87 0038 34BF     		ite	cc
  88 003a C5F34605 		ubfxcc	r5, r5, #1, #7
  89              	.LVL9:
  59:..\..\..\u8g2\u8g2\csrc/u8x8_input_value.c ****   if ( height < u8x8_GetRows(u8x8)  )
  90              		.loc 1 59 0
  91 003e 0025     		movcs	r5, #0
  92              	.LVL10:
  93              		.loc 1 69 0
  94 0040 FFF7FEFF 		bl	u8x8_GetUTF8Len
  95              	.LVL11:
  70:..\..\..\u8g2\u8g2\csrc/u8x8_input_value.c ****   width += digits;
ARM GAS  C:\Users\jesse\AppData\Local\Temp\cc7VdxJ8.s 			page 4


  71:..\..\..\u8g2\u8g2\csrc/u8x8_input_value.c ****   width += u8x8_GetUTF8Len(u8x8, post);
  96              		.loc 1 71 0
  97 0044 1199     		ldr	r1, [sp, #68]
  69:..\..\..\u8g2\u8g2\csrc/u8x8_input_value.c ****   width += digits;
  98              		.loc 1 69 0
  99 0046 0746     		mov	r7, r0
 100              	.LVL12:
 101              		.loc 1 71 0
 102 0048 2046     		mov	r0, r4
 103 004a FFF7FEFF 		bl	u8x8_GetUTF8Len
 104              	.LVL13:
  72:..\..\..\u8g2\u8g2\csrc/u8x8_input_value.c ****   if ( width < u8x8_GetCols(u8x8) )
 105              		.loc 1 72 0
 106 004e 2368     		ldr	r3, [r4]
 107 0050 3844     		add	r0, r0, r7
  71:..\..\..\u8g2\u8g2\csrc/u8x8_input_value.c ****   if ( width < u8x8_GetCols(u8x8) )
 108              		.loc 1 71 0
 109 0052 4044     		add	r0, r0, r8
 110              		.loc 1 72 0
 111 0054 1F7C     		ldrb	r7, [r3, #16]	@ zero_extendqisi2
 112              	.LVL14:
  71:..\..\..\u8g2\u8g2\csrc/u8x8_input_value.c ****   if ( width < u8x8_GetCols(u8x8) )
 113              		.loc 1 71 0
 114 0056 00F0FF00 		and	r0, r0, #255
 115              	.LVL15:
 116              		.loc 1 72 0
 117 005a B842     		cmp	r0, r7
 118              	.LVL16:
  73:..\..\..\u8g2\u8g2\csrc/u8x8_input_value.c ****   {
  74:..\..\..\u8g2\u8g2\csrc/u8x8_input_value.c ****     x = u8x8_GetCols(u8x8);
  75:..\..\..\u8g2\u8g2\csrc/u8x8_input_value.c ****     x -= width;
 119              		.loc 1 75 0
 120 005c 38BF     		it	cc
 121 005e 3F1A     		subcc	r7, r7, r0
 122              	.LVL17:
  76:..\..\..\u8g2\u8g2\csrc/u8x8_input_value.c ****     x /= 2;
  77:..\..\..\u8g2\u8g2\csrc/u8x8_input_value.c ****   }
  78:..\..\..\u8g2\u8g2\csrc/u8x8_input_value.c ****   
  79:..\..\..\u8g2\u8g2\csrc/u8x8_input_value.c ****   /* render */
  80:..\..\..\u8g2\u8g2\csrc/u8x8_input_value.c ****   u8x8_ClearDisplay(u8x8);   /* required, because not everything is filled */
 123              		.loc 1 80 0
 124 0060 2046     		mov	r0, r4
 125              	.LVL18:
  76:..\..\..\u8g2\u8g2\csrc/u8x8_input_value.c ****     x /= 2;
 126              		.loc 1 76 0
 127 0062 34BF     		ite	cc
 128 0064 C7F34607 		ubfxcc	r7, r7, #1, #7
 129              	.LVL19:
  68:..\..\..\u8g2\u8g2\csrc/u8x8_input_value.c ****   width = u8x8_GetUTF8Len(u8x8, pre);
 130              		.loc 1 68 0
 131 0068 0027     		movcs	r7, #0
 132              	.LVL20:
 133              		.loc 1 80 0
 134 006a FFF7FEFF 		bl	u8x8_ClearDisplay
 135              	.LVL21:
  81:..\..\..\u8g2\u8g2\csrc/u8x8_input_value.c ****   u8x8_SetInverseFont(u8x8, 0);  
 136              		.loc 1 81 0
ARM GAS  C:\Users\jesse\AppData\Local\Temp\cc7VdxJ8.s 			page 5


 137 006e 0021     		movs	r1, #0
  82:..\..\..\u8g2\u8g2\csrc/u8x8_input_value.c ****   y += u8x8_DrawUTF8Lines(u8x8, 0, y, u8x8_GetCols(u8x8), title);
 138              		.loc 1 82 0
 139 0070 029A     		ldr	r2, [sp, #8]
 140 0072 2368     		ldr	r3, [r4]
  81:..\..\..\u8g2\u8g2\csrc/u8x8_input_value.c ****   u8x8_SetInverseFont(u8x8, 0);  
 141              		.loc 1 81 0
 142 0074 84F82310 		strb	r1, [r4, #35]
 143              		.loc 1 82 0
 144 0078 1B7C     		ldrb	r3, [r3, #16]	@ zero_extendqisi2
 145 007a 2046     		mov	r0, r4
 146 007c 0092     		str	r2, [sp]
 147 007e 2A46     		mov	r2, r5
 148 0080 FFF7FEFF 		bl	u8x8_DrawUTF8Lines
 149              	.LVL22:
 150 0084 2844     		add	r0, r0, r5
 151 0086 C5B2     		uxtb	r5, r0
 152              	.LVL23:
  83:..\..\..\u8g2\u8g2\csrc/u8x8_input_value.c ****   x += u8x8_DrawUTF8(u8x8, x, y, pre);
 153              		.loc 1 83 0
 154 0088 3946     		mov	r1, r7
 155 008a 5346     		mov	r3, r10
 156 008c 2A46     		mov	r2, r5
 157 008e 2046     		mov	r0, r4
 158 0090 FFF7FEFF 		bl	u8x8_DrawUTF8
 159              	.LVL24:
 160 0094 3844     		add	r0, r0, r7
 161 0096 C7B2     		uxtb	r7, r0
 162              	.LVL25:
  84:..\..\..\u8g2\u8g2\csrc/u8x8_input_value.c ****   u8x8_DrawUTF8(u8x8, x+digits, y, post);
 163              		.loc 1 84 0
 164 0098 08EB0701 		add	r1, r8, r7
 165 009c 119B     		ldr	r3, [sp, #68]
 166 009e 2A46     		mov	r2, r5
 167 00a0 C9B2     		uxtb	r1, r1
 168 00a2 2046     		mov	r0, r4
 169 00a4 FFF7FEFF 		bl	u8x8_DrawUTF8
 170              	.LVL26:
  85:..\..\..\u8g2\u8g2\csrc/u8x8_input_value.c ****   u8x8_SetInverseFont(u8x8, 1);
 171              		.loc 1 85 0
 172 00a8 0123     		movs	r3, #1
 173 00aa 84F82330 		strb	r3, [r4, #35]
 174              	.LVL27:
 175              	.L24:
  86:..\..\..\u8g2\u8g2\csrc/u8x8_input_value.c ****   
  87:..\..\..\u8g2\u8g2\csrc/u8x8_input_value.c ****   /* event loop */
  88:..\..\..\u8g2\u8g2\csrc/u8x8_input_value.c ****   u8x8_DrawUTF8(u8x8, x, y, u8x8_u8toa(local_value, digits));
 176              		.loc 1 88 0
 177 00ae 4146     		mov	r1, r8
 178 00b0 3046     		mov	r0, r6
 179 00b2 FFF7FEFF 		bl	u8x8_u8toa
 180              	.LVL28:
 181 00b6 2A46     		mov	r2, r5
 182 00b8 0346     		mov	r3, r0
 183 00ba 3946     		mov	r1, r7
 184 00bc 2046     		mov	r0, r4
 185 00be FFF7FEFF 		bl	u8x8_DrawUTF8
ARM GAS  C:\Users\jesse\AppData\Local\Temp\cc7VdxJ8.s 			page 6


 186              	.LVL29:
 187              	.L4:
  89:..\..\..\u8g2\u8g2\csrc/u8x8_input_value.c ****   for(;;)
  90:..\..\..\u8g2\u8g2\csrc/u8x8_input_value.c ****   {
  91:..\..\..\u8g2\u8g2\csrc/u8x8_input_value.c ****     event = u8x8_GetMenuEvent(u8x8);
 188              		.loc 1 91 0
 189 00c2 2046     		mov	r0, r4
 190 00c4 FFF7FEFF 		bl	u8x8_GetMenuEvent
 191              	.LVL30:
  92:..\..\..\u8g2\u8g2\csrc/u8x8_input_value.c ****     if ( event == U8X8_MSG_GPIO_MENU_SELECT )
 192              		.loc 1 92 0
 193 00c8 5028     		cmp	r0, #80
 194 00ca 03D1     		bne	.L5
  93:..\..\..\u8g2\u8g2\csrc/u8x8_input_value.c ****     {
  94:..\..\..\u8g2\u8g2\csrc/u8x8_input_value.c ****       *value = local_value;
 195              		.loc 1 94 0
 196 00cc 89F80060 		strb	r6, [r9]
 197              	.LVL31:
  95:..\..\..\u8g2\u8g2\csrc/u8x8_input_value.c ****       r = 1;
 198              		.loc 1 95 0
 199 00d0 0120     		movs	r0, #1
 200              	.LVL32:
  96:..\..\..\u8g2\u8g2\csrc/u8x8_input_value.c ****       break;
 201              		.loc 1 96 0
 202 00d2 18E0     		b	.L6
 203              	.LVL33:
 204              	.L5:
  97:..\..\..\u8g2\u8g2\csrc/u8x8_input_value.c ****     }
  98:..\..\..\u8g2\u8g2\csrc/u8x8_input_value.c ****     else if ( event == U8X8_MSG_GPIO_MENU_HOME )
 205              		.loc 1 98 0
 206 00d4 5328     		cmp	r0, #83
 207 00d6 15D0     		beq	.L15
  99:..\..\..\u8g2\u8g2\csrc/u8x8_input_value.c ****     {
 100:..\..\..\u8g2\u8g2\csrc/u8x8_input_value.c ****       r = 0;
 101:..\..\..\u8g2\u8g2\csrc/u8x8_input_value.c ****       break;
 102:..\..\..\u8g2\u8g2\csrc/u8x8_input_value.c ****     }
 103:..\..\..\u8g2\u8g2\csrc/u8x8_input_value.c ****     else if ( event == U8X8_MSG_GPIO_MENU_NEXT || event == U8X8_MSG_GPIO_MENU_UP )
 208              		.loc 1 103 0
 209 00d8 5128     		cmp	r0, #81
 210 00da 01D0     		beq	.L7
 211              		.loc 1 103 0 is_stmt 0 discriminator 1
 212 00dc 5428     		cmp	r0, #84
 213 00de 06D1     		bne	.L8
 214              	.L7:
 104:..\..\..\u8g2\u8g2\csrc/u8x8_input_value.c ****     {
 105:..\..\..\u8g2\u8g2\csrc/u8x8_input_value.c ****       if ( local_value >= hi )
 215              		.loc 1 105 0 is_stmt 1
 216 00e0 039B     		ldr	r3, [sp, #12]
 217 00e2 9E42     		cmp	r6, r3
 218 00e4 01D2     		bcs	.L16
 106:..\..\..\u8g2\u8g2\csrc/u8x8_input_value.c **** 	local_value = lo;
 107:..\..\..\u8g2\u8g2\csrc/u8x8_input_value.c ****       else
 108:..\..\..\u8g2\u8g2\csrc/u8x8_input_value.c **** 	local_value++;
 219              		.loc 1 108 0
 220 00e6 0136     		adds	r6, r6, #1
 221              	.LVL34:
 222 00e8 08E0     		b	.L25
ARM GAS  C:\Users\jesse\AppData\Local\Temp\cc7VdxJ8.s 			page 7


 223              	.LVL35:
 224              	.L16:
 106:..\..\..\u8g2\u8g2\csrc/u8x8_input_value.c **** 	local_value = lo;
 225              		.loc 1 106 0
 226 00ea 5E46     		mov	r6, fp
 227              	.LVL36:
 228 00ec DFE7     		b	.L24
 229              	.LVL37:
 230              	.L8:
 109:..\..\..\u8g2\u8g2\csrc/u8x8_input_value.c ****       u8x8_DrawUTF8(u8x8, x, y, u8x8_u8toa(local_value, digits));
 110:..\..\..\u8g2\u8g2\csrc/u8x8_input_value.c ****     }
 111:..\..\..\u8g2\u8g2\csrc/u8x8_input_value.c ****     else if ( event == U8X8_MSG_GPIO_MENU_PREV || event == U8X8_MSG_GPIO_MENU_DOWN )
 231              		.loc 1 111 0
 232 00ee 5228     		cmp	r0, #82
 233 00f0 01D0     		beq	.L11
 234              		.loc 1 111 0 is_stmt 0 discriminator 1
 235 00f2 5528     		cmp	r0, #85
 236 00f4 E5D1     		bne	.L4
 237              	.L11:
 112:..\..\..\u8g2\u8g2\csrc/u8x8_input_value.c ****     {
 113:..\..\..\u8g2\u8g2\csrc/u8x8_input_value.c ****       if ( local_value <= lo )
 238              		.loc 1 113 0 is_stmt 1
 239 00f6 5E45     		cmp	r6, fp
 240 00f8 02D9     		bls	.L17
 114:..\..\..\u8g2\u8g2\csrc/u8x8_input_value.c **** 	local_value = hi;
 115:..\..\..\u8g2\u8g2\csrc/u8x8_input_value.c ****       else
 116:..\..\..\u8g2\u8g2\csrc/u8x8_input_value.c **** 	local_value--;
 241              		.loc 1 116 0
 242 00fa 013E     		subs	r6, r6, #1
 243              	.LVL38:
 244              	.L25:
 245 00fc F6B2     		uxtb	r6, r6
 246              	.LVL39:
 247 00fe D6E7     		b	.L24
 248              	.L17:
 114:..\..\..\u8g2\u8g2\csrc/u8x8_input_value.c **** 	local_value = hi;
 249              		.loc 1 114 0
 250 0100 039E     		ldr	r6, [sp, #12]
 251              	.LVL40:
 252 0102 D4E7     		b	.L24
 253              	.L15:
 100:..\..\..\u8g2\u8g2\csrc/u8x8_input_value.c ****       break;
 254              		.loc 1 100 0
 255 0104 0020     		movs	r0, #0
 256              	.LVL41:
 257              	.L6:
 117:..\..\..\u8g2\u8g2\csrc/u8x8_input_value.c ****       u8x8_DrawUTF8(u8x8, x, y, u8x8_u8toa(local_value, digits));
 118:..\..\..\u8g2\u8g2\csrc/u8x8_input_value.c ****     }        
 119:..\..\..\u8g2\u8g2\csrc/u8x8_input_value.c ****   }
 120:..\..\..\u8g2\u8g2\csrc/u8x8_input_value.c ****   
 121:..\..\..\u8g2\u8g2\csrc/u8x8_input_value.c ****   u8x8_SetInverseFont(u8x8, 0);
 258              		.loc 1 121 0
 259 0106 0023     		movs	r3, #0
 260 0108 84F82330 		strb	r3, [r4, #35]
 122:..\..\..\u8g2\u8g2\csrc/u8x8_input_value.c ****   return r;  
 123:..\..\..\u8g2\u8g2\csrc/u8x8_input_value.c **** }
 261              		.loc 1 123 0
ARM GAS  C:\Users\jesse\AppData\Local\Temp\cc7VdxJ8.s 			page 8


 262 010c 05B0     		add	sp, sp, #20
 263              		.cfi_def_cfa_offset 36
 264              		@ sp needed
 265 010e BDE8F08F 		pop	{r4, r5, r6, r7, r8, r9, r10, fp, pc}
 266              		.cfi_endproc
 267              	.LFE0:
 268              		.size	u8x8_UserInterfaceInputValue, .-u8x8_UserInterfaceInputValue
 269              		.text
 270              	.Letext0:
 271              		.file 2 "c:\\program files (x86)\\cypress\\psoc creator\\4.4\\psoc creator\\import\\gnu\\arm\\5.4.
 272              		.file 3 "c:\\program files (x86)\\cypress\\psoc creator\\4.4\\psoc creator\\import\\gnu\\arm\\5.4.
 273              		.file 4 "..\\..\\..\\u8g2\\u8g2\\csrc\\u8x8.h"
 274              		.section	.debug_info,"",%progbits
 275              	.Ldebug_info0:
 276 0000 B5050000 		.4byte	0x5b5
 277 0004 0400     		.2byte	0x4
 278 0006 00000000 		.4byte	.Ldebug_abbrev0
 279 000a 04       		.byte	0x4
 280 000b 01       		.uleb128 0x1
 281 000c C8020000 		.4byte	.LASF77
 282 0010 0C       		.byte	0xc
 283 0011 A1040000 		.4byte	.LASF78
 284 0015 78030000 		.4byte	.LASF79
 285 0019 00000000 		.4byte	.Ldebug_ranges0+0
 286 001d 00000000 		.4byte	0
 287 0021 00000000 		.4byte	.Ldebug_line0
 288 0025 02       		.uleb128 0x2
 289 0026 01       		.byte	0x1
 290 0027 06       		.byte	0x6
 291 0028 4A020000 		.4byte	.LASF0
 292 002c 03       		.uleb128 0x3
 293 002d E5010000 		.4byte	.LASF3
 294 0031 02       		.byte	0x2
 295 0032 1D       		.byte	0x1d
 296 0033 37000000 		.4byte	0x37
 297 0037 02       		.uleb128 0x2
 298 0038 01       		.byte	0x1
 299 0039 08       		.byte	0x8
 300 003a 3C020000 		.4byte	.LASF1
 301 003e 02       		.uleb128 0x2
 302 003f 02       		.byte	0x2
 303 0040 05       		.byte	0x5
 304 0041 62000000 		.4byte	.LASF2
 305 0045 03       		.uleb128 0x3
 306 0046 EE000000 		.4byte	.LASF4
 307 004a 02       		.byte	0x2
 308 004b 2B       		.byte	0x2b
 309 004c 50000000 		.4byte	0x50
 310 0050 02       		.uleb128 0x2
 311 0051 02       		.byte	0x2
 312 0052 07       		.byte	0x7
 313 0053 DE030000 		.4byte	.LASF5
 314 0057 02       		.uleb128 0x2
 315 0058 04       		.byte	0x4
 316 0059 05       		.byte	0x5
 317 005a DC010000 		.4byte	.LASF6
 318 005e 03       		.uleb128 0x3
ARM GAS  C:\Users\jesse\AppData\Local\Temp\cc7VdxJ8.s 			page 9


 319 005f DD000000 		.4byte	.LASF7
 320 0063 02       		.byte	0x2
 321 0064 41       		.byte	0x41
 322 0065 69000000 		.4byte	0x69
 323 0069 02       		.uleb128 0x2
 324 006a 04       		.byte	0x4
 325 006b 07       		.byte	0x7
 326 006c 74040000 		.4byte	.LASF8
 327 0070 02       		.uleb128 0x2
 328 0071 08       		.byte	0x8
 329 0072 05       		.byte	0x5
 330 0073 AF010000 		.4byte	.LASF9
 331 0077 02       		.uleb128 0x2
 332 0078 08       		.byte	0x8
 333 0079 07       		.byte	0x7
 334 007a 56020000 		.4byte	.LASF10
 335 007e 04       		.uleb128 0x4
 336 007f 04       		.byte	0x4
 337 0080 05       		.byte	0x5
 338 0081 696E7400 		.ascii	"int\000"
 339 0085 02       		.uleb128 0x2
 340 0086 04       		.byte	0x4
 341 0087 07       		.byte	0x7
 342 0088 7D020000 		.4byte	.LASF11
 343 008c 03       		.uleb128 0x3
 344 008d 14010000 		.4byte	.LASF12
 345 0091 03       		.byte	0x3
 346 0092 18       		.byte	0x18
 347 0093 2C000000 		.4byte	0x2c
 348 0097 03       		.uleb128 0x3
 349 0098 8A020000 		.4byte	.LASF13
 350 009c 03       		.byte	0x3
 351 009d 24       		.byte	0x24
 352 009e 45000000 		.4byte	0x45
 353 00a2 03       		.uleb128 0x3
 354 00a3 6D020000 		.4byte	.LASF14
 355 00a7 03       		.byte	0x3
 356 00a8 30       		.byte	0x30
 357 00a9 5E000000 		.4byte	0x5e
 358 00ad 05       		.uleb128 0x5
 359 00ae 04       		.byte	0x4
 360 00af 02       		.uleb128 0x2
 361 00b0 08       		.byte	0x8
 362 00b1 04       		.byte	0x4
 363 00b2 24020000 		.4byte	.LASF15
 364 00b6 03       		.uleb128 0x3
 365 00b7 C1020000 		.4byte	.LASF16
 366 00bb 04       		.byte	0x4
 367 00bc D3       		.byte	0xd3
 368 00bd C1000000 		.4byte	0xc1
 369 00c1 06       		.uleb128 0x6
 370 00c2 68040000 		.4byte	.LASF37
 371 00c6 2C       		.byte	0x2c
 372 00c7 04       		.byte	0x4
 373 00c8 5601     		.2byte	0x156
 374 00ca C6010000 		.4byte	0x1c6
 375 00ce 07       		.uleb128 0x7
ARM GAS  C:\Users\jesse\AppData\Local\Temp\cc7VdxJ8.s 			page 10


 376 00cf 12040000 		.4byte	.LASF17
 377 00d3 04       		.byte	0x4
 378 00d4 5801     		.2byte	0x158
 379 00d6 2E030000 		.4byte	0x32e
 380 00da 00       		.byte	0
 381 00db 07       		.uleb128 0x7
 382 00dc 2D050000 		.4byte	.LASF18
 383 00e0 04       		.byte	0x4
 384 00e1 5901     		.2byte	0x159
 385 00e3 03030000 		.4byte	0x303
 386 00e7 04       		.byte	0x4
 387 00e8 07       		.uleb128 0x7
 388 00e9 EF010000 		.4byte	.LASF19
 389 00ed 04       		.byte	0x4
 390 00ee 5A01     		.2byte	0x15a
 391 00f0 CE020000 		.4byte	0x2ce
 392 00f4 08       		.byte	0x8
 393 00f5 07       		.uleb128 0x7
 394 00f6 FF040000 		.4byte	.LASF20
 395 00fa 04       		.byte	0x4
 396 00fb 5B01     		.2byte	0x15b
 397 00fd CE020000 		.4byte	0x2ce
 398 0101 0C       		.byte	0xc
 399 0102 07       		.uleb128 0x7
 400 0103 86040000 		.4byte	.LASF21
 401 0107 04       		.byte	0x4
 402 0108 5C01     		.2byte	0x15c
 403 010a CE020000 		.4byte	0x2ce
 404 010e 10       		.byte	0x10
 405 010f 07       		.uleb128 0x7
 406 0110 6C000000 		.4byte	.LASF22
 407 0114 04       		.byte	0x4
 408 0115 5D01     		.2byte	0x15d
 409 0117 CE020000 		.4byte	0x2ce
 410 011b 14       		.byte	0x14
 411 011c 07       		.uleb128 0x7
 412 011d 68010000 		.4byte	.LASF23
 413 0121 04       		.byte	0x4
 414 0122 5E01     		.2byte	0x15e
 415 0124 A2000000 		.4byte	0xa2
 416 0128 18       		.byte	0x18
 417 0129 07       		.uleb128 0x7
 418 012a 49000000 		.4byte	.LASF24
 419 012e 04       		.byte	0x4
 420 012f 5F01     		.2byte	0x15f
 421 0131 39030000 		.4byte	0x339
 422 0135 1C       		.byte	0x1c
 423 0136 07       		.uleb128 0x7
 424 0137 EA040000 		.4byte	.LASF25
 425 013b 04       		.byte	0x4
 426 013c 6001     		.2byte	0x160
 427 013e 97000000 		.4byte	0x97
 428 0142 20       		.byte	0x20
 429 0143 07       		.uleb128 0x7
 430 0144 10000000 		.4byte	.LASF26
 431 0148 04       		.byte	0x4
 432 0149 6101     		.2byte	0x161
ARM GAS  C:\Users\jesse\AppData\Local\Temp\cc7VdxJ8.s 			page 11


 433 014b 8C000000 		.4byte	0x8c
 434 014f 22       		.byte	0x22
 435 0150 07       		.uleb128 0x7
 436 0151 19000000 		.4byte	.LASF27
 437 0155 04       		.byte	0x4
 438 0156 6201     		.2byte	0x162
 439 0158 8C000000 		.4byte	0x8c
 440 015c 23       		.byte	0x23
 441 015d 07       		.uleb128 0x7
 442 015e CC040000 		.4byte	.LASF28
 443 0162 04       		.byte	0x4
 444 0163 6301     		.2byte	0x163
 445 0165 8C000000 		.4byte	0x8c
 446 0169 24       		.byte	0x24
 447 016a 07       		.uleb128 0x7
 448 016b F3040000 		.4byte	.LASF29
 449 016f 04       		.byte	0x4
 450 0170 6601     		.2byte	0x166
 451 0172 8C000000 		.4byte	0x8c
 452 0176 25       		.byte	0x25
 453 0177 07       		.uleb128 0x7
 454 0178 5D040000 		.4byte	.LASF30
 455 017c 04       		.byte	0x4
 456 017d 6801     		.2byte	0x168
 457 017f 8C000000 		.4byte	0x8c
 458 0183 26       		.byte	0x26
 459 0184 07       		.uleb128 0x7
 460 0185 BD010000 		.4byte	.LASF31
 461 0189 04       		.byte	0x4
 462 018a 6901     		.2byte	0x169
 463 018c 8C000000 		.4byte	0x8c
 464 0190 27       		.byte	0x27
 465 0191 07       		.uleb128 0x7
 466 0192 06050000 		.4byte	.LASF32
 467 0196 04       		.byte	0x4
 468 0197 6A01     		.2byte	0x16a
 469 0199 8C000000 		.4byte	0x8c
 470 019d 28       		.byte	0x28
 471 019e 07       		.uleb128 0x7
 472 019f 97010000 		.4byte	.LASF33
 473 01a3 04       		.byte	0x4
 474 01a4 6B01     		.2byte	0x16b
 475 01a6 8C000000 		.4byte	0x8c
 476 01aa 29       		.byte	0x29
 477 01ab 07       		.uleb128 0x7
 478 01ac 03040000 		.4byte	.LASF34
 479 01b0 04       		.byte	0x4
 480 01b1 6C01     		.2byte	0x16c
 481 01b3 8C000000 		.4byte	0x8c
 482 01b7 2A       		.byte	0x2a
 483 01b8 07       		.uleb128 0x7
 484 01b9 4E000000 		.4byte	.LASF35
 485 01bd 04       		.byte	0x4
 486 01be 6D01     		.2byte	0x16d
 487 01c0 8C000000 		.4byte	0x8c
 488 01c4 2B       		.byte	0x2b
 489 01c5 00       		.byte	0
ARM GAS  C:\Users\jesse\AppData\Local\Temp\cc7VdxJ8.s 			page 12


 490 01c6 03       		.uleb128 0x3
 491 01c7 83010000 		.4byte	.LASF36
 492 01cb 04       		.byte	0x4
 493 01cc D4       		.byte	0xd4
 494 01cd D1010000 		.4byte	0x1d1
 495 01d1 08       		.uleb128 0x8
 496 01d2 93020000 		.4byte	.LASF38
 497 01d6 18       		.byte	0x18
 498 01d7 04       		.byte	0x4
 499 01d8 ED       		.byte	0xed
 500 01d9 CE020000 		.4byte	0x2ce
 501 01dd 09       		.uleb128 0x9
 502 01de 37000000 		.4byte	.LASF39
 503 01e2 04       		.byte	0x4
 504 01e3 F1       		.byte	0xf1
 505 01e4 8C000000 		.4byte	0x8c
 506 01e8 00       		.byte	0
 507 01e9 09       		.uleb128 0x9
 508 01ea 8E040000 		.4byte	.LASF40
 509 01ee 04       		.byte	0x4
 510 01ef F2       		.byte	0xf2
 511 01f0 8C000000 		.4byte	0x8c
 512 01f4 01       		.byte	0x1
 513 01f5 09       		.uleb128 0x9
 514 01f6 1C010000 		.4byte	.LASF41
 515 01fa 04       		.byte	0x4
 516 01fb F4       		.byte	0xf4
 517 01fc 8C000000 		.4byte	0x8c
 518 0200 02       		.byte	0x2
 519 0201 09       		.uleb128 0x9
 520 0202 43050000 		.4byte	.LASF42
 521 0206 04       		.byte	0x4
 522 0207 F5       		.byte	0xf5
 523 0208 8C000000 		.4byte	0x8c
 524 020c 03       		.byte	0x3
 525 020d 09       		.uleb128 0x9
 526 020e AC020000 		.4byte	.LASF43
 527 0212 04       		.byte	0x4
 528 0213 F6       		.byte	0xf6
 529 0214 8C000000 		.4byte	0x8c
 530 0218 04       		.byte	0x4
 531 0219 09       		.uleb128 0x9
 532 021a CA000000 		.4byte	.LASF44
 533 021e 04       		.byte	0x4
 534 021f F7       		.byte	0xf7
 535 0220 8C000000 		.4byte	0x8c
 536 0224 05       		.byte	0x5
 537 0225 09       		.uleb128 0x9
 538 0226 B8000000 		.4byte	.LASF45
 539 022a 04       		.byte	0x4
 540 022b FE       		.byte	0xfe
 541 022c 8C000000 		.4byte	0x8c
 542 0230 06       		.byte	0x6
 543 0231 07       		.uleb128 0x7
 544 0232 C9010000 		.4byte	.LASF46
 545 0236 04       		.byte	0x4
 546 0237 0201     		.2byte	0x102
ARM GAS  C:\Users\jesse\AppData\Local\Temp\cc7VdxJ8.s 			page 13


 547 0239 8C000000 		.4byte	0x8c
 548 023d 07       		.byte	0x7
 549 023e 07       		.uleb128 0x7
 550 023f 6B030000 		.4byte	.LASF47
 551 0243 04       		.byte	0x4
 552 0244 0501     		.2byte	0x105
 553 0246 A2000000 		.4byte	0xa2
 554 024a 08       		.byte	0x8
 555 024b 07       		.uleb128 0x7
 556 024c 2E000000 		.4byte	.LASF48
 557 0250 04       		.byte	0x4
 558 0251 0F01     		.2byte	0x10f
 559 0253 8C000000 		.4byte	0x8c
 560 0257 0C       		.byte	0xc
 561 0258 07       		.uleb128 0x7
 562 0259 56030000 		.4byte	.LASF49
 563 025d 04       		.byte	0x4
 564 025e 1201     		.2byte	0x112
 565 0260 8C000000 		.4byte	0x8c
 566 0264 0D       		.byte	0xd
 567 0265 07       		.uleb128 0x7
 568 0266 01020000 		.4byte	.LASF50
 569 026a 04       		.byte	0x4
 570 026b 1801     		.2byte	0x118
 571 026d 8C000000 		.4byte	0x8c
 572 0271 0E       		.byte	0xe
 573 0272 07       		.uleb128 0x7
 574 0273 FF000000 		.4byte	.LASF51
 575 0277 04       		.byte	0x4
 576 0278 1A01     		.2byte	0x11a
 577 027a 8C000000 		.4byte	0x8c
 578 027e 0F       		.byte	0xf
 579 027f 07       		.uleb128 0x7
 580 0280 7E000000 		.4byte	.LASF52
 581 0284 04       		.byte	0x4
 582 0285 1D01     		.2byte	0x11d
 583 0287 8C000000 		.4byte	0x8c
 584 028b 10       		.byte	0x10
 585 028c 07       		.uleb128 0x7
 586 028d 30020000 		.4byte	.LASF53
 587 0291 04       		.byte	0x4
 588 0292 1E01     		.2byte	0x11e
 589 0294 8C000000 		.4byte	0x8c
 590 0298 11       		.byte	0x11
 591 0299 07       		.uleb128 0x7
 592 029a 72010000 		.4byte	.LASF54
 593 029e 04       		.byte	0x4
 594 029f 2001     		.2byte	0x120
 595 02a1 8C000000 		.4byte	0x8c
 596 02a5 12       		.byte	0x12
 597 02a6 07       		.uleb128 0x7
 598 02a7 D8040000 		.4byte	.LASF55
 599 02ab 04       		.byte	0x4
 600 02ac 2101     		.2byte	0x121
 601 02ae 8C000000 		.4byte	0x8c
 602 02b2 13       		.byte	0x13
 603 02b3 07       		.uleb128 0x7
ARM GAS  C:\Users\jesse\AppData\Local\Temp\cc7VdxJ8.s 			page 14


 604 02b4 51040000 		.4byte	.LASF56
 605 02b8 04       		.byte	0x4
 606 02b9 2901     		.2byte	0x129
 607 02bb 97000000 		.4byte	0x97
 608 02bf 14       		.byte	0x14
 609 02c0 07       		.uleb128 0x7
 610 02c1 1F040000 		.4byte	.LASF57
 611 02c5 04       		.byte	0x4
 612 02c6 2A01     		.2byte	0x12a
 613 02c8 97000000 		.4byte	0x97
 614 02cc 16       		.byte	0x16
 615 02cd 00       		.byte	0
 616 02ce 03       		.uleb128 0x3
 617 02cf 21050000 		.4byte	.LASF58
 618 02d3 04       		.byte	0x4
 619 02d4 D7       		.byte	0xd7
 620 02d5 D9020000 		.4byte	0x2d9
 621 02d9 0A       		.uleb128 0xa
 622 02da 04       		.byte	0x4
 623 02db DF020000 		.4byte	0x2df
 624 02df 0B       		.uleb128 0xb
 625 02e0 8C000000 		.4byte	0x8c
 626 02e4 FD020000 		.4byte	0x2fd
 627 02e8 0C       		.uleb128 0xc
 628 02e9 FD020000 		.4byte	0x2fd
 629 02ed 0C       		.uleb128 0xc
 630 02ee 8C000000 		.4byte	0x8c
 631 02f2 0C       		.uleb128 0xc
 632 02f3 8C000000 		.4byte	0x8c
 633 02f7 0C       		.uleb128 0xc
 634 02f8 AD000000 		.4byte	0xad
 635 02fc 00       		.byte	0
 636 02fd 0A       		.uleb128 0xa
 637 02fe 04       		.byte	0x4
 638 02ff B6000000 		.4byte	0xb6
 639 0303 03       		.uleb128 0x3
 640 0304 F1030000 		.4byte	.LASF59
 641 0308 04       		.byte	0x4
 642 0309 D8       		.byte	0xd8
 643 030a 0E030000 		.4byte	0x30e
 644 030e 0A       		.uleb128 0xa
 645 030f 04       		.byte	0x4
 646 0310 14030000 		.4byte	0x314
 647 0314 0B       		.uleb128 0xb
 648 0315 97000000 		.4byte	0x97
 649 0319 28030000 		.4byte	0x328
 650 031d 0C       		.uleb128 0xc
 651 031e FD020000 		.4byte	0x2fd
 652 0322 0C       		.uleb128 0xc
 653 0323 8C000000 		.4byte	0x8c
 654 0327 00       		.byte	0
 655 0328 0A       		.uleb128 0xa
 656 0329 04       		.byte	0x4
 657 032a 8C000000 		.4byte	0x8c
 658 032e 0A       		.uleb128 0xa
 659 032f 04       		.byte	0x4
 660 0330 34030000 		.4byte	0x334
ARM GAS  C:\Users\jesse\AppData\Local\Temp\cc7VdxJ8.s 			page 15


 661 0334 0D       		.uleb128 0xd
 662 0335 C6010000 		.4byte	0x1c6
 663 0339 0A       		.uleb128 0xa
 664 033a 04       		.byte	0x4
 665 033b 3F030000 		.4byte	0x33f
 666 033f 0D       		.uleb128 0xd
 667 0340 8C000000 		.4byte	0x8c
 668 0344 0E       		.uleb128 0xe
 669 0345 89000000 		.4byte	.LASF80
 670 0349 01       		.byte	0x1
 671 034a 2C       		.byte	0x2c
 672 034b 8C000000 		.4byte	0x8c
 673 034f 00000000 		.4byte	.LFB0
 674 0353 12010000 		.4byte	.LFE0-.LFB0
 675 0357 01       		.uleb128 0x1
 676 0358 9C       		.byte	0x9c
 677 0359 52050000 		.4byte	0x552
 678 035d 0F       		.uleb128 0xf
 679 035e 3B010000 		.4byte	.LASF60
 680 0362 01       		.byte	0x1
 681 0363 2C       		.byte	0x2c
 682 0364 FD020000 		.4byte	0x2fd
 683 0368 00000000 		.4byte	.LLST0
 684 036c 0F       		.uleb128 0xf
 685 036d 35010000 		.4byte	.LASF61
 686 0371 01       		.byte	0x1
 687 0372 2C       		.byte	0x2c
 688 0373 52050000 		.4byte	0x552
 689 0377 1E000000 		.4byte	.LLST1
 690 037b 10       		.uleb128 0x10
 691 037c 70726500 		.ascii	"pre\000"
 692 0380 01       		.byte	0x1
 693 0381 2C       		.byte	0x2c
 694 0382 52050000 		.4byte	0x552
 695 0386 3D000000 		.4byte	.LLST2
 696 038a 0F       		.uleb128 0xf
 697 038b F9000000 		.4byte	.LASF62
 698 038f 01       		.byte	0x1
 699 0390 2C       		.byte	0x2c
 700 0391 28030000 		.4byte	0x328
 701 0395 5B000000 		.4byte	.LLST3
 702 0399 11       		.uleb128 0x11
 703 039a 6C6F00   		.ascii	"lo\000"
 704 039d 01       		.byte	0x1
 705 039e 2C       		.byte	0x2c
 706 039f 8C000000 		.4byte	0x8c
 707 03a3 02       		.uleb128 0x2
 708 03a4 91       		.byte	0x91
 709 03a5 00       		.sleb128 0
 710 03a6 11       		.uleb128 0x11
 711 03a7 686900   		.ascii	"hi\000"
 712 03aa 01       		.byte	0x1
 713 03ab 2C       		.byte	0x2c
 714 03ac 8C000000 		.4byte	0x8c
 715 03b0 02       		.uleb128 0x2
 716 03b1 91       		.byte	0x91
 717 03b2 04       		.sleb128 4
ARM GAS  C:\Users\jesse\AppData\Local\Temp\cc7VdxJ8.s 			page 16


 718 03b3 12       		.uleb128 0x12
 719 03b4 FA010000 		.4byte	.LASF63
 720 03b8 01       		.byte	0x1
 721 03b9 2C       		.byte	0x2c
 722 03ba 8C000000 		.4byte	0x8c
 723 03be 02       		.uleb128 0x2
 724 03bf 91       		.byte	0x91
 725 03c0 08       		.sleb128 8
 726 03c1 12       		.uleb128 0x12
 727 03c2 00000000 		.4byte	.LASF64
 728 03c6 01       		.byte	0x1
 729 03c7 2C       		.byte	0x2c
 730 03c8 52050000 		.4byte	0x552
 731 03cc 02       		.uleb128 0x2
 732 03cd 91       		.byte	0x91
 733 03ce 0C       		.sleb128 12
 734 03cf 13       		.uleb128 0x13
 735 03d0 76020000 		.4byte	.LASF65
 736 03d4 01       		.byte	0x1
 737 03d5 2E       		.byte	0x2e
 738 03d6 8C000000 		.4byte	0x8c
 739 03da 79000000 		.4byte	.LLST4
 740 03de 14       		.uleb128 0x14
 741 03df 7900     		.ascii	"y\000"
 742 03e1 01       		.byte	0x1
 743 03e2 2F       		.byte	0x2f
 744 03e3 8C000000 		.4byte	0x8c
 745 03e7 A3000000 		.4byte	.LLST5
 746 03eb 13       		.uleb128 0x13
 747 03ec 62010000 		.4byte	.LASF66
 748 03f0 01       		.byte	0x1
 749 03f1 30       		.byte	0x30
 750 03f2 8C000000 		.4byte	0x8c
 751 03f6 CD000000 		.4byte	.LLST6
 752 03fa 14       		.uleb128 0x14
 753 03fb 7800     		.ascii	"x\000"
 754 03fd 01       		.byte	0x1
 755 03fe 31       		.byte	0x31
 756 03ff 8C000000 		.4byte	0x8c
 757 0403 F0000000 		.4byte	.LLST7
 758 0407 13       		.uleb128 0x13
 759 0408 40010000 		.4byte	.LASF67
 760 040c 01       		.byte	0x1
 761 040d 32       		.byte	0x32
 762 040e 8C000000 		.4byte	0x8c
 763 0412 0F010000 		.4byte	.LLST8
 764 0416 14       		.uleb128 0x14
 765 0417 7200     		.ascii	"r\000"
 766 0419 01       		.byte	0x1
 767 041a 33       		.byte	0x33
 768 041b 8C000000 		.4byte	0x8c
 769 041f 59010000 		.4byte	.LLST9
 770 0423 13       		.uleb128 0x13
 771 0424 E8000000 		.4byte	.LASF68
 772 0428 01       		.byte	0x1
 773 0429 34       		.byte	0x34
 774 042a 8C000000 		.4byte	0x8c
ARM GAS  C:\Users\jesse\AppData\Local\Temp\cc7VdxJ8.s 			page 17


 775 042e 78010000 		.4byte	.LLST10
 776 0432 15       		.uleb128 0x15
 777 0433 26000000 		.4byte	.LVL4
 778 0437 64050000 		.4byte	0x564
 779 043b 47040000 		.4byte	0x447
 780 043f 16       		.uleb128 0x16
 781 0440 01       		.uleb128 0x1
 782 0441 50       		.byte	0x50
 783 0442 03       		.uleb128 0x3
 784 0443 91       		.byte	0x91
 785 0444 50       		.sleb128 -48
 786 0445 06       		.byte	0x6
 787 0446 00       		.byte	0
 788 0447 15       		.uleb128 0x15
 789 0448 44000000 		.4byte	.LVL11
 790 044c 70050000 		.4byte	0x570
 791 0450 61040000 		.4byte	0x461
 792 0454 16       		.uleb128 0x16
 793 0455 01       		.uleb128 0x1
 794 0456 50       		.byte	0x50
 795 0457 02       		.uleb128 0x2
 796 0458 74       		.byte	0x74
 797 0459 00       		.sleb128 0
 798 045a 16       		.uleb128 0x16
 799 045b 01       		.uleb128 0x1
 800 045c 51       		.byte	0x51
 801 045d 02       		.uleb128 0x2
 802 045e 7A       		.byte	0x7a
 803 045f 00       		.sleb128 0
 804 0460 00       		.byte	0
 805 0461 15       		.uleb128 0x15
 806 0462 4E000000 		.4byte	.LVL13
 807 0466 70050000 		.4byte	0x570
 808 046a 7C040000 		.4byte	0x47c
 809 046e 16       		.uleb128 0x16
 810 046f 01       		.uleb128 0x1
 811 0470 50       		.byte	0x50
 812 0471 02       		.uleb128 0x2
 813 0472 74       		.byte	0x74
 814 0473 00       		.sleb128 0
 815 0474 16       		.uleb128 0x16
 816 0475 01       		.uleb128 0x1
 817 0476 51       		.byte	0x51
 818 0477 03       		.uleb128 0x3
 819 0478 91       		.byte	0x91
 820 0479 0C       		.sleb128 12
 821 047a 06       		.byte	0x6
 822 047b 00       		.byte	0
 823 047c 15       		.uleb128 0x15
 824 047d 6E000000 		.4byte	.LVL21
 825 0481 7C050000 		.4byte	0x57c
 826 0485 90040000 		.4byte	0x490
 827 0489 16       		.uleb128 0x16
 828 048a 01       		.uleb128 0x1
 829 048b 50       		.byte	0x50
 830 048c 02       		.uleb128 0x2
 831 048d 74       		.byte	0x74
ARM GAS  C:\Users\jesse\AppData\Local\Temp\cc7VdxJ8.s 			page 18


 832 048e 00       		.sleb128 0
 833 048f 00       		.byte	0
 834 0490 15       		.uleb128 0x15
 835 0491 84000000 		.4byte	.LVL22
 836 0495 88050000 		.4byte	0x588
 837 0499 B7040000 		.4byte	0x4b7
 838 049d 16       		.uleb128 0x16
 839 049e 01       		.uleb128 0x1
 840 049f 50       		.byte	0x50
 841 04a0 02       		.uleb128 0x2
 842 04a1 74       		.byte	0x74
 843 04a2 00       		.sleb128 0
 844 04a3 16       		.uleb128 0x16
 845 04a4 01       		.uleb128 0x1
 846 04a5 51       		.byte	0x51
 847 04a6 01       		.uleb128 0x1
 848 04a7 30       		.byte	0x30
 849 04a8 16       		.uleb128 0x16
 850 04a9 01       		.uleb128 0x1
 851 04aa 52       		.byte	0x52
 852 04ab 02       		.uleb128 0x2
 853 04ac 75       		.byte	0x75
 854 04ad 00       		.sleb128 0
 855 04ae 16       		.uleb128 0x16
 856 04af 02       		.uleb128 0x2
 857 04b0 7D       		.byte	0x7d
 858 04b1 00       		.sleb128 0
 859 04b2 03       		.uleb128 0x3
 860 04b3 91       		.byte	0x91
 861 04b4 50       		.sleb128 -48
 862 04b5 06       		.byte	0x6
 863 04b6 00       		.byte	0
 864 04b7 15       		.uleb128 0x15
 865 04b8 94000000 		.4byte	.LVL24
 866 04bc 94050000 		.4byte	0x594
 867 04c0 DD040000 		.4byte	0x4dd
 868 04c4 16       		.uleb128 0x16
 869 04c5 01       		.uleb128 0x1
 870 04c6 50       		.byte	0x50
 871 04c7 02       		.uleb128 0x2
 872 04c8 74       		.byte	0x74
 873 04c9 00       		.sleb128 0
 874 04ca 16       		.uleb128 0x16
 875 04cb 01       		.uleb128 0x1
 876 04cc 51       		.byte	0x51
 877 04cd 02       		.uleb128 0x2
 878 04ce 77       		.byte	0x77
 879 04cf 00       		.sleb128 0
 880 04d0 16       		.uleb128 0x16
 881 04d1 01       		.uleb128 0x1
 882 04d2 52       		.byte	0x52
 883 04d3 02       		.uleb128 0x2
 884 04d4 75       		.byte	0x75
 885 04d5 00       		.sleb128 0
 886 04d6 16       		.uleb128 0x16
 887 04d7 01       		.uleb128 0x1
 888 04d8 53       		.byte	0x53
ARM GAS  C:\Users\jesse\AppData\Local\Temp\cc7VdxJ8.s 			page 19


 889 04d9 02       		.uleb128 0x2
 890 04da 7A       		.byte	0x7a
 891 04db 00       		.sleb128 0
 892 04dc 00       		.byte	0
 893 04dd 15       		.uleb128 0x15
 894 04de A8000000 		.4byte	.LVL26
 895 04e2 94050000 		.4byte	0x594
 896 04e6 07050000 		.4byte	0x507
 897 04ea 16       		.uleb128 0x16
 898 04eb 01       		.uleb128 0x1
 899 04ec 50       		.byte	0x50
 900 04ed 02       		.uleb128 0x2
 901 04ee 74       		.byte	0x74
 902 04ef 00       		.sleb128 0
 903 04f0 16       		.uleb128 0x16
 904 04f1 01       		.uleb128 0x1
 905 04f2 51       		.byte	0x51
 906 04f3 05       		.uleb128 0x5
 907 04f4 78       		.byte	0x78
 908 04f5 00       		.sleb128 0
 909 04f6 77       		.byte	0x77
 910 04f7 00       		.sleb128 0
 911 04f8 22       		.byte	0x22
 912 04f9 16       		.uleb128 0x16
 913 04fa 01       		.uleb128 0x1
 914 04fb 52       		.byte	0x52
 915 04fc 02       		.uleb128 0x2
 916 04fd 75       		.byte	0x75
 917 04fe 00       		.sleb128 0
 918 04ff 16       		.uleb128 0x16
 919 0500 01       		.uleb128 0x1
 920 0501 53       		.byte	0x53
 921 0502 03       		.uleb128 0x3
 922 0503 91       		.byte	0x91
 923 0504 0C       		.sleb128 12
 924 0505 06       		.byte	0x6
 925 0506 00       		.byte	0
 926 0507 15       		.uleb128 0x15
 927 0508 B6000000 		.4byte	.LVL28
 928 050c A0050000 		.4byte	0x5a0
 929 0510 21050000 		.4byte	0x521
 930 0514 16       		.uleb128 0x16
 931 0515 01       		.uleb128 0x1
 932 0516 50       		.byte	0x50
 933 0517 02       		.uleb128 0x2
 934 0518 76       		.byte	0x76
 935 0519 00       		.sleb128 0
 936 051a 16       		.uleb128 0x16
 937 051b 01       		.uleb128 0x1
 938 051c 51       		.byte	0x51
 939 051d 02       		.uleb128 0x2
 940 051e 78       		.byte	0x78
 941 051f 00       		.sleb128 0
 942 0520 00       		.byte	0
 943 0521 15       		.uleb128 0x15
 944 0522 C2000000 		.4byte	.LVL29
 945 0526 94050000 		.4byte	0x594
ARM GAS  C:\Users\jesse\AppData\Local\Temp\cc7VdxJ8.s 			page 20


 946 052a 41050000 		.4byte	0x541
 947 052e 16       		.uleb128 0x16
 948 052f 01       		.uleb128 0x1
 949 0530 50       		.byte	0x50
 950 0531 02       		.uleb128 0x2
 951 0532 74       		.byte	0x74
 952 0533 00       		.sleb128 0
 953 0534 16       		.uleb128 0x16
 954 0535 01       		.uleb128 0x1
 955 0536 51       		.byte	0x51
 956 0537 02       		.uleb128 0x2
 957 0538 77       		.byte	0x77
 958 0539 00       		.sleb128 0
 959 053a 16       		.uleb128 0x16
 960 053b 01       		.uleb128 0x1
 961 053c 52       		.byte	0x52
 962 053d 02       		.uleb128 0x2
 963 053e 75       		.byte	0x75
 964 053f 00       		.sleb128 0
 965 0540 00       		.byte	0
 966 0541 17       		.uleb128 0x17
 967 0542 C8000000 		.4byte	.LVL30
 968 0546 AC050000 		.4byte	0x5ac
 969 054a 16       		.uleb128 0x16
 970 054b 01       		.uleb128 0x1
 971 054c 50       		.byte	0x50
 972 054d 02       		.uleb128 0x2
 973 054e 74       		.byte	0x74
 974 054f 00       		.sleb128 0
 975 0550 00       		.byte	0
 976 0551 00       		.byte	0
 977 0552 0A       		.uleb128 0xa
 978 0553 04       		.byte	0x4
 979 0554 5F050000 		.4byte	0x55f
 980 0558 02       		.uleb128 0x2
 981 0559 01       		.byte	0x1
 982 055a 08       		.byte	0x8
 983 055b FE030000 		.4byte	.LASF69
 984 055f 0D       		.uleb128 0xd
 985 0560 58050000 		.4byte	0x558
 986 0564 18       		.uleb128 0x18
 987 0565 4C010000 		.4byte	.LASF70
 988 0569 4C010000 		.4byte	.LASF70
 989 056d 04       		.byte	0x4
 990 056e 1604     		.2byte	0x416
 991 0570 18       		.uleb128 0x18
 992 0571 14020000 		.4byte	.LASF71
 993 0575 14020000 		.4byte	.LASF71
 994 0579 04       		.byte	0x4
 995 057a 0904     		.2byte	0x409
 996 057c 18       		.uleb128 0x18
 997 057d A6000000 		.4byte	.LASF72
 998 0581 A6000000 		.4byte	.LASF72
 999 0585 04       		.byte	0x4
 1000 0586 4702     		.2byte	0x247
 1001 0588 18       		.uleb128 0x18
 1002 0589 2C040000 		.4byte	.LASF73
ARM GAS  C:\Users\jesse\AppData\Local\Temp\cc7VdxJ8.s 			page 21


 1003 058d 2C040000 		.4byte	.LASF73
 1004 0591 04       		.byte	0x4
 1005 0592 1C04     		.2byte	0x41c
 1006 0594 18       		.uleb128 0x18
 1007 0595 35050000 		.4byte	.LASF74
 1008 0599 35050000 		.4byte	.LASF74
 1009 059d 04       		.byte	0x4
 1010 059e 0404     		.2byte	0x404
 1011 05a0 18       		.uleb128 0x18
 1012 05a1 05000000 		.4byte	.LASF75
 1013 05a5 05000000 		.4byte	.LASF75
 1014 05a9 04       		.byte	0x4
 1015 05aa 0E04     		.2byte	0x40e
 1016 05ac 18       		.uleb128 0x18
 1017 05ad 3F040000 		.4byte	.LASF76
 1018 05b1 3F040000 		.4byte	.LASF76
 1019 05b5 04       		.byte	0x4
 1020 05b6 1903     		.2byte	0x319
 1021 05b8 00       		.byte	0
 1022              		.section	.debug_abbrev,"",%progbits
 1023              	.Ldebug_abbrev0:
 1024 0000 01       		.uleb128 0x1
 1025 0001 11       		.uleb128 0x11
 1026 0002 01       		.byte	0x1
 1027 0003 25       		.uleb128 0x25
 1028 0004 0E       		.uleb128 0xe
 1029 0005 13       		.uleb128 0x13
 1030 0006 0B       		.uleb128 0xb
 1031 0007 03       		.uleb128 0x3
 1032 0008 0E       		.uleb128 0xe
 1033 0009 1B       		.uleb128 0x1b
 1034 000a 0E       		.uleb128 0xe
 1035 000b 55       		.uleb128 0x55
 1036 000c 17       		.uleb128 0x17
 1037 000d 11       		.uleb128 0x11
 1038 000e 01       		.uleb128 0x1
 1039 000f 10       		.uleb128 0x10
 1040 0010 17       		.uleb128 0x17
 1041 0011 00       		.byte	0
 1042 0012 00       		.byte	0
 1043 0013 02       		.uleb128 0x2
 1044 0014 24       		.uleb128 0x24
 1045 0015 00       		.byte	0
 1046 0016 0B       		.uleb128 0xb
 1047 0017 0B       		.uleb128 0xb
 1048 0018 3E       		.uleb128 0x3e
 1049 0019 0B       		.uleb128 0xb
 1050 001a 03       		.uleb128 0x3
 1051 001b 0E       		.uleb128 0xe
 1052 001c 00       		.byte	0
 1053 001d 00       		.byte	0
 1054 001e 03       		.uleb128 0x3
 1055 001f 16       		.uleb128 0x16
 1056 0020 00       		.byte	0
 1057 0021 03       		.uleb128 0x3
 1058 0022 0E       		.uleb128 0xe
 1059 0023 3A       		.uleb128 0x3a
ARM GAS  C:\Users\jesse\AppData\Local\Temp\cc7VdxJ8.s 			page 22


 1060 0024 0B       		.uleb128 0xb
 1061 0025 3B       		.uleb128 0x3b
 1062 0026 0B       		.uleb128 0xb
 1063 0027 49       		.uleb128 0x49
 1064 0028 13       		.uleb128 0x13
 1065 0029 00       		.byte	0
 1066 002a 00       		.byte	0
 1067 002b 04       		.uleb128 0x4
 1068 002c 24       		.uleb128 0x24
 1069 002d 00       		.byte	0
 1070 002e 0B       		.uleb128 0xb
 1071 002f 0B       		.uleb128 0xb
 1072 0030 3E       		.uleb128 0x3e
 1073 0031 0B       		.uleb128 0xb
 1074 0032 03       		.uleb128 0x3
 1075 0033 08       		.uleb128 0x8
 1076 0034 00       		.byte	0
 1077 0035 00       		.byte	0
 1078 0036 05       		.uleb128 0x5
 1079 0037 0F       		.uleb128 0xf
 1080 0038 00       		.byte	0
 1081 0039 0B       		.uleb128 0xb
 1082 003a 0B       		.uleb128 0xb
 1083 003b 00       		.byte	0
 1084 003c 00       		.byte	0
 1085 003d 06       		.uleb128 0x6
 1086 003e 13       		.uleb128 0x13
 1087 003f 01       		.byte	0x1
 1088 0040 03       		.uleb128 0x3
 1089 0041 0E       		.uleb128 0xe
 1090 0042 0B       		.uleb128 0xb
 1091 0043 0B       		.uleb128 0xb
 1092 0044 3A       		.uleb128 0x3a
 1093 0045 0B       		.uleb128 0xb
 1094 0046 3B       		.uleb128 0x3b
 1095 0047 05       		.uleb128 0x5
 1096 0048 01       		.uleb128 0x1
 1097 0049 13       		.uleb128 0x13
 1098 004a 00       		.byte	0
 1099 004b 00       		.byte	0
 1100 004c 07       		.uleb128 0x7
 1101 004d 0D       		.uleb128 0xd
 1102 004e 00       		.byte	0
 1103 004f 03       		.uleb128 0x3
 1104 0050 0E       		.uleb128 0xe
 1105 0051 3A       		.uleb128 0x3a
 1106 0052 0B       		.uleb128 0xb
 1107 0053 3B       		.uleb128 0x3b
 1108 0054 05       		.uleb128 0x5
 1109 0055 49       		.uleb128 0x49
 1110 0056 13       		.uleb128 0x13
 1111 0057 38       		.uleb128 0x38
 1112 0058 0B       		.uleb128 0xb
 1113 0059 00       		.byte	0
 1114 005a 00       		.byte	0
 1115 005b 08       		.uleb128 0x8
 1116 005c 13       		.uleb128 0x13
ARM GAS  C:\Users\jesse\AppData\Local\Temp\cc7VdxJ8.s 			page 23


 1117 005d 01       		.byte	0x1
 1118 005e 03       		.uleb128 0x3
 1119 005f 0E       		.uleb128 0xe
 1120 0060 0B       		.uleb128 0xb
 1121 0061 0B       		.uleb128 0xb
 1122 0062 3A       		.uleb128 0x3a
 1123 0063 0B       		.uleb128 0xb
 1124 0064 3B       		.uleb128 0x3b
 1125 0065 0B       		.uleb128 0xb
 1126 0066 01       		.uleb128 0x1
 1127 0067 13       		.uleb128 0x13
 1128 0068 00       		.byte	0
 1129 0069 00       		.byte	0
 1130 006a 09       		.uleb128 0x9
 1131 006b 0D       		.uleb128 0xd
 1132 006c 00       		.byte	0
 1133 006d 03       		.uleb128 0x3
 1134 006e 0E       		.uleb128 0xe
 1135 006f 3A       		.uleb128 0x3a
 1136 0070 0B       		.uleb128 0xb
 1137 0071 3B       		.uleb128 0x3b
 1138 0072 0B       		.uleb128 0xb
 1139 0073 49       		.uleb128 0x49
 1140 0074 13       		.uleb128 0x13
 1141 0075 38       		.uleb128 0x38
 1142 0076 0B       		.uleb128 0xb
 1143 0077 00       		.byte	0
 1144 0078 00       		.byte	0
 1145 0079 0A       		.uleb128 0xa
 1146 007a 0F       		.uleb128 0xf
 1147 007b 00       		.byte	0
 1148 007c 0B       		.uleb128 0xb
 1149 007d 0B       		.uleb128 0xb
 1150 007e 49       		.uleb128 0x49
 1151 007f 13       		.uleb128 0x13
 1152 0080 00       		.byte	0
 1153 0081 00       		.byte	0
 1154 0082 0B       		.uleb128 0xb
 1155 0083 15       		.uleb128 0x15
 1156 0084 01       		.byte	0x1
 1157 0085 27       		.uleb128 0x27
 1158 0086 19       		.uleb128 0x19
 1159 0087 49       		.uleb128 0x49
 1160 0088 13       		.uleb128 0x13
 1161 0089 01       		.uleb128 0x1
 1162 008a 13       		.uleb128 0x13
 1163 008b 00       		.byte	0
 1164 008c 00       		.byte	0
 1165 008d 0C       		.uleb128 0xc
 1166 008e 05       		.uleb128 0x5
 1167 008f 00       		.byte	0
 1168 0090 49       		.uleb128 0x49
 1169 0091 13       		.uleb128 0x13
 1170 0092 00       		.byte	0
 1171 0093 00       		.byte	0
 1172 0094 0D       		.uleb128 0xd
 1173 0095 26       		.uleb128 0x26
ARM GAS  C:\Users\jesse\AppData\Local\Temp\cc7VdxJ8.s 			page 24


 1174 0096 00       		.byte	0
 1175 0097 49       		.uleb128 0x49
 1176 0098 13       		.uleb128 0x13
 1177 0099 00       		.byte	0
 1178 009a 00       		.byte	0
 1179 009b 0E       		.uleb128 0xe
 1180 009c 2E       		.uleb128 0x2e
 1181 009d 01       		.byte	0x1
 1182 009e 3F       		.uleb128 0x3f
 1183 009f 19       		.uleb128 0x19
 1184 00a0 03       		.uleb128 0x3
 1185 00a1 0E       		.uleb128 0xe
 1186 00a2 3A       		.uleb128 0x3a
 1187 00a3 0B       		.uleb128 0xb
 1188 00a4 3B       		.uleb128 0x3b
 1189 00a5 0B       		.uleb128 0xb
 1190 00a6 27       		.uleb128 0x27
 1191 00a7 19       		.uleb128 0x19
 1192 00a8 49       		.uleb128 0x49
 1193 00a9 13       		.uleb128 0x13
 1194 00aa 11       		.uleb128 0x11
 1195 00ab 01       		.uleb128 0x1
 1196 00ac 12       		.uleb128 0x12
 1197 00ad 06       		.uleb128 0x6
 1198 00ae 40       		.uleb128 0x40
 1199 00af 18       		.uleb128 0x18
 1200 00b0 9742     		.uleb128 0x2117
 1201 00b2 19       		.uleb128 0x19
 1202 00b3 01       		.uleb128 0x1
 1203 00b4 13       		.uleb128 0x13
 1204 00b5 00       		.byte	0
 1205 00b6 00       		.byte	0
 1206 00b7 0F       		.uleb128 0xf
 1207 00b8 05       		.uleb128 0x5
 1208 00b9 00       		.byte	0
 1209 00ba 03       		.uleb128 0x3
 1210 00bb 0E       		.uleb128 0xe
 1211 00bc 3A       		.uleb128 0x3a
 1212 00bd 0B       		.uleb128 0xb
 1213 00be 3B       		.uleb128 0x3b
 1214 00bf 0B       		.uleb128 0xb
 1215 00c0 49       		.uleb128 0x49
 1216 00c1 13       		.uleb128 0x13
 1217 00c2 02       		.uleb128 0x2
 1218 00c3 17       		.uleb128 0x17
 1219 00c4 00       		.byte	0
 1220 00c5 00       		.byte	0
 1221 00c6 10       		.uleb128 0x10
 1222 00c7 05       		.uleb128 0x5
 1223 00c8 00       		.byte	0
 1224 00c9 03       		.uleb128 0x3
 1225 00ca 08       		.uleb128 0x8
 1226 00cb 3A       		.uleb128 0x3a
 1227 00cc 0B       		.uleb128 0xb
 1228 00cd 3B       		.uleb128 0x3b
 1229 00ce 0B       		.uleb128 0xb
 1230 00cf 49       		.uleb128 0x49
ARM GAS  C:\Users\jesse\AppData\Local\Temp\cc7VdxJ8.s 			page 25


 1231 00d0 13       		.uleb128 0x13
 1232 00d1 02       		.uleb128 0x2
 1233 00d2 17       		.uleb128 0x17
 1234 00d3 00       		.byte	0
 1235 00d4 00       		.byte	0
 1236 00d5 11       		.uleb128 0x11
 1237 00d6 05       		.uleb128 0x5
 1238 00d7 00       		.byte	0
 1239 00d8 03       		.uleb128 0x3
 1240 00d9 08       		.uleb128 0x8
 1241 00da 3A       		.uleb128 0x3a
 1242 00db 0B       		.uleb128 0xb
 1243 00dc 3B       		.uleb128 0x3b
 1244 00dd 0B       		.uleb128 0xb
 1245 00de 49       		.uleb128 0x49
 1246 00df 13       		.uleb128 0x13
 1247 00e0 02       		.uleb128 0x2
 1248 00e1 18       		.uleb128 0x18
 1249 00e2 00       		.byte	0
 1250 00e3 00       		.byte	0
 1251 00e4 12       		.uleb128 0x12
 1252 00e5 05       		.uleb128 0x5
 1253 00e6 00       		.byte	0
 1254 00e7 03       		.uleb128 0x3
 1255 00e8 0E       		.uleb128 0xe
 1256 00e9 3A       		.uleb128 0x3a
 1257 00ea 0B       		.uleb128 0xb
 1258 00eb 3B       		.uleb128 0x3b
 1259 00ec 0B       		.uleb128 0xb
 1260 00ed 49       		.uleb128 0x49
 1261 00ee 13       		.uleb128 0x13
 1262 00ef 02       		.uleb128 0x2
 1263 00f0 18       		.uleb128 0x18
 1264 00f1 00       		.byte	0
 1265 00f2 00       		.byte	0
 1266 00f3 13       		.uleb128 0x13
 1267 00f4 34       		.uleb128 0x34
 1268 00f5 00       		.byte	0
 1269 00f6 03       		.uleb128 0x3
 1270 00f7 0E       		.uleb128 0xe
 1271 00f8 3A       		.uleb128 0x3a
 1272 00f9 0B       		.uleb128 0xb
 1273 00fa 3B       		.uleb128 0x3b
 1274 00fb 0B       		.uleb128 0xb
 1275 00fc 49       		.uleb128 0x49
 1276 00fd 13       		.uleb128 0x13
 1277 00fe 02       		.uleb128 0x2
 1278 00ff 17       		.uleb128 0x17
 1279 0100 00       		.byte	0
 1280 0101 00       		.byte	0
 1281 0102 14       		.uleb128 0x14
 1282 0103 34       		.uleb128 0x34
 1283 0104 00       		.byte	0
 1284 0105 03       		.uleb128 0x3
 1285 0106 08       		.uleb128 0x8
 1286 0107 3A       		.uleb128 0x3a
 1287 0108 0B       		.uleb128 0xb
ARM GAS  C:\Users\jesse\AppData\Local\Temp\cc7VdxJ8.s 			page 26


 1288 0109 3B       		.uleb128 0x3b
 1289 010a 0B       		.uleb128 0xb
 1290 010b 49       		.uleb128 0x49
 1291 010c 13       		.uleb128 0x13
 1292 010d 02       		.uleb128 0x2
 1293 010e 17       		.uleb128 0x17
 1294 010f 00       		.byte	0
 1295 0110 00       		.byte	0
 1296 0111 15       		.uleb128 0x15
 1297 0112 898201   		.uleb128 0x4109
 1298 0115 01       		.byte	0x1
 1299 0116 11       		.uleb128 0x11
 1300 0117 01       		.uleb128 0x1
 1301 0118 31       		.uleb128 0x31
 1302 0119 13       		.uleb128 0x13
 1303 011a 01       		.uleb128 0x1
 1304 011b 13       		.uleb128 0x13
 1305 011c 00       		.byte	0
 1306 011d 00       		.byte	0
 1307 011e 16       		.uleb128 0x16
 1308 011f 8A8201   		.uleb128 0x410a
 1309 0122 00       		.byte	0
 1310 0123 02       		.uleb128 0x2
 1311 0124 18       		.uleb128 0x18
 1312 0125 9142     		.uleb128 0x2111
 1313 0127 18       		.uleb128 0x18
 1314 0128 00       		.byte	0
 1315 0129 00       		.byte	0
 1316 012a 17       		.uleb128 0x17
 1317 012b 898201   		.uleb128 0x4109
 1318 012e 01       		.byte	0x1
 1319 012f 11       		.uleb128 0x11
 1320 0130 01       		.uleb128 0x1
 1321 0131 31       		.uleb128 0x31
 1322 0132 13       		.uleb128 0x13
 1323 0133 00       		.byte	0
 1324 0134 00       		.byte	0
 1325 0135 18       		.uleb128 0x18
 1326 0136 2E       		.uleb128 0x2e
 1327 0137 00       		.byte	0
 1328 0138 3F       		.uleb128 0x3f
 1329 0139 19       		.uleb128 0x19
 1330 013a 3C       		.uleb128 0x3c
 1331 013b 19       		.uleb128 0x19
 1332 013c 6E       		.uleb128 0x6e
 1333 013d 0E       		.uleb128 0xe
 1334 013e 03       		.uleb128 0x3
 1335 013f 0E       		.uleb128 0xe
 1336 0140 3A       		.uleb128 0x3a
 1337 0141 0B       		.uleb128 0xb
 1338 0142 3B       		.uleb128 0x3b
 1339 0143 05       		.uleb128 0x5
 1340 0144 00       		.byte	0
 1341 0145 00       		.byte	0
 1342 0146 00       		.byte	0
 1343              		.section	.debug_loc,"",%progbits
 1344              	.Ldebug_loc0:
ARM GAS  C:\Users\jesse\AppData\Local\Temp\cc7VdxJ8.s 			page 27


 1345              	.LLST0:
 1346 0000 00000000 		.4byte	.LVL0
 1347 0004 10000000 		.4byte	.LVL2
 1348 0008 0100     		.2byte	0x1
 1349 000a 50       		.byte	0x50
 1350 000b 10000000 		.4byte	.LVL2
 1351 000f 12010000 		.4byte	.LFE0
 1352 0013 0100     		.2byte	0x1
 1353 0015 54       		.byte	0x54
 1354 0016 00000000 		.4byte	0
 1355 001a 00000000 		.4byte	0
 1356              	.LLST1:
 1357 001e 00000000 		.4byte	.LVL0
 1358 0022 25000000 		.4byte	.LVL4-1
 1359 0026 0100     		.2byte	0x1
 1360 0028 51       		.byte	0x51
 1361 0029 25000000 		.4byte	.LVL4-1
 1362 002d 12010000 		.4byte	.LFE0
 1363 0031 0200     		.2byte	0x2
 1364 0033 91       		.byte	0x91
 1365 0034 50       		.sleb128 -48
 1366 0035 00000000 		.4byte	0
 1367 0039 00000000 		.4byte	0
 1368              	.LLST2:
 1369 003d 00000000 		.4byte	.LVL0
 1370 0041 25000000 		.4byte	.LVL4-1
 1371 0045 0100     		.2byte	0x1
 1372 0047 52       		.byte	0x52
 1373 0048 25000000 		.4byte	.LVL4-1
 1374 004c 12010000 		.4byte	.LFE0
 1375 0050 0100     		.2byte	0x1
 1376 0052 5A       		.byte	0x5a
 1377 0053 00000000 		.4byte	0
 1378 0057 00000000 		.4byte	0
 1379              	.LLST3:
 1380 005b 00000000 		.4byte	.LVL0
 1381 005f 0E000000 		.4byte	.LVL1
 1382 0063 0100     		.2byte	0x1
 1383 0065 53       		.byte	0x53
 1384 0066 0E000000 		.4byte	.LVL1
 1385 006a 12010000 		.4byte	.LFE0
 1386 006e 0100     		.2byte	0x1
 1387 0070 59       		.byte	0x59
 1388 0071 00000000 		.4byte	0
 1389 0075 00000000 		.4byte	0
 1390              	.LLST4:
 1391 0079 22000000 		.4byte	.LVL3
 1392 007d 2E000000 		.4byte	.LVL5
 1393 0081 0200     		.2byte	0x2
 1394 0083 31       		.byte	0x31
 1395 0084 9F       		.byte	0x9f
 1396 0085 2E000000 		.4byte	.LVL5
 1397 0089 34000000 		.4byte	.LVL7
 1398 008d 0100     		.2byte	0x1
 1399 008f 55       		.byte	0x55
 1400 0090 34000000 		.4byte	.LVL7
 1401 0094 38000000 		.4byte	.LVL8
ARM GAS  C:\Users\jesse\AppData\Local\Temp\cc7VdxJ8.s 			page 28


 1402 0098 0100     		.2byte	0x1
 1403 009a 50       		.byte	0x50
 1404 009b 00000000 		.4byte	0
 1405 009f 00000000 		.4byte	0
 1406              	.LLST5:
 1407 00a3 2E000000 		.4byte	.LVL5
 1408 00a7 30000000 		.4byte	.LVL6
 1409 00ab 0200     		.2byte	0x2
 1410 00ad 30       		.byte	0x30
 1411 00ae 9F       		.byte	0x9f
 1412 00af 30000000 		.4byte	.LVL6
 1413 00b3 34000000 		.4byte	.LVL7
 1414 00b7 0100     		.2byte	0x1
 1415 00b9 53       		.byte	0x53
 1416 00ba 34000000 		.4byte	.LVL7
 1417 00be 12010000 		.4byte	.LFE0
 1418 00c2 0100     		.2byte	0x1
 1419 00c4 55       		.byte	0x55
 1420 00c5 00000000 		.4byte	0
 1421 00c9 00000000 		.4byte	0
 1422              	.LLST6:
 1423 00cd 48000000 		.4byte	.LVL12
 1424 00d1 56000000 		.4byte	.LVL14
 1425 00d5 0600     		.2byte	0x6
 1426 00d7 77       		.byte	0x77
 1427 00d8 00       		.sleb128 0
 1428 00d9 78       		.byte	0x78
 1429 00da 00       		.sleb128 0
 1430 00db 22       		.byte	0x22
 1431 00dc 9F       		.byte	0x9f
 1432 00dd 5A000000 		.4byte	.LVL15
 1433 00e1 62000000 		.4byte	.LVL18
 1434 00e5 0100     		.2byte	0x1
 1435 00e7 50       		.byte	0x50
 1436 00e8 00000000 		.4byte	0
 1437 00ec 00000000 		.4byte	0
 1438              	.LLST7:
 1439 00f0 40000000 		.4byte	.LVL10
 1440 00f4 5C000000 		.4byte	.LVL16
 1441 00f8 0200     		.2byte	0x2
 1442 00fa 30       		.byte	0x30
 1443 00fb 9F       		.byte	0x9f
 1444 00fc 5C000000 		.4byte	.LVL16
 1445 0100 12010000 		.4byte	.LFE0
 1446 0104 0100     		.2byte	0x1
 1447 0106 57       		.byte	0x57
 1448 0107 00000000 		.4byte	0
 1449 010b 00000000 		.4byte	0
 1450              	.LLST8:
 1451 010f 22000000 		.4byte	.LVL3
 1452 0113 AE000000 		.4byte	.LVL27
 1453 0117 0100     		.2byte	0x1
 1454 0119 56       		.byte	0x56
 1455 011a C2000000 		.4byte	.LVL29
 1456 011e E8000000 		.4byte	.LVL34
 1457 0122 0100     		.2byte	0x1
 1458 0124 56       		.byte	0x56
ARM GAS  C:\Users\jesse\AppData\Local\Temp\cc7VdxJ8.s 			page 29


 1459 0125 EA000000 		.4byte	.LVL35
 1460 0129 EC000000 		.4byte	.LVL36
 1461 012d 0100     		.2byte	0x1
 1462 012f 56       		.byte	0x56
 1463 0130 EC000000 		.4byte	.LVL36
 1464 0134 EE000000 		.4byte	.LVL37
 1465 0138 0100     		.2byte	0x1
 1466 013a 5B       		.byte	0x5b
 1467 013b EE000000 		.4byte	.LVL37
 1468 013f FC000000 		.4byte	.LVL38
 1469 0143 0100     		.2byte	0x1
 1470 0145 56       		.byte	0x56
 1471 0146 FE000000 		.4byte	.LVL39
 1472 014a 12010000 		.4byte	.LFE0
 1473 014e 0100     		.2byte	0x1
 1474 0150 56       		.byte	0x56
 1475 0151 00000000 		.4byte	0
 1476 0155 00000000 		.4byte	0
 1477              	.LLST9:
 1478 0159 D0000000 		.4byte	.LVL31
 1479 015d D4000000 		.4byte	.LVL33
 1480 0161 0200     		.2byte	0x2
 1481 0163 31       		.byte	0x31
 1482 0164 9F       		.byte	0x9f
 1483 0165 06010000 		.4byte	.LVL41
 1484 0169 12010000 		.4byte	.LFE0
 1485 016d 0100     		.2byte	0x1
 1486 016f 50       		.byte	0x50
 1487 0170 00000000 		.4byte	0
 1488 0174 00000000 		.4byte	0
 1489              	.LLST10:
 1490 0178 C8000000 		.4byte	.LVL30
 1491 017c D2000000 		.4byte	.LVL32
 1492 0180 0100     		.2byte	0x1
 1493 0182 50       		.byte	0x50
 1494 0183 D4000000 		.4byte	.LVL33
 1495 0187 06010000 		.4byte	.LVL41
 1496 018b 0100     		.2byte	0x1
 1497 018d 50       		.byte	0x50
 1498 018e 00000000 		.4byte	0
 1499 0192 00000000 		.4byte	0
 1500              		.section	.debug_aranges,"",%progbits
 1501 0000 1C000000 		.4byte	0x1c
 1502 0004 0200     		.2byte	0x2
 1503 0006 00000000 		.4byte	.Ldebug_info0
 1504 000a 04       		.byte	0x4
 1505 000b 00       		.byte	0
 1506 000c 0000     		.2byte	0
 1507 000e 0000     		.2byte	0
 1508 0010 00000000 		.4byte	.LFB0
 1509 0014 12010000 		.4byte	.LFE0-.LFB0
 1510 0018 00000000 		.4byte	0
 1511 001c 00000000 		.4byte	0
 1512              		.section	.debug_ranges,"",%progbits
 1513              	.Ldebug_ranges0:
 1514 0000 00000000 		.4byte	.LFB0
 1515 0004 12010000 		.4byte	.LFE0
ARM GAS  C:\Users\jesse\AppData\Local\Temp\cc7VdxJ8.s 			page 30


 1516 0008 00000000 		.4byte	0
 1517 000c 00000000 		.4byte	0
 1518              		.section	.debug_line,"",%progbits
 1519              	.Ldebug_line0:
 1520 0000 AE010000 		.section	.debug_str,"MS",%progbits,1
 1520      02004801 
 1520      00000201 
 1520      FB0E0D00 
 1520      01010101 
 1521              	.LASF64:
 1522 0000 706F7374 		.ascii	"post\000"
 1522      00
 1523              	.LASF75:
 1524 0005 75387838 		.ascii	"u8x8_u8toa\000"
 1524      5F753874 
 1524      6F6100
 1525              	.LASF26:
 1526 0010 785F6F66 		.ascii	"x_offset\000"
 1526      66736574 
 1526      00
 1527              	.LASF27:
 1528 0019 69735F66 		.ascii	"is_font_inverse_mode\000"
 1528      6F6E745F 
 1528      696E7665 
 1528      7273655F 
 1528      6D6F6465 
 1529              	.LASF48:
 1530 002e 7370695F 		.ascii	"spi_mode\000"
 1530      6D6F6465 
 1530      00
 1531              	.LASF39:
 1532 0037 63686970 		.ascii	"chip_enable_level\000"
 1532      5F656E61 
 1532      626C655F 
 1532      6C657665 
 1532      6C00
 1533              	.LASF24:
 1534 0049 666F6E74 		.ascii	"font\000"
 1534      00
 1535              	.LASF35:
 1536 004e 6465626F 		.ascii	"debounce_result_msg\000"
 1536      756E6365 
 1536      5F726573 
 1536      756C745F 
 1536      6D736700 
 1537              	.LASF2:
 1538 0062 73686F72 		.ascii	"short int\000"
 1538      7420696E 
 1538      7400
 1539              	.LASF22:
 1540 006c 6770696F 		.ascii	"gpio_and_delay_cb\000"
 1540      5F616E64 
 1540      5F64656C 
 1540      61795F63 
 1540      6200
 1541              	.LASF52:
 1542 007e 74696C65 		.ascii	"tile_width\000"
ARM GAS  C:\Users\jesse\AppData\Local\Temp\cc7VdxJ8.s 			page 31


 1542      5F776964 
 1542      746800
 1543              	.LASF80:
 1544 0089 75387838 		.ascii	"u8x8_UserInterfaceInputValue\000"
 1544      5F557365 
 1544      72496E74 
 1544      65726661 
 1544      6365496E 
 1545              	.LASF72:
 1546 00a6 75387838 		.ascii	"u8x8_ClearDisplay\000"
 1546      5F436C65 
 1546      61724469 
 1546      73706C61 
 1546      7900
 1547              	.LASF45:
 1548 00b8 7364615F 		.ascii	"sda_setup_time_ns\000"
 1548      73657475 
 1548      705F7469 
 1548      6D655F6E 
 1548      7300
 1549              	.LASF44:
 1550 00ca 706F7374 		.ascii	"post_reset_wait_ms\000"
 1550      5F726573 
 1550      65745F77 
 1550      6169745F 
 1550      6D7300
 1551              	.LASF7:
 1552 00dd 5F5F7569 		.ascii	"__uint32_t\000"
 1552      6E743332 
 1552      5F7400
 1553              	.LASF68:
 1554 00e8 6576656E 		.ascii	"event\000"
 1554      7400
 1555              	.LASF4:
 1556 00ee 5F5F7569 		.ascii	"__uint16_t\000"
 1556      6E743136 
 1556      5F7400
 1557              	.LASF62:
 1558 00f9 76616C75 		.ascii	"value\000"
 1558      6500
 1559              	.LASF51:
 1560 00ff 77726974 		.ascii	"write_pulse_width_ns\000"
 1560      655F7075 
 1560      6C73655F 
 1560      77696474 
 1560      685F6E73 
 1561              	.LASF12:
 1562 0114 75696E74 		.ascii	"uint8_t\000"
 1562      385F7400 
 1563              	.LASF41:
 1564 011c 706F7374 		.ascii	"post_chip_enable_wait_ns\000"
 1564      5F636869 
 1564      705F656E 
 1564      61626C65 
 1564      5F776169 
 1565              	.LASF61:
 1566 0135 7469746C 		.ascii	"title\000"
ARM GAS  C:\Users\jesse\AppData\Local\Temp\cc7VdxJ8.s 			page 32


 1566      6500
 1567              	.LASF60:
 1568 013b 75387838 		.ascii	"u8x8\000"
 1568      00
 1569              	.LASF67:
 1570 0140 6C6F6361 		.ascii	"local_value\000"
 1570      6C5F7661 
 1570      6C756500 
 1571              	.LASF70:
 1572 014c 75387838 		.ascii	"u8x8_GetStringLineCnt\000"
 1572      5F476574 
 1572      53747269 
 1572      6E674C69 
 1572      6E65436E 
 1573              	.LASF66:
 1574 0162 77696474 		.ascii	"width\000"
 1574      6800
 1575              	.LASF23:
 1576 0168 6275735F 		.ascii	"bus_clock\000"
 1576      636C6F63 
 1576      6B00
 1577              	.LASF54:
 1578 0172 64656661 		.ascii	"default_x_offset\000"
 1578      756C745F 
 1578      785F6F66 
 1578      66736574 
 1578      00
 1579              	.LASF36:
 1580 0183 75387838 		.ascii	"u8x8_display_info_t\000"
 1580      5F646973 
 1580      706C6179 
 1580      5F696E66 
 1580      6F5F7400 
 1581              	.LASF33:
 1582 0197 6465626F 		.ascii	"debounce_last_pin_state\000"
 1582      756E6365 
 1582      5F6C6173 
 1582      745F7069 
 1582      6E5F7374 
 1583              	.LASF9:
 1584 01af 6C6F6E67 		.ascii	"long long int\000"
 1584      206C6F6E 
 1584      6720696E 
 1584      7400
 1585              	.LASF31:
 1586 01bd 6770696F 		.ascii	"gpio_result\000"
 1586      5F726573 
 1586      756C7400 
 1587              	.LASF46:
 1588 01c9 73636B5F 		.ascii	"sck_pulse_width_ns\000"
 1588      70756C73 
 1588      655F7769 
 1588      6474685F 
 1588      6E7300
 1589              	.LASF6:
 1590 01dc 6C6F6E67 		.ascii	"long int\000"
 1590      20696E74 
ARM GAS  C:\Users\jesse\AppData\Local\Temp\cc7VdxJ8.s 			page 33


 1590      00
 1591              	.LASF3:
 1592 01e5 5F5F7569 		.ascii	"__uint8_t\000"
 1592      6E74385F 
 1592      7400
 1593              	.LASF19:
 1594 01ef 64697370 		.ascii	"display_cb\000"
 1594      6C61795F 
 1594      636200
 1595              	.LASF63:
 1596 01fa 64696769 		.ascii	"digits\000"
 1596      747300
 1597              	.LASF50:
 1598 0201 64617461 		.ascii	"data_setup_time_ns\000"
 1598      5F736574 
 1598      75705F74 
 1598      696D655F 
 1598      6E7300
 1599              	.LASF71:
 1600 0214 75387838 		.ascii	"u8x8_GetUTF8Len\000"
 1600      5F476574 
 1600      55544638 
 1600      4C656E00 
 1601              	.LASF15:
 1602 0224 6C6F6E67 		.ascii	"long double\000"
 1602      20646F75 
 1602      626C6500 
 1603              	.LASF53:
 1604 0230 74696C65 		.ascii	"tile_height\000"
 1604      5F686569 
 1604      67687400 
 1605              	.LASF1:
 1606 023c 756E7369 		.ascii	"unsigned char\000"
 1606      676E6564 
 1606      20636861 
 1606      7200
 1607              	.LASF0:
 1608 024a 7369676E 		.ascii	"signed char\000"
 1608      65642063 
 1608      68617200 
 1609              	.LASF10:
 1610 0256 6C6F6E67 		.ascii	"long long unsigned int\000"
 1610      206C6F6E 
 1610      6720756E 
 1610      7369676E 
 1610      65642069 
 1611              	.LASF14:
 1612 026d 75696E74 		.ascii	"uint32_t\000"
 1612      33325F74 
 1612      00
 1613              	.LASF65:
 1614 0276 68656967 		.ascii	"height\000"
 1614      687400
 1615              	.LASF11:
 1616 027d 756E7369 		.ascii	"unsigned int\000"
 1616      676E6564 
 1616      20696E74 
ARM GAS  C:\Users\jesse\AppData\Local\Temp\cc7VdxJ8.s 			page 34


 1616      00
 1617              	.LASF13:
 1618 028a 75696E74 		.ascii	"uint16_t\000"
 1618      31365F74 
 1618      00
 1619              	.LASF38:
 1620 0293 75387838 		.ascii	"u8x8_display_info_struct\000"
 1620      5F646973 
 1620      706C6179 
 1620      5F696E66 
 1620      6F5F7374 
 1621              	.LASF43:
 1622 02ac 72657365 		.ascii	"reset_pulse_width_ms\000"
 1622      745F7075 
 1622      6C73655F 
 1622      77696474 
 1622      685F6D73 
 1623              	.LASF16:
 1624 02c1 75387838 		.ascii	"u8x8_t\000"
 1624      5F7400
 1625              	.LASF77:
 1626 02c8 474E5520 		.ascii	"GNU C11 5.4.1 20160609 (release) [ARM/embedded-5-br"
 1626      43313120 
 1626      352E342E 
 1626      31203230 
 1626      31363036 
 1627 02fb 616E6368 		.ascii	"anch revision 237715] -mcpu=cortex-m3 -mthumb -g -O"
 1627      20726576 
 1627      6973696F 
 1627      6E203233 
 1627      37373135 
 1628 032e 73202D66 		.ascii	"s -ffunction-sections -ffat-lto-objects\000"
 1628      66756E63 
 1628      74696F6E 
 1628      2D736563 
 1628      74696F6E 
 1629              	.LASF49:
 1630 0356 6932635F 		.ascii	"i2c_bus_clock_100kHz\000"
 1630      6275735F 
 1630      636C6F63 
 1630      6B5F3130 
 1630      306B487A 
 1631              	.LASF47:
 1632 036b 73636B5F 		.ascii	"sck_clock_hz\000"
 1632      636C6F63 
 1632      6B5F687A 
 1632      00
 1633              	.LASF79:
 1634 0378 433A5C55 		.ascii	"C:\\Users\\jesse\\OneDrive\\Bureaublad\\practice_em"
 1634      73657273 
 1634      5C6A6573 
 1634      73655C4F 
 1634      6E654472 
 1635 03a6 62656464 		.ascii	"bedded\\Practice_EmbeddedProgramming\\Display_count"
 1635      65645C50 
 1635      72616374 
 1635      6963655F 
ARM GAS  C:\Users\jesse\AppData\Local\Temp\cc7VdxJ8.s 			page 35


 1635      456D6265 
 1636 03d7 2E637964 		.ascii	".cydsn\000"
 1636      736E00
 1637              	.LASF5:
 1638 03de 73686F72 		.ascii	"short unsigned int\000"
 1638      7420756E 
 1638      7369676E 
 1638      65642069 
 1638      6E7400
 1639              	.LASF59:
 1640 03f1 75387838 		.ascii	"u8x8_char_cb\000"
 1640      5F636861 
 1640      725F6362 
 1640      00
 1641              	.LASF69:
 1642 03fe 63686172 		.ascii	"char\000"
 1642      00
 1643              	.LASF34:
 1644 0403 6465626F 		.ascii	"debounce_state\000"
 1644      756E6365 
 1644      5F737461 
 1644      746500
 1645              	.LASF17:
 1646 0412 64697370 		.ascii	"display_info\000"
 1646      6C61795F 
 1646      696E666F 
 1646      00
 1647              	.LASF57:
 1648 041f 70697865 		.ascii	"pixel_height\000"
 1648      6C5F6865 
 1648      69676874 
 1648      00
 1649              	.LASF73:
 1650 042c 75387838 		.ascii	"u8x8_DrawUTF8Lines\000"
 1650      5F447261 
 1650      77555446 
 1650      384C696E 
 1650      657300
 1651              	.LASF76:
 1652 043f 75387838 		.ascii	"u8x8_GetMenuEvent\000"
 1652      5F476574 
 1652      4D656E75 
 1652      4576656E 
 1652      7400
 1653              	.LASF56:
 1654 0451 70697865 		.ascii	"pixel_width\000"
 1654      6C5F7769 
 1654      64746800 
 1655              	.LASF30:
 1656 045d 75746638 		.ascii	"utf8_state\000"
 1656      5F737461 
 1656      746500
 1657              	.LASF37:
 1658 0468 75387838 		.ascii	"u8x8_struct\000"
 1658      5F737472 
 1658      75637400 
 1659              	.LASF8:
ARM GAS  C:\Users\jesse\AppData\Local\Temp\cc7VdxJ8.s 			page 36


 1660 0474 6C6F6E67 		.ascii	"long unsigned int\000"
 1660      20756E73 
 1660      69676E65 
 1660      6420696E 
 1660      7400
 1661              	.LASF21:
 1662 0486 62797465 		.ascii	"byte_cb\000"
 1662      5F636200 
 1663              	.LASF40:
 1664 048e 63686970 		.ascii	"chip_disable_level\000"
 1664      5F646973 
 1664      61626C65 
 1664      5F6C6576 
 1664      656C00
 1665              	.LASF78:
 1666 04a1 2E2E5C2E 		.ascii	"..\\..\\..\\u8g2\\u8g2\\csrc\\u8x8_input_value.c\000"
 1666      2E5C2E2E 
 1666      5C753867 
 1666      325C7538 
 1666      67325C63 
 1667              	.LASF28:
 1668 04cc 6932635F 		.ascii	"i2c_address\000"
 1668      61646472 
 1668      65737300 
 1669              	.LASF55:
 1670 04d8 666C6970 		.ascii	"flipmode_x_offset\000"
 1670      6D6F6465 
 1670      5F785F6F 
 1670      66667365 
 1670      7400
 1671              	.LASF25:
 1672 04ea 656E636F 		.ascii	"encoding\000"
 1672      64696E67 
 1672      00
 1673              	.LASF29:
 1674 04f3 6932635F 		.ascii	"i2c_started\000"
 1674      73746172 
 1674      74656400 
 1675              	.LASF20:
 1676 04ff 6361645F 		.ascii	"cad_cb\000"
 1676      636200
 1677              	.LASF32:
 1678 0506 6465626F 		.ascii	"debounce_default_pin_state\000"
 1678      756E6365 
 1678      5F646566 
 1678      61756C74 
 1678      5F70696E 
 1679              	.LASF58:
 1680 0521 75387838 		.ascii	"u8x8_msg_cb\000"
 1680      5F6D7367 
 1680      5F636200 
 1681              	.LASF18:
 1682 052d 6E657874 		.ascii	"next_cb\000"
 1682      5F636200 
 1683              	.LASF74:
 1684 0535 75387838 		.ascii	"u8x8_DrawUTF8\000"
 1684      5F447261 
ARM GAS  C:\Users\jesse\AppData\Local\Temp\cc7VdxJ8.s 			page 37


 1684      77555446 
 1684      3800
 1685              	.LASF42:
 1686 0543 7072655F 		.ascii	"pre_chip_disable_wait_ns\000"
 1686      63686970 
 1686      5F646973 
 1686      61626C65 
 1686      5F776169 
 1687              		.ident	"GCC: (GNU Tools for ARM Embedded Processors) 5.4.1 20160609 (release) [ARM/embedded-5-bran
